#
# A fatal error has been detected by the Java Runtime Environment:
#
#  EXCEPTION_ACCESS_VIOLATION (0xc0000005) at pc=0x000007fee92c12db, pid=5764, tid=0x0000000000000d44
#
# JRE version: Java(TM) SE Runtime Environment (8.0_191-b12) (build 1.8.0_191-b12)
# Java VM: Java HotSpot(TM) 64-Bit Server VM (25.191-b12 mixed mode windows-amd64 compressed oops)
# Problematic frame:
# C  [vcruntime140.dll+0x12db]
#
# Failed to write core dump. Minidumps are not enabled by default on client versions of Windows
#
# If you would like to submit a bug report, please visit:
#   http://bugreport.java.com/bugreport/crash.jsp
# The crash happened outside the Java Virtual Machine in native code.
# See problematic frame for where to report the bug.
#

---------------  T H R E A D  ---------------

Current thread (0x000000000222f000):  JavaThread "main" [_thread_in_native, id=3396, stack(0x00000000024b0000,0x00000000025b0000)]

siginfo: ExceptionCode=0xc0000005, reading address 0x0000000022246000

Registers:
RAX=0x0000000055ec60c0, RBX=0x00000000221ae2c0, RCX=0x00000000000492c0, RDX=0x00000000221ae2c0
RSP=0x00000000025ae9d8, RBP=0x00000000025aeaf0, RSI=0x0000000022246000, RDI=0x0000000055f5de00
R8 =0x00000000000e1000, R9 =0x000000002228f2c0, R10=0x000007fee92c0000, R11=0x0000000055fa70c0
R12=0x000007fecde926a8, R13=0x0000000000000001, R14=0x0000000000000000, R15=0x0000000000000000
RIP=0x000007fee92c12db, EFLAGS=0x0000000000010202

Top of Stack: (sp=0x00000000025ae9d8)
0x00000000025ae9d8:   00000000025af058 0000000055ec60c0
0x00000000025ae9e8:   000007fecee9e604 0000000000000000
0x00000000025ae9f8:   00000000025af058 00000000025af058
0x00000000025aea08:   0000000000000003 00000000ffffffff
0x00000000025aea18:   cafebabecafeba00 0000000000000000
0x00000000025aea28:   0000000000000000 0000000000000000
0x00000000025aea38:   0000000000000000 00000000000e1000
0x00000000025aea48:   000000000222f000 0000000002126e10
0x00000000025aea58:   00000000003a9d10 0000000242ff4010
0x00000000025aea68:   00000280000001e0 0000000055ec60c0
0x00000000025aea78:   0000000055ec60c0 0000000055fa70c0
0x00000000025aea88:   0000000055fa70c0 0000000000000000
0x00000000025aea98:   000000002219bc70 00000000025aea68
0x00000000025aeaa8:   00000000025aeab0 0000000000000780
0x00000000025aeab8:   0000000000000003 0000000242ff4010
0x00000000025aeac8:   00000280000001e0 00000000221ae2c0 

Instructions: (pc=0x000007fee92c12db)
0x000007fee92c12bb:   cc cc cc cc cc cc cc cc cc cc cc 66 66 0f 1f 84
0x000007fee92c12cb:   00 00 00 00 00 57 56 48 8b f9 48 8b f2 49 8b c8
0x000007fee92c12db:   f3 a4 5e 5f c3 cc cc cc cc cc cc 66 66 0f 1f 84
0x000007fee92c12eb:   00 00 00 00 00 48 8b c1 4c 8d 15 06 ed ff ff 49 


Register to memory mapping:

RAX=0x0000000055ec60c0 is an unknown value
RBX=0x00000000221ae2c0 is an unknown value
RCX=0x00000000000492c0 is an unknown value
RDX=0x00000000221ae2c0 is an unknown value
RSP=0x00000000025ae9d8 is pointing into the stack for thread: 0x000000000222f000
RBP=0x00000000025aeaf0 is pointing into the stack for thread: 0x000000000222f000
RSI=0x0000000022246000 is an unknown value
RDI=0x0000000055f5de00 is an unknown value
R8 =0x00000000000e1000 is an unknown value
R9 =0x000000002228f2c0 is an unknown value
R10=0x000007fee92c0000 is an unknown value
R11=0x0000000055fa70c0 is an unknown value
R12=0x000007fecde926a8 is an unknown value
R13=0x0000000000000001 is an unknown value
R14=0x0000000000000000 is an unknown value
R15=0x0000000000000000 is an unknown value


Stack: [0x00000000024b0000,0x00000000025b0000],  sp=0x00000000025ae9d8,  free space=1018k
Native frames: (J=compiled Java code, j=interpreted, Vv=VM code, C=native code)
C  [vcruntime140.dll+0x12db]
C  [opencv_core453.dll+0x8e604]
C  [opencv_videoio453.dll+0x6346d]
C  [opencv_videoio453.dll+0x23d6c]
C  [opencv_videoio453.dll+0x23a2e]
C  [jniopencv_videoio.dll+0x260c]
C  0x0000000002898c67

Java frames: (J=compiled Java code, j=interpreted, Vv=VM code)
j  org.bytedeco.opencv.opencv_videoio.VideoCapture.read(Lorg/bytedeco/opencv/opencv_core/Mat;)Z+0
j  org.bytedeco.javacv.OpenCVFrameGrabber.start()V+400
j  educationpracticumAdditionally.CaptureWebCam.Start()V+23
j  educationpracticumAdditionally.CaptureWebCam.main([Ljava/lang/String;)V+9
v  ~StubRoutines::call_stub

---------------  P R O C E S S  ---------------

Java Threads: ( => current thread )
  0x00000000212bc000 JavaThread "JavaCPP Deallocator" daemon [_thread_blocked, id=7500, stack(0x0000000021dc0000,0x0000000021ec0000)]
  0x000000001e6f8800 JavaThread "AWT-EventQueue-0" [_thread_blocked, id=9536, stack(0x000000001fda0000,0x000000001fea0000)]
  0x000000001e697000 JavaThread "AWT-Shutdown" [_thread_blocked, id=5840, stack(0x000000001eab0000,0x000000001ebb0000)]
  0x000000001e688800 JavaThread "Java2D Disposer" daemon [_thread_blocked, id=7456, stack(0x000000001e940000,0x000000001ea40000)]
  0x000000001d257800 JavaThread "Service Thread" daemon [_thread_blocked, id=5036, stack(0x000000001ddd0000,0x000000001ded0000)]
  0x000000001bf9e800 JavaThread "C1 CompilerThread2" daemon [_thread_blocked, id=5976, stack(0x000000001d840000,0x000000001d940000)]
  0x000000001bf9d800 JavaThread "C2 CompilerThread1" daemon [_thread_blocked, id=7016, stack(0x000000001db50000,0x000000001dc50000)]
  0x000000001d1da800 JavaThread "C2 CompilerThread0" daemon [_thread_blocked, id=9196, stack(0x000000001d970000,0x000000001da70000)]
  0x000000001d1d9800 JavaThread "Attach Listener" daemon [_thread_blocked, id=7004, stack(0x000000001d5e0000,0x000000001d6e0000)]
  0x000000001bf94000 JavaThread "Signal Dispatcher" daemon [_thread_blocked, id=8664, stack(0x000000001d6e0000,0x000000001d7e0000)]
  0x000000001bf7a800 JavaThread "Finalizer" daemon [_thread_blocked, id=2672, stack(0x000000001cdc0000,0x000000001cec0000)]
  0x000000001bf73800 JavaThread "Reference Handler" daemon [_thread_blocked, id=7380, stack(0x000000001d0d0000,0x000000001d1d0000)]
=>0x000000000222f000 JavaThread "main" [_thread_in_native, id=3396, stack(0x00000000024b0000,0x00000000025b0000)]

Other Threads:
  0x000000001bf2c000 VMThread [stack: 0x000000001cee0000,0x000000001cfe0000] [id=5524]

VM state:at safepoint (normal execution)

VM Mutex/Monitor currently owned by a thread:  ([mutex/lock_event])
[0x000000000222d5b0] Threads_lock - owner thread: 0x000000001bf2c000

Heap:
 PSYoungGen      total 269312K, used 70379K [0x000000076cb00000, 0x000000077d500000, 0x00000007c0000000)
  eden space 266240K, 26% used [0x000000076cb00000,0x0000000770f9ad68,0x000000077cf00000)
  from space 3072K, 4% used [0x000000077cf00000,0x000000077cf20000,0x000000077d200000)
  to   space 3072K, 0% used [0x000000077d200000,0x000000077d200000,0x000000077d500000)
 ParOldGen       total 87552K, used 2092K [0x00000006c6000000, 0x00000006cb580000, 0x000000076cb00000)
  object space 87552K, 2% used [0x00000006c6000000,0x00000006c620b378,0x00000006cb580000)
 Metaspace       used 16439K, capacity 16596K, committed 16896K, reserved 1064960K
  class space    used 1422K, capacity 1484K, committed 1536K, reserved 1048576K

Card table byte_map: [0x0000000011c40000,0x0000000012420000] byte_map_base: 0x000000000e610000

Marking Bits: (ParMarkBitMap*) 0x0000000055683e30
 Begin Bits: [0x00000000130d0000, 0x0000000016f50000)
 End Bits:   [0x0000000016f50000, 0x000000001add0000)

Polling page: 0x0000000000340000

CodeCache: size=245760Kb used=5385Kb max_used=5406Kb free=240374Kb
 bounds [0x0000000002880000, 0x0000000002dd0000, 0x0000000011880000]
 total_blobs=2072 nmethods=1057 adapters=928
 compilation: enabled

Compilation events (10 events):
Event: 1.705 Thread 0x000000001bf9e800 nmethod 1053 0x0000000002dc1250 code [0x0000000002dc13c0, 0x0000000002dc1730]
Event: 1.710 Thread 0x000000001bf9d800 1054       4       java.lang.String$CaseInsensitiveComparator::compare (111 bytes)
Event: 1.720 Thread 0x000000001d1da800 nmethod 1052 0x0000000002dc89d0 code [0x0000000002dc8bc0, 0x0000000002dc9b08]
Event: 1.720 Thread 0x000000001bf9d800 nmethod 1054 0x0000000002dc4190 code [0x0000000002dc4300, 0x0000000002dc4cb8]
Event: 1.726 Thread 0x000000001d1da800 1055       4       java.lang.Class::getClassLoader (28 bytes)
Event: 1.727 Thread 0x000000001d1da800 nmethod 1055 0x0000000002dc2a50 code [0x0000000002dc2b80, 0x0000000002dc2c18]
Event: 1.745 Thread 0x000000001bf9d800 1056       4       java.util.ArrayList::<init> (12 bytes)
Event: 1.746 Thread 0x000000001bf9d800 nmethod 1056 0x0000000002dc2850 code [0x0000000002dc2980, 0x0000000002dc29f8]
Event: 1.748 Thread 0x000000001bf9e800 1057       3       java.util.LinkedHashMap$LinkedKeyIterator::next (8 bytes)
Event: 1.749 Thread 0x000000001bf9e800 nmethod 1057 0x0000000002dc2390 code [0x0000000002dc2500, 0x0000000002dc27a8]

GC Heap History (10 events):
Event: 0.859 GC heap before
{Heap before GC invocations=5 (full 0):
 PSYoungGen      total 71680K, used 68624K [0x000000076cb00000, 0x0000000771600000, 0x00000007c0000000)
  eden space 66560K, 100% used [0x000000076cb00000,0x0000000770c00000,0x0000000770c00000)
  from space 5120K, 40% used [0x0000000771100000,0x0000000771304010,0x0000000771600000)
  to   space 5120K, 0% used [0x0000000770c00000,0x0000000770c00000,0x0000000771100000)
 ParOldGen       total 87552K, used 40K [0x00000006c6000000, 0x00000006cb580000, 0x000000076cb00000)
  object space 87552K, 0% used [0x00000006c6000000,0x00000006c600a000,0x00000006cb580000)
 Metaspace       used 14261K, capacity 14420K, committed 14592K, reserved 1062912K
  class space    used 1157K, capacity 1228K, committed 1280K, reserved 1048576K
Event: 0.862 GC heap after
Heap after GC invocations=5 (full 0):
 PSYoungGen      total 71680K, used 2048K [0x000000076cb00000, 0x0000000775200000, 0x00000007c0000000)
  eden space 66560K, 0% used [0x000000076cb00000,0x000000076cb00000,0x0000000770c00000)
  from space 5120K, 40% used [0x0000000770c00000,0x0000000770e00020,0x0000000771100000)
  to   space 2560K, 0% used [0x0000000774f80000,0x0000000774f80000,0x0000000775200000)
 ParOldGen       total 87552K, used 40K [0x00000006c6000000, 0x00000006cb580000, 0x000000076cb00000)
  object space 87552K, 0% used [0x00000006c6000000,0x00000006c600a000,0x00000006cb580000)
 Metaspace       used 14261K, capacity 14420K, committed 14592K, reserved 1062912K
  class space    used 1157K, capacity 1228K, committed 1280K, reserved 1048576K
}
Event: 0.928 GC heap before
{Heap before GC invocations=6 (full 0):
 PSYoungGen      total 71680K, used 68608K [0x000000076cb00000, 0x0000000775200000, 0x00000007c0000000)
  eden space 66560K, 100% used [0x000000076cb00000,0x0000000770c00000,0x0000000770c00000)
  from space 5120K, 40% used [0x0000000770c00000,0x0000000770e00020,0x0000000771100000)
  to   space 2560K, 0% used [0x0000000774f80000,0x0000000774f80000,0x0000000775200000)
 ParOldGen       total 87552K, used 40K [0x00000006c6000000, 0x00000006cb580000, 0x000000076cb00000)
  object space 87552K, 0% used [0x00000006c6000000,0x00000006c600a000,0x00000006cb580000)
 Metaspace       used 14262K, capacity 14420K, committed 14592K, reserved 1062912K
  class space    used 1157K, capacity 1228K, committed 1280K, reserved 1048576K
Event: 0.952 GC heap after
Heap after GC invocations=6 (full 0):
 PSYoungGen      total 135680K, used 2032K [0x000000076cb00000, 0x0000000775200000, 0x00000007c0000000)
  eden space 133120K, 0% used [0x000000076cb00000,0x000000076cb00000,0x0000000774d00000)
  from space 2560K, 79% used [0x0000000774f80000,0x000000077517c010,0x0000000775200000)
  to   space 2560K, 0% used [0x0000000774d00000,0x0000000774d00000,0x0000000774f80000)
 ParOldGen       total 87552K, used 40K [0x00000006c6000000, 0x00000006cb580000, 0x000000076cb00000)
  object space 87552K, 0% used [0x00000006c6000000,0x00000006c600a000,0x00000006cb580000)
 Metaspace       used 14262K, capacity 14420K, committed 14592K, reserved 1062912K
  class space    used 1157K, capacity 1228K, committed 1280K, reserved 1048576K
}
Event: 1.102 GC heap before
{Heap before GC invocations=7 (full 0):
 PSYoungGen      total 135680K, used 135152K [0x000000076cb00000, 0x0000000775200000, 0x00000007c0000000)
  eden space 133120K, 100% used [0x000000076cb00000,0x0000000774d00000,0x0000000774d00000)
  from space 2560K, 79% used [0x0000000774f80000,0x000000077517c010,0x0000000775200000)
  to   space 2560K, 0% used [0x0000000774d00000,0x0000000774d00000,0x0000000774f80000)
 ParOldGen       total 87552K, used 40K [0x00000006c6000000, 0x00000006cb580000, 0x000000076cb00000)
  object space 87552K, 0% used [0x00000006c6000000,0x00000006c600a000,0x00000006cb580000)
 Metaspace       used 14262K, capacity 14420K, committed 14592K, reserved 1062912K
  class space    used 1157K, capacity 1228K, committed 1280K, reserved 1048576K
Event: 1.104 GC heap after
Heap after GC invocations=7 (full 0):
 PSYoungGen      total 135680K, used 224K [0x000000076cb00000, 0x000000077d500000, 0x00000007c0000000)
  eden space 133120K, 0% used [0x000000076cb00000,0x000000076cb00000,0x0000000774d00000)
  from space 2560K, 8% used [0x0000000774d00000,0x0000000774d38000,0x0000000774f80000)
  to   space 3072K, 0% used [0x000000077d200000,0x000000077d200000,0x000000077d500000)
 ParOldGen       total 87552K, used 1892K [0x00000006c6000000, 0x00000006cb580000, 0x000000076cb00000)
  object space 87552K, 2% used [0x00000006c6000000,0x00000006c61d9378,0x00000006cb580000)
 Metaspace       used 14262K, capacity 14420K, committed 14592K, reserved 1062912K
  class space    used 1157K, capacity 1228K, committed 1280K, reserved 1048576K
}
Event: 1.227 GC heap before
{Heap before GC invocations=8 (full 0):
 PSYoungGen      total 135680K, used 133344K [0x000000076cb00000, 0x000000077d500000, 0x00000007c0000000)
  eden space 133120K, 100% used [0x000000076cb00000,0x0000000774d00000,0x0000000774d00000)
  from space 2560K, 8% used [0x0000000774d00000,0x0000000774d38000,0x0000000774f80000)
  to   space 3072K, 0% used [0x000000077d200000,0x000000077d200000,0x000000077d500000)
 ParOldGen       total 87552K, used 1892K [0x00000006c6000000, 0x00000006cb580000, 0x000000076cb00000)
  object space 87552K, 2% used [0x00000006c6000000,0x00000006c61d9378,0x00000006cb580000)
 Metaspace       used 14263K, capacity 14484K, committed 14848K, reserved 1062912K
  class space    used 1157K, capacity 1228K, committed 1280K, reserved 1048576K
Event: 1.227 GC heap after
Heap after GC invocations=8 (full 0):
 PSYoungGen      total 269312K, used 64K [0x000000076cb00000, 0x000000077d500000, 0x00000007c0000000)
  eden space 266240K, 0% used [0x000000076cb00000,0x000000076cb00000,0x000000077cf00000)
  from space 3072K, 2% used [0x000000077d200000,0x000000077d210000,0x000000077d500000)
  to   space 3072K, 0% used [0x000000077cf00000,0x000000077cf00000,0x000000077d200000)
 ParOldGen       total 87552K, used 2084K [0x00000006c6000000, 0x00000006cb580000, 0x000000076cb00000)
  object space 87552K, 2% used [0x00000006c6000000,0x00000006c6209378,0x00000006cb580000)
 Metaspace       used 14263K, capacity 14484K, committed 14848K, reserved 1062912K
  class space    used 1157K, capacity 1228K, committed 1280K, reserved 1048576K
}
Event: 1.541 GC heap before
{Heap before GC invocations=9 (full 0):
 PSYoungGen      total 269312K, used 266304K [0x000000076cb00000, 0x000000077d500000, 0x00000007c0000000)
  eden space 266240K, 100% used [0x000000076cb00000,0x000000077cf00000,0x000000077cf00000)
  from space 3072K, 2% used [0x000000077d200000,0x000000077d210000,0x000000077d500000)
  to   space 3072K, 0% used [0x000000077cf00000,0x000000077cf00000,0x000000077d200000)
 ParOldGen       total 87552K, used 2084K [0x00000006c6000000, 0x00000006cb580000, 0x000000076cb00000)
  object space 87552K, 2% used [0x00000006c6000000,0x00000006c6209378,0x00000006cb580000)
 Metaspace       used 14288K, capacity 14484K, committed 14848K, reserved 1062912K
  class space    used 1158K, capacity 1228K, committed 1280K, reserved 1048576K
Event: 1.542 GC heap after
Heap after GC invocations=9 (full 0):
 PSYoungGen      total 269312K, used 128K [0x000000076cb00000, 0x000000077d500000, 0x00000007c0000000)
  eden space 266240K, 0% used [0x000000076cb00000,0x000000076cb00000,0x000000077cf00000)
  from space 3072K, 4% used [0x000000077cf00000,0x000000077cf20000,0x000000077d200000)
  to   space 3072K, 0% used [0x000000077d200000,0x000000077d200000,0x000000077d500000)
 ParOldGen       total 87552K, used 2092K [0x00000006c6000000, 0x00000006cb580000, 0x000000076cb00000)
  object space 87552K, 2% used [0x00000006c6000000,0x00000006c620b378,0x00000006cb580000)
 Metaspace       used 14288K, capacity 14484K, committed 14848K, reserved 1062912K
  class space    used 1158K, capacity 1228K, committed 1280K, reserved 1048576K
}

Deoptimization events (10 events):
Event: 0.162 Thread 0x000000000222f000 Uncommon trap: reason=unstable_if action=reinterpret pc=0x00000000029e9eb4 method=java.lang.String.hashCode()I @ 14
Event: 0.565 Thread 0x000000000222f000 Uncommon trap: reason=unstable_if action=reinterpret pc=0x0000000002b48d24 method=sun.net.www.ParseUtil.encodePath(Ljava/lang/String;Z)Ljava/lang/String; @ 109
Event: 0.569 Thread 0x000000000222f000 Uncommon trap: reason=unstable_if action=reinterpret pc=0x0000000002b474e8 method=sun.net.www.ParseUtil.encodePath(Ljava/lang/String;Z)Ljava/lang/String; @ 109
Event: 0.633 Thread 0x000000000222f000 Uncommon trap: reason=class_check action=maybe_recompile pc=0x0000000002b3b484 method=sun.misc.URLClassPath.findResource(Ljava/lang/String;Z)Ljava/net/URL; @ 26
Event: 0.634 Thread 0x000000000222f000 Uncommon trap: reason=class_check action=maybe_recompile pc=0x0000000002b3b484 method=sun.misc.URLClassPath.findResource(Ljava/lang/String;Z)Ljava/net/URL; @ 26
Event: 0.634 Thread 0x000000000222f000 Uncommon trap: reason=class_check action=maybe_recompile pc=0x0000000002b3b484 method=sun.misc.URLClassPath.findResource(Ljava/lang/String;Z)Ljava/net/URL; @ 26
Event: 0.638 Thread 0x000000000222f000 Uncommon trap: reason=unstable_if action=reinterpret pc=0x0000000002b627a0 method=java.lang.String$CaseInsensitiveComparator.compare(Ljava/lang/String;Ljava/lang/String;)I @ 49
Event: 0.642 Thread 0x000000000222f000 Uncommon trap: reason=class_check action=maybe_recompile pc=0x0000000002b3b484 method=sun.misc.URLClassPath.findResource(Ljava/lang/String;Z)Ljava/net/URL; @ 26
Event: 0.642 Thread 0x000000000222f000 Uncommon trap: reason=unstable_if action=reinterpret pc=0x0000000002bcfb3c method=java.net.URLStreamHandler.parseURL(Ljava/net/URL;Ljava/lang/String;II)V @ 133
Event: 1.394 Thread 0x000000000222f000 Uncommon trap: reason=unstable_if action=reinterpret pc=0x0000000002cacee0 method=java.net.URLClassLoader$3$1.run()Ljava/net/URL; @ 12

Classes redefined (0 events):
No events

Internal exceptions (10 events):
Event: 0.115 Thread 0x000000000222f000 Exception <a 'java/security/PrivilegedActionException'> (0x000000076cdb3e30) thrown at [C:\re\workspace\8-2-build-windows-amd64-cygwin\jdk8u191\11896\hotspot\src\share\vm\prims\jvm.cpp, line 1435]
Event: 0.185 Thread 0x000000000222f000 Exception <a 'java/security/PrivilegedActionException'> (0x000000076ceee880) thrown at [C:\re\workspace\8-2-build-windows-amd64-cygwin\jdk8u191\11896\hotspot\src\share\vm\prims\jvm.cpp, line 1435]
Event: 0.185 Thread 0x000000000222f000 Exception <a 'java/security/PrivilegedActionException'> (0x000000076ceeea90) thrown at [C:\re\workspace\8-2-build-windows-amd64-cygwin\jdk8u191\11896\hotspot\src\share\vm\prims\jvm.cpp, line 1435]
Event: 0.185 Thread 0x000000000222f000 Exception <a 'java/security/PrivilegedActionException'> (0x000000076cef29a0) thrown at [C:\re\workspace\8-2-build-windows-amd64-cygwin\jdk8u191\11896\hotspot\src\share\vm\prims\jvm.cpp, line 1435]
Event: 0.185 Thread 0x000000000222f000 Exception <a 'java/security/PrivilegedActionException'> (0x000000076cef2bb0) thrown at [C:\re\workspace\8-2-build-windows-amd64-cygwin\jdk8u191\11896\hotspot\src\share\vm\prims\jvm.cpp, line 1435]
Event: 0.189 Thread 0x000000000222f000 Exception <a 'java/io/FileNotFoundException'> (0x000000076cf1d978) thrown at [C:\re\workspace\8-2-build-windows-amd64-cygwin\jdk8u191\11896\hotspot\src\share\vm\prims\jni.cpp, line 709]
Event: 0.212 Thread 0x000000000222f000 Exception <a 'java/lang/NoSuchFieldError': method resolution failed> (0x000000076cfedf00) thrown at [C:\re\workspace\8-2-build-windows-amd64-cygwin\jdk8u191\11896\hotspot\src\share\vm\prims\methodHandles.cpp, line 1167]
Event: 0.213 Thread 0x000000000222f000 Exception <a 'java/lang/NoSuchFieldError': method resolution failed> (0x000000076cffb5a8) thrown at [C:\re\workspace\8-2-build-windows-amd64-cygwin\jdk8u191\11896\hotspot\src\share\vm\prims\methodHandles.cpp, line 1167]
Event: 0.244 Thread 0x000000000222f000 Exception <a 'java/io/FileNotFoundException'> (0x000000076d0a2818) thrown at [C:\re\workspace\8-2-build-windows-amd64-cygwin\jdk8u191\11896\hotspot\src\share\vm\prims\jni.cpp, line 709]
Event: 0.640 Thread 0x000000000222f000 Exception <a 'sun/nio/fs/WindowsException'> (0x000000076df392a0) thrown at [C:\re\workspace\8-2-build-windows-amd64-cygwin\jdk8u191\11896\hotspot\src\share\vm\prims\jni.cpp, line 709]

Events (10 events):
Event: 2.074 loading class java/util/IdentityHashMap$KeySet
Event: 2.074 loading class java/util/IdentityHashMap$KeySet done
Event: 2.074 loading class java/util/IdentityHashMap$KeyIterator
Event: 2.074 loading class java/util/IdentityHashMap$KeyIterator done
Event: 2.075 Thread 0x0000000021067000 Thread added: 0x0000000021067000
Event: 2.075 Thread 0x000000002146d000 Thread added: 0x000000002146d000
Event: 2.075 Thread 0x000000002146d000 Thread exited: 0x000000002146d000
Event: 2.081 Thread 0x000000001e6a2000 Thread exited: 0x000000001e6a2000
Event: 2.189 Thread 0x0000000021067000 Thread exited: 0x0000000021067000
Event: 2.189 Executing VM operation: Exit


Dynamic libraries:
0x000000013f2c0000 - 0x000000013f2f7000 	C:\Program Files\Java\jdk1.8.0_191\bin\java.exe
0x00000000773f0000 - 0x000000007758f000 	C:\Windows\SYSTEM32\ntdll.dll
0x00000000771d0000 - 0x00000000772ef000 	C:\Windows\system32\kernel32.dll
0x000007fefd440000 - 0x000007fefd4aa000 	C:\Windows\system32\KERNELBASE.dll
0x000007fefdc60000 - 0x000007fefdd3b000 	C:\Windows\system32\ADVAPI32.dll
0x000007fefee80000 - 0x000007fefef1f000 	C:\Windows\system32\msvcrt.dll
0x000007feff430000 - 0x000007feff44f000 	C:\Windows\SYSTEM32\sechost.dll
0x000007feff230000 - 0x000007feff35c000 	C:\Windows\system32\RPCRT4.dll
0x00000000772f0000 - 0x00000000773ea000 	C:\Windows\system32\USER32.dll
0x000007fefebd0000 - 0x000007fefec37000 	C:\Windows\system32\GDI32.dll
0x000007fefd6c0000 - 0x000007fefd6ce000 	C:\Windows\system32\LPK.dll
0x000007feff360000 - 0x000007feff42b000 	C:\Windows\system32\USP10.dll
0x000007fefbd30000 - 0x000007fefbf24000 	C:\Windows\WinSxS\amd64_microsoft.windows.common-controls_6595b64144ccf1df_6.0.7601.18837_none_fa3b1e3d17594757\COMCTL32.dll
0x000007fefd8d0000 - 0x000007fefd941000 	C:\Windows\system32\SHLWAPI.dll
0x000007fefdd40000 - 0x000007fefdd6e000 	C:\Windows\system32\IMM32.DLL
0x000007fefec40000 - 0x000007fefed49000 	C:\Windows\system32\MSCTF.dll
0x0000000065710000 - 0x00000000657e2000 	C:\Program Files\Java\jdk1.8.0_191\jre\bin\msvcr100.dll
0x0000000054e60000 - 0x0000000055704000 	C:\Program Files\Java\jdk1.8.0_191\jre\bin\server\jvm.dll
0x000007fef8f80000 - 0x000007fef8f89000 	C:\Windows\system32\WSOCK32.dll
0x000007fefdd70000 - 0x000007fefddbd000 	C:\Windows\system32\WS2_32.dll
0x000007fefdbf0000 - 0x000007fefdbf8000 	C:\Windows\system32\NSI.dll
0x000007fefb160000 - 0x000007fefb19b000 	C:\Windows\system32\WINMM.dll
0x000007fefc3f0000 - 0x000007fefc3fc000 	C:\Windows\system32\VERSION.dll
0x0000000077590000 - 0x0000000077597000 	C:\Windows\system32\PSAPI.DLL
0x000000006b9e0000 - 0x000000006b9ef000 	C:\Program Files\Java\jdk1.8.0_191\jre\bin\verify.dll
0x0000000068aa0000 - 0x0000000068ac9000 	C:\Program Files\Java\jdk1.8.0_191\jre\bin\java.dll
0x0000000068a80000 - 0x0000000068a96000 	C:\Program Files\Java\jdk1.8.0_191\jre\bin\zip.dll
0x000007fefddc0000 - 0x000007fefeb4b000 	C:\Windows\system32\SHELL32.dll
0x000007fefd9f0000 - 0x000007fefdbec000 	C:\Windows\system32\ole32.dll
0x000007fefd2b0000 - 0x000007fefd2bf000 	C:\Windows\system32\profapi.dll
0x0000000065570000 - 0x0000000065709000 	C:\Program Files\Java\jdk1.8.0_191\jre\bin\awt.dll
0x000007feff150000 - 0x000007feff22a000 	C:\Windows\system32\OLEAUT32.dll
0x000007fefb550000 - 0x000007fefb568000 	C:\Windows\system32\DWMAPI.DLL
0x000007feee050000 - 0x000007feee16d000 	C:\Windows\system32\opengl32.dll
0x000007feee4a0000 - 0x000007feee4cd000 	C:\Windows\system32\GLU32.dll
0x000007feedf50000 - 0x000007feee041000 	C:\Windows\system32\DDRAW.dll
0x000007feee490000 - 0x000007feee498000 	C:\Windows\system32\DCIMAN32.dll
0x000007fefd6f0000 - 0x000007fefd8c7000 	C:\Windows\system32\SETUPAPI.dll
0x000007fefd660000 - 0x000007fefd696000 	C:\Windows\system32\CFGMGR32.dll
0x000007fefd6a0000 - 0x000007fefd6ba000 	C:\Windows\system32\DEVOBJ.dll
0x000007fefbcd0000 - 0x000007fefbd26000 	C:\Windows\system32\uxtheme.dll
0x000007fefd1e0000 - 0x000007fefd1ef000 	C:\Windows\system32\CRYPTBASE.dll
0x0000000065820000 - 0x0000000065867000 	C:\Program Files\Java\jdk1.8.0_191\jre\bin\fontmanager.dll
0x000007fef7940000 - 0x000007fef7943000 	C:\Users\Nazarov\.javacpp\cache\javacpp-windows-x86_64.jar\org\bytedeco\javacpp\windows-x86_64\api-ms-win-crt-locale-l1-1-0.dll
0x0000000065da0000 - 0x0000000065dba000 	C:\Program Files\Java\jdk1.8.0_191\jre\bin\net.dll
0x000007fefcaa0000 - 0x000007fefcaf5000 	C:\Windows\system32\mswsock.dll
0x000007fefcd70000 - 0x000007fefcd77000 	C:\Windows\System32\wship6.dll
0x0000000065870000 - 0x0000000065881000 	C:\Program Files\Java\jdk1.8.0_191\jre\bin\nio.dll
0x000007fefac30000 - 0x000007fefac34000 	C:\Users\Nazarov\.javacpp\cache\javacpp-windows-x86_64.jar\org\bytedeco\javacpp\windows-x86_64\api-ms-win-crt-string-l1-1-0.dll
0x000007fef7910000 - 0x000007fef7914000 	C:\Users\Nazarov\.javacpp\cache\javacpp-windows-x86_64.jar\org\bytedeco\javacpp\windows-x86_64\api-ms-win-crt-stdio-l1-1-0.dll
0x000007fef7900000 - 0x000007fef7905000 	C:\Users\Nazarov\.javacpp\cache\javacpp-windows-x86_64.jar\org\bytedeco\javacpp\windows-x86_64\api-ms-win-crt-math-l1-1-0.dll
0x000007fef6460000 - 0x000007fef6463000 	C:\Users\Nazarov\.javacpp\cache\javacpp-windows-x86_64.jar\org\bytedeco\javacpp\windows-x86_64\api-ms-win-crt-heap-l1-1-0.dll
0x000007fef6450000 - 0x000007fef6454000 	C:\Users\Nazarov\.javacpp\cache\javacpp-windows-x86_64.jar\org\bytedeco\javacpp\windows-x86_64\api-ms-win-crt-runtime-l1-1-0.dll
0x000007fef62e0000 - 0x000007fef62e4000 	C:\Users\Nazarov\.javacpp\cache\javacpp-windows-x86_64.jar\org\bytedeco\javacpp\windows-x86_64\api-ms-win-crt-convert-l1-1-0.dll
0x000007fef5f50000 - 0x000007fef5f53000 	C:\Users\Nazarov\.javacpp\cache\javacpp-windows-x86_64.jar\org\bytedeco\javacpp\windows-x86_64\api-ms-win-crt-environment-l1-1-0.dll
0x000007fef5f20000 - 0x000007fef5f23000 	C:\Users\Nazarov\.javacpp\cache\javacpp-windows-x86_64.jar\org\bytedeco\javacpp\windows-x86_64\api-ms-win-crt-time-l1-1-0.dll
0x000007feede80000 - 0x000007feede83000 	C:\Users\Nazarov\.javacpp\cache\javacpp-windows-x86_64.jar\org\bytedeco\javacpp\windows-x86_64\api-ms-win-crt-filesystem-l1-1-0.dll
0x000007feeb330000 - 0x000007feeb333000 	C:\Users\Nazarov\.javacpp\cache\javacpp-windows-x86_64.jar\org\bytedeco\javacpp\windows-x86_64\api-ms-win-crt-utility-l1-1-0.dll
0x000007feeb2b0000 - 0x000007feeb2b5000 	C:\Users\Nazarov\.javacpp\cache\javacpp-windows-x86_64.jar\org\bytedeco\javacpp\windows-x86_64\api-ms-win-crt-multibyte-l1-1-0.dll
0x000007feeacd0000 - 0x000007feeacd3000 	C:\Users\Nazarov\.javacpp\cache\javacpp-windows-x86_64.jar\org\bytedeco\javacpp\windows-x86_64\api-ms-win-crt-conio-l1-1-0.dll
0x000007feea6f0000 - 0x000007feea700000 	C:\Users\Nazarov\.javacpp\cache\javacpp-windows-x86_64.jar\org\bytedeco\javacpp\windows-x86_64\api-ms-win-crt-private-l1-1-0.dll
0x000007fee9bd0000 - 0x000007fee9bd3000 	C:\Users\Nazarov\.javacpp\cache\javacpp-windows-x86_64.jar\org\bytedeco\javacpp\windows-x86_64\api-ms-win-crt-process-l1-1-0.dll
0x000007fee9bc0000 - 0x000007fee9bc3000 	C:\Users\Nazarov\.javacpp\cache\javacpp-windows-x86_64.jar\org\bytedeco\javacpp\windows-x86_64\api-ms-win-core-console-l1-2-0.dll
0x000007fee9bb0000 - 0x000007fee9bb3000 	C:\Users\Nazarov\.javacpp\cache\javacpp-windows-x86_64.jar\org\bytedeco\javacpp\windows-x86_64\api-ms-win-core-string-l1-1-0.dll
0x000007fee9ba0000 - 0x000007fee9ba3000 	C:\Users\Nazarov\.javacpp\cache\javacpp-windows-x86_64.jar\org\bytedeco\javacpp\windows-x86_64\api-ms-win-core-errorhandling-l1-1-0.dll
0x000007fee9b90000 - 0x000007fee9b93000 	C:\Users\Nazarov\.javacpp\cache\javacpp-windows-x86_64.jar\org\bytedeco\javacpp\windows-x86_64\api-ms-win-core-timezone-l1-1-0.dll
0x000007fee9b80000 - 0x000007fee9b84000 	C:\Users\Nazarov\.javacpp\cache\javacpp-windows-x86_64.jar\org\bytedeco\javacpp\windows-x86_64\api-ms-win-core-file-l1-1-0.dll
0x000007fee9b70000 - 0x000007fee9b73000 	C:\Users\Nazarov\.javacpp\cache\javacpp-windows-x86_64.jar\org\bytedeco\javacpp\windows-x86_64\api-ms-win-core-namedpipe-l1-1-0.dll
0x000007fee9b60000 - 0x000007fee9b63000 	C:\Users\Nazarov\.javacpp\cache\javacpp-windows-x86_64.jar\org\bytedeco\javacpp\windows-x86_64\api-ms-win-core-handle-l1-1-0.dll
0x000007fee9b50000 - 0x000007fee9b53000 	C:\Users\Nazarov\.javacpp\cache\javacpp-windows-x86_64.jar\org\bytedeco\javacpp\windows-x86_64\api-ms-win-core-file-l2-1-0.dll
0x000007fee9b40000 - 0x000007fee9b43000 	C:\Users\Nazarov\.javacpp\cache\javacpp-windows-x86_64.jar\org\bytedeco\javacpp\windows-x86_64\api-ms-win-core-heap-l1-1-0.dll
0x000007fee9b30000 - 0x000007fee9b33000 	C:\Users\Nazarov\.javacpp\cache\javacpp-windows-x86_64.jar\org\bytedeco\javacpp\windows-x86_64\api-ms-win-core-libraryloader-l1-1-0.dll
0x000007fee9b20000 - 0x000007fee9b23000 	C:\Users\Nazarov\.javacpp\cache\javacpp-windows-x86_64.jar\org\bytedeco\javacpp\windows-x86_64\api-ms-win-core-synch-l1-1-0.dll
0x000007fee9b10000 - 0x000007fee9b13000 	C:\Users\Nazarov\.javacpp\cache\javacpp-windows-x86_64.jar\org\bytedeco\javacpp\windows-x86_64\api-ms-win-core-processthreads-l1-1-0.dll
0x000007fee9b00000 - 0x000007fee9b03000 	C:\Users\Nazarov\.javacpp\cache\javacpp-windows-x86_64.jar\org\bytedeco\javacpp\windows-x86_64\api-ms-win-core-processenvironment-l1-1-0.dll
0x000007fee93a0000 - 0x000007fee93a3000 	C:\Users\Nazarov\.javacpp\cache\javacpp-windows-x86_64.jar\org\bytedeco\javacpp\windows-x86_64\api-ms-win-core-datetime-l1-1-0.dll
0x000007fee9390000 - 0x000007fee9393000 	C:\Users\Nazarov\.javacpp\cache\javacpp-windows-x86_64.jar\org\bytedeco\javacpp\windows-x86_64\api-ms-win-core-localization-l1-2-0.dll
0x000007fee9380000 - 0x000007fee9383000 	C:\Users\Nazarov\.javacpp\cache\javacpp-windows-x86_64.jar\org\bytedeco\javacpp\windows-x86_64\api-ms-win-core-sysinfo-l1-1-0.dll
0x000007fee9370000 - 0x000007fee9373000 	C:\Users\Nazarov\.javacpp\cache\javacpp-windows-x86_64.jar\org\bytedeco\javacpp\windows-x86_64\api-ms-win-core-synch-l1-2-0.dll
0x000007fee9360000 - 0x000007fee9363000 	C:\Users\Nazarov\.javacpp\cache\javacpp-windows-x86_64.jar\org\bytedeco\javacpp\windows-x86_64\api-ms-win-core-console-l1-1-0.dll
0x000007fee9350000 - 0x000007fee9353000 	C:\Users\Nazarov\.javacpp\cache\javacpp-windows-x86_64.jar\org\bytedeco\javacpp\windows-x86_64\api-ms-win-core-debug-l1-1-0.dll
0x000007fee9340000 - 0x000007fee9343000 	C:\Users\Nazarov\.javacpp\cache\javacpp-windows-x86_64.jar\org\bytedeco\javacpp\windows-x86_64\api-ms-win-core-rtlsupport-l1-1-0.dll
0x000007fee9330000 - 0x000007fee9333000 	C:\Users\Nazarov\.javacpp\cache\javacpp-windows-x86_64.jar\org\bytedeco\javacpp\windows-x86_64\api-ms-win-core-processthreads-l1-1-1.dll
0x000007fee9320000 - 0x000007fee9323000 	C:\Users\Nazarov\.javacpp\cache\javacpp-windows-x86_64.jar\org\bytedeco\javacpp\windows-x86_64\api-ms-win-core-file-l1-2-0.dll
0x000007fee9310000 - 0x000007fee9313000 	C:\Users\Nazarov\.javacpp\cache\javacpp-windows-x86_64.jar\org\bytedeco\javacpp\windows-x86_64\api-ms-win-core-profile-l1-1-0.dll
0x000007fee9300000 - 0x000007fee9303000 	C:\Users\Nazarov\.javacpp\cache\javacpp-windows-x86_64.jar\org\bytedeco\javacpp\windows-x86_64\api-ms-win-core-memory-l1-1-0.dll
0x000007fee92f0000 - 0x000007fee92f3000 	C:\Users\Nazarov\.javacpp\cache\javacpp-windows-x86_64.jar\org\bytedeco\javacpp\windows-x86_64\api-ms-win-core-util-l1-1-0.dll
0x000007fee92e0000 - 0x000007fee92e3000 	C:\Users\Nazarov\.javacpp\cache\javacpp-windows-x86_64.jar\org\bytedeco\javacpp\windows-x86_64\api-ms-win-core-interlocked-l1-1-0.dll
0x000007fed5cf0000 - 0x000007fed5df0000 	C:\Users\Nazarov\.javacpp\cache\javacpp-windows-x86_64.jar\org\bytedeco\javacpp\windows-x86_64\ucrtbase.dll
0x000007fee92c0000 - 0x000007fee92db000 	C:\Users\Nazarov\.javacpp\cache\javacpp-windows-x86_64.jar\org\bytedeco\javacpp\windows-x86_64\vcruntime140.dll
0x000007fee8990000 - 0x000007fee899c000 	C:\Users\Nazarov\.javacpp\cache\javacpp-windows-x86_64.jar\org\bytedeco\javacpp\windows-x86_64\vcruntime140_1.dll
0x000007fed5e60000 - 0x000007fed5eed000 	C:\Users\Nazarov\.javacpp\cache\javacpp-windows-x86_64.jar\org\bytedeco\javacpp\windows-x86_64\msvcp140.dll
0x000007fedd200000 - 0x000007fedd209000 	C:\Users\Nazarov\.javacpp\cache\javacpp-windows-x86_64.jar\org\bytedeco\javacpp\windows-x86_64\msvcp140_1.dll
0x000007fedcdf0000 - 0x000007fedce3e000 	C:\Users\Nazarov\.javacpp\cache\javacpp-windows-x86_64.jar\org\bytedeco\javacpp\windows-x86_64\concrt140.dll
0x000007fedcdb0000 - 0x000007fedcde1000 	C:\Users\Nazarov\.javacpp\cache\javacpp-windows-x86_64.jar\org\bytedeco\javacpp\windows-x86_64\vcomp140.dll
0x000007fedd1f0000 - 0x000007fedd1fe000 	C:\Users\Nazarov\.javacpp\cache\javacpp-windows-x86_64.jar\org\bytedeco\javacpp\windows-x86_64\jnijavacpp.dll
0x000007fed0660000 - 0x000007fed22df000 	C:\Users\Nazarov\.javacpp\cache\openblas-windows-x86_64.jar\org\bytedeco\openblas\windows-x86_64\libopenblas_nolapack.dll
0x000007fedcce0000 - 0x000007fedcd3c000 	C:\Users\Nazarov\.javacpp\cache\openblas-windows-x86_64.jar\org\bytedeco\openblas\windows-x86_64\jniopenblas_nolapack.dll
0x000007fed22e0000 - 0x000007fed3f5f000 	C:\Users\Nazarov\.javacpp\cache\openblas-windows-x86_64.jar\org\bytedeco\openblas\windows-x86_64\libopenblas.dll
0x000007fecf2a0000 - 0x000007fed0651000 	C:\Users\Nazarov\.javacpp\cache\openblas-windows-x86_64.jar\org\bytedeco\openblas\windows-x86_64\jniopenblas.dll
0x000007fecee10000 - 0x000007fecf29a000 	C:\Users\Nazarov\.javacpp\cache\opencv-windows-x86_64.jar\org\bytedeco\opencv\windows-x86_64\opencv_core453.dll
0x000007fece6d0000 - 0x000007fecee07000 	C:\Users\Nazarov\.javacpp\cache\opencv-windows-x86_64.jar\org\bytedeco\opencv\windows-x86_64\opencv_imgproc453.dll
0x000007fece430000 - 0x000007fece6c2000 	C:\Users\Nazarov\.javacpp\cache\opencv-windows-x86_64.jar\org\bytedeco\opencv\windows-x86_64\jniopencv_core.dll
0x000007fece300000 - 0x000007fece423000 	C:\Users\Nazarov\.javacpp\cache\opencv-windows-x86_64.jar\org\bytedeco\opencv\windows-x86_64\jniopencv_imgproc.dll
0x000007fecded0000 - 0x000007fece2f6000 	C:\Users\Nazarov\.javacpp\cache\opencv-windows-x86_64.jar\org\bytedeco\opencv\windows-x86_64\opencv_imgcodecs453.dll
0x000007fed5e20000 - 0x000007fed5e52000 	C:\Users\Nazarov\.javacpp\cache\opencv-windows-x86_64.jar\org\bytedeco\opencv\windows-x86_64\jniopencv_imgcodecs.dll
0x000007fecde10000 - 0x000007fecded0000 	C:\Users\Nazarov\.javacpp\cache\opencv-windows-x86_64.jar\org\bytedeco\opencv\windows-x86_64\opencv_videoio453.dll
0x000007fefa6c0000 - 0x000007fefa72d000 	C:\Windows\system32\MFPlat.DLL
0x000007fefb710000 - 0x000007fefb719000 	C:\Windows\system32\AVRT.dll
0x000007feddda0000 - 0x000007fede191000 	C:\Windows\system32\MF.dll
0x000007fefb1a0000 - 0x000007fefb1b9000 	C:\Windows\system32\ATL.DLL
0x0000000075080000 - 0x0000000075086000 	C:\Windows\system32\ksuser.dll
0x000007fef7040000 - 0x000007fef7082000 	C:\Windows\system32\MFReadWrite.dll
0x000007fef5260000 - 0x000007fef52bd000 	C:\Windows\system32\dxgi.dll
0x000007fef5080000 - 0x000007fef5255000 	C:\Windows\system32\d3d11.dll
0x000007fedcd80000 - 0x000007fedcdad000 	C:\Users\Nazarov\.javacpp\cache\opencv-windows-x86_64.jar\org\bytedeco\opencv\windows-x86_64\jniopencv_videoio.dll
0x000007fefef20000 - 0x000007fefefb9000 	C:\Windows\system32\CLBCatQ.DLL
0x000007fedccc0000 - 0x000007fedccd6000 	C:\Windows\system32\devenum.dll
0x000007fefc3c0000 - 0x000007fefc3ed000 	C:\Windows\system32\ntmarta.dll
0x000007fefdc00000 - 0x000007fefdc52000 	C:\Windows\system32\WLDAP32.dll
0x000007fefd4b0000 - 0x000007fefd4eb000 	C:\Windows\system32\WINTRUST.dll
0x000007fefd4f0000 - 0x000007fefd65d000 	C:\Windows\system32\CRYPT32.dll
0x000007fefd350000 - 0x000007fefd35f000 	C:\Windows\system32\MSASN1.dll
0x000007fee9d00000 - 0x000007fee9d0d000 	C:\Windows\system32\msdmo.dll
0x000007fedd1e0000 - 0x000007fedd1eb000 	C:\Windows\system32\vidcap.ax
0x000007fed5df0000 - 0x000007fed5e14000 	C:\Windows\system32\kswdmcap.ax
0x000007fecdcb0000 - 0x000007fecde0c000 	C:\Windows\system32\MFC42.dll
0x000007fecdbf0000 - 0x000007fecdca1000 	C:\Windows\system32\ODBC32.dll

VM Arguments:
jvm_args: -Dfile.encoding=UTF-8 -Djava.library.path=C:\Users\Nazarov\Downloads\opencv-4.5.3-vc14_vc15_Windows\opencv\build\java\x64 -Xmx4000m 
java_command: educationpracticumAdditionally.CaptureWebCam
java_class_path (initial): E:\tmp\NetBeansProjects\EducationPracticum\lib\javacv-master\javacv-platform-1.5.6-bin\ffmpeg.jar;E:\tmp\NetBeansProjects\EducationPracticum\lib\javacv-master\javacv-platform-1.5.6-bin\javacpp.jar;E:\tmp\NetBeansProjects\EducationPracticum\lib\javacv-master\javacv-platform-1.5.6-bin\javacv.jar;E:\tmp\NetBeansProjects\EducationPracticum\lib\javacv-master\javacv-platform-1.5.6-bin\opencv.jar;E:\tmp\NetBeansProjects\EducationPracticum\lib\javacv-master\javacv-platform-1.5.6-bin\javacv-platform.jar;E:\tmp\NetBeansProjects\EducationPracticum\lib\jsoup-1.14.2.jar;E:\tmp\NetBeansProjects\EducationPracticum\lib\javamail-1.4.7\mail.jar;E:\tmp\NetBeansProjects\EducationPracticum\build\classes
Launcher Type: SUN_STANDARD

Environment Variables:
PATH=C:\Program Files (x86)\Common Files\Oracle\Java\javapath;C:\Program Files (x86)\Intel\iCLS Client\;C:\Program Files\Intel\iCLS Client\;C:\Windows\system32;C:\Windows;C:\Windows\System32\Wbem;C:\Windows\System32\WindowsPowerShell\v1.0\;C:\Program Files (x86)\Intel\UCRT\;C:\Program Files\Intel\UCRT\;C:\Program Files (x86)\Intel\Intel(R) Management Engine Components\DAL;C:\Program Files\Intel\Intel(R) Management Engine Components\DAL;C:\Program Files (x86)\Intel\Intel(R) Management Engine Components\IPT;C:\Program Files\Intel\Intel(R) Management Engine Components\IPT;C:\Program Files\Windows Imaging\;C:\Program Files (x86)\STMicroelectronics\STM32 ST-LINK Utility\ST-LINK Utility;C:\adb;C:\Program Files\dotnet\;E:\tmp\8266_WebServ_sender_Server\nginx-1.18.0\php-8.0.9-nts-Win32-vs16-x64\;C:\Program Files\OpenSSH\;C:\Program Files\Microsoft SQL Server\130\Tools\Binn\;C:\Program Files\Microsoft SQL Server\Client SDK\ODBC\170\Tools\Binn\;C:\Program Files (x86)\Common Files\Oracle\Java\javapath;C:\Program Files (x86)\Intel\iCLS Client\;C:\Program Files\Intel\iCLS Client\;C:\Windows\system32;C:\Windows;C:\Windows\System32\Wbem;C:\Windows\System32\WindowsPowerShell\v1.0\;C:\Program Files (x86)\Intel\UCRT\;C:\Program Files\Intel\UCRT\;C:\Program Files (x86)\Intel\Intel(R) Management Engine Components\DAL;C:\Program Files\Intel\Intel(R) Management Engine Components\DAL;C:\Program Files (x86)\Intel\Intel(R) Management Engine Components\IPT;C:\Program Files\Intel\Intel(R) Management Engine Components\IPT;C:\Users\Nazarov\AppData\Local\Programs\Git\cmd;C:\Users\Nazarov\.dotnet\tools
USERNAME=nazarov
OS=Windows_NT
PROCESSOR_IDENTIFIER=Intel64 Family 6 Model 94 Stepping 3, GenuineIntel



---------------  S Y S T E M  ---------------

OS: Windows 7 , 64 bit Build 7601 (6.1.7601.24384)

CPU:total 4 (initial active 4) (2 cores per cpu, 2 threads per core) family 6 model 94 stepping 3, cmov, cx8, fxsr, mmx, sse, sse2, sse3, ssse3, sse4.1, sse4.2, popcnt, avx, avx2, aes, clmul, erms, 3dnowpref, lzcnt, ht, tsc, tscinvbit, bmi1, bmi2, adx

Memory: 4k page, physical 8273880k(2794644k free), swap 8271976k(43272k free)

vm_info: Java HotSpot(TM) 64-Bit Server VM (25.191-b12) for windows-amd64 JRE (1.8.0_191-b12), built on Oct  6 2018 09:29:03 by "java_re" with MS VC++ 10.0 (VS2010)

time: Thu Dec 09 14:19:52 2021
elapsed time: 2 seconds (0d 0h 0m 2s)

