#
# A fatal error has been detected by the Java Runtime Environment:
#
#  EXCEPTION_ACCESS_VIOLATION (0xc0000005) at pc=0x000007fef4d8122e, pid=11284, tid=0x000000000000225c
#
# JRE version: Java(TM) SE Runtime Environment (8.0_191-b12) (build 1.8.0_191-b12)
# Java VM: Java HotSpot(TM) 64-Bit Server VM (25.191-b12 mixed mode windows-amd64 compressed oops)
# Problematic frame:
# C  [vcruntime140.dll+0x122e]
#
# Failed to write core dump. Minidumps are not enabled by default on client versions of Windows
#
# If you would like to submit a bug report, please visit:
#   http://bugreport.java.com/bugreport/crash.jsp
# The crash happened outside the Java Virtual Machine in native code.
# See problematic frame for where to report the bug.
#

---------------  T H R E A D  ---------------

Current thread (0x0000000002222000):  JavaThread "main" [_thread_in_native, id=8796, stack(0x0000000002390000,0x0000000002490000)]

siginfo: ExceptionCode=0xc0000005, reading address 0x000000005f8e0000

Registers:
RAX=0x0000000071e260c0, RBX=0x0000000000000000, RCX=0x000000000003e060, RDX=0xffffffffeda16fa0
RSP=0x000000000248ebc8, RBP=0x000000000248ece0, RSI=0x000000005f8e0000, RDI=0x0000000071ec9060
R8 =0x00000000000e1000, R9 =0x0000000000000280, R10=0x000000005f83d060, R11=0x0000000071e260c0
R12=0x000007fef0aed648, R13=0x000007fef0aed6d0, R14=0x0000000071e260c0, R15=0x0000000000000000
RIP=0x000007fef4d8122e, EFLAGS=0x0000000000010203

Top of Stack: (sp=0x000000000248ebc8)
0x000000000248ebc8:   00000000ffffffff 000000005f83d060
0x000000000248ebd8:   000007fef32f9dc5 0000000000000000
0x000000000248ebe8:   000000000248ecb0 00000000ffffffff
0x000000000248ebf8:   0000000000000000 00000000ffffffff
0x000000000248ec08:   0000000000000000 0000000000000000
0x000000000248ec18:   0000000000000000 0000000000000000
0x000000000248ec28:   0000000000000000 00000000000e1000
0x000000000248ec38:   0000000000000000 0000000000000004
0x000000000248ec48:   00000000775e6824 000007feff666e60
0x000000000248ec58:   0000000000000000 fffffffffffffffe
0x000000000248ec68:   0000000000000000 0000000000000000
0x000000000248ec78:   000007fefd5aadf5 0000000000000000
0x000000000248ec88:   0000000000000000 0000000000000000
0x000000000248ec98:   0000000000000000 000000000248ed00
0x000000000248eca8:   0000000000000010 0000000242ff4010
0x000000000248ecb8:   00000280000001e0 0000000071e260c0 

Instructions: (pc=0x000007fef4d8122e)
0x000007fef4d8120e:   cc cc cc cc cc cc cc cc 66 66 0f 1f 84 00 00 00
0x000007fef4d8121e:   00 00 57 56 49 8b c3 48 8b f9 49 8b c8 49 8b f2
0x000007fef4d8122e:   f3 a4 5e 5f c3 cc cc cc cc cc cc 0f 1f 80 00 00
0x000007fef4d8123e:   00 00 4c 8b d9 4c 8b d2 49 83 f8 10 76 64 49 83 


Register to memory mapping:

RAX=0x0000000071e260c0 is an unknown value
RBX=0x0000000000000000 is an unknown value
RCX=0x000000000003e060 is an unknown value
RDX=0xffffffffeda16fa0 is an unknown value
RSP=0x000000000248ebc8 is pointing into the stack for thread: 0x0000000002222000
RBP=0x000000000248ece0 is pointing into the stack for thread: 0x0000000002222000
RSI=0x000000005f8e0000 is an unknown value
RDI=0x0000000071ec9060 is an unknown value
R8 =0x00000000000e1000 is an unknown value
R9 =0x0000000000000280 is an unknown value
R10=0x000000005f83d060 is an unknown value
R11=0x0000000071e260c0 is an unknown value
R12=0x000007fef0aed648 is an unknown value
R13=0x000007fef0aed6d0 is an unknown value
R14=0x0000000071e260c0 is an unknown value
R15=0x0000000000000000 is an unknown value


Stack: [0x0000000002390000,0x0000000002490000],  sp=0x000000000248ebc8,  free space=1018k
Native frames: (J=compiled Java code, j=interpreted, Vv=VM code, C=native code)
C  [vcruntime140.dll+0x122e]
C  [opencv_core440.dll+0x79dc5]
C  [opencv_videoio440.dll+0x3f74a]
C  [opencv_videoio440.dll+0xf0f9]
C  [opencv_videoio440.dll+0xef08]
C  [jniopencv_videoio.dll+0x2748]
C  0x0000000002781db0

Java frames: (J=compiled Java code, j=interpreted, Vv=VM code)
j  org.bytedeco.opencv.opencv_videoio.VideoCapture.read(Lorg/bytedeco/opencv/opencv_core/Mat;)Z+0
j  org.bytedeco.javacv.OpenCVFrameGrabber.start()V+400
j  educationpracticum.CaptureWebCam.Start()V+23
j  educationpracticum.CaptureWebCam.main([Ljava/lang/String;)V+9
v  ~StubRoutines::call_stub

---------------  P R O C E S S  ---------------

Java Threads: ( => current thread )
  0x000000005bdf0800 JavaThread "JavaCPP Deallocator" daemon [_thread_blocked, id=7036, stack(0x000000005c580000,0x000000005c680000)]
  0x000000005b58d000 JavaThread "org.netbeans.modules.debugger.jpda.visual AWT Access Loop" daemon [_thread_blocked, id=9164, stack(0x0000000059660000,0x0000000059760000)]
  0x000000005b593800 JavaThread "AWT-EventQueue-0" [_thread_blocked, id=8472, stack(0x000000005c780000,0x000000005c880000)]
  0x000000005a5c4800 JavaThread "AWT-Shutdown" [_thread_blocked, id=12196, stack(0x000000005a970000,0x000000005aa70000)]
  0x000000005a5c3800 JavaThread "Java2D Disposer" daemon [_thread_blocked, id=7952, stack(0x000000005a810000,0x000000005a910000)]
  0x00000000589e4000 JavaThread "Service Thread" daemon [_thread_blocked, id=9904, stack(0x0000000059d50000,0x0000000059e50000)]
  0x00000000589dc000 JavaThread "C1 CompilerThread2" daemon [_thread_blocked, id=8104, stack(0x0000000059b80000,0x0000000059c80000)]
  0x00000000589d8800 JavaThread "C2 CompilerThread1" daemon [_thread_blocked, id=11524, stack(0x0000000059990000,0x0000000059a90000)]
  0x0000000058987000 JavaThread "C2 CompilerThread0" daemon [_thread_blocked, id=9268, stack(0x0000000059760000,0x0000000059860000)]
  0x0000000058979000 JavaThread "JDWP Command Reader" daemon [_thread_blocked, id=8168, stack(0x00000000594f0000,0x00000000595f0000)]
  0x0000000058977800 JavaThread "JDWP Event Helper Thread" daemon [_thread_blocked, id=12272, stack(0x0000000058d80000,0x0000000058e80000)]
  0x000000005896b000 JavaThread "JDWP Transport Listener: dt_shmem" daemon [_thread_blocked, id=4580, stack(0x0000000059300000,0x0000000059400000)]
  0x000000005895d800 JavaThread "Attach Listener" daemon [_thread_blocked, id=12112, stack(0x00000000590e0000,0x00000000591e0000)]
  0x000000005895c000 JavaThread "Signal Dispatcher" daemon [_thread_blocked, id=8728, stack(0x0000000058ee0000,0x0000000058fe0000)]
  0x00000000573f8800 JavaThread "Finalizer" daemon [_thread_blocked, id=10208, stack(0x0000000058650000,0x0000000058750000)]
  0x00000000573ef800 JavaThread "Reference Handler" daemon [_thread_blocked, id=11748, stack(0x0000000058780000,0x0000000058880000)]
=>0x0000000002222000 JavaThread "main" [_thread_in_native, id=8796, stack(0x0000000002390000,0x0000000002490000)]

Other Threads:
  0x00000000573a8000 VMThread [stack: 0x0000000058490000,0x0000000058590000] [id=9136]

VM state:at safepoint (normal execution)

VM Mutex/Monitor currently owned by a thread:  ([mutex/lock_event])
[0x000000000221fb30] Threads_lock - owner thread: 0x00000000573a8000

Heap:
 PSYoungGen      total 257536K, used 81697K [0x00000000d5f00000, 0x00000000f0580000, 0x0000000100000000)
  eden space 254464K, 30% used [0x00000000d5f00000,0x00000000dabd1fa8,0x00000000e5780000)
  from space 3072K, 98% used [0x00000000f0280000,0x00000000f0576550,0x00000000f0580000)
  to   space 4096K, 0% used [0x00000000efd80000,0x00000000efd80000,0x00000000f0180000)
 ParOldGen       total 87552K, used 4101K [0x0000000081c00000, 0x0000000087180000, 0x00000000d5f00000)
  object space 87552K, 4% used [0x0000000081c00000,0x0000000082001400,0x0000000087180000)
 Metaspace       used 16982K, capacity 17140K, committed 17408K, reserved 1064960K
  class space    used 1456K, capacity 1516K, committed 1536K, reserved 1048576K

Card table byte_map: [0x0000000011b20000,0x0000000011f20000] byte_map_base: 0x0000000011712000

Marking Bits: (ParMarkBitMap*) 0x000000005b4d3e30
 Begin Bits: [0x00000000126f0000, 0x0000000014680000)
 End Bits:   [0x0000000014680000, 0x0000000016610000)

Polling page: 0x0000000000230000

CodeCache: size=245760Kb used=6778Kb max_used=6789Kb free=238981Kb
 bounds [0x0000000002760000, 0x0000000002e10000, 0x0000000011760000]
 total_blobs=2418 nmethods=1404 adapters=934
 compilation: enabled

Compilation events (10 events):
Event: 5.391 Thread 0x0000000058987000 1400       4       java.util.HashMap::clear (50 bytes)
Event: 5.392 Thread 0x0000000058987000 nmethod 1400 0x0000000002de3b10 code [0x0000000002de3c40, 0x0000000002de3d58]
Event: 5.574 Thread 0x0000000058987000 1401       4       sun.nio.fs.WindowsPathParser::parse (384 bytes)
Event: 5.585 Thread 0x0000000058987000 nmethod 1401 0x0000000002e02d50 code [0x0000000002e02f20, 0x0000000002e03fe8]
Event: 5.717 Thread 0x00000000589dc000 1402       3       java.util.ArrayList$SubList$1::hasNext (20 bytes)
Event: 5.717 Thread 0x00000000589dc000 nmethod 1402 0x0000000002dfc210 code [0x0000000002dfc360, 0x0000000002dfc510]
Event: 6.062 Thread 0x00000000589dc000 1403       1       sun.awt.AWTAutoShutdown::getInstance (4 bytes)
Event: 6.062 Thread 0x00000000589dc000 nmethod 1403 0x0000000002dfbf50 code [0x0000000002dfc0a0, 0x0000000002dfc190]
Event: 6.062 Thread 0x00000000589dc000 1404       3       java.awt.EventQueue::uncacheEQItem (53 bytes)
Event: 6.062 Thread 0x00000000589dc000 nmethod 1404 0x0000000002dfb510 code [0x0000000002dfb6a0, 0x0000000002dfbd48]

GC Heap History (10 events):
Event: 3.088 GC heap before
{Heap before GC invocations=6 (full 0):
 PSYoungGen      total 71680K, used 68743K [0x00000000d5f00000, 0x00000000de700000, 0x0000000100000000)
  eden space 66560K, 100% used [0x00000000d5f00000,0x00000000da000000,0x00000000da000000)
  from space 5120K, 42% used [0x00000000da000000,0x00000000da221fc0,0x00000000da500000)
  to   space 3072K, 0% used [0x00000000de400000,0x00000000de400000,0x00000000de700000)
 ParOldGen       total 87552K, used 40K [0x0000000081c00000, 0x0000000087180000, 0x00000000d5f00000)
  object space 87552K, 0% used [0x0000000081c00000,0x0000000081c0a000,0x0000000087180000)
 Metaspace       used 14593K, capacity 14828K, committed 15104K, reserved 1062912K
  class space    used 1182K, capacity 1260K, committed 1280K, reserved 1048576K
Event: 3.090 GC heap after
Heap after GC invocations=6 (full 0):
 PSYoungGen      total 136192K, used 2199K [0x00000000d5f00000, 0x00000000de700000, 0x0000000100000000)
  eden space 133120K, 0% used [0x00000000d5f00000,0x00000000d5f00000,0x00000000de100000)
  from space 3072K, 71% used [0x00000000de400000,0x00000000de625fb0,0x00000000de700000)
  to   space 3072K, 0% used [0x00000000de100000,0x00000000de100000,0x00000000de400000)
 ParOldGen       total 87552K, used 40K [0x0000000081c00000, 0x0000000087180000, 0x00000000d5f00000)
  object space 87552K, 0% used [0x0000000081c00000,0x0000000081c0a000,0x0000000087180000)
 Metaspace       used 14593K, capacity 14828K, committed 15104K, reserved 1062912K
  class space    used 1182K, capacity 1260K, committed 1280K, reserved 1048576K
}
Event: 3.285 GC heap before
{Heap before GC invocations=7 (full 0):
 PSYoungGen      total 136192K, used 135319K [0x00000000d5f00000, 0x00000000de700000, 0x0000000100000000)
  eden space 133120K, 100% used [0x00000000d5f00000,0x00000000de100000,0x00000000de100000)
  from space 3072K, 71% used [0x00000000de400000,0x00000000de625fb0,0x00000000de700000)
  to   space 3072K, 0% used [0x00000000de100000,0x00000000de100000,0x00000000de400000)
 ParOldGen       total 87552K, used 40K [0x0000000081c00000, 0x0000000087180000, 0x00000000d5f00000)
  object space 87552K, 0% used [0x0000000081c00000,0x0000000081c0a000,0x0000000087180000)
 Metaspace       used 14595K, capacity 14828K, committed 15104K, reserved 1062912K
  class space    used 1182K, capacity 1260K, committed 1280K, reserved 1048576K
Event: 3.288 GC heap after
Heap after GC invocations=7 (full 0):
 PSYoungGen      total 136192K, used 192K [0x00000000d5f00000, 0x00000000e6a00000, 0x0000000100000000)
  eden space 133120K, 0% used [0x00000000d5f00000,0x00000000d5f00000,0x00000000de100000)
  from space 3072K, 6% used [0x00000000de100000,0x00000000de130000,0x00000000de400000)
  to   space 3584K, 0% used [0x00000000e6680000,0x00000000e6680000,0x00000000e6a00000)
 ParOldGen       total 87552K, used 2060K [0x0000000081c00000, 0x0000000087180000, 0x00000000d5f00000)
  object space 87552K, 2% used [0x0000000081c00000,0x0000000081e03020,0x0000000087180000)
 Metaspace       used 14595K, capacity 14828K, committed 15104K, reserved 1062912K
  class space    used 1182K, capacity 1260K, committed 1280K, reserved 1048576K
}
Event: 3.427 GC heap before
{Heap before GC invocations=8 (full 0):
 PSYoungGen      total 136192K, used 133312K [0x00000000d5f00000, 0x00000000e6a00000, 0x0000000100000000)
  eden space 133120K, 100% used [0x00000000d5f00000,0x00000000de100000,0x00000000de100000)
  from space 3072K, 6% used [0x00000000de100000,0x00000000de130000,0x00000000de400000)
  to   space 3584K, 0% used [0x00000000e6680000,0x00000000e6680000,0x00000000e6a00000)
 ParOldGen       total 87552K, used 2060K [0x0000000081c00000, 0x0000000087180000, 0x00000000d5f00000)
  object space 87552K, 2% used [0x0000000081c00000,0x0000000081e03020,0x0000000087180000)
 Metaspace       used 14595K, capacity 14828K, committed 15104K, reserved 1062912K
  class space    used 1182K, capacity 1260K, committed 1280K, reserved 1048576K
Event: 3.428 GC heap after
Heap after GC invocations=8 (full 0):
 PSYoungGen      total 269824K, used 96K [0x00000000d5f00000, 0x00000000e6a00000, 0x0000000100000000)
  eden space 266240K, 0% used [0x00000000d5f00000,0x00000000d5f00000,0x00000000e6300000)
  from space 3584K, 2% used [0x00000000e6680000,0x00000000e6698000,0x00000000e6a00000)
  to   space 3584K, 0% used [0x00000000e6300000,0x00000000e6300000,0x00000000e6680000)
 ParOldGen       total 87552K, used 2196K [0x0000000081c00000, 0x0000000087180000, 0x00000000d5f00000)
  object space 87552K, 2% used [0x0000000081c00000,0x0000000081e25020,0x0000000087180000)
 Metaspace       used 14595K, capacity 14828K, committed 15104K, reserved 1062912K
  class space    used 1182K, capacity 1260K, committed 1280K, reserved 1048576K
}
Event: 3.730 GC heap before
{Heap before GC invocations=9 (full 0):
 PSYoungGen      total 269824K, used 266336K [0x00000000d5f00000, 0x00000000e6a00000, 0x0000000100000000)
  eden space 266240K, 100% used [0x00000000d5f00000,0x00000000e6300000,0x00000000e6300000)
  from space 3584K, 2% used [0x00000000e6680000,0x00000000e6698000,0x00000000e6a00000)
  to   space 3584K, 0% used [0x00000000e6300000,0x00000000e6300000,0x00000000e6680000)
 ParOldGen       total 87552K, used 2196K [0x0000000081c00000, 0x0000000087180000, 0x00000000d5f00000)
  object space 87552K, 2% used [0x0000000081c00000,0x0000000081e25020,0x0000000087180000)
 Metaspace       used 14597K, capacity 14828K, committed 15104K, reserved 1062912K
  class space    used 1182K, capacity 1260K, committed 1280K, reserved 1048576K
Event: 3.731 GC heap after
Heap after GC invocations=9 (full 0):
 PSYoungGen      total 269824K, used 32K [0x00000000d5f00000, 0x00000000f0600000, 0x0000000100000000)
  eden space 266240K, 0% used [0x00000000d5f00000,0x00000000d5f00000,0x00000000e6300000)
  from space 3584K, 0% used [0x00000000e6300000,0x00000000e6308000,0x00000000e6680000)
  to   space 3584K, 0% used [0x00000000f0280000,0x00000000f0280000,0x00000000f0600000)
 ParOldGen       total 87552K, used 2228K [0x0000000081c00000, 0x0000000087180000, 0x00000000d5f00000)
  object space 87552K, 2% used [0x0000000081c00000,0x0000000081e2d020,0x0000000087180000)
 Metaspace       used 14597K, capacity 14828K, committed 15104K, reserved 1062912K
  class space    used 1182K, capacity 1260K, committed 1280K, reserved 1048576K
}
Event: 4.507 GC heap before
{Heap before GC invocations=10 (full 0):
 PSYoungGen      total 269824K, used 266272K [0x00000000d5f00000, 0x00000000f0600000, 0x0000000100000000)
  eden space 266240K, 100% used [0x00000000d5f00000,0x00000000e6300000,0x00000000e6300000)
  from space 3584K, 0% used [0x00000000e6300000,0x00000000e6308000,0x00000000e6680000)
  to   space 3584K, 0% used [0x00000000f0280000,0x00000000f0280000,0x00000000f0600000)
 ParOldGen       total 87552K, used 2228K [0x0000000081c00000, 0x0000000087180000, 0x00000000d5f00000)
  object space 87552K, 2% used [0x0000000081c00000,0x0000000081e2d020,0x0000000087180000)
 Metaspace       used 15049K, capacity 15252K, committed 15488K, reserved 1062912K
  class space    used 1220K, capacity 1292K, committed 1408K, reserved 1048576K
Event: 4.508 GC heap after
Heap after GC invocations=10 (full 0):
 PSYoungGen      total 257536K, used 3033K [0x00000000d5f00000, 0x00000000f0580000, 0x0000000100000000)
  eden space 254464K, 0% used [0x00000000d5f00000,0x00000000d5f00000,0x00000000e5780000)
  from space 3072K, 98% used [0x00000000f0280000,0x00000000f0576550,0x00000000f0580000)
  to   space 4096K, 0% used [0x00000000efd80000,0x00000000efd80000,0x00000000f0180000)
 ParOldGen       total 87552K, used 4101K [0x0000000081c00000, 0x0000000087180000, 0x00000000d5f00000)
  object space 87552K, 4% used [0x0000000081c00000,0x0000000082001400,0x0000000087180000)
 Metaspace       used 15049K, capacity 15252K, committed 15488K, reserved 1062912K
  class space    used 1220K, capacity 1292K, committed 1408K, reserved 1048576K
}

Deoptimization events (10 events):
Event: 2.265 Thread 0x0000000002222000 Uncommon trap: reason=class_check action=maybe_recompile pc=0x0000000002a54d74 method=sun.misc.URLClassPath.findResource(Ljava/lang/String;Z)Ljava/net/URL; @ 26
Event: 2.265 Thread 0x0000000002222000 Uncommon trap: reason=unstable_if action=reinterpret pc=0x0000000002a98ec8 method=java.net.URLStreamHandler.parseURL(Ljava/net/URL;Ljava/lang/String;II)V @ 133
Event: 2.266 Thread 0x0000000002222000 Uncommon trap: reason=unstable_if action=reinterpret pc=0x0000000002a9f818 method=java.net.URL.<init>(Ljava/net/URL;Ljava/lang/String;Ljava/net/URLStreamHandler;)V @ 441
Event: 2.266 Thread 0x0000000002222000 Uncommon trap: reason=class_check action=maybe_recompile pc=0x0000000002a54d74 method=sun.misc.URLClassPath.findResource(Ljava/lang/String;Z)Ljava/net/URL; @ 26
Event: 2.266 Thread 0x0000000002222000 Uncommon trap: reason=class_check action=maybe_recompile pc=0x0000000002a54d74 method=sun.misc.URLClassPath.findResource(Ljava/lang/String;Z)Ljava/net/URL; @ 26
Event: 2.267 Thread 0x0000000002222000 Uncommon trap: reason=unstable_if action=reinterpret pc=0x0000000002a80d94 method=java.io.WinNTFileSystem.normalize(Ljava/lang/String;)Ljava/lang/String; @ 128
Event: 2.271 Thread 0x0000000002222000 Uncommon trap: reason=unstable_if action=reinterpret pc=0x0000000002a7022c method=java.lang.String$CaseInsensitiveComparator.compare(Ljava/lang/String;Ljava/lang/String;)I @ 49
Event: 2.275 Thread 0x0000000002222000 Uncommon trap: reason=unstable_if action=reinterpret pc=0x0000000002a78c68 method=java.lang.String$CaseInsensitiveComparator.compare(Ljava/lang/String;Ljava/lang/String;)I @ 49
Event: 2.428 Thread 0x0000000002222000 Uncommon trap: reason=class_check action=maybe_recompile pc=0x0000000002a54d74 method=sun.misc.URLClassPath.findResource(Ljava/lang/String;Z)Ljava/net/URL; @ 26
Event: 3.843 Thread 0x0000000002222000 Uncommon trap: reason=unstable_if action=reinterpret pc=0x0000000002c14580 method=java.net.URLClassLoader$3$1.run()Ljava/net/URL; @ 12

Classes redefined (0 events):
No events

Internal exceptions (10 events):
Event: 5.753 Thread 0x0000000002222000 Exception <a 'sun/nio/fs/WindowsException'> (0x00000000da88dcf0) thrown at [C:\re\workspace\8-2-build-windows-amd64-cygwin\jdk8u191\11896\hotspot\src\share\vm\prims\jni.cpp, line 709]
Event: 5.754 Thread 0x0000000002222000 Exception <a 'sun/nio/fs/WindowsException'> (0x00000000da88f598) thrown at [C:\re\workspace\8-2-build-windows-amd64-cygwin\jdk8u191\11896\hotspot\src\share\vm\prims\jni.cpp, line 709]
Event: 5.754 Thread 0x0000000002222000 Exception <a 'sun/nio/fs/WindowsException'> (0x00000000da890bc8) thrown at [C:\re\workspace\8-2-build-windows-amd64-cygwin\jdk8u191\11896\hotspot\src\share\vm\prims\jni.cpp, line 709]
Event: 5.754 Thread 0x0000000002222000 Exception <a 'sun/nio/fs/WindowsException'> (0x00000000da892258) thrown at [C:\re\workspace\8-2-build-windows-amd64-cygwin\jdk8u191\11896\hotspot\src\share\vm\prims\jni.cpp, line 709]
Event: 5.754 Thread 0x0000000002222000 Exception <a 'sun/nio/fs/WindowsException'> (0x00000000da893920) thrown at [C:\re\workspace\8-2-build-windows-amd64-cygwin\jdk8u191\11896\hotspot\src\share\vm\prims\jni.cpp, line 709]
Event: 5.754 Thread 0x0000000002222000 Exception <a 'sun/nio/fs/WindowsException'> (0x00000000da894f50) thrown at [C:\re\workspace\8-2-build-windows-amd64-cygwin\jdk8u191\11896\hotspot\src\share\vm\prims\jni.cpp, line 709]
Event: 5.754 Thread 0x0000000002222000 Exception <a 'sun/nio/fs/WindowsException'> (0x00000000da8965b8) thrown at [C:\re\workspace\8-2-build-windows-amd64-cygwin\jdk8u191\11896\hotspot\src\share\vm\prims\jni.cpp, line 709]
Event: 5.754 Thread 0x0000000002222000 Exception <a 'sun/nio/fs/WindowsException'> (0x00000000da897c00) thrown at [C:\re\workspace\8-2-build-windows-amd64-cygwin\jdk8u191\11896\hotspot\src\share\vm\prims\jni.cpp, line 709]
Event: 5.754 Thread 0x0000000002222000 Exception <a 'sun/nio/fs/WindowsException'> (0x00000000da899230) thrown at [C:\re\workspace\8-2-build-windows-amd64-cygwin\jdk8u191\11896\hotspot\src\share\vm\prims\jni.cpp, line 709]
Event: 5.755 Thread 0x0000000002222000 Exception <a 'sun/nio/fs/WindowsException'> (0x00000000da89a898) thrown at [C:\re\workspace\8-2-build-windows-amd64-cygwin\jdk8u191\11896\hotspot\src\share\vm\prims\jni.cpp, line 709]

Events (10 events):
Event: 5.755 Thread 0x0000000002222000 DEOPT PACKING pc=0x0000000002cad29c sp=0x000000000248ed00
Event: 5.755 Thread 0x0000000002222000 DEOPT UNPACKING pc=0x00000000027a7890 sp=0x000000000248ea40 mode 1
Event: 5.755 Thread 0x0000000002222000 DEOPT PACKING pc=0x0000000002d10cfc sp=0x000000000248ee10
Event: 5.755 Thread 0x0000000002222000 DEOPT UNPACKING pc=0x00000000027a7890 sp=0x000000000248eb70 mode 1
Event: 6.062 Thread 0x000000005e830000 Thread added: 0x000000005e830000
Event: 6.063 Thread 0x000000005e7bb800 Thread added: 0x000000005e7bb800
Event: 6.063 Thread 0x000000005e7bb800 Thread exited: 0x000000005e7bb800
Event: 6.089 Thread 0x000000005b5e1000 Thread exited: 0x000000005b5e1000
Event: 6.166 Thread 0x000000005e830000 Thread exited: 0x000000005e830000
Event: 6.166 Executing VM operation: Exit


Dynamic libraries:
0x000000013f0d0000 - 0x000000013f107000 	C:\Program Files\Java\jdk1.8.0_191\bin\java.exe
0x00000000775d0000 - 0x000000007776f000 	C:\Windows\SYSTEM32\ntdll.dll
0x00000000773b0000 - 0x00000000774cf000 	C:\Windows\system32\kernel32.dll
0x000007fefd5a0000 - 0x000007fefd60a000 	C:\Windows\system32\KERNELBASE.dll
0x000007fefe650000 - 0x000007fefe72b000 	C:\Windows\system32\ADVAPI32.dll
0x000007feff660000 - 0x000007feff6ff000 	C:\Windows\system32\msvcrt.dll
0x000007fefe630000 - 0x000007fefe64f000 	C:\Windows\SYSTEM32\sechost.dll
0x000007feff070000 - 0x000007feff19c000 	C:\Windows\system32\RPCRT4.dll
0x00000000774d0000 - 0x00000000775ca000 	C:\Windows\system32\USER32.dll
0x000007feff820000 - 0x000007feff887000 	C:\Windows\system32\GDI32.dll
0x000007fefe960000 - 0x000007fefe96e000 	C:\Windows\system32\LPK.dll
0x000007fefe730000 - 0x000007fefe7fb000 	C:\Windows\system32\USP10.dll
0x000007fefbf10000 - 0x000007fefc104000 	C:\Windows\WinSxS\amd64_microsoft.windows.common-controls_6595b64144ccf1df_6.0.7601.18837_none_fa3b1e3d17594757\COMCTL32.dll
0x000007fefebd0000 - 0x000007fefec41000 	C:\Windows\system32\SHLWAPI.dll
0x000007fefede0000 - 0x000007fefee0e000 	C:\Windows\system32\IMM32.DLL
0x000007fefe800000 - 0x000007fefe909000 	C:\Windows\system32\MSCTF.dll
0x000000005d180000 - 0x000000005d252000 	C:\Program Files\Java\jdk1.8.0_191\jre\bin\msvcr100.dll
0x000000005acb0000 - 0x000000005b554000 	C:\Program Files\Java\jdk1.8.0_191\jre\bin\server\jvm.dll
0x000007fef9290000 - 0x000007fef9299000 	C:\Windows\system32\WSOCK32.dll
0x000007fefe910000 - 0x000007fefe95d000 	C:\Windows\system32\WS2_32.dll
0x000007feff1a0000 - 0x000007feff1a8000 	C:\Windows\system32\NSI.dll
0x000007fefb340000 - 0x000007fefb37b000 	C:\Windows\system32\WINMM.dll
0x000007fefc5d0000 - 0x000007fefc5dc000 	C:\Windows\system32\VERSION.dll
0x0000000077770000 - 0x0000000077777000 	C:\Windows\system32\PSAPI.DLL
0x000000005fb10000 - 0x000000005fb1f000 	C:\Program Files\Java\jdk1.8.0_191\jre\bin\verify.dll
0x000000005f140000 - 0x000000005f169000 	C:\Program Files\Java\jdk1.8.0_191\jre\bin\java.dll
0x000000005f930000 - 0x000000005f965000 	C:\Program Files\Java\jdk1.8.0_191\jre\bin\jdwp.dll
0x000000005f920000 - 0x000000005f928000 	C:\Program Files\Java\jdk1.8.0_191\jre\bin\npt.dll
0x000000005f120000 - 0x000000005f136000 	C:\Program Files\Java\jdk1.8.0_191\jre\bin\zip.dll
0x000007fefd8a0000 - 0x000007fefe62b000 	C:\Windows\system32\SHELL32.dll
0x000007feff1b0000 - 0x000007feff3ac000 	C:\Windows\system32\ole32.dll
0x000007fefd490000 - 0x000007fefd49f000 	C:\Windows\system32\profapi.dll
0x000000005fbd0000 - 0x000000005fbdb000 	C:\Program Files\Java\jdk1.8.0_191\jre\bin\dt_shmem.dll
0x000000005cfe0000 - 0x000000005d179000 	C:\Program Files\Java\jdk1.8.0_191\jre\bin\awt.dll
0x000007feff450000 - 0x000007feff52a000 	C:\Windows\system32\OLEAUT32.dll
0x000007fefb770000 - 0x000007fefb788000 	C:\Windows\system32\DWMAPI.DLL
0x000007feed490000 - 0x000007feed5ad000 	C:\Windows\system32\opengl32.dll
0x000007fef6670000 - 0x000007fef669d000 	C:\Windows\system32\GLU32.dll
0x000007feed390000 - 0x000007feed481000 	C:\Windows\system32\DDRAW.dll
0x000007fef8300000 - 0x000007fef8308000 	C:\Windows\system32\DCIMAN32.dll
0x000007fefe970000 - 0x000007fefeb47000 	C:\Windows\system32\SETUPAPI.dll
0x000007fefd6f0000 - 0x000007fefd726000 	C:\Windows\system32\CFGMGR32.dll
0x000007fefd540000 - 0x000007fefd55a000 	C:\Windows\system32\DEVOBJ.dll
0x000007fefbeb0000 - 0x000007fefbf06000 	C:\Windows\system32\uxtheme.dll
0x000007fefd3c0000 - 0x000007fefd3cf000 	C:\Windows\system32\CRYPTBASE.dll
0x000000005df10000 - 0x000000005df57000 	C:\Program Files\Java\jdk1.8.0_191\jre\bin\fontmanager.dll
0x000007fefb0e0000 - 0x000007fefb0e3000 	C:\Users\Nazarov\.javacpp\cache\javacpp-windows-x86_64.jar\org\bytedeco\javacpp\windows-x86_64\api-ms-win-crt-locale-l1-1-0.dll
0x000000005f100000 - 0x000000005f11a000 	C:\Program Files\Java\jdk1.8.0_191\jre\bin\net.dll
0x000007fefcca0000 - 0x000007fefccf5000 	C:\Windows\system32\mswsock.dll
0x000007fefcc90000 - 0x000007fefcc97000 	C:\Windows\System32\wship6.dll
0x000000005f0e0000 - 0x000000005f0f1000 	C:\Program Files\Java\jdk1.8.0_191\jre\bin\nio.dll
0x000007fefb0d0000 - 0x000007fefb0d4000 	C:\Users\Nazarov\.javacpp\cache\javacpp-windows-x86_64.jar\org\bytedeco\javacpp\windows-x86_64\api-ms-win-crt-string-l1-1-0.dll
0x000007fef8480000 - 0x000007fef8484000 	C:\Users\Nazarov\.javacpp\cache\javacpp-windows-x86_64.jar\org\bytedeco\javacpp\windows-x86_64\api-ms-win-crt-stdio-l1-1-0.dll
0x000007fef8470000 - 0x000007fef8475000 	C:\Users\Nazarov\.javacpp\cache\javacpp-windows-x86_64.jar\org\bytedeco\javacpp\windows-x86_64\api-ms-win-crt-math-l1-1-0.dll
0x000007fef8370000 - 0x000007fef8373000 	C:\Users\Nazarov\.javacpp\cache\javacpp-windows-x86_64.jar\org\bytedeco\javacpp\windows-x86_64\api-ms-win-crt-heap-l1-1-0.dll
0x000007fef8360000 - 0x000007fef8364000 	C:\Users\Nazarov\.javacpp\cache\javacpp-windows-x86_64.jar\org\bytedeco\javacpp\windows-x86_64\api-ms-win-crt-runtime-l1-1-0.dll
0x000007fef8060000 - 0x000007fef8064000 	C:\Users\Nazarov\.javacpp\cache\javacpp-windows-x86_64.jar\org\bytedeco\javacpp\windows-x86_64\api-ms-win-crt-convert-l1-1-0.dll
0x000007fef7e60000 - 0x000007fef7e63000 	C:\Users\Nazarov\.javacpp\cache\javacpp-windows-x86_64.jar\org\bytedeco\javacpp\windows-x86_64\api-ms-win-crt-environment-l1-1-0.dll
0x000007fef7dc0000 - 0x000007fef7dc3000 	C:\Users\Nazarov\.javacpp\cache\javacpp-windows-x86_64.jar\org\bytedeco\javacpp\windows-x86_64\api-ms-win-crt-time-l1-1-0.dll
0x000007fef7d70000 - 0x000007fef7d73000 	C:\Users\Nazarov\.javacpp\cache\javacpp-windows-x86_64.jar\org\bytedeco\javacpp\windows-x86_64\api-ms-win-crt-filesystem-l1-1-0.dll
0x000007fef7a30000 - 0x000007fef7a33000 	C:\Users\Nazarov\.javacpp\cache\javacpp-windows-x86_64.jar\org\bytedeco\javacpp\windows-x86_64\api-ms-win-crt-utility-l1-1-0.dll
0x000007fef7960000 - 0x000007fef7965000 	C:\Users\Nazarov\.javacpp\cache\javacpp-windows-x86_64.jar\org\bytedeco\javacpp\windows-x86_64\api-ms-win-crt-multibyte-l1-1-0.dll
0x000007fef7700000 - 0x000007fef7703000 	C:\Users\Nazarov\.javacpp\cache\javacpp-windows-x86_64.jar\org\bytedeco\javacpp\windows-x86_64\api-ms-win-core-string-l1-1-0.dll
0x000007fef76f0000 - 0x000007fef76f3000 	C:\Users\Nazarov\.javacpp\cache\javacpp-windows-x86_64.jar\org\bytedeco\javacpp\windows-x86_64\api-ms-win-core-errorhandling-l1-1-0.dll
0x000007fef76e0000 - 0x000007fef76e3000 	C:\Users\Nazarov\.javacpp\cache\javacpp-windows-x86_64.jar\org\bytedeco\javacpp\windows-x86_64\api-ms-win-core-timezone-l1-1-0.dll
0x000007fef76d0000 - 0x000007fef76d4000 	C:\Users\Nazarov\.javacpp\cache\javacpp-windows-x86_64.jar\org\bytedeco\javacpp\windows-x86_64\api-ms-win-core-file-l1-1-0.dll
0x000007fef6800000 - 0x000007fef6803000 	C:\Users\Nazarov\.javacpp\cache\javacpp-windows-x86_64.jar\org\bytedeco\javacpp\windows-x86_64\api-ms-win-core-namedpipe-l1-1-0.dll
0x000007fef5fd0000 - 0x000007fef5fd3000 	C:\Users\Nazarov\.javacpp\cache\javacpp-windows-x86_64.jar\org\bytedeco\javacpp\windows-x86_64\api-ms-win-core-handle-l1-1-0.dll
0x000007fef5ac0000 - 0x000007fef5ac3000 	C:\Users\Nazarov\.javacpp\cache\javacpp-windows-x86_64.jar\org\bytedeco\javacpp\windows-x86_64\api-ms-win-core-file-l2-1-0.dll
0x000007fef5290000 - 0x000007fef5293000 	C:\Users\Nazarov\.javacpp\cache\javacpp-windows-x86_64.jar\org\bytedeco\javacpp\windows-x86_64\api-ms-win-core-heap-l1-1-0.dll
0x000007fef5280000 - 0x000007fef5283000 	C:\Users\Nazarov\.javacpp\cache\javacpp-windows-x86_64.jar\org\bytedeco\javacpp\windows-x86_64\api-ms-win-core-libraryloader-l1-1-0.dll
0x000007fef4f30000 - 0x000007fef4f33000 	C:\Users\Nazarov\.javacpp\cache\javacpp-windows-x86_64.jar\org\bytedeco\javacpp\windows-x86_64\api-ms-win-core-synch-l1-1-0.dll
0x000007fef4f20000 - 0x000007fef4f23000 	C:\Users\Nazarov\.javacpp\cache\javacpp-windows-x86_64.jar\org\bytedeco\javacpp\windows-x86_64\api-ms-win-core-processthreads-l1-1-0.dll
0x000007fef4f10000 - 0x000007fef4f13000 	C:\Users\Nazarov\.javacpp\cache\javacpp-windows-x86_64.jar\org\bytedeco\javacpp\windows-x86_64\api-ms-win-core-processenvironment-l1-1-0.dll
0x000007fef4f00000 - 0x000007fef4f03000 	C:\Users\Nazarov\.javacpp\cache\javacpp-windows-x86_64.jar\org\bytedeco\javacpp\windows-x86_64\api-ms-win-core-datetime-l1-1-0.dll
0x000007fef4ef0000 - 0x000007fef4ef3000 	C:\Users\Nazarov\.javacpp\cache\javacpp-windows-x86_64.jar\org\bytedeco\javacpp\windows-x86_64\api-ms-win-core-localization-l1-2-0.dll
0x000007fef4ee0000 - 0x000007fef4ee3000 	C:\Users\Nazarov\.javacpp\cache\javacpp-windows-x86_64.jar\org\bytedeco\javacpp\windows-x86_64\api-ms-win-core-sysinfo-l1-1-0.dll
0x000007fef4e30000 - 0x000007fef4e33000 	C:\Users\Nazarov\.javacpp\cache\javacpp-windows-x86_64.jar\org\bytedeco\javacpp\windows-x86_64\api-ms-win-core-synch-l1-2-0.dll
0x000007fef4e20000 - 0x000007fef4e23000 	C:\Users\Nazarov\.javacpp\cache\javacpp-windows-x86_64.jar\org\bytedeco\javacpp\windows-x86_64\api-ms-win-core-console-l1-1-0.dll
0x000007fef4e10000 - 0x000007fef4e13000 	C:\Users\Nazarov\.javacpp\cache\javacpp-windows-x86_64.jar\org\bytedeco\javacpp\windows-x86_64\api-ms-win-core-debug-l1-1-0.dll
0x000007fef4e00000 - 0x000007fef4e03000 	C:\Users\Nazarov\.javacpp\cache\javacpp-windows-x86_64.jar\org\bytedeco\javacpp\windows-x86_64\api-ms-win-core-rtlsupport-l1-1-0.dll
0x000007fef4df0000 - 0x000007fef4df3000 	C:\Users\Nazarov\.javacpp\cache\javacpp-windows-x86_64.jar\org\bytedeco\javacpp\windows-x86_64\api-ms-win-core-processthreads-l1-1-1.dll
0x000007fef4de0000 - 0x000007fef4de3000 	C:\Users\Nazarov\.javacpp\cache\javacpp-windows-x86_64.jar\org\bytedeco\javacpp\windows-x86_64\api-ms-win-core-file-l1-2-0.dll
0x000007fef4dd0000 - 0x000007fef4dd3000 	C:\Users\Nazarov\.javacpp\cache\javacpp-windows-x86_64.jar\org\bytedeco\javacpp\windows-x86_64\api-ms-win-core-profile-l1-1-0.dll
0x000007fef4dc0000 - 0x000007fef4dc3000 	C:\Users\Nazarov\.javacpp\cache\javacpp-windows-x86_64.jar\org\bytedeco\javacpp\windows-x86_64\api-ms-win-core-memory-l1-1-0.dll
0x000007fef4db0000 - 0x000007fef4db3000 	C:\Users\Nazarov\.javacpp\cache\javacpp-windows-x86_64.jar\org\bytedeco\javacpp\windows-x86_64\api-ms-win-core-util-l1-1-0.dll
0x000007fef4da0000 - 0x000007fef4da3000 	C:\Users\Nazarov\.javacpp\cache\javacpp-windows-x86_64.jar\org\bytedeco\javacpp\windows-x86_64\api-ms-win-core-interlocked-l1-1-0.dll
0x000007fef3750000 - 0x000007fef384a000 	C:\Users\Nazarov\.javacpp\cache\javacpp-windows-x86_64.jar\org\bytedeco\javacpp\windows-x86_64\ucrtbase.dll
0x000007fef4d80000 - 0x000007fef4d95000 	C:\Users\Nazarov\.javacpp\cache\javacpp-windows-x86_64.jar\org\bytedeco\javacpp\windows-x86_64\vcruntime140.dll
0x000007fef4d70000 - 0x000007fef4d7c000 	C:\Users\Nazarov\.javacpp\cache\javacpp-windows-x86_64.jar\org\bytedeco\javacpp\windows-x86_64\vcruntime140_1.dll
0x000007fef4c50000 - 0x000007fef4ceb000 	C:\Users\Nazarov\.javacpp\cache\javacpp-windows-x86_64.jar\org\bytedeco\javacpp\windows-x86_64\msvcp140.dll
0x000007fef4c40000 - 0x000007fef4c49000 	C:\Users\Nazarov\.javacpp\cache\javacpp-windows-x86_64.jar\org\bytedeco\javacpp\windows-x86_64\msvcp140_1.dll
0x000007fef36f0000 - 0x000007fef3741000 	C:\Users\Nazarov\.javacpp\cache\javacpp-windows-x86_64.jar\org\bytedeco\javacpp\windows-x86_64\concrt140.dll
0x000007fef4c10000 - 0x000007fef4c37000 	C:\Users\Nazarov\.javacpp\cache\javacpp-windows-x86_64.jar\org\bytedeco\javacpp\windows-x86_64\vcomp140.dll
0x000007fef4bb0000 - 0x000007fef4bbe000 	C:\Users\Nazarov\.javacpp\cache\javacpp-windows-x86_64.jar\org\bytedeco\javacpp\windows-x86_64\jnijavacpp.dll
0x000000006d7c0000 - 0x000000006f34c000 	C:\Users\Nazarov\.javacpp\cache\openblas-windows-x86_64.jar\org\bytedeco\openblas\windows-x86_64\libopenblas_nolapack.dll
0x000007fef3690000 - 0x000007fef36ea000 	C:\Users\Nazarov\.javacpp\cache\openblas-windows-x86_64.jar\org\bytedeco\openblas\windows-x86_64\jniopenblas_nolapack.dll
0x0000000065be0000 - 0x000000006776c000 	C:\Users\Nazarov\.javacpp\cache\openblas-windows-x86_64.jar\org\bytedeco\openblas\windows-x86_64\libopenblas.dll
0x000007fee7710000 - 0x000007fee8afd000 	C:\Users\Nazarov\.javacpp\cache\openblas-windows-x86_64.jar\org\bytedeco\openblas\windows-x86_64\jniopenblas.dll
0x000007fef3280000 - 0x000007fef3681000 	C:\Users\Nazarov\.javacpp\cache\opencv-windows-x86_64.jar\org\bytedeco\opencv\windows-x86_64\opencv_core440.dll
0x000007fee98a0000 - 0x000007fee9ec3000 	C:\Users\Nazarov\.javacpp\cache\opencv-windows-x86_64.jar\org\bytedeco\opencv\windows-x86_64\opencv_imgproc440.dll
0x000007fef2f60000 - 0x000007fef327a000 	C:\Users\Nazarov\.javacpp\cache\opencv-windows-x86_64.jar\org\bytedeco\opencv\windows-x86_64\jniopencv_core.dll
0x000007fef0b30000 - 0x000007fef0c83000 	C:\Users\Nazarov\.javacpp\cache\opencv-windows-x86_64.jar\org\bytedeco\opencv\windows-x86_64\jniopencv_imgproc.dll
0x000007feec3b0000 - 0x000007feec776000 	C:\Users\Nazarov\.javacpp\cache\opencv-windows-x86_64.jar\org\bytedeco\opencv\windows-x86_64\opencv_imgcodecs440.dll
0x000007fef3e30000 - 0x000007fef3e60000 	C:\Users\Nazarov\.javacpp\cache\opencv-windows-x86_64.jar\org\bytedeco\opencv\windows-x86_64\jniopencv_imgcodecs.dll
0x000007fef0a90000 - 0x000007fef0b22000 	C:\Users\Nazarov\.javacpp\cache\opencv-windows-x86_64.jar\org\bytedeco\opencv\windows-x86_64\opencv_videoio440.dll
0x000007feed0d0000 - 0x000007feed13d000 	C:\Windows\system32\MFPlat.DLL
0x000007fefb7f0000 - 0x000007fefb7f9000 	C:\Windows\system32\AVRT.dll
0x000007feec780000 - 0x000007feecb71000 	C:\Windows\system32\MF.dll
0x000007fefb6e0000 - 0x000007fefb6f9000 	C:\Windows\system32\ATL.DLL
0x0000000075260000 - 0x0000000075266000 	C:\Windows\system32\ksuser.dll
0x000007fef7dd0000 - 0x000007fef7e12000 	C:\Windows\system32\MFReadWrite.dll
0x000007fef5320000 - 0x000007fef54f5000 	C:\Windows\system32\d3d11.dll
0x000007fefa6e0000 - 0x000007fefa73d000 	C:\Windows\system32\dxgi.dll
0x000007fef2f30000 - 0x000007fef2f5b000 	C:\Users\Nazarov\.javacpp\cache\opencv-windows-x86_64.jar\org\bytedeco\opencv\windows-x86_64\jniopencv_videoio.dll
0x000007feff700000 - 0x000007feff799000 	C:\Windows\system32\CLBCatQ.DLL
0x000007fef84e0000 - 0x000007fef84f6000 	C:\Windows\system32\devenum.dll
0x000007fefc5a0000 - 0x000007fefc5cd000 	C:\Windows\system32\ntmarta.dll
0x000007feff7a0000 - 0x000007feff7f2000 	C:\Windows\system32\WLDAP32.dll
0x000007fefd560000 - 0x000007fefd59b000 	C:\Windows\system32\WINTRUST.dll
0x000007fefd730000 - 0x000007fefd89d000 	C:\Windows\system32\CRYPT32.dll
0x000007fefd530000 - 0x000007fefd53f000 	C:\Windows\system32\MSASN1.dll
0x000007fefa2d0000 - 0x000007fefa2dd000 	C:\Windows\system32\msdmo.dll
0x000007fef8550000 - 0x000007fef855b000 	C:\Windows\system32\vidcap.ax
0x000007fef7e70000 - 0x000007fef7e94000 	C:\Windows\system32\kswdmcap.ax
0x000007fef3850000 - 0x000007fef39ac000 	C:\Windows\system32\MFC42.dll
0x000007fef3e60000 - 0x000007fef3f11000 	C:\Windows\system32\ODBC32.dll
0x0000000012300000 - 0x0000000012338000 	C:\Windows\system32\odbcint.dll

VM Arguments:
jvm_args: -Xdebug -Xrunjdwp:transport=dt_shmem,address=javadebug -Dfile.encoding=UTF-8 
java_command: educationpracticum.CaptureWebCam
java_class_path (initial): C:\Users\Nazarov\Documents\NetBeansProjects\EducationPracticum\lib\javacv-platform-1.5.4-bin\artoolkitplus-android-arm.jar;C:\Users\Nazarov\Documents\NetBeansProjects\EducationPracticum\lib\javacv-platform-1.5.4-bin\artoolkitplus-android-arm64.jar;C:\Users\Nazarov\Documents\NetBeansProjects\EducationPracticum\lib\javacv-platform-1.5.4-bin\artoolkitplus-android-x86.jar;C:\Users\Nazarov\Documents\NetBeansProjects\EducationPracticum\lib\javacv-platform-1.5.4-bin\artoolkitplus-android-x86_64.jar;C:\Users\Nazarov\Documents\NetBeansProjects\EducationPracticum\lib\javacv-platform-1.5.4-bin\artoolkitplus-linux-arm64.jar;C:\Users\Nazarov\Documents\NetBeansProjects\EducationPracticum\lib\javacv-platform-1.5.4-bin\artoolkitplus-linux-armhf.jar;C:\Users\Nazarov\Documents\NetBeansProjects\EducationPracticum\lib\javacv-platform-1.5.4-bin\artoolkitplus-linux-ppc64le.jar;C:\Users\Nazarov\Documents\NetBeansProjects\EducationPracticum\lib\javacv-platform-1.5.4-bin\artoolkitplus-linux-x86.jar;C:\Users\Nazarov\Documents\NetBeansProjects\EducationPracticum\lib\javacv-platform-1.5.4-bin\artoolkitplus-linux-x86_64.jar;C:\Users\Nazarov\Documents\NetBeansProjects\EducationPracticum\lib\javacv-platform-1.5.4-bin\artoolkitplus-macosx-x86_64.jar;C:\Users\Nazarov\Documents\NetBeansProjects\EducationPracticum\lib\javacv-platform-1.5.4-bin\artoolkitplus-platform.jar;C:\Users\Nazarov\Documents\NetBeansProjects\EducationPracticum\lib\javacv-platform-1.5.4-bin\artoolkitplus-windows-x86.jar;C:\Users\Nazarov\Documents\NetBeansProjects\EducationPracticum\lib\javacv-platform-1.5.4-bin\artoolkitplus-windows-x86_64.jar;C:\Users\Nazarov\Documents\NetBeansProjects\EducationPracticum\lib\javacv-platform-1.5.4-bin\artoolkitplus.jar;C:\Users\Nazarov\Documents\NetBeansProjects\EducationPracticum\lib\javacv-platform-1.5.4-bin\ffmpeg-android-arm.jar;C:\Users\Nazarov\Documents\NetBeansProjects\EducationPracticum\lib\javacv-platform-1.5.4-bin\ffmpeg-android-arm64.jar;C:\Users\Nazarov\Do
Launcher Type: SUN_STANDARD

Environment Variables:
PATH=C:\Program Files (x86)\Common Files\Oracle\Java\javapath;C:\Program Files (x86)\Intel\iCLS Client\;C:\Program Files\Intel\iCLS Client\;C:\Windows\system32;C:\Windows;C:\Windows\System32\Wbem;C:\Windows\System32\WindowsPowerShell\v1.0\;C:\Program Files (x86)\Intel\UCRT\;C:\Program Files\Intel\UCRT\;C:\Program Files (x86)\Intel\Intel(R) Management Engine Components\DAL;C:\Program Files\Intel\Intel(R) Management Engine Components\DAL;C:\Program Files (x86)\Intel\Intel(R) Management Engine Components\IPT;C:\Program Files\Intel\Intel(R) Management Engine Components\IPT;C:\Program Files\Windows Imaging\;C:\Program Files (x86)\STMicroelectronics\STM32 ST-LINK Utility\ST-LINK Utility;C:\adb;C:\Program Files\dotnet\;C:\Program Files (x86)\Common Files\Oracle\Java\javapath;C:\Program Files (x86)\Intel\iCLS Client\;C:\Program Files\Intel\iCLS Client\;C:\Windows\system32;C:\Windows;C:\Windows\System32\Wbem;C:\Windows\System32\WindowsPowerShell\v1.0\;C:\Program Files (x86)\Intel\UCRT\;C:\Program Files\Intel\UCRT\;C:\Program Files (x86)\Intel\Intel(R) Management Engine Components\DAL;C:\Program Files\Intel\Intel(R) Management Engine Components\DAL;C:\Program Files (x86)\Intel\Intel(R) Management Engine Components\IPT;C:\Program Files\Intel\Intel(R) Management Engine Components\IPT;C:\Users\Nazarov\AppData\Local\Programs\Git\cmd
USERNAME=nazarov
OS=Windows_NT
PROCESSOR_IDENTIFIER=Intel64 Family 6 Model 94 Stepping 3, GenuineIntel



---------------  S Y S T E M  ---------------

OS: Windows 7 , 64 bit Build 7601 (6.1.7601.24384)

CPU:total 4 (initial active 4) (2 cores per cpu, 2 threads per core) family 6 model 94 stepping 3, cmov, cx8, fxsr, mmx, sse, sse2, sse3, ssse3, sse4.1, sse4.2, popcnt, avx, avx2, aes, clmul, erms, 3dnowpref, lzcnt, ht, tsc, tscinvbit, bmi1, bmi2, adx

Memory: 4k page, physical 8273880k(2331772k free), swap 8271976k(1802800k free)

vm_info: Java HotSpot(TM) 64-Bit Server VM (25.191-b12) for windows-amd64 JRE (1.8.0_191-b12), built on Oct  6 2018 09:29:03 by "java_re" with MS VC++ 10.0 (VS2010)

time: Fri Jan 15 12:20:33 2021
elapsed time: 6 seconds (0d 0h 0m 6s)

