#
# A fatal error has been detected by the Java Runtime Environment:
#
#  EXCEPTION_ACCESS_VIOLATION (0xc0000005) at pc=0x000007fedd1f12db, pid=2256, tid=0x0000000000001a6c
#
# JRE version: Java(TM) SE Runtime Environment (8.0_191-b12) (build 1.8.0_191-b12)
# Java VM: Java HotSpot(TM) 64-Bit Server VM (25.191-b12 mixed mode windows-amd64 compressed oops)
# Problematic frame:
# C  [vcruntime140.dll+0x12db]
#
# Failed to write core dump. Minidumps are not enabled by default on client versions of Windows
#
# If you would like to submit a bug report, please visit:
#   http://bugreport.java.com/bugreport/crash.jsp
# The crash happened outside the Java Virtual Machine in native code.
# See problematic frame for where to report the bug.
#

---------------  T H R E A D  ---------------

Current thread (0x00000000020df000):  JavaThread "main" [_thread_in_native, id=6764, stack(0x00000000023b0000,0x00000000024b0000)]

siginfo: ExceptionCode=0xc0000005, reading address 0x0000000023465000

Registers:
RAX=0x000000001f0760c0, RBX=0x00000000233cd860, RCX=0x0000000000049860, RDX=0x00000000233cd860
RSP=0x00000000024aee18, RBP=0x00000000024aef30, RSI=0x0000000023465000, RDI=0x000000001f10d860
R8 =0x00000000000e1000, R9 =0x0000000000000280, R10=0x000007fedd1f0000, R11=0x000000001f1570c0
R12=0x000007fed5cd26a8, R13=0x0000000000000001, R14=0x0000000000000000, R15=0x0000000000000000
RIP=0x000007fedd1f12db, EFLAGS=0x0000000000010202

Top of Stack: (sp=0x00000000024aee18)
0x00000000024aee18:   00000000024af498 000000001f0760c0
0x00000000024aee28:   000007fecee9e604 0000000000000000
0x00000000024aee38:   00000000024af498 00000000024af498
0x00000000024aee48:   0000000000000003 00000000ffffffff
0x00000000024aee58:   cafebabecafeba00 0000000000000000
0x00000000024aee68:   0000000000000000 0000000000000000
0x00000000024aee78:   0000000000000000 00000000000e1000
0x00000000024aee88:   00000000020df000 0000000002116e10
0x00000000024aee98:   0000000000379d10 0000000242ff4010
0x00000000024aeea8:   00000280000001e0 000000001f0760c0
0x00000000024aeeb8:   000000001f0760c0 000000001f1570c0
0x00000000024aeec8:   000000001f1570c0 0000000000000000
0x00000000024aeed8:   00000000233bb080 00000000024aeea8
0x00000000024aeee8:   00000000024aeef0 0000000000000780
0x00000000024aeef8:   0000000000000003 0000000242ff4010
0x00000000024aef08:   00000280000001e0 00000000233cd860 

Instructions: (pc=0x000007fedd1f12db)
0x000007fedd1f12bb:   cc cc cc cc cc cc cc cc cc cc cc 66 66 0f 1f 84
0x000007fedd1f12cb:   00 00 00 00 00 57 56 48 8b f9 48 8b f2 49 8b c8
0x000007fedd1f12db:   f3 a4 5e 5f c3 cc cc cc cc cc cc 66 66 0f 1f 84
0x000007fedd1f12eb:   00 00 00 00 00 48 8b c1 4c 8d 15 06 ed ff ff 49 


Register to memory mapping:

RAX=0x000000001f0760c0 is an unknown value
RBX=0x00000000233cd860 is an unknown value
RCX=0x0000000000049860 is an unknown value
RDX=0x00000000233cd860 is an unknown value
RSP=0x00000000024aee18 is pointing into the stack for thread: 0x00000000020df000
RBP=0x00000000024aef30 is pointing into the stack for thread: 0x00000000020df000
RSI=0x0000000023465000 is an unknown value
RDI=0x000000001f10d860 is an unknown value
R8 =0x00000000000e1000 is an unknown value
R9 =0x0000000000000280 is an unknown value
R10=0x000007fedd1f0000 is an unknown value
R11=0x000000001f1570c0 is an unknown value
R12=0x000007fed5cd26a8 is an unknown value
R13=0x0000000000000001 is an unknown value
R14=0x0000000000000000 is an unknown value
R15=0x0000000000000000 is an unknown value


Stack: [0x00000000023b0000,0x00000000024b0000],  sp=0x00000000024aee18,  free space=1019k
Native frames: (J=compiled Java code, j=interpreted, Vv=VM code, C=native code)
C  [vcruntime140.dll+0x12db]
C  [opencv_core453.dll+0x8e604]
C  [opencv_videoio453.dll+0x6346d]
C  [opencv_videoio453.dll+0x23d6c]
C  [opencv_videoio453.dll+0x23a2e]
C