#
# A fatal error has been detected by the Java Runtime Environment:
#
#  EXCEPTION_ACCESS_VIOLATION (0xc0000005) at pc=0x000007fef19e122e, pid=6248, tid=0x00000000000024e0
#
# JRE version: Java(TM) SE Runtime Environment (8.0_191-b12) (build 1.8.0_191-b12)
# Java VM: Java HotSpot(TM) 64-Bit Server VM (25.191-b12 mixed mode windows-amd64 compressed oops)
# Problematic frame:
# C  [vcruntime140.dll+0x122e]
#
# Failed to write core dump. Minidumps are not enabled by default on client versions of Windows
#
# If you would like to submit a bug report, please visit:
#   http://bugreport.java.com/bugreport/crash.jsp
# The crash happened outside the Java Virtual Machine in native code.
# See problematic frame for where to report the bug.
#

---------------  T H R E A D  ---------------

Current thread (0x0000000002091800):  JavaThread "main" [_thread_in_native, id=9440, stack(0x0000000002380000,0x0000000002480000)]

siginfo: ExceptionCode=0xc0000005, reading address 0x0000000023f49000

Registers:
RAX=0x000000002dd760c0, RBX=0x0000000000000000, RCX=0x0000000000047cd0, RDX=0xfffffffff6139c10
RSP=0x000000000247e968, RBP=0x000000000247ea80, RSI=0x0000000023f49000, RDI=0x000000002de0f3f0
R8 =0x00000000000e1000, R9 =0x0000000000000280, R10=0x0000000023eafcd0, R11=0x000000002dd760c0
R12=0x000007feec73d648, R13=0x000007feec73d6d0, R14=0x000000002dd760c0, R15=0x0000000000000000
RIP=0x000007fef19e122e, EFLAGS=0x0000000000010203

Top of Stack: (sp=0x000000000247e968)
0x000000000247e968:   00000000ffffffff 0000000023eafcd0
0x000000000247e978:   000007fee92a9dc5 0000000000000000
0x000000000247e988:   000000000247ea50 00000000ffffffff
0x000000000247e998:   0000000000000000 00000000ffffffff
0x000000000247e9a8:   0000000000000000 0000000000000000
0x000000000247e9b8:   0000000000000000 0000000000000000
0x000000000247e9c8:   0000000000000000 00000000000e1000
0x000000000247e9d8:   0000000000000000 0000000000000004
0x000000000247e9e8:   00000000775e6824 000007feff666e60
0x000000000247e9f8:   0000000000000000 fffffffffffffffe
0x000000000247ea08:   0000000000000000 0000000000000000
0x000000000247ea18:   000007fefd5aadf5 0000000000000000
0x000000000247ea28:   0000000000000000 0000000000000000
0x000000000247ea38:   0000000000000000 000000000247eaa0
0x000000000247ea48:   0000000000000010 0000000242ff4010
0x000000000247ea58:   00000280000001e0 000000002dd760c0 

Instructions: (pc=0x000007fef19e122e)
0x000007fef19e120e:   cc cc cc cc cc cc cc cc 66 66 0f 1f 84 00 00 00
0x000007fef19e121e:   00 00 57 56 49 8b c3 48 8b f9 49 8b c8 49 8b f2
0x000007fef19e122e:   f3 a4 5e 5f c3 cc cc cc cc cc cc 0f 1f 80 00 00
0x000007fef19e123e:   00 00 4c 8b d9 4c 8b d2 49 83 f8 10 76 64 49 83 


Register to memory mapping:

RAX=0x000000002dd760c0 is an unknown value
RBX=0x0000000000000000 is an unknown value
RCX=0x0000000000047cd0 is an unknown value
RDX=0xfffffffff6139c10 is an unknown value
RSP=0x000000000247e968 is pointing into the stack for thread: 0x0000000002091800
RBP=0x000000000247ea80 is pointing into the stack for thread: 0x0000000002091800
RSI=0x0000000023f49000 is an unknown value
RDI=0x000000002de0f3f0 is an unknown value
R8 =0x00000000000e1000 is an unknown value
R9 =0x0000000000000280 is an unknown value
R10=0x0000000023eafcd0 is an unknown value
R11=0x000000002dd760c0 is an unknown value
R12=0x000007feec73d648 is an unknown value
R13=0x000007feec73d6d0 is an unknown value
R14=0x000000002dd760c0 is an unknown value
R15=0x0000000000000000 is an unknown value


Stack: [0x0000000002380000,0x0000000002480000],  sp=0x000000000247e968,  free space=1018k
Native frames: (J=compiled Java code, j=interpreted, Vv=VM code, C=native code)
C  [vcruntime140.dll+0x122e]
C  [opencv_core440.dll+0x79dc5]
C  [opencv_videoio440.dll+0x3f74a]
C  [opencv_videoio440.dll+0xf0f9]
C  [opencv_videoio440.dll+0xef08]
C  [jniopencv_videoio.dll+0x2748]
C  0x0000000002768c67

Java frames: (J=compiled Java code, j=interpreted, Vv=VM code)
j  org.bytedeco.opencv.opencv_videoio.VideoCapture.read(Lorg/bytedeco/opencv/opencv_core/Mat;)Z+0
j  org.bytedeco.javacv.OpenCVFrameGrabber.start()V+400
j  educationpracticum.CaptureWebCam.Start()V+23
j  educationpracticum.CaptureWebCam.main([Ljava/lang/String;)V+9
v  ~StubRoutines::call_stub

---------------  P R O C E S S  ---------------

Java Threads: ( => current thread )
  0x000000001cbd0000 JavaThread "JavaCPP Deallocator" daemon [_thread_blocked, id=4724, stack(0x000000001c720000,0x000000001c820000)]
  0x0000000019ebf000 JavaThread "AWT-EventQueue-0" [_thread_blocked, id=3520, stack(0x000000001b710000,0x000000001b810000)]
  0x0000000019e69000 JavaThread "AWT-Windows" daemon [_thread_in_native, id=6944, stack(0x000000001b3d0000,0x000000001b4d0000)]
  0x0000000019e66000 JavaThread "AWT-Shutdown" [_thread_blocked, id=8232, stack(0x000000001b230000,0x000000001b330000)]
  0x0000000019e59800 JavaThread "Java2D Disposer" daemon [_thread_blocked, id=11868, stack(0x000000001b0e0000,0x000000001b1e0000)]
  0x0000000018d28800 JavaThread "Service Thread" daemon [_thread_blocked, id=4548, stack(0x00000000186c0000,0x00000000187c0000)]
  0x0000000018cab800 JavaThread "C1 CompilerThread2" daemon [_thread_blocked, id=10504, stack(0x00000000193b0000,0x00000000194b0000)]
  0x0000000018ca5800 JavaThread "C2 CompilerThread1" daemon [_thread_blocked, id=5100, stack(0x0000000019510000,0x0000000019610000)]
  0x000000001769f000 JavaThread "C2 CompilerThread0" daemon [_thread_blocked, id=4788, stack(0x00000000192b0000,0x00000000193b0000)]
  0x0000000018c9b000 JavaThread "Attach Listener" daemon [_thread_blocked, id=7568, stack(0x0000000019170000,0x0000000019270000)]
  0x0000000018c9a800 JavaThread "Signal Dispatcher" daemon [_thread_blocked, id=11540, stack(0x0000000018a80000,0x0000000018b80000)]
  0x0000000017686800 JavaThread "Finalizer" daemon [_thread_blocked, id=13108, stack(0x0000000018b90000,0x0000000018c90000)]
  0x000000001767d000 JavaThread "Reference Handler" daemon [_thread_blocked, id=11964, stack(0x0000000018980000,0x0000000018a80000)]
=>0x0000000002091800 JavaThread "main" [_thread_in_native, id=9440, stack(0x0000000002380000,0x0000000002480000)]

Other Threads:
  0x0000000017635800 VMThread [stack: 0x00000000187f0000,0x00000000188f0000] [id=8960]
  0x0000000018cec000 WatcherThread [stack: 0x00000000196a0000,0x00000000197a0000] [id=10388]

VM state:not at safepoint (normal execution)

VM Mutex/Monitor currently owned by a thread: None

Heap:
 PSYoungGen      total 535040K, used 302046K [0x00000000d5f00000, 0x00000000f6e00000, 0x0000000100000000)
  eden space 531968K, 56% used [0x00000000d5f00000,0x00000000e85e7910,0x00000000f6680000)
  from space 3072K, 2% used [0x00000000f6a00000,0x00000000f6a10000,0x00000000f6d00000)
  to   space 3584K, 0% used [0x00000000f6680000,0x00000000f6680000,0x00000000f6a00000)
 ParOldGen       total 87552K, used 2180K [0x0000000081c00000, 0x0000000087180000, 0x00000000d5f00000)
  object space 87552K, 2% used [0x0000000081c00000,0x0000000081e21358,0x0000000087180000)
 Metaspace       used 16773K, capacity 16956K, committed 17152K, reserved 1064960K
  class space    used 1449K, capacity 1516K, committed 1536K, reserved 1048576K

Card table byte_map: [0x0000000011b10000,0x0000000011f10000] byte_map_base: 0x0000000011702000

Marking Bits: (ParMarkBitMap*) 0x0000000052c03e30
 Begin Bits: [0x0000000012980000, 0x0000000014910000)
 End Bits:   [0x0000000014910000, 0x00000000168a0000)

Polling page: 0x0000000002160000

CodeCache: size=245760Kb used=6714Kb max_used=6714Kb free=239045Kb
 bounds [0x0000000002750000, 0x0000000002df0000, 0x0000000011750000]
 total_blobs=2504 nmethods=1483 adapters=933
 compilation: enabled

Compilation events (10 events):
Event: 2.915 Thread 0x0000000018cab800 1479       3       java.lang.ref.PhantomReference::<init> (7 bytes)
Event: 2.915 Thread 0x0000000018cab800 nmethod 1479 0x0000000002de0290 code [0x0000000002de0400, 0x0000000002de06b0]
Event: 2.968 Thread 0x0000000018cab800 1480       3       java.awt.Toolkit::getEventQueue (7 bytes)
Event: 2.969 Thread 0x0000000018cab800 nmethod 1480 0x0000000002de0e90 code [0x0000000002de1040, 0x0000000002de15c8]
Event: 2.976 Thread 0x0000000018cab800 1481       3       java.awt.event.ComponentEvent::<init> (7 bytes)
Event: 2.976 Thread 0x0000000018cab800 nmethod 1481 0x0000000002de1810 code [0x0000000002de1980, 0x0000000002de1b08]
Event: 3.000 Thread 0x0000000018cab800 1482       3       java.util.concurrent.locks.AbstractQueuedSynchronizer::compareAndSetWaitStatus (13 bytes)
Event: 3.001 Thread 0x0000000018cab800 nmethod 1482 0x0000000002de1b90 code [0x0000000002de1ce0, 0x0000000002de1e30]
Event: 3.001 Thread 0x0000000018cab800 1483       3       java.util.IdentityHashMap::isEmpty (13 bytes)
Event: 3.001 Thread 0x0000000018cab800 nmethod 1483 0x0000000002de1e90 code [0x0000000002de1fe0, 0x0000000002de2190]

GC Heap History (10 events):
Event: 1.100 GC heap before
{Heap before GC invocations=4 (full 0):
 PSYoungGen      total 71680K, used 68867K [0x00000000d5f00000, 0x00000000deb00000, 0x0000000100000000)
  eden space 66560K, 100% used [0x00000000d5f00000,0x00000000da000000,0x00000000da000000)
  from space 5120K, 45% used [0x00000000da000000,0x00000000da240d38,0x00000000da500000)
  to   space 5120K, 0% used [0x00000000de600000,0x00000000de600000,0x00000000deb00000)
 ParOldGen       total 87552K, used 32K [0x0000000081c00000, 0x0000000087180000, 0x00000000d5f00000)
  object space 87552K, 0% used [0x0000000081c00000,0x0000000081c08000,0x0000000087180000)
 Metaspace       used 14268K, capacity 14484K, committed 14848K, reserved 1062912K
  class space    used 1165K, capacity 1228K, committed 1280K, reserved 1048576K
Event: 1.103 GC heap after
Heap after GC invocations=4 (full 0):
 PSYoungGen      total 138240K, used 2199K [0x00000000d5f00000, 0x00000000deb00000, 0x0000000100000000)
  eden space 133120K, 0% used [0x00000000d5f00000,0x00000000d5f00000,0x00000000de100000)
  from space 5120K, 42% used [0x00000000de600000,0x00000000de825fb0,0x00000000deb00000)
  to   space 5120K, 0% used [0x00000000de100000,0x00000000de100000,0x00000000de600000)
 ParOldGen       total 87552K, used 40K [0x0000000081c00000, 0x0000000087180000, 0x00000000d5f00000)
  object space 87552K, 0% used [0x0000000081c00000,0x0000000081c0a000,0x0000000087180000)
 Metaspace       used 14268K, capacity 14484K, committed 14848K, reserved 1062912K
  class space    used 1165K, capacity 1228K, committed 1280K, reserved 1048576K
}
Event: 1.368 GC heap before
{Heap before GC invocations=5 (full 0):
 PSYoungGen      total 138240K, used 135319K [0x00000000d5f00000, 0x00000000deb00000, 0x0000000100000000)
  eden space 133120K, 100% used [0x00000000d5f00000,0x00000000de100000,0x00000000de100000)
  from space 5120K, 42% used [0x00000000de600000,0x00000000de825fb0,0x00000000deb00000)
  to   space 5120K, 0% used [0x00000000de100000,0x00000000de100000,0x00000000de600000)
 ParOldGen       total 87552K, used 40K [0x0000000081c00000, 0x0000000087180000, 0x00000000d5f00000)
  object space 87552K, 0% used [0x0000000081c00000,0x0000000081c0a000,0x0000000087180000)
 Metaspace       used 14271K, capacity 14484K, committed 14848K, reserved 1062912K
  class space    used 1165K, capacity 1228K, committed 1280K, reserved 1048576K
Event: 1.371 GC heap after
Heap after GC invocations=5 (full 0):
 PSYoungGen      total 138240K, used 2183K [0x00000000d5f00000, 0x00000000e6900000, 0x0000000100000000)
  eden space 133120K, 0% used [0x00000000d5f00000,0x00000000d5f00000,0x00000000de100000)
  from space 5120K, 42% used [0x00000000de100000,0x00000000de321fc0,0x00000000de600000)
  to   space 3072K, 0% used [0x00000000e6600000,0x00000000e6600000,0x00000000e6900000)
 ParOldGen       total 87552K, used 48K [0x0000000081c00000, 0x0000000087180000, 0x00000000d5f00000)
  object space 87552K, 0% used [0x0000000081c00000,0x0000000081c0c000,0x0000000087180000)
 Metaspace       used 14271K, capacity 14484K, committed 14848K, reserved 1062912K
  class space    used 1165K, capacity 1228K, committed 1280K, reserved 1048576K
}
Event: 1.511 GC heap before
{Heap before GC invocations=6 (full 0):
 PSYoungGen      total 138240K, used 135303K [0x00000000d5f00000, 0x00000000e6900000, 0x0000000100000000)
  eden space 133120K, 100% used [0x00000000d5f00000,0x00000000de100000,0x00000000de100000)
  from space 5120K, 42% used [0x00000000de100000,0x00000000de321fc0,0x00000000de600000)
  to   space 3072K, 0% used [0x00000000e6600000,0x00000000e6600000,0x00000000e6900000)
 ParOldGen       total 87552K, used 48K [0x0000000081c00000, 0x0000000087180000, 0x00000000d5f00000)
  object space 87552K, 0% used [0x0000000081c00000,0x0000000081c0c000,0x0000000087180000)
 Metaspace       used 14271K, capacity 14484K, committed 14848K, reserved 1062912K
  class space    used 1165K, capacity 1228K, committed 1280K, reserved 1048576K
Event: 1.514 GC heap after
Heap after GC invocations=6 (full 0):
 PSYoungGen      total 269312K, used 2167K [0x00000000d5f00000, 0x00000000e6900000, 0x0000000100000000)
  eden space 266240K, 0% used [0x00000000d5f00000,0x00000000d5f00000,0x00000000e6300000)
  from space 3072K, 70% used [0x00000000e6600000,0x00000000e681dfb0,0x00000000e6900000)
  to   space 3072K, 0% used [0x00000000e6300000,0x00000000e6300000,0x00000000e6600000)
 ParOldGen       total 87552K, used 56K [0x0000000081c00000, 0x0000000087180000, 0x00000000d5f00000)
  object space 87552K, 0% used [0x0000000081c00000,0x0000000081c0e000,0x0000000087180000)
 Metaspace       used 14271K, capacity 14484K, committed 14848K, reserved 1062912K
  class space    used 1165K, capacity 1228K, committed 1280K, reserved 1048576K
}
Event: 1.798 GC heap before
{Heap before GC invocations=7 (full 0):
 PSYoungGen      total 269312K, used 268407K [0x00000000d5f00000, 0x00000000e6900000, 0x0000000100000000)
  eden space 266240K, 100% used [0x00000000d5f00000,0x00000000e6300000,0x00000000e6300000)
  from space 3072K, 70% used [0x00000000e6600000,0x00000000e681dfb0,0x00000000e6900000)
  to   space 3072K, 0% used [0x00000000e6300000,0x00000000e6300000,0x00000000e6600000)
 ParOldGen       total 87552K, used 56K [0x0000000081c00000, 0x0000000087180000, 0x00000000d5f00000)
  object space 87552K, 0% used [0x0000000081c00000,0x0000000081c0e000,0x0000000087180000)
 Metaspace       used 14273K, capacity 14484K, committed 14848K, reserved 1062912K
  class space    used 1165K, capacity 1228K, committed 1280K, reserved 1048576K
Event: 1.801 GC heap after
Heap after GC invocations=7 (full 0):
 PSYoungGen      total 269312K, used 192K [0x00000000d5f00000, 0x00000000f6d00000, 0x0000000100000000)
  eden space 266240K, 0% used [0x00000000d5f00000,0x00000000d5f00000,0x00000000e6300000)
  from space 3072K, 6% used [0x00000000e6300000,0x00000000e6330000,0x00000000e6600000)
  to   space 3072K, 0% used [0x00000000f6a00000,0x00000000f6a00000,0x00000000f6d00000)
 ParOldGen       total 87552K, used 2028K [0x0000000081c00000, 0x0000000087180000, 0x00000000d5f00000)
  object space 87552K, 2% used [0x0000000081c00000,0x0000000081dfb358,0x0000000087180000)
 Metaspace       used 14273K, capacity 14484K, committed 14848K, reserved 1062912K
  class space    used 1165K, capacity 1228K, committed 1280K, reserved 1048576K
}
Event: 2.088 GC heap before
{Heap before GC invocations=8 (full 0):
 PSYoungGen      total 269312K, used 266432K [0x00000000d5f00000, 0x00000000f6d00000, 0x0000000100000000)
  eden space 266240K, 100% used [0x00000000d5f00000,0x00000000e6300000,0x00000000e6300000)
  from space 3072K, 6% used [0x00000000e6300000,0x00000000e6330000,0x00000000e6600000)
  to   space 3072K, 0% used [0x00000000f6a00000,0x00000000f6a00000,0x00000000f6d00000)
 ParOldGen       total 87552K, used 2028K [0x0000000081c00000, 0x0000000087180000, 0x00000000d5f00000)
  object space 87552K, 2% used [0x0000000081c00000,0x0000000081dfb358,0x0000000087180000)
 Metaspace       used 14304K, capacity 14484K, committed 14848K, reserved 1062912K
  class space    used 1166K, capacity 1228K, committed 1280K, reserved 1048576K
Event: 2.089 GC heap after
Heap after GC invocations=8 (full 0):
 PSYoungGen      total 535040K, used 64K [0x00000000d5f00000, 0x00000000f6e00000, 0x0000000100000000)
  eden space 531968K, 0% used [0x00000000d5f00000,0x00000000d5f00000,0x00000000f6680000)
  from space 3072K, 2% used [0x00000000f6a00000,0x00000000f6a10000,0x00000000f6d00000)
  to   space 3584K, 0% used [0x00000000f6680000,0x00000000f6680000,0x00000000f6a00000)
 ParOldGen       total 87552K, used 2180K [0x0000000081c00000, 0x0000000087180000, 0x00000000d5f00000)
  object space 87552K, 2% used [0x0000000081c00000,0x0000000081e21358,0x0000000087180000)
 Metaspace       used 14304K, capacity 14484K, committed 14848K, reserved 1062912K
  class space    used 1166K, capacity 1228K, committed 1280K, reserved 1048576K
}

Deoptimization events (10 events):
Event: 0.806 Thread 0x0000000002091800 Uncommon trap: reason=unstable_if action=reinterpret pc=0x0000000002a7a35c method=java.net.URL.<init>(Ljava/net/URL;Ljava/lang/String;Ljava/net/URLStreamHandler;)V @ 441
Event: 0.806 Thread 0x0000000002091800 Uncommon trap: reason=class_check action=maybe_recompile pc=0x0000000002a21b74 method=sun.misc.URLClassPath.findResource(Ljava/lang/String;Z)Ljava/net/URL; @ 26
Event: 0.807 Thread 0x0000000002091800 Uncommon trap: reason=class_check action=maybe_recompile pc=0x0000000002a21b74 method=sun.misc.URLClassPath.findResource(Ljava/lang/String;Z)Ljava/net/URL; @ 26
Event: 0.808 Thread 0x0000000002091800 Uncommon trap: reason=unstable_if action=reinterpret pc=0x0000000002a4926c method=java.io.WinNTFileSystem.normalize(Ljava/lang/String;)Ljava/lang/String; @ 128
Event: 0.811 Thread 0x0000000002091800 Uncommon trap: reason=unstable_if action=reinterpret pc=0x0000000002a3bba8 method=java.lang.String$CaseInsensitiveComparator.compare(Ljava/lang/String;Ljava/lang/String;)I @ 49
Event: 0.817 Thread 0x0000000002091800 Uncommon trap: reason=unstable_if action=reinterpret pc=0x0000000002a3eef4 method=java.lang.String$CaseInsensitiveComparator.compare(Ljava/lang/String;Ljava/lang/String;)I @ 49
Event: 0.838 Thread 0x0000000002091800 Uncommon trap: reason=class_check action=maybe_recompile pc=0x0000000002a21b74 method=sun.misc.URLClassPath.findResource(Ljava/lang/String;Z)Ljava/net/URL; @ 26
Event: 1.957 Thread 0x0000000002091800 Uncommon trap: reason=unstable_if action=reinterpret pc=0x0000000002bb8380 method=java.net.URLClassLoader$3$1.run()Ljava/net/URL; @ 12
Event: 2.960 Thread 0x0000000019e69000 Uncommon trap: reason=null_check action=make_not_entrant pc=0x0000000002d24148 method=java.lang.StringCoding.encode(Ljava/lang/String;[CII)[B @ 6
Event: 2.961 Thread 0x0000000019e69000 Uncommon trap: reason=unstable_if action=reinterpret pc=0x0000000002d3c830 method=java.lang.ClassLoader.loadLibrary0(Ljava/lang/Class;Ljava/io/File;)Z @ 138

Classes redefined (0 events):
No events

Internal exceptions (10 events):
Event: 2.798 Thread 0x0000000002091800 Exception <a 'sun/nio/fs/WindowsException'> (0x00000000e39f5110) thrown at [C:\re\workspace\8-2-build-windows-amd64-cygwin\jdk8u191\11896\hotspot\src\share\vm\prims\jni.cpp, line 709]
Event: 2.798 Thread 0x0000000002091800 Exception <a 'sun/nio/fs/WindowsException'> (0x00000000e39f6710) thrown at [C:\re\workspace\8-2-build-windows-amd64-cygwin\jdk8u191\11896\hotspot\src\share\vm\prims\jni.cpp, line 709]
Event: 2.798 Thread 0x0000000002091800 Exception <a 'sun/nio/fs/WindowsException'> (0x00000000e39f7d70) thrown at [C:\re\workspace\8-2-build-windows-amd64-cygwin\jdk8u191\11896\hotspot\src\share\vm\prims\jni.cpp, line 709]
Event: 2.799 Thread 0x0000000002091800 Exception <a 'sun/nio/fs/WindowsException'> (0x00000000e39f9408) thrown at [C:\re\workspace\8-2-build-windows-amd64-cygwin\jdk8u191\11896\hotspot\src\share\vm\prims\jni.cpp, line 709]
Event: 2.799 Thread 0x0000000002091800 Exception <a 'sun/nio/fs/WindowsException'> (0x00000000e39faa08) thrown at [C:\re\workspace\8-2-build-windows-amd64-cygwin\jdk8u191\11896\hotspot\src\share\vm\prims\jni.cpp, line 709]
Event: 2.799 Thread 0x0000000002091800 Exception <a 'sun/nio/fs/WindowsException'> (0x00000000e39fc040) thrown at [C:\re\workspace\8-2-build-windows-amd64-cygwin\jdk8u191\11896\hotspot\src\share\vm\prims\jni.cpp, line 709]
Event: 2.799 Thread 0x0000000002091800 Exception <a 'sun/nio/fs/WindowsException'> (0x00000000e39fd658) thrown at [C:\re\workspace\8-2-build-windows-amd64-cygwin\jdk8u191\11896\hotspot\src\share\vm\prims\jni.cpp, line 709]
Event: 2.800 Thread 0x0000000002091800 Exception <a 'sun/nio/fs/WindowsException'> (0x00000000e39fec58) thrown at [C:\re\workspace\8-2-build-windows-amd64-cygwin\jdk8u191\11896\hotspot\src\share\vm\prims\jni.cpp, line 709]
Event: 2.800 Thread 0x0000000002091800 Exception <a 'sun/nio/fs/WindowsException'> (0x00000000e3a00290) thrown at [C:\re\workspace\8-2-build-windows-amd64-cygwin\jdk8u191\11896\hotspot\src\share\vm\prims\jni.cpp, line 709]
Event: 2.960 Thread 0x0000000019e69000 Implicit null exception at 0x0000000002d237e2 to 0x0000000002d24131

Events (10 events):
Event: 2.961 loading class java/awt/Cursor$CursorDisposer
Event: 2.961 loading class java/awt/Cursor$CursorDisposer done
Event: 2.961 loading class java/awt/Event
Event: 2.962 loading class java/awt/Event done
Event: 2.962 loading class java/awt/event/MouseWheelEvent
Event: 2.962 loading class java/awt/event/MouseWheelEvent done
Event: 2.962 loading class java/awt/AWTEvent$2
Event: 2.962 loading class java/awt/AWTEvent$2 done
Event: 2.962 loading class sun/reflect/UnsafeBooleanFieldAccessorImpl
Event: 2.962 loading class sun/reflect/UnsafeBooleanFieldAccessorImpl done


Dynamic libraries:
0x000000013ff50000 - 0x000000013ff87000 	C:\Program Files\Java\jdk1.8.0_191\bin\java.exe
0x00000000775d0000 - 0x000000007776f000 	C:\Windows\SYSTEM32\ntdll.dll
0x00000000773b0000 - 0x00000000774cf000 	C:\Windows\system32\kernel32.dll
0x000007fefd5a0000 - 0x000007fefd60a000 	C:\Windows\system32\KERNELBASE.dll
0x000007fefe650000 - 0x000007fefe72b000 	C:\Windows\system32\ADVAPI32.dll
0x000007feff660000 - 0x000007feff6ff000 	C:\Windows\system32\msvcrt.dll
0x000007fefe630000 - 0x000007fefe64f000 	C:\Windows\SYSTEM32\sechost.dll
0x000007feff070000 - 0x000007feff19c000 	C:\Windows\system32\RPCRT4.dll
0x00000000774d0000 - 0x00000000775ca000 	C:\Windows\system32\USER32.dll
0x000007feff820000 - 0x000007feff887000 	C:\Windows\system32\GDI32.dll
0x000007fefe960000 - 0x000007fefe96e000 	C:\Windows\system32\LPK.dll
0x000007fefe730000 - 0x000007fefe7fb000 	C:\Windows\system32\USP10.dll
0x000007fefbf10000 - 0x000007fefc104000 	C:\Windows\WinSxS\amd64_microsoft.windows.common-controls_6595b64144ccf1df_6.0.7601.18837_none_fa3b1e3d17594757\COMCTL32.dll
0x000007fefebd0000 - 0x000007fefec41000 	C:\Windows\system32\SHLWAPI.dll
0x000007fefede0000 - 0x000007fefee0e000 	C:\Windows\system32\IMM32.DLL
0x000007fefe800000 - 0x000007fefe909000 	C:\Windows\system32\MSCTF.dll
0x0000000055840000 - 0x0000000055912000 	C:\Program Files\Java\jdk1.8.0_191\jre\bin\msvcr100.dll
0x00000000523e0000 - 0x0000000052c84000 	C:\Program Files\Java\jdk1.8.0_191\jre\bin\server\jvm.dll
0x000007fef9290000 - 0x000007fef9299000 	C:\Windows\system32\WSOCK32.dll
0x000007fefe910000 - 0x000007fefe95d000 	C:\Windows\system32\WS2_32.dll
0x000007feff1a0000 - 0x000007feff1a8000 	C:\Windows\system32\NSI.dll
0x000007fefb340000 - 0x000007fefb37b000 	C:\Windows\system32\WINMM.dll
0x000007fefc5d0000 - 0x000007fefc5dc000 	C:\Windows\system32\VERSION.dll
0x0000000077770000 - 0x0000000077777000 	C:\Windows\system32\PSAPI.DLL
0x0000000060ec0000 - 0x0000000060ecf000 	C:\Program Files\Java\jdk1.8.0_191\jre\bin\verify.dll
0x000000005f0b0000 - 0x000000005f0d9000 	C:\Program Files\Java\jdk1.8.0_191\jre\bin\java.dll
0x00000000600e0000 - 0x00000000600f6000 	C:\Program Files\Java\jdk1.8.0_191\jre\bin\zip.dll
0x000007fefd8a0000 - 0x000007fefe62b000 	C:\Windows\system32\SHELL32.dll
0x000007feff1b0000 - 0x000007feff3ac000 	C:\Windows\system32\ole32.dll
0x000007fefd490000 - 0x000007fefd49f000 	C:\Windows\system32\profapi.dll
0x0000000055500000 - 0x0000000055699000 	C:\Program Files\Java\jdk1.8.0_191\jre\bin\awt.dll
0x000007feff450000 - 0x000007feff52a000 	C:\Windows\system32\OLEAUT32.dll
0x000007fefb770000 - 0x000007fefb788000 	C:\Windows\system32\DWMAPI.DLL
0x000007feed490000 - 0x000007feed5ad000 	C:\Windows\system32\opengl32.dll
0x000007fef6670000 - 0x000007fef669d000 	C:\Windows\system32\GLU32.dll
0x000007feed390000 - 0x000007feed481000 	C:\Windows\system32\DDRAW.dll
0x000007fef8300000 - 0x000007fef8308000 	C:\Windows\system32\DCIMAN32.dll
0x000007fefe970000 - 0x000007fefeb47000 	C:\Windows\system32\SETUPAPI.dll
0x000007fefd6f0000 - 0x000007fefd726000 	C:\Windows\system32\CFGMGR32.dll
0x000007fefd540000 - 0x000007fefd55a000 	C:\Windows\system32\DEVOBJ.dll
0x000007fefbeb0000 - 0x000007fefbf06000 	C:\Windows\system32\uxtheme.dll
0x000007fefd3c0000 - 0x000007fefd3cf000 	C:\Windows\system32\CRYPTBASE.dll
0x0000000055950000 - 0x0000000055997000 	C:\Program Files\Java\jdk1.8.0_191\jre\bin\fontmanager.dll
0x000007fefa2d0000 - 0x000007fefa2d3000 	C:\Users\Nazarov\.javacpp\cache\javacpp-windows-x86_64.jar\org\bytedeco\javacpp\windows-x86_64\api-ms-win-crt-locale-l1-1-0.dll
0x000000005b970000 - 0x000000005b98a000 	C:\Program Files\Java\jdk1.8.0_191\jre\bin\net.dll
0x000007fefcca0000 - 0x000007fefccf5000 	C:\Windows\system32\mswsock.dll
0x000007fefcc90000 - 0x000007fefcc97000 	C:\Windows\System32\wship6.dll
0x0000000059a10000 - 0x0000000059a21000 	C:\Program Files\Java\jdk1.8.0_191\jre\bin\nio.dll
0x000007fefb0d0000 - 0x000007fefb0d4000 	C:\Users\Nazarov\.javacpp\cache\javacpp-windows-x86_64.jar\org\bytedeco\javacpp\windows-x86_64\api-ms-win-crt-string-l1-1-0.dll
0x000007fef7d70000 - 0x000007fef7d74000 	C:\Users\Nazarov\.javacpp\cache\javacpp-windows-x86_64.jar\org\bytedeco\javacpp\windows-x86_64\api-ms-win-crt-stdio-l1-1-0.dll
0x000007fef84b0000 - 0x000007fef84b5000 	C:\Users\Nazarov\.javacpp\cache\javacpp-windows-x86_64.jar\org\bytedeco\javacpp\windows-x86_64\api-ms-win-crt-math-l1-1-0.dll
0x000007fef6800000 - 0x000007fef6803000 	C:\Users\Nazarov\.javacpp\cache\javacpp-windows-x86_64.jar\org\bytedeco\javacpp\windows-x86_64\api-ms-win-crt-heap-l1-1-0.dll
0x000007fef7960000 - 0x000007fef7964000 	C:\Users\Nazarov\.javacpp\cache\javacpp-windows-x86_64.jar\org\bytedeco\javacpp\windows-x86_64\api-ms-win-crt-runtime-l1-1-0.dll
0x000007fef5ac0000 - 0x000007fef5ac4000 	C:\Users\Nazarov\.javacpp\cache\javacpp-windows-x86_64.jar\org\bytedeco\javacpp\windows-x86_64\api-ms-win-crt-convert-l1-1-0.dll
0x000007fef5fd0000 - 0x000007fef5fd3000 	C:\Users\Nazarov\.javacpp\cache\javacpp-windows-x86_64.jar\org\bytedeco\javacpp\windows-x86_64\api-ms-win-crt-environment-l1-1-0.dll
0x000007fef4c80000 - 0x000007fef4c83000 	C:\Users\Nazarov\.javacpp\cache\javacpp-windows-x86_64.jar\org\bytedeco\javacpp\windows-x86_64\api-ms-win-crt-time-l1-1-0.dll
0x000007fef4c70000 - 0x000007fef4c73000 	C:\Users\Nazarov\.javacpp\cache\javacpp-windows-x86_64.jar\org\bytedeco\javacpp\windows-x86_64\api-ms-win-crt-filesystem-l1-1-0.dll
0x000007fef4c60000 - 0x000007fef4c63000 	C:\Users\Nazarov\.javacpp\cache\javacpp-windows-x86_64.jar\org\bytedeco\javacpp\windows-x86_64\api-ms-win-crt-utility-l1-1-0.dll
0x000007fef4c50000 - 0x000007fef4c55000 	C:\Users\Nazarov\.javacpp\cache\javacpp-windows-x86_64.jar\org\bytedeco\javacpp\windows-x86_64\api-ms-win-crt-multibyte-l1-1-0.dll
0x000007fef4bb0000 - 0x000007fef4bb3000 	C:\Users\Nazarov\.javacpp\cache\javacpp-windows-x86_64.jar\org\bytedeco\javacpp\windows-x86_64\api-ms-win-core-string-l1-1-0.dll
0x000007fef3f10000 - 0x000007fef3f13000 	C:\Users\Nazarov\.javacpp\cache\javacpp-windows-x86_64.jar\org\bytedeco\javacpp\windows-x86_64\api-ms-win-core-errorhandling-l1-1-0.dll
0x000007fef3f00000 - 0x000007fef3f03000 	C:\Users\Nazarov\.javacpp\cache\javacpp-windows-x86_64.jar\org\bytedeco\javacpp\windows-x86_64\api-ms-win-core-timezone-l1-1-0.dll
0x000007fef3ef0000 - 0x000007fef3ef4000 	C:\Users\Nazarov\.javacpp\cache\javacpp-windows-x86_64.jar\org\bytedeco\javacpp\windows-x86_64\api-ms-win-core-file-l1-1-0.dll
0x000007fef3ee0000 - 0x000007fef3ee3000 	C:\Users\Nazarov\.javacpp\cache\javacpp-windows-x86_64.jar\org\bytedeco\javacpp\windows-x86_64\api-ms-win-core-namedpipe-l1-1-0.dll
0x000007fef3ea0000 - 0x000007fef3ea3000 	C:\Users\Nazarov\.javacpp\cache\javacpp-windows-x86_64.jar\org\bytedeco\javacpp\windows-x86_64\api-ms-win-core-handle-l1-1-0.dll
0x000007fef3e90000 - 0x000007fef3e93000 	C:\Users\Nazarov\.javacpp\cache\javacpp-windows-x86_64.jar\org\bytedeco\javacpp\windows-x86_64\api-ms-win-core-file-l2-1-0.dll
0x000007fef3e80000 - 0x000007fef3e83000 	C:\Users\Nazarov\.javacpp\cache\javacpp-windows-x86_64.jar\org\bytedeco\javacpp\windows-x86_64\api-ms-win-core-heap-l1-1-0.dll
0x000007fef3e70000 - 0x000007fef3e73000 	C:\Users\Nazarov\.javacpp\cache\javacpp-windows-x86_64.jar\org\bytedeco\javacpp\windows-x86_64\api-ms-win-core-libraryloader-l1-1-0.dll
0x000007fef3e60000 - 0x000007fef3e63000 	C:\Users\Nazarov\.javacpp\cache\javacpp-windows-x86_64.jar\org\bytedeco\javacpp\windows-x86_64\api-ms-win-core-synch-l1-1-0.dll
0x000007fef3e20000 - 0x000007fef3e23000 	C:\Users\Nazarov\.javacpp\cache\javacpp-windows-x86_64.jar\org\bytedeco\javacpp\windows-x86_64\api-ms-win-core-processthreads-l1-1-0.dll
0x000007fef3e10000 - 0x000007fef3e13000 	C:\Users\Nazarov\.javacpp\cache\javacpp-windows-x86_64.jar\org\bytedeco\javacpp\windows-x86_64\api-ms-win-core-processenvironment-l1-1-0.dll
0x000007fef3d60000 - 0x000007fef3d63000 	C:\Users\Nazarov\.javacpp\cache\javacpp-windows-x86_64.jar\org\bytedeco\javacpp\windows-x86_64\api-ms-win-core-datetime-l1-1-0.dll
0x000007fef38a0000 - 0x000007fef38a3000 	C:\Users\Nazarov\.javacpp\cache\javacpp-windows-x86_64.jar\org\bytedeco\javacpp\windows-x86_64\api-ms-win-core-localization-l1-2-0.dll
0x000007fef3890000 - 0x000007fef3893000 	C:\Users\Nazarov\.javacpp\cache\javacpp-windows-x86_64.jar\org\bytedeco\javacpp\windows-x86_64\api-ms-win-core-sysinfo-l1-1-0.dll
0x000007fef3880000 - 0x000007fef3883000 	C:\Users\Nazarov\.javacpp\cache\javacpp-windows-x86_64.jar\org\bytedeco\javacpp\windows-x86_64\api-ms-win-core-synch-l1-2-0.dll
0x000007fef3870000 - 0x000007fef3873000 	C:\Users\Nazarov\.javacpp\cache\javacpp-windows-x86_64.jar\org\bytedeco\javacpp\windows-x86_64\api-ms-win-core-console-l1-1-0.dll
0x000007fef3860000 - 0x000007fef3863000 	C:\Users\Nazarov\.javacpp\cache\javacpp-windows-x86_64.jar\org\bytedeco\javacpp\windows-x86_64\api-ms-win-core-debug-l1-1-0.dll
0x000007fef3850000 - 0x000007fef3853000 	C:\Users\Nazarov\.javacpp\cache\javacpp-windows-x86_64.jar\org\bytedeco\javacpp\windows-x86_64\api-ms-win-core-rtlsupport-l1-1-0.dll
0x000007fef37e0000 - 0x000007fef37e3000 	C:\Users\Nazarov\.javacpp\cache\javacpp-windows-x86_64.jar\org\bytedeco\javacpp\windows-x86_64\api-ms-win-core-processthreads-l1-1-1.dll
0x000007fef3110000 - 0x000007fef3113000 	C:\Users\Nazarov\.javacpp\cache\javacpp-windows-x86_64.jar\org\bytedeco\javacpp\windows-x86_64\api-ms-win-core-file-l1-2-0.dll
0x000007fef3100000 - 0x000007fef3103000 	C:\Users\Nazarov\.javacpp\cache\javacpp-windows-x86_64.jar\org\bytedeco\javacpp\windows-x86_64\api-ms-win-core-profile-l1-1-0.dll
0x000007fef30f0000 - 0x000007fef30f3000 	C:\Users\Nazarov\.javacpp\cache\javacpp-windows-x86_64.jar\org\bytedeco\javacpp\windows-x86_64\api-ms-win-core-memory-l1-1-0.dll
0x000007fef30e0000 - 0x000007fef30e3000 	C:\Users\Nazarov\.javacpp\cache\javacpp-windows-x86_64.jar\org\bytedeco\javacpp\windows-x86_64\api-ms-win-core-util-l1-1-0.dll
0x000007fef30d0000 - 0x000007fef30d3000 	C:\Users\Nazarov\.javacpp\cache\javacpp-windows-x86_64.jar\org\bytedeco\javacpp\windows-x86_64\api-ms-win-core-interlocked-l1-1-0.dll
0x000007fee9cd0000 - 0x000007fee9dca000 	C:\Users\Nazarov\.javacpp\cache\javacpp-windows-x86_64.jar\org\bytedeco\javacpp\windows-x86_64\ucrtbase.dll
0x000007fef19e0000 - 0x000007fef19f5000 	C:\Users\Nazarov\.javacpp\cache\javacpp-windows-x86_64.jar\org\bytedeco\javacpp\windows-x86_64\vcruntime140.dll
0x000007fef30c0000 - 0x000007fef30cc000 	C:\Users\Nazarov\.javacpp\cache\javacpp-windows-x86_64.jar\org\bytedeco\javacpp\windows-x86_64\vcruntime140_1.dll
0x000007fef18d0000 - 0x000007fef196b000 	C:\Users\Nazarov\.javacpp\cache\javacpp-windows-x86_64.jar\org\bytedeco\javacpp\windows-x86_64\msvcp140.dll
0x000007fef2ed0000 - 0x000007fef2ed9000 	C:\Users\Nazarov\.javacpp\cache\javacpp-windows-x86_64.jar\org\bytedeco\javacpp\windows-x86_64\msvcp140_1.dll
0x000007fef0630000 - 0x000007fef0681000 	C:\Users\Nazarov\.javacpp\cache\javacpp-windows-x86_64.jar\org\bytedeco\javacpp\windows-x86_64\concrt140.dll
0x000007fef19b0000 - 0x000007fef19d7000 	C:\Users\Nazarov\.javacpp\cache\javacpp-windows-x86_64.jar\org\bytedeco\javacpp\windows-x86_64\vcomp140.dll
0x000007fef1780000 - 0x000007fef178e000 	C:\Users\Nazarov\.javacpp\cache\javacpp-windows-x86_64.jar\org\bytedeco\javacpp\windows-x86_64\jnijavacpp.dll
0x000000006d7c0000 - 0x000000006f34c000 	C:\Users\Nazarov\.javacpp\cache\openblas-windows-x86_64.jar\org\bytedeco\openblas\windows-x86_64\libopenblas_nolapack.dll
0x000007fef0480000 - 0x000007fef04da000 	C:\Users\Nazarov\.javacpp\cache\openblas-windows-x86_64.jar\org\bytedeco\openblas\windows-x86_64\jniopenblas_nolapack.dll
0x0000000024370000 - 0x0000000025efc000 	C:\Users\Nazarov\.javacpp\cache\openblas-windows-x86_64.jar\org\bytedeco\openblas\windows-x86_64\libopenblas.dll
0x000007fedb5a0000 - 0x000007fedc98d000 	C:\Users\Nazarov\.javacpp\cache\openblas-windows-x86_64.jar\org\bytedeco\openblas\windows-x86_64\jniopenblas.dll
0x000007fee9230000 - 0x000007fee9631000 	C:\Users\Nazarov\.javacpp\cache\opencv-windows-x86_64.jar\org\bytedeco\opencv\windows-x86_64\opencv_core440.dll
0x000007fee35c0000 - 0x000007fee3be3000 	C:\Users\Nazarov\.javacpp\cache\opencv-windows-x86_64.jar\org\bytedeco\opencv\windows-x86_64\opencv_imgproc440.dll
0x000007fee9730000 - 0x000007fee9a4a000 	C:\Users\Nazarov\.javacpp\cache\opencv-windows-x86_64.jar\org\bytedeco\opencv\windows-x86_64\jniopencv_core.dll
0x000007fee8b10000 - 0x000007fee8c63000 	C:\Users\Nazarov\.javacpp\cache\opencv-windows-x86_64.jar\org\bytedeco\opencv\windows-x86_64\jniopencv_imgproc.dll
0x000007fee8740000 - 0x000007fee8b06000 	C:\Users\Nazarov\.javacpp\cache\opencv-windows-x86_64.jar\org\bytedeco\opencv\windows-x86_64\opencv_imgcodecs440.dll
0x000007fef1750000 - 0x000007fef1780000 	C:\Users\Nazarov\.javacpp\cache\opencv-windows-x86_64.jar\org\bytedeco\opencv\windows-x86_64\jniopencv_imgcodecs.dll
0x000007feec6e0000 - 0x000007feec772000 	C:\Users\Nazarov\.javacpp\cache\opencv-windows-x86_64.jar\org\bytedeco\opencv\windows-x86_64\opencv_videoio440.dll
0x000007feed0d0000 - 0x000007feed13d000 	C:\Windows\system32\MFPlat.DLL
0x000007fefb7f0000 - 0x000007fefb7f9000 	C:\Windows\system32\AVRT.dll
0x000007feec780000 - 0x000007feecb71000 	C:\Windows\system32\MF.dll
0x000007fefb6e0000 - 0x000007fefb6f9000 	C:\Windows\system32\ATL.DLL
0x0000000075260000 - 0x0000000075266000 	C:\Windows\system32\ksuser.dll
0x000007fef7dd0000 - 0x000007fef7e12000 	C:\Windows\system32\MFReadWrite.dll
0x000007fef5320000 - 0x000007fef54f5000 	C:\Windows\system32\d3d11.dll
0x000007fefa6e0000 - 0x000007fefa73d000 	C:\Windows\system32\dxgi.dll
0x000007fef1700000 - 0x000007fef172b000 	C:\Users\Nazarov\.javacpp\cache\opencv-windows-x86_64.jar\org\bytedeco\opencv\windows-x86_64\jniopencv_videoio.dll
0x000007feff700000 - 0x000007feff799000 	C:\Windows\system32\CLBCatQ.DLL
0x000007fef4f40000 - 0x000007fef4f56000 	C:\Windows\system32\devenum.dll
0x000007fefc5a0000 - 0x000007fefc5cd000 	C:\Windows\system32\ntmarta.dll
0x000007feff7a0000 - 0x000007feff7f2000 	C:\Windows\system32\WLDAP32.dll
0x000007fefd560000 - 0x000007fefd59b000 	C:\Windows\system32\WINTRUST.dll
0x000007fefd730000 - 0x000007fefd89d000 	C:\Windows\system32\CRYPT32.dll
0x000007fefd530000 - 0x000007fefd53f000 	C:\Windows\system32\MSASN1.dll
0x000007fefb0e0000 - 0x000007fefb0ed000 	C:\Windows\system32\msdmo.dll
0x000007fef7e60000 - 0x000007fef7e6b000 	C:\Windows\system32\vidcap.ax
0x000007fef4cb0000 - 0x000007fef4cd4000 	C:\Windows\system32\kswdmcap.ax
0x000007fef38b0000 - 0x000007fef3a0c000 	C:\Windows\system32\MFC42.dll
0x000007fef3290000 - 0x000007fef3341000 	C:\Windows\system32\ODBC32.dll
0x0000000054ce0000 - 0x0000000054d18000 	C:\Windows\system32\odbcint.dll
0x000007fef0610000 - 0x000007fef062a000 	C:\Windows\System32\mfmjpegdec.dll
0x000007fef97f0000 - 0x000007fef9915000 	C:\Windows\system32\dbghelp.dll

VM Arguments:
jvm_args: -Dfile.encoding=UTF-8 
java_command: educationpracticum.CaptureWebCam
java_class_path (initial): C:\Users\Nazarov\Documents\NetBeansProjects\EducationPracticum\lib\javacv-platform-1.5.4-bin\artoolkitplus-android-arm.jar;C:\Users\Nazarov\Documents\NetBeansProjects\EducationPracticum\lib\javacv-platform-1.5.4-bin\artoolkitplus-android-arm64.jar;C:\Users\Nazarov\Documents\NetBeansProjects\EducationPracticum\lib\javacv-platform-1.5.4-bin\artoolkitplus-android-x86.jar;C:\Users\Nazarov\Documents\NetBeansProjects\EducationPracticum\lib\javacv-platform-1.5.4-bin\artoolkitplus-android-x86_64.jar;C:\Users\Nazarov\Documents\NetBeansProjects\EducationPracticum\lib\javacv-platform-1.5.4-bin\artoolkitplus-linux-arm64.jar;C:\Users\Nazarov\Documents\NetBeansProjects\EducationPracticum\lib\javacv-platform-1.5.4-bin\artoolkitplus-linux-armhf.jar;C:\Users\Nazarov\Documents\NetBeansProjects\EducationPracticum\lib\javacv-platform-1.5.4-bin\artoolkitplus-linux-ppc64le.jar;C:\Users\Nazarov\Documents\NetBeansProjects\EducationPracticum\lib\javacv-platform-1.5.4-bin\artoolkitplus-linux-x86.jar;C:\Users\Nazarov\Documents\NetBeansProjects\EducationPracticum\lib\javacv-platform-1.5.4-bin\artoolkitplus-linux-x86_64.jar;C:\Users\Nazarov\Documents\NetBeansProjects\EducationPracticum\lib\javacv-platform-1.5.4-bin\artoolkitplus-macosx-x86_64.jar;C:\Users\Nazarov\Documents\NetBeansProjects\EducationPracticum\lib\javacv-platform-1.5.4-bin\artoolkitplus-platform.jar;C:\Users\Nazarov\Documents\NetBeansProjects\EducationPracticum\lib\javacv-platform-1.5.4-bin\artoolkitplus-windows-x86.jar;C:\Users\Nazarov\Documents\NetBeansProjects\EducationPracticum\lib\javacv-platform-1.5.4-bin\artoolkitplus-windows-x86_64.jar;C:\Users\Nazarov\Documents\NetBeansProjects\EducationPracticum\lib\javacv-platform-1.5.4-bin\artoolkitplus.jar;C:\Users\Nazarov\Documents\NetBeansProjects\EducationPracticum\lib\javacv-platform-1.5.4-bin\ffmpeg-android-arm.jar;C:\Users\Nazarov\Documents\NetBeansProjects\EducationPracticum\lib\javacv-platform-1.5.4-bin\ffmpeg-android-arm64.jar;C:\Users\Nazarov\Do
Launcher Type: SUN_STANDARD

Environment Variables:
PATH=C:\Program Files (x86)\Common Files\Oracle\Java\javapath;C:\Program Files (x86)\Intel\iCLS Client\;C:\Program Files\Intel\iCLS Client\;C:\Windows\system32;C:\Windows;C:\Windows\System32\Wbem;C:\Windows\System32\WindowsPowerShell\v1.0\;C:\Program Files (x86)\Intel\UCRT\;C:\Program Files\Intel\UCRT\;C:\Program Files (x86)\Intel\Intel(R) Management Engine Components\DAL;C:\Program Files\Intel\Intel(R) Management Engine Components\DAL;C:\Program Files (x86)\Intel\Intel(R) Management Engine Components\IPT;C:\Program Files\Intel\Intel(R) Management Engine Components\IPT;C:\Program Files\Windows Imaging\;C:\Program Files (x86)\STMicroelectronics\STM32 ST-LINK Utility\ST-LINK Utility;C:\adb;C:\Program Files\dotnet\;C:\Program Files (x86)\Common Files\Oracle\Java\javapath;C:\Program Files (x86)\Intel\iCLS Client\;C:\Program Files\Intel\iCLS Client\;C:\Windows\system32;C:\Windows;C:\Windows\System32\Wbem;C:\Windows\System32\WindowsPowerShell\v1.0\;C:\Program Files (x86)\Intel\UCRT\;C:\Program Files\Intel\UCRT\;C:\Program Files (x86)\Intel\Intel(R) Management Engine Components\DAL;C:\Program Files\Intel\Intel(R) Management Engine Components\DAL;C:\Program Files (x86)\Intel\Intel(R) Management Engine Components\IPT;C:\Program Files\Intel\Intel(R) Management Engine Components\IPT;C:\Users\Nazarov\AppData\Local\Programs\Git\cmd
USERNAME=nazarov
OS=Windows_NT
PROCESSOR_IDENTIFIER=Intel64 Family 6 Model 94 Stepping 3, GenuineIntel



---------------  S Y S T E M  ---------------

OS: Windows 7 , 64 bit Build 7601 (6.1.7601.24384)

CPU:total 4 (initial active 4) (2 cores per cpu, 2 threads per core) family 6 model 94 stepping 3, cmov, cx8, fxsr, mmx, sse, sse2, sse3, ssse3, sse4.1, sse4.2, popcnt, avx, avx2, aes, clmul, erms, 3dnowpref, lzcnt, ht, tsc, tscinvbit, bmi1, bmi2, adx

Memory: 4k page, physical 8273880k(2199368k free), swap 8271976k(1702336k free)

vm_info: Java HotSpot(TM) 64-Bit Server VM (25.191-b12) for windows-amd64 JRE (1.8.0_191-b12), built on Oct  6 2018 09:29:03 by "java_re" with MS VC++ 10.0 (VS2010)

time: Thu Jan 21 11:07:35 2021
elapsed time: 3 seconds (0d 0h 0m 3s)

