#
# A fatal error has been detected by the Java Runtime Environment:
#
#  EXCEPTION_ACCESS_VIOLATION (0xc0000005) at pc=0x000007fef389122e, pid=11120, tid=0x0000000000002c38
#
# JRE version: Java(TM) SE Runtime Environment (8.0_191-b12) (build 1.8.0_191-b12)
# Java VM: Java HotSpot(TM) 64-Bit Server VM (25.191-b12 mixed mode windows-amd64 compressed oops)
# Problematic frame:
# C  [vcruntime140.dll+0x122e]
#
# Failed to write core dump. Minidumps are not enabled by default on client versions of Windows
#
# If you would like to submit a bug report, please visit:
#   http://bugreport.java.com/bugreport/crash.jsp
# The crash happened outside the Java Virtual Machine in native code.
# See problematic frame for where to report the bug.
#

---------------  T H R E A D  ---------------

Current thread (0x00000000020f1800):  JavaThread "main" [_thread_in_native, id=11320, stack(0x00000000024e0000,0x00000000025e0000)]

siginfo: ExceptionCode=0xc0000005, reading address 0x000000002e0f6000

Registers:
RAX=0x000000002e7d5000, RBX=0x0000000000000000, RCX=0x00000000000470a0, RDX=0xffffffffff8870a0
RSP=0x00000000025dec18, RBP=0x00000000025ded30, RSI=0x000000002e0f6000, RDI=0x000000002e86ef60
R8 =0x00000000000e1000, R9 =0x0000000000000280, R10=0x000000002e05c0a0, R11=0x000000002e7d5000
R12=0x000007feec73d648, R13=0x000007feec73d6d0, R14=0x000000002e7d5000, R15=0x0000000000000000
RIP=0x000007fef389122e, EFLAGS=0x0000000000010203

Top of Stack: (sp=0x00000000025dec18)
0x00000000025dec18:   00000000ffffffff 000000002e05c0a0
0x00000000025dec28:   000007fee0d09dc5 0000000000000000
0x00000000025dec38:   00000000025ded00 00000000ffffffff
0x00000000025dec48:   0000000000000000 00000000ffffffff
0x00000000025dec58:   0000000000000000 0000000000000000
0x00000000025dec68:   000000001ac9c920 0000000000000000
0x00000000025dec78:   0000000000000000 00000000000e1000
0x00000000025dec88:   00000000025def01 0000000000000000
0x00000000025dec98:   00000000025dece8 000007fef19f0ca0
0x00000000025deca8:   0000000000004640 fffffffffffffffe
0x00000000025decb8:   0000000000000000 00000000025ded20
0x00000000025decc8:   cafebabecafebabe 0000000000000000
0x00000000025decd8:   0000000000000001 000007fef19f0ca0
0x00000000025dece8:   000007fef19d4360 0000000000004640
0x00000000025decf8:   00000000025dee78 0000000242ff4010
0x00000000025ded08:   00000280000001e0 000000002e7d5000 

Instructions: (pc=0x000007fef389122e)
0x000007fef389120e:   cc cc cc cc cc cc cc cc 66 66 0f 1f 84 00 00 00
0x000007fef389121e:   00 00 57 56 49 8b c3 48 8b f9 49 8b c8 49 8b f2
0x000007fef389122e:   f3 a4 5e 5f c3 cc cc cc cc cc cc 0f 1f 80 00 00
0x000007fef389123e:   00 00 4c 8b d9 4c 8b d2 49 83 f8 10 76 64 49 83 


Register to memory mapping:

RAX=0x000000002e7d5000 is an unknown value
RBX=0x0000000000000000 is an unknown value
RCX=0x00000000000470a0 is an unknown value
RDX=0xffffffffff8870a0 is an unknown value
RSP=0x00000000025dec18 is pointing into the stack for thread: 0x00000000020f1800
RBP=0x00000000025ded30 is pointing into the stack for thread: 0x00000000020f1800
RSI=0x000000002e0f6000 is an unknown value
RDI=0x000000002e86ef60 is an unknown value
R8 =0x00000000000e1000 is an unknown value
R9 =0x0000000000000280 is an unknown value
R10=0x000000002e05c0a0 is an unknown value
R11=0x000000002e7d5000 is an unknown value
R12=0x000007feec73d648 is an unknown value
R13=0x000007feec73d6d0 is an unknown value
R14=0x000000002e7d5000 is an unknown value
R15=0x0000000000000000 is an unknown value


Stack: [0x00000000024e0000,0x00000000025e0000],  sp=0x00000000025dec18,  free space=1019k
Native frames: (J=compiled Java code, j=interpreted, Vv=VM code, C=native code)
C  [vcruntime140.dll+0x122e]
C  [opencv_core440.dll+0x79dc5]
C  [opencv_videoio440.dll+0x3f74a]
C  [opencv_videoio440.dll+0xf0f9]
C  [jniopencv_videoio.dll+0x444b]
C  0x00000000028c8c67

Java frames: (J=compiled Java code, j=interpreted, Vv=VM code)
j  org.bytedeco.opencv.opencv_videoio.VideoCapture.retrieve(Lorg/bytedeco/opencv/opencv_core/Mat;)Z+0
j  org.bytedeco.javacv.OpenCVFrameGrabber.grab()Lorg/bytedeco/javacv/Frame;+8
j  educationpracticum.CaptureWebCam.Start()V+27
j  educationpracticum.CaptureWebCam.main([Ljava/lang/String;)V+9
v  ~StubRoutines::call_stub

---------------  P R O C E S S  ---------------

Java Threads: ( => current thread )
  0x000000001a4aa800 JavaThread "JavaCPP Deallocator" daemon [_thread_blocked, id=6172, stack(0x000000001d680000,0x000000001d780000)]
  0x0000000019c98800 JavaThread "AWT-EventQueue-0" [_thread_blocked, id=8040, stack(0x000000001b3c0000,0x000000001b4c0000)]
  0x0000000019cc7800 JavaThread "AWT-Windows" daemon [_thread_in_native, id=6456, stack(0x000000001b2b0000,0x000000001b3b0000)]
  0x0000000019fd8800 JavaThread "AWT-Shutdown" [_thread_blocked, id=11048, stack(0x000000001b120000,0x000000001b220000)]
  0x0000000019d0c000 JavaThread "Java2D Disposer" daemon [_thread_blocked, id=6096, stack(0x000000001aed0000,0x000000001afd0000)]
  0x0000000018cbf000 JavaThread "Service Thread" daemon [_thread_blocked, id=4756, stack(0x0000000019310000,0x0000000019410000)]
  0x0000000018c5a000 JavaThread "C1 CompilerThread2" daemon [_thread_blocked, id=10672, stack(0x0000000019420000,0x0000000019520000)]
  0x0000000018c57000 JavaThread "C2 CompilerThread1" daemon [_thread_blocked, id=9484, stack(0x0000000019200000,0x0000000019300000)]
  0x0000000018c4f800 JavaThread "C2 CompilerThread0" daemon [_thread_blocked, id=11604, stack(0x00000000185e0000,0x00000000186e0000)]
  0x0000000018c4a800 JavaThread "Attach Listener" daemon [_thread_blocked, id=4748, stack(0x0000000018850000,0x0000000018950000)]
  0x00000000175cf000 JavaThread "Signal Dispatcher" daemon [_thread_blocked, id=8256, stack(0x00000000190b0000,0x00000000191b0000)]
  0x00000000175b7800 JavaThread "Finalizer" daemon [_thread_blocked, id=10756, stack(0x0000000018b40000,0x0000000018c40000)]
  0x00000000175b1000 JavaThread "Reference Handler" daemon [_thread_blocked, id=11972, stack(0x0000000018970000,0x0000000018a70000)]
=>0x00000000020f1800 JavaThread "main" [_thread_in_native, id=11320, stack(0x00000000024e0000,0x00000000025e0000)]

Other Threads:
  0x0000000017569800 VMThread [stack: 0x0000000018720000,0x0000000018820000] [id=8980]
  0x0000000018d1d800 WatcherThread [stack: 0x0000000019550000,0x0000000019650000] [id=11660]

VM state:not at safepoint (normal execution)

VM Mutex/Monitor currently owned by a thread: None

Heap:
 PSYoungGen      total 429056K, used 50594K [0x00000000d5f00000, 0x00000000f0580000, 0x0000000100000000)
  eden space 425472K, 11% used [0x00000000d5f00000,0x00000000d8f12b90,0x00000000efe80000)
  from space 3584K, 38% used [0x00000000f0200000,0x00000000f0355f80,0x00000000f0580000)
  to   space 3584K, 0% used [0x00000000efe80000,0x00000000efe80000,0x00000000f0200000)
 ParOldGen       total 87552K, used 2220K [0x0000000081c00000, 0x0000000087180000, 0x00000000d5f00000)
  object space 87552K, 2% used [0x0000000081c00000,0x0000000081e2b358,0x0000000087180000)
 Metaspace       used 16604K, capacity 16756K, committed 16896K, reserved 1064960K
  class space    used 1447K, capacity 1516K, committed 1536K, reserved 1048576K

Card table byte_map: [0x0000000011c70000,0x0000000012070000] byte_map_base: 0x0000000011862000

Marking Bits: (ParMarkBitMap*) 0x0000000052c03e30
 Begin Bits: [0x00000000128b0000, 0x0000000014840000)
 End Bits:   [0x0000000014840000, 0x00000000167d0000)

Polling page: 0x0000000000440000

CodeCache: size=245760Kb used=6091Kb max_used=6091Kb free=239668Kb
 bounds [0x00000000028b0000, 0x0000000002eb0000, 0x00000000118b0000]
 total_blobs=2305 nmethods=1288 adapters=929
 compilation: enabled

Compilation events (10 events):
Event: 2.795 Thread 0x0000000018c5a000 1284       3       sun.java2d.pipe.Region::clipScale (41 bytes)
Event: 2.795 Thread 0x0000000018c5a000 nmethod 1284 0x0000000002ea3ad0 code [0x0000000002ea3c60, 0x0000000002ea3f28]
Event: 2.795 Thread 0x0000000018c5a000 1287       3       sun.java2d.SunGraphics2D::setDevClip (45 bytes)
Event: 2.795 Thread 0x0000000018c5a000 nmethod 1287 0x0000000002ea3fd0 code [0x0000000002ea41a0, 0x0000000002ea4b58]
Event: 2.795 Thread 0x0000000018c5a000 1286       3       sun.awt.image.BufImgSurfaceData::getBounds (22 bytes)
Event: 2.795 Thread 0x0000000018c5a000 nmethod 1286 0x0000000002ea4fd0 code [0x0000000002ea5160, 0x0000000002ea5710]
Event: 2.795 Thread 0x0000000018c5a000 1285       1       java.awt.image.ColorModel::getTransparency (5 bytes)
Event: 2.795 Thread 0x0000000018c5a000 nmethod 1285 0x0000000002ea5a10 code [0x0000000002ea5b60, 0x0000000002ea5c70]
Event: 2.795 Thread 0x0000000018c5a000 1288       1       sun.awt.image.VolatileSurfaceManager::contentsLost (5 bytes)
Event: 2.795 Thread 0x0000000018c5a000 nmethod 1288 0x0000000002ea5cd0 code [0x0000000002ea5e20, 0x0000000002ea5f30]

GC Heap History (10 events):
Event: 1.097 GC heap before
{Heap before GC invocations=6 (full 0):
 PSYoungGen      total 71680K, used 68743K [0x00000000d5f00000, 0x00000000de700000, 0x0000000100000000)
  eden space 66560K, 100% used [0x00000000d5f00000,0x00000000da000000,0x00000000da000000)
  from space 5120K, 42% used [0x00000000da000000,0x00000000da221fc0,0x00000000da500000)
  to   space 3072K, 0% used [0x00000000de400000,0x00000000de400000,0x00000000de700000)
 ParOldGen       total 87552K, used 48K [0x0000000081c00000, 0x0000000087180000, 0x00000000d5f00000)
  object space 87552K, 0% used [0x0000000081c00000,0x0000000081c0c000,0x0000000087180000)
 Metaspace       used 14283K, capacity 14484K, committed 14848K, reserved 1062912K
  class space    used 1165K, capacity 1228K, committed 1280K, reserved 1048576K
Event: 1.100 GC heap after
Heap after GC invocations=6 (full 0):
 PSYoungGen      total 136192K, used 2151K [0x00000000d5f00000, 0x00000000de700000, 0x0000000100000000)
  eden space 133120K, 0% used [0x00000000d5f00000,0x00000000d5f00000,0x00000000de100000)
  from space 3072K, 70% used [0x00000000de400000,0x00000000de619fc0,0x00000000de700000)
  to   space 3072K, 0% used [0x00000000de100000,0x00000000de100000,0x00000000de400000)
 ParOldGen       total 87552K, used 56K [0x0000000081c00000, 0x0000000087180000, 0x00000000d5f00000)
  object space 87552K, 0% used [0x0000000081c00000,0x0000000081c0e000,0x0000000087180000)
 Metaspace       used 14283K, capacity 14484K, committed 14848K, reserved 1062912K
  class space    used 1165K, capacity 1228K, committed 1280K, reserved 1048576K
}
Event: 1.304 GC heap before
{Heap before GC invocations=7 (full 0):
 PSYoungGen      total 136192K, used 135271K [0x00000000d5f00000, 0x00000000de700000, 0x0000000100000000)
  eden space 133120K, 100% used [0x00000000d5f00000,0x00000000de100000,0x00000000de100000)
  from space 3072K, 70% used [0x00000000de400000,0x00000000de619fc0,0x00000000de700000)
  to   space 3072K, 0% used [0x00000000de100000,0x00000000de100000,0x00000000de400000)
 ParOldGen       total 87552K, used 56K [0x0000000081c00000, 0x0000000087180000, 0x00000000d5f00000)
  object space 87552K, 0% used [0x0000000081c00000,0x0000000081c0e000,0x0000000087180000)
 Metaspace       used 14285K, capacity 14484K, committed 14848K, reserved 1062912K
  class space    used 1165K, capacity 1228K, committed 1280K, reserved 1048576K
Event: 1.307 GC heap after
Heap after GC invocations=7 (full 0):
 PSYoungGen      total 136192K, used 192K [0x00000000d5f00000, 0x00000000e6900000, 0x0000000100000000)
  eden space 133120K, 0% used [0x00000000d5f00000,0x00000000d5f00000,0x00000000de100000)
  from space 3072K, 6% used [0x00000000de100000,0x00000000de130000,0x00000000de400000)
  to   space 3072K, 0% used [0x00000000e6600000,0x00000000e6600000,0x00000000e6900000)
 ParOldGen       total 87552K, used 2028K [0x0000000081c00000, 0x0000000087180000, 0x00000000d5f00000)
  object space 87552K, 2% used [0x0000000081c00000,0x0000000081dfb358,0x0000000087180000)
 Metaspace       used 14285K, capacity 14484K, committed 14848K, reserved 1062912K
  class space    used 1165K, capacity 1228K, committed 1280K, reserved 1048576K
}
Event: 1.457 GC heap before
{Heap before GC invocations=8 (full 0):
 PSYoungGen      total 136192K, used 133312K [0x00000000d5f00000, 0x00000000e6900000, 0x0000000100000000)
  eden space 133120K, 100% used [0x00000000d5f00000,0x00000000de100000,0x00000000de100000)
  from space 3072K, 6% used [0x00000000de100000,0x00000000de130000,0x00000000de400000)
  to   space 3072K, 0% used [0x00000000e6600000,0x00000000e6600000,0x00000000e6900000)
 ParOldGen       total 87552K, used 2028K [0x0000000081c00000, 0x0000000087180000, 0x00000000d5f00000)
  object space 87552K, 2% used [0x0000000081c00000,0x0000000081dfb358,0x0000000087180000)
 Metaspace       used 14285K, capacity 14484K, committed 14848K, reserved 1062912K
  class space    used 1165K, capacity 1228K, committed 1280K, reserved 1048576K
Event: 1.457 GC heap after
Heap after GC invocations=8 (full 0):
 PSYoungGen      total 268800K, used 128K [0x00000000d5f00000, 0x00000000e6a00000, 0x0000000100000000)
  eden space 265728K, 0% used [0x00000000d5f00000,0x00000000d5f00000,0x00000000e6280000)
  from space 3072K, 4% used [0x00000000e6600000,0x00000000e6620000,0x00000000e6900000)
  to   space 3584K, 0% used [0x00000000e6280000,0x00000000e6280000,0x00000000e6600000)
 ParOldGen       total 87552K, used 2172K [0x0000000081c00000, 0x0000000087180000, 0x00000000d5f00000)
  object space 87552K, 2% used [0x0000000081c00000,0x0000000081e1f358,0x0000000087180000)
 Metaspace       used 14285K, capacity 14484K, committed 14848K, reserved 1062912K
  class space    used 1165K, capacity 1228K, committed 1280K, reserved 1048576K
}
Event: 1.738 GC heap before
{Heap before GC invocations=9 (full 0):
 PSYoungGen      total 268800K, used 265856K [0x00000000d5f00000, 0x00000000e6a00000, 0x0000000100000000)
  eden space 265728K, 100% used [0x00000000d5f00000,0x00000000e6280000,0x00000000e6280000)
  from space 3072K, 4% used [0x00000000e6600000,0x00000000e6620000,0x00000000e6900000)
  to   space 3584K, 0% used [0x00000000e6280000,0x00000000e6280000,0x00000000e6600000)
 ParOldGen       total 87552K, used 2172K [0x0000000081c00000, 0x0000000087180000, 0x00000000d5f00000)
  object space 87552K, 2% used [0x0000000081c00000,0x0000000081e1f358,0x0000000087180000)
 Metaspace       used 14287K, capacity 14484K, committed 14848K, reserved 1062912K
  class space    used 1165K, capacity 1228K, committed 1280K, reserved 1048576K
Event: 1.739 GC heap after
Heap after GC invocations=9 (full 0):
 PSYoungGen      total 269312K, used 32K [0x00000000d5f00000, 0x00000000f0580000, 0x0000000100000000)
  eden space 265728K, 0% used [0x00000000d5f00000,0x00000000d5f00000,0x00000000e6280000)
  from space 3584K, 0% used [0x00000000e6280000,0x00000000e6288000,0x00000000e6600000)
  to   space 3584K, 0% used [0x00000000f0200000,0x00000000f0200000,0x00000000f0580000)
 ParOldGen       total 87552K, used 2204K [0x0000000081c00000, 0x0000000087180000, 0x00000000d5f00000)
  object space 87552K, 2% used [0x0000000081c00000,0x0000000081e27358,0x0000000087180000)
 Metaspace       used 14287K, capacity 14484K, committed 14848K, reserved 1062912K
  class space    used 1165K, capacity 1228K, committed 1280K, reserved 1048576K
}
Event: 2.400 GC heap before
{Heap before GC invocations=10 (full 0):
 PSYoungGen      total 269312K, used 265760K [0x00000000d5f00000, 0x00000000f0580000, 0x0000000100000000)
  eden space 265728K, 100% used [0x00000000d5f00000,0x00000000e6280000,0x00000000e6280000)
  from space 3584K, 0% used [0x00000000e6280000,0x00000000e6288000,0x00000000e6600000)
  to   space 3584K, 0% used [0x00000000f0200000,0x00000000f0200000,0x00000000f0580000)
 ParOldGen       total 87552K, used 2204K [0x0000000081c00000, 0x0000000087180000, 0x00000000d5f00000)
  object space 87552K, 2% used [0x0000000081c00000,0x0000000081e27358,0x0000000087180000)
 Metaspace       used 16350K, capacity 16532K, committed 16896K, reserved 1064960K
  class space    used 1413K, capacity 1484K, committed 1536K, reserved 1048576K
Event: 2.401 GC heap after
Heap after GC invocations=10 (full 0):
 PSYoungGen      total 429056K, used 1367K [0x00000000d5f00000, 0x00000000f0580000, 0x0000000100000000)
  eden space 425472K, 0% used [0x00000000d5f00000,0x00000000d5f00000,0x00000000efe80000)
  from space 3584K, 38% used [0x00000000f0200000,0x00000000f0355f80,0x00000000f0580000)
  to   space 3584K, 0% used [0x00000000efe80000,0x00000000efe80000,0x00000000f0200000)
 ParOldGen       total 87552K, used 2220K [0x0000000081c00000, 0x0000000087180000, 0x00000000d5f00000)
  object space 87552K, 2% used [0x0000000081c00000,0x0000000081e2b358,0x0000000087180000)
 Metaspace       used 16350K, capacity 16532K, committed 16896K, reserved 1064960K
  class space    used 1413K, capacity 1484K, committed 1536K, reserved 1048576K
}

Deoptimization events (10 events):
Event: 0.266 Thread 0x00000000020f1800 Uncommon trap: reason=unstable_if action=reinterpret pc=0x0000000002a0e654 method=java.lang.String.indexOf([CII[CIII)I @ 134
Event: 0.282 Thread 0x00000000020f1800 Uncommon trap: reason=unstable_if action=reinterpret pc=0x0000000002a9d180 method=java.lang.AbstractStringBuilder.append(Ljava/lang/String;)Ljava/lang/AbstractStringBuilder; @ 1
Event: 0.349 Thread 0x00000000020f1800 Uncommon trap: reason=unstable_if action=reinterpret pc=0x0000000002aefe78 method=java.lang.String.<init>([CII)V @ 18
Event: 0.726 Thread 0x00000000020f1800 Uncommon trap: reason=class_check action=maybe_recompile pc=0x0000000002b77c8c method=sun.misc.URLClassPath.findResource(Ljava/lang/String;Z)Ljava/net/URL; @ 26
Event: 0.727 Thread 0x00000000020f1800 Uncommon trap: reason=class_check action=maybe_recompile pc=0x0000000002b77c8c method=sun.misc.URLClassPath.findResource(Ljava/lang/String;Z)Ljava/net/URL; @ 26
Event: 0.728 Thread 0x00000000020f1800 Uncommon trap: reason=class_check action=maybe_recompile pc=0x0000000002b77c8c method=sun.misc.URLClassPath.findResource(Ljava/lang/String;Z)Ljava/net/URL; @ 26
Event: 0.728 Thread 0x00000000020f1800 Uncommon trap: reason=unstable_if action=reinterpret pc=0x0000000002be05f4 method=java.io.WinNTFileSystem.normalize(Ljava/lang/String;)Ljava/lang/String; @ 128
Event: 0.782 Thread 0x00000000020f1800 Uncommon trap: reason=class_check action=maybe_recompile pc=0x0000000002b77c8c method=sun.misc.URLClassPath.findResource(Ljava/lang/String;Z)Ljava/net/URL; @ 26
Event: 0.889 Thread 0x00000000020f1800 Uncommon trap: reason=unstable_if action=reinterpret pc=0x0000000002c73510 method=java.net.URL.<init>(Ljava/net/URL;Ljava/lang/String;Ljava/net/URLStreamHandler;)V @ 441
Event: 1.832 Thread 0x00000000020f1800 Uncommon trap: reason=unstable_if action=reinterpret pc=0x0000000002d18c40 method=java.net.URLClassLoader$3$1.run()Ljava/net/URL; @ 12

Classes redefined (0 events):
No events

Internal exceptions (10 events):
Event: 2.515 Thread 0x00000000020f1800 Exception <a 'sun/nio/fs/WindowsException'> (0x00000000d7d474e8) thrown at [C:\re\workspace\8-2-build-windows-amd64-cygwin\jdk8u191\11896\hotspot\src\share\vm\prims\jni.cpp, line 709]
Event: 2.515 Thread 0x00000000020f1800 Exception <a 'sun/nio/fs/WindowsException'> (0x00000000d7d48d60) thrown at [C:\re\workspace\8-2-build-windows-amd64-cygwin\jdk8u191\11896\hotspot\src\share\vm\prims\jni.cpp, line 709]
Event: 2.515 Thread 0x00000000020f1800 Exception <a 'sun/nio/fs/WindowsException'> (0x00000000d7d4a360) thrown at [C:\re\workspace\8-2-build-windows-amd64-cygwin\jdk8u191\11896\hotspot\src\share\vm\prims\jni.cpp, line 709]
Event: 2.515 Thread 0x00000000020f1800 Exception <a 'sun/nio/fs/WindowsException'> (0x00000000d7d4b9c0) thrown at [C:\re\workspace\8-2-build-windows-amd64-cygwin\jdk8u191\11896\hotspot\src\share\vm\prims\jni.cpp, line 709]
Event: 2.515 Thread 0x00000000020f1800 Exception <a 'sun/nio/fs/WindowsException'> (0x00000000d7d4d058) thrown at [C:\re\workspace\8-2-build-windows-amd64-cygwin\jdk8u191\11896\hotspot\src\share\vm\prims\jni.cpp, line 709]
Event: 2.515 Thread 0x00000000020f1800 Exception <a 'sun/nio/fs/WindowsException'> (0x00000000d7d4e658) thrown at [C:\re\workspace\8-2-build-windows-amd64-cygwin\jdk8u191\11896\hotspot\src\share\vm\prims\jni.cpp, line 709]
Event: 2.515 Thread 0x00000000020f1800 Exception <a 'sun/nio/fs/WindowsException'> (0x00000000d7d4fc90) thrown at [C:\re\workspace\8-2-build-windows-amd64-cygwin\jdk8u191\11896\hotspot\src\share\vm\prims\jni.cpp, line 709]
Event: 2.515 Thread 0x00000000020f1800 Exception <a 'sun/nio/fs/WindowsException'> (0x00000000d7d512a8) thrown at [C:\re\workspace\8-2-build-windows-amd64-cygwin\jdk8u191\11896\hotspot\src\share\vm\prims\jni.cpp, line 709]
Event: 2.515 Thread 0x00000000020f1800 Exception <a 'sun/nio/fs/WindowsException'> (0x00000000d7d528a8) thrown at [C:\re\workspace\8-2-build-windows-amd64-cygwin\jdk8u191\11896\hotspot\src\share\vm\prims\jni.cpp, line 709]
Event: 2.515 Thread 0x00000000020f1800 Exception <a 'sun/nio/fs/WindowsException'> (0x00000000d7d53ee0) thrown at [C:\re\workspace\8-2-build-windows-amd64-cygwin\jdk8u191\11896\hotspot\src\share\vm\prims\jni.cpp, line 709]

Events (10 events):
Event: 2.579 loading class java/awt/event/HierarchyBoundsListener done
Event: 2.579 loading class java/awt/event/MouseWheelListener
Event: 2.579 loading class java/awt/event/MouseWheelListener done
Event: 2.579 loading class java/awt/AWTEventMulticaster done
Event: 2.580 loading class sun/awt/image/MultiResolutionImage
Event: 2.580 loading class sun/awt/image/MultiResolutionImage done
Event: 2.580 loading class sun/awt/image/ToolkitImage
Event: 2.580 loading class sun/awt/image/ToolkitImage done
Event: 2.585 loading class java/awt/event/ContainerEvent
Event: 2.585 loading class java/awt/event/ContainerEvent done


Dynamic libraries:
0x000000013fa10000 - 0x000000013fa47000 	C:\Program Files\Java\jdk1.8.0_191\bin\java.exe
0x00000000775d0000 - 0x000000007776f000 	C:\Windows\SYSTEM32\ntdll.dll
0x00000000773b0000 - 0x00000000774cf000 	C:\Windows\system32\kernel32.dll
0x000007fefd5a0000 - 0x000007fefd60a000 	C:\Windows\system32\KERNELBASE.dll
0x000007fefe650000 - 0x000007fefe72b000 	C:\Windows\system32\ADVAPI32.dll
0x000007feff660000 - 0x000007feff6ff000 	C:\Windows\system32\msvcrt.dll
0x000007fefe630000 - 0x000007fefe64f000 	C:\Windows\SYSTEM32\sechost.dll
0x000007feff070000 - 0x000007feff19c000 	C:\Windows\system32\RPCRT4.dll
0x00000000774d0000 - 0x00000000775ca000 	C:\Windows\system32\USER32.dll
0x000007feff820000 - 0x000007feff887000 	C:\Windows\system32\GDI32.dll
0x000007fefe960000 - 0x000007fefe96e000 	C:\Windows\system32\LPK.dll
0x000007fefe730000 - 0x000007fefe7fb000 	C:\Windows\system32\USP10.dll
0x000007fefbf10000 - 0x000007fefc104000 	C:\Windows\WinSxS\amd64_microsoft.windows.common-controls_6595b64144ccf1df_6.0.7601.18837_none_fa3b1e3d17594757\COMCTL32.dll
0x000007fefebd0000 - 0x000007fefec41000 	C:\Windows\system32\SHLWAPI.dll
0x000007fefede0000 - 0x000007fefee0e000 	C:\Windows\system32\IMM32.DLL
0x000007fefe800000 - 0x000007fefe909000 	C:\Windows\system32\MSCTF.dll
0x0000000055840000 - 0x0000000055912000 	C:\Program Files\Java\jdk1.8.0_191\jre\bin\msvcr100.dll
0x00000000523e0000 - 0x0000000052c84000 	C:\Program Files\Java\jdk1.8.0_191\jre\bin\server\jvm.dll
0x000007fef9290000 - 0x000007fef9299000 	C:\Windows\system32\WSOCK32.dll
0x000007fefe910000 - 0x000007fefe95d000 	C:\Windows\system32\WS2_32.dll
0x000007feff1a0000 - 0x000007feff1a8000 	C:\Windows\system32\NSI.dll
0x000007fefb340000 - 0x000007fefb37b000 	C:\Windows\system32\WINMM.dll
0x000007fefc5d0000 - 0x000007fefc5dc000 	C:\Windows\system32\VERSION.dll
0x0000000077770000 - 0x0000000077777000 	C:\Windows\system32\PSAPI.DLL
0x0000000060ec0000 - 0x0000000060ecf000 	C:\Program Files\Java\jdk1.8.0_191\jre\bin\verify.dll
0x000000005f0b0000 - 0x000000005f0d9000 	C:\Program Files\Java\jdk1.8.0_191\jre\bin\java.dll
0x00000000600e0000 - 0x00000000600f6000 	C:\Program Files\Java\jdk1.8.0_191\jre\bin\zip.dll
0x000007fefd8a0000 - 0x000007fefe62b000 	C:\Windows\system32\SHELL32.dll
0x000007feff1b0000 - 0x000007feff3ac000 	C:\Windows\system32\ole32.dll
0x000007fefd490000 - 0x000007fefd49f000 	C:\Windows\system32\profapi.dll
0x0000000055500000 - 0x0000000055699000 	C:\Program Files\Java\jdk1.8.0_191\jre\bin\awt.dll
0x000007feff450000 - 0x000007feff52a000 	C:\Windows\system32\OLEAUT32.dll
0x000007fefb770000 - 0x000007fefb788000 	C:\Windows\system32\DWMAPI.DLL
0x000007feed490000 - 0x000007feed5ad000 	C:\Windows\system32\opengl32.dll
0x000007fef6670000 - 0x000007fef669d000 	C:\Windows\system32\GLU32.dll
0x000007feed390000 - 0x000007feed481000 	C:\Windows\system32\DDRAW.dll
0x000007fef8300000 - 0x000007fef8308000 	C:\Windows\system32\DCIMAN32.dll
0x000007fefe970000 - 0x000007fefeb47000 	C:\Windows\system32\SETUPAPI.dll
0x000007fefd6f0000 - 0x000007fefd726000 	C:\Windows\system32\CFGMGR32.dll
0x000007fefd540000 - 0x000007fefd55a000 	C:\Windows\system32\DEVOBJ.dll
0x000007fefbeb0000 - 0x000007fefbf06000 	C:\Windows\system32\uxtheme.dll
0x000007fefd3c0000 - 0x000007fefd3cf000 	C:\Windows\system32\CRYPTBASE.dll
0x0000000055950000 - 0x0000000055997000 	C:\Program Files\Java\jdk1.8.0_191\jre\bin\fontmanager.dll
0x000007fefa2d0000 - 0x000007fefa2d3000 	C:\Users\Nazarov\.javacpp\cache\javacpp-windows-x86_64.jar\org\bytedeco\javacpp\windows-x86_64\api-ms-win-crt-locale-l1-1-0.dll
0x000000005b970000 - 0x000000005b98a000 	C:\Program Files\Java\jdk1.8.0_191\jre\bin\net.dll
0x000007fefcca0000 - 0x000007fefccf5000 	C:\Windows\system32\mswsock.dll
0x000007fefcc90000 - 0x000007fefcc97000 	C:\Windows\System32\wship6.dll
0x0000000059a10000 - 0x0000000059a21000 	C:\Program Files\Java\jdk1.8.0_191\jre\bin\nio.dll
0x000007fefb0d0000 - 0x000007fefb0d4000 	C:\Users\Nazarov\.javacpp\cache\javacpp-windows-x86_64.jar\org\bytedeco\javacpp\windows-x86_64\api-ms-win-crt-string-l1-1-0.dll
0x000007fef84a0000 - 0x000007fef84a4000 	C:\Users\Nazarov\.javacpp\cache\javacpp-windows-x86_64.jar\org\bytedeco\javacpp\windows-x86_64\api-ms-win-crt-stdio-l1-1-0.dll
0x000007fef84b0000 - 0x000007fef84b5000 	C:\Users\Nazarov\.javacpp\cache\javacpp-windows-x86_64.jar\org\bytedeco\javacpp\windows-x86_64\api-ms-win-crt-math-l1-1-0.dll
0x000007fef7a30000 - 0x000007fef7a33000 	C:\Users\Nazarov\.javacpp\cache\javacpp-windows-x86_64.jar\org\bytedeco\javacpp\windows-x86_64\api-ms-win-crt-heap-l1-1-0.dll
0x000007fef7d70000 - 0x000007fef7d74000 	C:\Users\Nazarov\.javacpp\cache\javacpp-windows-x86_64.jar\org\bytedeco\javacpp\windows-x86_64\api-ms-win-crt-runtime-l1-1-0.dll
0x000007fef6800000 - 0x000007fef6804000 	C:\Users\Nazarov\.javacpp\cache\javacpp-windows-x86_64.jar\org\bytedeco\javacpp\windows-x86_64\api-ms-win-crt-convert-l1-1-0.dll
0x000007fef7960000 - 0x000007fef7963000 	C:\Users\Nazarov\.javacpp\cache\javacpp-windows-x86_64.jar\org\bytedeco\javacpp\windows-x86_64\api-ms-win-crt-environment-l1-1-0.dll
0x000007fef5ac0000 - 0x000007fef5ac3000 	C:\Users\Nazarov\.javacpp\cache\javacpp-windows-x86_64.jar\org\bytedeco\javacpp\windows-x86_64\api-ms-win-crt-time-l1-1-0.dll
0x000007fef5fd0000 - 0x000007fef5fd3000 	C:\Users\Nazarov\.javacpp\cache\javacpp-windows-x86_64.jar\org\bytedeco\javacpp\windows-x86_64\api-ms-win-crt-filesystem-l1-1-0.dll
0x000007fef4e70000 - 0x000007fef4e73000 	C:\Users\Nazarov\.javacpp\cache\javacpp-windows-x86_64.jar\org\bytedeco\javacpp\windows-x86_64\api-ms-win-crt-utility-l1-1-0.dll
0x000007fef4de0000 - 0x000007fef4de5000 	C:\Users\Nazarov\.javacpp\cache\javacpp-windows-x86_64.jar\org\bytedeco\javacpp\windows-x86_64\api-ms-win-crt-multibyte-l1-1-0.dll
0x000007fef4dd0000 - 0x000007fef4dd3000 	C:\Users\Nazarov\.javacpp\cache\javacpp-windows-x86_64.jar\org\bytedeco\javacpp\windows-x86_64\api-ms-win-core-string-l1-1-0.dll
0x000007fef4ca0000 - 0x000007fef4ca3000 	C:\Users\Nazarov\.javacpp\cache\javacpp-windows-x86_64.jar\org\bytedeco\javacpp\windows-x86_64\api-ms-win-core-errorhandling-l1-1-0.dll
0x000007fef4c90000 - 0x000007fef4c93000 	C:\Users\Nazarov\.javacpp\cache\javacpp-windows-x86_64.jar\org\bytedeco\javacpp\windows-x86_64\api-ms-win-core-timezone-l1-1-0.dll
0x000007fef4c80000 - 0x000007fef4c84000 	C:\Users\Nazarov\.javacpp\cache\javacpp-windows-x86_64.jar\org\bytedeco\javacpp\windows-x86_64\api-ms-win-core-file-l1-1-0.dll
0x000007fef4c70000 - 0x000007fef4c73000 	C:\Users\Nazarov\.javacpp\cache\javacpp-windows-x86_64.jar\org\bytedeco\javacpp\windows-x86_64\api-ms-win-core-namedpipe-l1-1-0.dll
0x000007fef4c60000 - 0x000007fef4c63000 	C:\Users\Nazarov\.javacpp\cache\javacpp-windows-x86_64.jar\org\bytedeco\javacpp\windows-x86_64\api-ms-win-core-handle-l1-1-0.dll
0x000007fef4c50000 - 0x000007fef4c53000 	C:\Users\Nazarov\.javacpp\cache\javacpp-windows-x86_64.jar\org\bytedeco\javacpp\windows-x86_64\api-ms-win-core-file-l2-1-0.dll
0x000007fef4bb0000 - 0x000007fef4bb3000 	C:\Users\Nazarov\.javacpp\cache\javacpp-windows-x86_64.jar\org\bytedeco\javacpp\windows-x86_64\api-ms-win-core-heap-l1-1-0.dll
0x000007fef3f10000 - 0x000007fef3f13000 	C:\Users\Nazarov\.javacpp\cache\javacpp-windows-x86_64.jar\org\bytedeco\javacpp\windows-x86_64\api-ms-win-core-libraryloader-l1-1-0.dll
0x000007fef3f00000 - 0x000007fef3f03000 	C:\Users\Nazarov\.javacpp\cache\javacpp-windows-x86_64.jar\org\bytedeco\javacpp\windows-x86_64\api-ms-win-core-synch-l1-1-0.dll
0x000007fef3ef0000 - 0x000007fef3ef3000 	C:\Users\Nazarov\.javacpp\cache\javacpp-windows-x86_64.jar\org\bytedeco\javacpp\windows-x86_64\api-ms-win-core-processthreads-l1-1-0.dll
0x000007fef3ee0000 - 0x000007fef3ee3000 	C:\Users\Nazarov\.javacpp\cache\javacpp-windows-x86_64.jar\org\bytedeco\javacpp\windows-x86_64\api-ms-win-core-processenvironment-l1-1-0.dll
0x000007fef3ea0000 - 0x000007fef3ea3000 	C:\Users\Nazarov\.javacpp\cache\javacpp-windows-x86_64.jar\org\bytedeco\javacpp\windows-x86_64\api-ms-win-core-datetime-l1-1-0.dll
0x000007fef3e90000 - 0x000007fef3e93000 	C:\Users\Nazarov\.javacpp\cache\javacpp-windows-x86_64.jar\org\bytedeco\javacpp\windows-x86_64\api-ms-win-core-localization-l1-2-0.dll
0x000007fef3e80000 - 0x000007fef3e83000 	C:\Users\Nazarov\.javacpp\cache\javacpp-windows-x86_64.jar\org\bytedeco\javacpp\windows-x86_64\api-ms-win-core-sysinfo-l1-1-0.dll
0x000007fef3e70000 - 0x000007fef3e73000 	C:\Users\Nazarov\.javacpp\cache\javacpp-windows-x86_64.jar\org\bytedeco\javacpp\windows-x86_64\api-ms-win-core-synch-l1-2-0.dll
0x000007fef3e60000 - 0x000007fef3e63000 	C:\Users\Nazarov\.javacpp\cache\javacpp-windows-x86_64.jar\org\bytedeco\javacpp\windows-x86_64\api-ms-win-core-console-l1-1-0.dll
0x000007fef3e20000 - 0x000007fef3e23000 	C:\Users\Nazarov\.javacpp\cache\javacpp-windows-x86_64.jar\org\bytedeco\javacpp\windows-x86_64\api-ms-win-core-debug-l1-1-0.dll
0x000007fef3e10000 - 0x000007fef3e13000 	C:\Users\Nazarov\.javacpp\cache\javacpp-windows-x86_64.jar\org\bytedeco\javacpp\windows-x86_64\api-ms-win-core-rtlsupport-l1-1-0.dll
0x000007fef3dd0000 - 0x000007fef3dd3000 	C:\Users\Nazarov\.javacpp\cache\javacpp-windows-x86_64.jar\org\bytedeco\javacpp\windows-x86_64\api-ms-win-core-processthreads-l1-1-1.dll
0x000007fef3dc0000 - 0x000007fef3dc3000 	C:\Users\Nazarov\.javacpp\cache\javacpp-windows-x86_64.jar\org\bytedeco\javacpp\windows-x86_64\api-ms-win-core-file-l1-2-0.dll
0x000007fef3db0000 - 0x000007fef3db3000 	C:\Users\Nazarov\.javacpp\cache\javacpp-windows-x86_64.jar\org\bytedeco\javacpp\windows-x86_64\api-ms-win-core-profile-l1-1-0.dll
0x000007fef3da0000 - 0x000007fef3da3000 	C:\Users\Nazarov\.javacpp\cache\javacpp-windows-x86_64.jar\org\bytedeco\javacpp\windows-x86_64\api-ms-win-core-memory-l1-1-0.dll
0x000007fef3d90000 - 0x000007fef3d93000 	C:\Users\Nazarov\.javacpp\cache\javacpp-windows-x86_64.jar\org\bytedeco\javacpp\windows-x86_64\api-ms-win-core-util-l1-1-0.dll
0x000007fef3d80000 - 0x000007fef3d83000 	C:\Users\Nazarov\.javacpp\cache\javacpp-windows-x86_64.jar\org\bytedeco\javacpp\windows-x86_64\api-ms-win-core-interlocked-l1-1-0.dll
0x000007fee9260000 - 0x000007fee935a000 	C:\Users\Nazarov\.javacpp\cache\javacpp-windows-x86_64.jar\org\bytedeco\javacpp\windows-x86_64\ucrtbase.dll
0x000007fef3890000 - 0x000007fef38a5000 	C:\Users\Nazarov\.javacpp\cache\javacpp-windows-x86_64.jar\org\bytedeco\javacpp\windows-x86_64\vcruntime140.dll
0x000007fef3d70000 - 0x000007fef3d7c000 	C:\Users\Nazarov\.javacpp\cache\javacpp-windows-x86_64.jar\org\bytedeco\javacpp\windows-x86_64\vcruntime140_1.dll
0x000007fef18d0000 - 0x000007fef196b000 	C:\Users\Nazarov\.javacpp\cache\javacpp-windows-x86_64.jar\org\bytedeco\javacpp\windows-x86_64\msvcp140.dll
0x000007fef3880000 - 0x000007fef3889000 	C:\Users\Nazarov\.javacpp\cache\javacpp-windows-x86_64.jar\org\bytedeco\javacpp\windows-x86_64\msvcp140_1.dll
0x000007fef30c0000 - 0x000007fef3111000 	C:\Users\Nazarov\.javacpp\cache\javacpp-windows-x86_64.jar\org\bytedeco\javacpp\windows-x86_64\concrt140.dll
0x000007fef3850000 - 0x000007fef3877000 	C:\Users\Nazarov\.javacpp\cache\javacpp-windows-x86_64.jar\org\bytedeco\javacpp\windows-x86_64\vcomp140.dll
0x000007fef37e0000 - 0x000007fef37ee000 	C:\Users\Nazarov\.javacpp\cache\javacpp-windows-x86_64.jar\org\bytedeco\javacpp\windows-x86_64\jnijavacpp.dll
0x000000006d7c0000 - 0x000000006f34c000 	C:\Users\Nazarov\.javacpp\cache\openblas-windows-x86_64.jar\org\bytedeco\openblas\windows-x86_64\libopenblas_nolapack.dll
0x000007fef1870000 - 0x000007fef18ca000 	C:\Users\Nazarov\.javacpp\cache\openblas-windows-x86_64.jar\org\bytedeco\openblas\windows-x86_64\jniopenblas_nolapack.dll
0x0000000024290000 - 0x0000000025e1c000 	C:\Users\Nazarov\.javacpp\cache\openblas-windows-x86_64.jar\org\bytedeco\openblas\windows-x86_64\libopenblas.dll
0x000007fedb5a0000 - 0x000007fedc98d000 	C:\Users\Nazarov\.javacpp\cache\openblas-windows-x86_64.jar\org\bytedeco\openblas\windows-x86_64\jniopenblas.dll
0x000007fee0c90000 - 0x000007fee1091000 	C:\Users\Nazarov\.javacpp\cache\opencv-windows-x86_64.jar\org\bytedeco\opencv\windows-x86_64\opencv_core440.dll
0x000007fedaf70000 - 0x000007fedb593000 	C:\Users\Nazarov\.javacpp\cache\opencv-windows-x86_64.jar\org\bytedeco\opencv\windows-x86_64\opencv_imgproc440.dll
0x000007fee0970000 - 0x000007fee0c8a000 	C:\Users\Nazarov\.javacpp\cache\opencv-windows-x86_64.jar\org\bytedeco\opencv\windows-x86_64\jniopencv_core.dll
0x000007fee77c0000 - 0x000007fee7913000 	C:\Users\Nazarov\.javacpp\cache\opencv-windows-x86_64.jar\org\bytedeco\opencv\windows-x86_64\jniopencv_imgproc.dll
0x000007fedaba0000 - 0x000007fedaf66000 	C:\Users\Nazarov\.javacpp\cache\opencv-windows-x86_64.jar\org\bytedeco\opencv\windows-x86_64\opencv_imgcodecs440.dll
0x000007fef1760000 - 0x000007fef1790000 	C:\Users\Nazarov\.javacpp\cache\opencv-windows-x86_64.jar\org\bytedeco\opencv\windows-x86_64\jniopencv_imgcodecs.dll
0x000007feec6e0000 - 0x000007feec772000 	C:\Users\Nazarov\.javacpp\cache\opencv-windows-x86_64.jar\org\bytedeco\opencv\windows-x86_64\opencv_videoio440.dll
0x000007feed0d0000 - 0x000007feed13d000 	C:\Windows\system32\MFPlat.DLL
0x000007fefb7f0000 - 0x000007fefb7f9000 	C:\Windows\system32\AVRT.dll
0x000007feec780000 - 0x000007feecb71000 	C:\Windows\system32\MF.dll
0x000007fefb6e0000 - 0x000007fefb6f9000 	C:\Windows\system32\ATL.DLL
0x0000000075260000 - 0x0000000075266000 	C:\Windows\system32\ksuser.dll
0x000007fef7dd0000 - 0x000007fef7e12000 	C:\Windows\system32\MFReadWrite.dll
0x000007fef5320000 - 0x000007fef54f5000 	C:\Windows\system32\d3d11.dll
0x000007fefa6e0000 - 0x000007fefa73d000 	C:\Windows\system32\dxgi.dll
0x000007fef19d0000 - 0x000007fef19fb000 	C:\Users\Nazarov\.javacpp\cache\opencv-windows-x86_64.jar\org\bytedeco\opencv\windows-x86_64\jniopencv_videoio.dll
0x000007feff700000 - 0x000007feff799000 	C:\Windows\system32\CLBCatQ.DLL
0x000007fef4f40000 - 0x000007fef4f56000 	C:\Windows\system32\devenum.dll
0x000007fefc5a0000 - 0x000007fefc5cd000 	C:\Windows\system32\ntmarta.dll
0x000007feff7a0000 - 0x000007feff7f2000 	C:\Windows\system32\WLDAP32.dll
0x000007fefd560000 - 0x000007fefd59b000 	C:\Windows\system32\WINTRUST.dll
0x000007fefd730000 - 0x000007fefd89d000 	C:\Windows\system32\CRYPT32.dll
0x000007fefd530000 - 0x000007fefd53f000 	C:\Windows\system32\MSASN1.dll
0x000007fefb0e0000 - 0x000007fefb0ed000 	C:\Windows\system32\msdmo.dll
0x000007fef7e60000 - 0x000007fef7e6b000 	C:\Windows\system32\vidcap.ax
0x000007fef4cb0000 - 0x000007fef4cd4000 	C:\Windows\system32\kswdmcap.ax
0x000007fef38b0000 - 0x000007fef3a0c000 	C:\Windows\system32\MFC42.dll
0x000007fef3290000 - 0x000007fef3341000 	C:\Windows\system32\ODBC32.dll
0x0000000054ce0000 - 0x0000000054d18000 	C:\Windows\system32\odbcint.dll
0x000007fef1850000 - 0x000007fef186a000 	C:\Windows\System32\mfmjpegdec.dll
0x000007fef97f0000 - 0x000007fef9915000 	C:\Windows\system32\dbghelp.dll

VM Arguments:
jvm_args: -Dfile.encoding=UTF-8 
java_command: educationpracticum.CaptureWebCam
java_class_path (initial): C:\Users\Nazarov\Documents\NetBeansProjects\EducationPracticum\lib\javacv-platform-1.5.4-bin\artoolkitplus-android-arm.jar;C:\Users\Nazarov\Documents\NetBeansProjects\EducationPracticum\lib\javacv-platform-1.5.4-bin\artoolkitplus-android-arm64.jar;C:\Users\Nazarov\Documents\NetBeansProjects\EducationPracticum\lib\javacv-platform-1.5.4-bin\artoolkitplus-android-x86.jar;C:\Users\Nazarov\Documents\NetBeansProjects\EducationPracticum\lib\javacv-platform-1.5.4-bin\artoolkitplus-android-x86_64.jar;C:\Users\Nazarov\Documents\NetBeansProjects\EducationPracticum\lib\javacv-platform-1.5.4-bin\artoolkitplus-linux-arm64.jar;C:\Users\Nazarov\Documents\NetBeansProjects\EducationPracticum\lib\javacv-platform-1.5.4-bin\artoolkitplus-linux-armhf.jar;C:\Users\Nazarov\Documents\NetBeansProjects\EducationPracticum\lib\javacv-platform-1.5.4-bin\artoolkitplus-linux-ppc64le.jar;C:\Users\Nazarov\Documents\NetBeansProjects\EducationPracticum\lib\javacv-platform-1.5.4-bin\artoolkitplus-linux-x86.jar;C:\Users\Nazarov\Documents\NetBeansProjects\EducationPracticum\lib\javacv-platform-1.5.4-bin\artoolkitplus-linux-x86_64.jar;C:\Users\Nazarov\Documents\NetBeansProjects\EducationPracticum\lib\javacv-platform-1.5.4-bin\artoolkitplus-macosx-x86_64.jar;C:\Users\Nazarov\Documents\NetBeansProjects\EducationPracticum\lib\javacv-platform-1.5.4-bin\artoolkitplus-platform.jar;C:\Users\Nazarov\Documents\NetBeansProjects\EducationPracticum\lib\javacv-platform-1.5.4-bin\artoolkitplus-windows-x86.jar;C:\Users\Nazarov\Documents\NetBeansProjects\EducationPracticum\lib\javacv-platform-1.5.4-bin\artoolkitplus-windows-x86_64.jar;C:\Users\Nazarov\Documents\NetBeansProjects\EducationPracticum\lib\javacv-platform-1.5.4-bin\artoolkitplus.jar;C:\Users\Nazarov\Documents\NetBeansProjects\EducationPracticum\lib\javacv-platform-1.5.4-bin\ffmpeg-android-arm.jar;C:\Users\Nazarov\Documents\NetBeansProjects\EducationPracticum\lib\javacv-platform-1.5.4-bin\ffmpeg-android-arm64.jar;C:\Users\Nazarov\Do
Launcher Type: SUN_STANDARD

Environment Variables:
PATH=C:\Program Files (x86)\Common Files\Oracle\Java\javapath;C:\Program Files (x86)\Intel\iCLS Client\;C:\Program Files\Intel\iCLS Client\;C:\Windows\system32;C:\Windows;C:\Windows\System32\Wbem;C:\Windows\System32\WindowsPowerShell\v1.0\;C:\Program Files (x86)\Intel\UCRT\;C:\Program Files\Intel\UCRT\;C:\Program Files (x86)\Intel\Intel(R) Management Engine Components\DAL;C:\Program Files\Intel\Intel(R) Management Engine Components\DAL;C:\Program Files (x86)\Intel\Intel(R) Management Engine Components\IPT;C:\Program Files\Intel\Intel(R) Management Engine Components\IPT;C:\Program Files\Windows Imaging\;C:\Program Files (x86)\STMicroelectronics\STM32 ST-LINK Utility\ST-LINK Utility;C:\adb;C:\Program Files\dotnet\;C:\Program Files (x86)\Common Files\Oracle\Java\javapath;C:\Program Files (x86)\Intel\iCLS Client\;C:\Program Files\Intel\iCLS Client\;C:\Windows\system32;C:\Windows;C:\Windows\System32\Wbem;C:\Windows\System32\WindowsPowerShell\v1.0\;C:\Program Files (x86)\Intel\UCRT\;C:\Program Files\Intel\UCRT\;C:\Program Files (x86)\Intel\Intel(R) Management Engine Components\DAL;C:\Program Files\Intel\Intel(R) Management Engine Components\DAL;C:\Program Files (x86)\Intel\Intel(R) Management Engine Components\IPT;C:\Program Files\Intel\Intel(R) Management Engine Components\IPT;C:\Users\Nazarov\AppData\Local\Programs\Git\cmd
USERNAME=nazarov
OS=Windows_NT
PROCESSOR_IDENTIFIER=Intel64 Family 6 Model 94 Stepping 3, GenuineIntel



---------------  S Y S T E M  ---------------

OS: Windows 7 , 64 bit Build 7601 (6.1.7601.24384)

CPU:total 4 (initial active 4) (2 cores per cpu, 2 threads per core) family 6 model 94 stepping 3, cmov, cx8, fxsr, mmx, sse, sse2, sse3, ssse3, sse4.1, sse4.2, popcnt, avx, avx2, aes, clmul, erms, 3dnowpref, lzcnt, ht, tsc, tscinvbit, bmi1, bmi2, adx

Memory: 4k page, physical 8273880k(2158156k free), swap 8271976k(1770988k free)

vm_info: Java HotSpot(TM) 64-Bit Server VM (25.191-b12) for windows-amd64 JRE (1.8.0_191-b12), built on Oct  6 2018 09:29:03 by "java_re" with MS VC++ 10.0 (VS2010)

time: Thu Jan 21 11:23:02 2021
elapsed time: 3 seconds (0d 0h 0m 3s)

