#
# A fatal error has been detected by the Java Runtime Environment:
#
#  EXCEPTION_ACCESS_VIOLATION (0xc0000005) at pc=0x6efb282e, pid=9416, tid=0x00003344
#
# JRE version: Java(TM) SE Runtime Environment (8.0_211-b12) (build 1.8.0_211-b12)
# Java VM: Java HotSpot(TM) Client VM (25.211-b12 mixed mode windows-x86 )
# Problematic frame:
# C  [vcruntime140.dll+0x282e]
#
# Failed to write core dump. Minidumps are not enabled by default on client versions of Windows
#
# If you would like to submit a bug report, please visit:
#   http://bugreport.java.com/bugreport/crash.jsp
# The crash happened outside the Java Virtual Machine in native code.
# See problematic frame for where to report the bug.
#

---------------  T H R E A D  ---------------

Current thread (0x02206000):  JavaThread "main" [_thread_in_native, id=13124, stack(0x00420000,0x00470000)]

siginfo: ExceptionCode=0xc0000005, reading address 0x227c7000

Registers:
EAX=0x22811020, EBX=0x00000000, ECX=0x0004a020, EDX=0x000e1000
ESP=0x0046f6c0, EBP=0x0046f8b8, ESI=0x227c7000, EDI=0x23027020
EIP=0x6efb282e, EFLAGS=0x00010203

Top of Stack: (sp=0x0046f6c0)
0x0046f6c0:   22730020 22f90040 6ce17ac3 22f90040
0x0046f6d0:   22730020 000e1000 b0ca5b5a 60450a78
0x0046f6e0:   0046fa30 00599610 000000ce 00000005
0x0046f6f0:   000e1000 00000000 00000000 00000000
0x0046f700:   00000058 00000000 00599380 004f8100
0x0046f710:   004f822c 005ce2e8 004f8700 004f88a0
0x0046f720:   0046f6b4 00000000 0046f998 77804dcd
0x0046f730:   3992f7d2 fffffffe 42ff4010 00000002 

Instructions: (pc=0x6efb282e)
0x6efb280e:   00 73 13 0f ba 25 14 f0 fb 6e 01 0f 82 8e 04 00
0x6efb281e:   00 e9 e3 01 00 00 0f ba 25 d0 f2 fb 6e 01 73 09
0x6efb282e:   f3 a4 8b 44 24 0c 5e 5f c3 8b c7 33 c6 a9 0f 00
0x6efb283e:   00 00 75 0e 0f ba 25 14 f0 fb 6e 01 0f 82 e0 03 


Register to memory mapping:

EAX=0x22811020 is an unknown value
EBX=0x00000000 is an unknown value
ECX=0x0004a020 is an unknown value
EDX=0x000e1000 is an unknown value
ESP=0x0046f6c0 is pointing into the stack for thread: 0x02206000
EBP=0x0046f8b8 is pointing into the stack for thread: 0x02206000
ESI=0x227c7000 is an unknown value
EDI=0x23027020 is an unknown value


Stack: [0x00420000,0x00470000],  sp=0x0046f6c0,  free space=317k
Native frames: (J=compiled Java code, j=interpreted, Vv=VM code, C=native code)
C  [vcruntime140.dll+0x282e]
C  [opencv_videoio440.dll+0x3a869]
C  [opencv_videoio440.dll+0xc3ce]
C  [opencv_videoio440.dll+0xc168]
C  [jniopencv_videoio.dll+0x25e4]
j  org.bytedeco.opencv.opencv_videoio.VideoCapture.read(Lorg/bytedeco/opencv/opencv_core/Mat;)Z+0
j  org.bytedeco.javacv.OpenCVFrameGrabber.start()V+400
j  educationpracticum.CaptureWebCam.Start()V+23
j  educationpracticum.CaptureWebCam.main([Ljava/lang/String;)V+9
v  ~StubRoutines::call_stub
V  [jvm.dll+0x15c305]
V  [jvm.dll+0x2251ee]
V  [jvm.dll+0x15c39e]
V  [jvm.dll+0xdd9c7]
V  [jvm.dll+0xe5f5f]
C  [java.exe+0x2363]
C  [java.exe+0xb03f]
C  [java.exe+0xb0c9]
C  [kernel32.dll+0x1344d]
C  [ntdll.dll+0x39802]
C  [ntdll.dll+0x397d5]
C  0x00000000

Java frames: (J=compiled Java code, j=interpreted, Vv=VM code)
j  org.bytedeco.opencv.opencv_videoio.VideoCapture.read(Lorg/bytedeco/opencv/opencv_core/Mat;)Z+0
j  org.bytedeco.javacv.OpenCVFrameGrabber.start()V+400
j  educationpracticum.CaptureWebCam.Start()V+23
j  educationpracticum.CaptureWebCam.main([Ljava/lang/String;)V+9
v  ~StubRoutines::call_stub

---------------  P R O C E S S  ---------------

Java Threads: ( => current thread )
  0x1620d800 JavaThread "JavaCPP Deallocator" daemon [_thread_blocked, id=12432, stack(0x17a10000,0x17a60000)]
  0x15f51000 JavaThread "AWT-EventQueue-0" [_thread_blocked, id=11764, stack(0x16920000,0x16970000)]
  0x15f1b800 JavaThread "AWT-Windows" daemon [_thread_in_native, id=2752, stack(0x165a0000,0x165f0000)]
  0x15f1ac00 JavaThread "AWT-Shutdown" [_thread_blocked, id=6320, stack(0x15660000,0x156b0000)]
  0x15f16400 JavaThread "Java2D Disposer" daemon [_thread_blocked, id=11336, stack(0x16550000,0x165a0000)]
  0x14eab800 JavaThread "Service Thread" daemon [_thread_blocked, id=10300, stack(0x15260000,0x152b0000)]
  0x14ea8c00 JavaThread "C1 CompilerThread0" daemon [_thread_blocked, id=10196, stack(0x15490000,0x154e0000)]
  0x14eb5800 JavaThread "Attach Listener" daemon [_thread_blocked, id=5372, stack(0x152c0000,0x15310000)]
  0x14eb2800 JavaThread "Signal Dispatcher" daemon [_thread_blocked, id=11720, stack(0x04780000,0x047d0000)]
  0x14e92000 JavaThread "Finalizer" daemon [_thread_blocked, id=7596, stack(0x14c80000,0x14cd0000)]
  0x14e8c800 JavaThread "Reference Handler" daemon [_thread_blocked, id=9004, stack(0x00470000,0x004c0000)]
=>0x02206000 JavaThread "main" [_thread_in_native, id=13124, stack(0x00420000,0x00470000)]

Other Threads:
  0x14e65400 VMThread [stack: 0x15040000,0x15090000] [id=12732]
  0x14ead400 WatcherThread [stack: 0x15750000,0x157a0000] [id=9164]

VM state:not at safepoint (normal execution)

VM Mutex/Monitor currently owned by a thread: None

Heap:
 def new generation   total 4992K, used 3738K [0x04800000, 0x04d60000, 0x09d50000)
  eden space 4480K,  83% used [0x04800000, 0x04ba58e0, 0x04c60000)
  from space 512K,   0% used [0x04ce0000, 0x04ce1168, 0x04d60000)
  to   space 512K,   0% used [0x04c60000, 0x04c60000, 0x04ce0000)
 tenured generation   total 10944K, used 9478K [0x09d50000, 0x0a800000, 0x14800000)
   the space 10944K,  86% used [0x09d50000, 0x0a691920, 0x0a691a00, 0x0a800000)
 Metaspace       used 10994K, capacity 11184K, committed 11264K, reserved 11648K

Card table byte_map: [0x046d0000,0x04760000] byte_map_base: 0x046ac000

Polling page: 0x001d0000

CodeCache: size=32768Kb used=1763Kb max_used=1763Kb free=31004Kb
 bounds [0x026d0000, 0x02890000, 0x046d0000]
 total_blobs=1018 nmethods=601 adapters=348
 compilation: enabled

Compilation events (10 events):
Event: 3.200 Thread 0x14ea8c00  602             sun.java2d.pipe.Region::getInstanceXYWH (16 bytes)
Event: 3.201 Thread 0x14ea8c00 nmethod 602 0x02886448 code [0x02886540, 0x02886660]
Event: 3.244 Thread 0x14ea8c00  604             java.util.concurrent.locks.AbstractOwnableSynchronizer::getExclusiveOwnerThread (5 bytes)
Event: 3.244 Thread 0x14ea8c00 nmethod 604 0x02886988 code [0x02886a80, 0x02886b00]
Event: 3.288 Thread 0x14ea8c00  605   !         java.awt.Container::getComponent (42 bytes)
Event: 3.289 Thread 0x14ea8c00 nmethod 605 0x02886b48 code [0x02886c90, 0x02886f4c]
Event: 3.295 Thread 0x14ea8c00  606             java.security.AccessControlContext::optimize (318 bytes)
Event: 3.296 Thread 0x14ea8c00 nmethod 606 0x028871c8 code [0x028873d0, 0x02887cd8]
Event: 3.297 Thread 0x14ea8c00  607             sun.awt.AWTAccessor::getComponentAccessor (18 bytes)
Event: 3.298 Thread 0x14ea8c00 nmethod 607 0x028885c8 code [0x028886d0, 0x0288876c]

GC Heap History (10 events):
Event: 3.185 GC heap before
{Heap before GC invocations=50 (full 1):
 def new generation   total 4992K, used 4150K [0x04800000, 0x04d60000, 0x09d50000)
  eden space 4480K,  92% used [0x04800000, 0x04c0d9a0, 0x04c60000)
  from space 512K,   0% used [0x04c60000, 0x04c60000, 0x04ce0000)
  to   space 512K,   0% used [0x04ce0000, 0x04ce0000, 0x04d60000)
 tenured generation   total 10944K, used 3448K [0x09d50000, 0x0a800000, 0x14800000)
   the space 10944K,  31% used [0x09d50000, 0x0a0ae2a8, 0x0a0ae400, 0x0a800000)
 Metaspace       used 10990K, capacity 11184K, committed 11264K, reserved 11648K
Event: 3.186 GC heap after
Heap after GC invocations=51 (full 1):
 def new generation   total 4992K, used 4K [0x04800000, 0x04d60000, 0x09d50000)
  eden space 4480K,   0% used [0x04800000, 0x04800000, 0x04c60000)
  from space 512K,   0% used [0x04ce0000, 0x04ce1170, 0x04d60000)
  to   space 512K,   0% used [0x04c60000, 0x04c60000, 0x04ce0000)
 tenured generation   total 10944K, used 5017K [0x09d50000, 0x0a800000, 0x14800000)
   the space 10944K,  45% used [0x09d50000, 0x0a236518, 0x0a236600, 0x0a800000)
 Metaspace       used 10990K, capacity 11184K, committed 11264K, reserved 11648K
}
Event: 3.203 GC heap before
{Heap before GC invocations=51 (full 1):
 def new generation   total 4992K, used 4310K [0x04800000, 0x04d60000, 0x09d50000)
  eden space 4480K,  96% used [0x04800000, 0x04c34700, 0x04c60000)
  from space 512K,   0% used [0x04ce0000, 0x04ce1170, 0x04d60000)
  to   space 512K,   0% used [0x04c60000, 0x04c60000, 0x04ce0000)
 tenured generation   total 10944K, used 5017K [0x09d50000, 0x0a800000, 0x14800000)
   the space 10944K,  45% used [0x09d50000, 0x0a236518, 0x0a236600, 0x0a800000)
 Metaspace       used 10990K, capacity 11184K, committed 11264K, reserved 11648K
Event: 3.203 GC heap after
Heap after GC invocations=52 (full 1):
 def new generation   total 4992K, used 3K [0x04800000, 0x04d60000, 0x09d50000)
  eden space 4480K,   0% used [0x04800000, 0x04800000, 0x04c60000)
  from space 512K,   0% used [0x04c60000, 0x04c60ec8, 0x04ce0000)
  to   space 512K,   0% used [0x04ce0000, 0x04ce0000, 0x04d60000)
 tenured generation   total 10944K, used 5883K [0x09d50000, 0x0a800000, 0x14800000)
   the space 10944K,  53% used [0x09d50000, 0x0a30ec58, 0x0a30ee00, 0x0a800000)
 Metaspace       used 10990K, capacity 11184K, committed 11264K, reserved 11648K
}
Event: 3.224 GC heap before
{Heap before GC invocations=52 (full 1):
 def new generation   total 4992K, used 4483K [0x04800000, 0x04d60000, 0x09d50000)
  eden space 4480K, 100% used [0x04800000, 0x04c60000, 0x04c60000)
  from space 512K,   0% used [0x04c60000, 0x04c60ec8, 0x04ce0000)
  to   space 512K,   0% used [0x04ce0000, 0x04ce0000, 0x04d60000)
 tenured generation   total 10944K, used 5883K [0x09d50000, 0x0a800000, 0x14800000)
   the space 10944K,  53% used [0x09d50000, 0x0a30ec58, 0x0a30ee00, 0x0a800000)
 Metaspace       used 10990K, capacity 11184K, committed 11264K, reserved 11648K
Event: 3.225 GC heap after
Heap after GC invocations=53 (full 1):
 def new generation   total 4992K, used 3K [0x04800000, 0x04d60000, 0x09d50000)
  eden space 4480K,   0% used [0x04800000, 0x04800000, 0x04c60000)
  from space 512K,   0% used [0x04ce0000, 0x04ce0fb0, 0x04d60000)
  to   space 512K,   0% used [0x04c60000, 0x04c60000, 0x04ce0000)
 tenured generation   total 10944K, used 7659K [0x09d50000, 0x0a800000, 0x14800000)
   the space 10944K,  69% used [0x09d50000, 0x0a4cac98, 0x0a4cae00, 0x0a800000)
 Metaspace       used 10990K, capacity 11184K, committed 11264K, reserved 11648K
}
Event: 3.242 GC heap before
{Heap before GC invocations=53 (full 1):
 def new generation   total 4992K, used 3700K [0x04800000, 0x04d60000, 0x09d50000)
  eden space 4480K,  82% used [0x04800000, 0x04b9c240, 0x04c60000)
  from space 512K,   0% used [0x04ce0000, 0x04ce0fb0, 0x04d60000)
  to   space 512K,   0% used [0x04c60000, 0x04c60000, 0x04ce0000)
 tenured generation   total 10944K, used 7659K [0x09d50000, 0x0a800000, 0x14800000)
   the space 10944K,  69% used [0x09d50000, 0x0a4cac98, 0x0a4cae00, 0x0a800000)
 Metaspace       used 10990K, capacity 11184K, committed 11264K, reserved 11648K
Event: 3.243 GC heap after
Heap after GC invocations=54 (full 1):
 def new generation   total 4992K, used 4K [0x04800000, 0x04d60000, 0x09d50000)
  eden space 4480K,   0% used [0x04800000, 0x04800000, 0x04c60000)
  from space 512K,   0% used [0x04c60000, 0x04c61260, 0x04ce0000)
  to   space 512K,   0% used [0x04ce0000, 0x04ce0000, 0x04d60000)
 tenured generation   total 10944K, used 8565K [0x09d50000, 0x0a800000, 0x14800000)
   the space 10944K,  78% used [0x09d50000, 0x0a5ad7a8, 0x0a5ad800, 0x0a800000)
 Metaspace       used 10990K, capacity 11184K, committed 11264K, reserved 11648K
}
Event: 3.290 GC heap before
{Heap before GC invocations=54 (full 1):
 def new generation   total 4992K, used 3744K [0x04800000, 0x04d60000, 0x09d50000)
  eden space 4480K,  83% used [0x04800000, 0x04ba6e48, 0x04c60000)
  from space 512K,   0% used [0x04c60000, 0x04c61260, 0x04ce0000)
  to   space 512K,   0% used [0x04ce0000, 0x04ce0000, 0x04d60000)
 tenured generation   total 10944K, used 8565K [0x09d50000, 0x0a800000, 0x14800000)
   the space 10944K,  78% used [0x09d50000, 0x0a5ad7a8, 0x0a5ad800, 0x0a800000)
 Metaspace       used 10990K, capacity 11184K, committed 11264K, reserved 11648K
Event: 3.290 GC heap after
Heap after GC invocations=55 (full 1):
 def new generation   total 4992K, used 4K [0x04800000, 0x04d60000, 0x09d50000)
  eden space 4480K,   0% used [0x04800000, 0x04800000, 0x04c60000)
  from space 512K,   0% used [0x04ce0000, 0x04ce1168, 0x04d60000)
  to   space 512K,   0% used [0x04c60000, 0x04c60000, 0x04ce0000)
 tenured generation   total 10944K, used 9478K [0x09d50000, 0x0a800000, 0x14800000)
   the space 10944K,  86% used [0x09d50000, 0x0a691920, 0x0a691a00, 0x0a800000)
 Metaspace       used 10990K, capacity 11184K, committed 11264K, reserved 11648K
}

Deoptimization events (0 events):
No events

Classes redefined (0 events):
No events

Internal exceptions (10 events):
Event: 2.795 Thread 0x02206000 Exception <a 'sun/nio/fs/WindowsException'> (0x049ef808) thrown at [C:\re\workspace\8-2-build-windows-i586-cygwin\jdk8u211\12973\hotspot\src\share\vm\prims\jni.cpp, line 710]
Event: 2.795 Thread 0x02206000 Exception <a 'sun/nio/fs/WindowsException'> (0x049f0dd8) thrown at [C:\re\workspace\8-2-build-windows-i586-cygwin\jdk8u211\12973\hotspot\src\share\vm\prims\jni.cpp, line 710]
Event: 2.795 Thread 0x02206000 Exception <a 'sun/nio/fs/WindowsException'> (0x049f2450) thrown at [C:\re\workspace\8-2-build-windows-i586-cygwin\jdk8u211\12973\hotspot\src\share\vm\prims\jni.cpp, line 710]
Event: 2.795 Thread 0x02206000 Exception <a 'sun/nio/fs/WindowsException'> (0x049f3868) thrown at [C:\re\workspace\8-2-build-windows-i586-cygwin\jdk8u211\12973\hotspot\src\share\vm\prims\jni.cpp, line 710]
Event: 2.795 Thread 0x02206000 Exception <a 'sun/nio/fs/WindowsException'> (0x049f4ce0) thrown at [C:\re\workspace\8-2-build-windows-i586-cygwin\jdk8u211\12973\hotspot\src\share\vm\prims\jni.cpp, line 710]
Event: 2.795 Thread 0x02206000 Exception <a 'sun/nio/fs/WindowsException'> (0x049f60f8) thrown at [C:\re\workspace\8-2-build-windows-i586-cygwin\jdk8u211\12973\hotspot\src\share\vm\prims\jni.cpp, line 710]
Event: 2.795 Thread 0x02206000 Exception <a 'sun/nio/fs/WindowsException'> (0x049f7530) thrown at [C:\re\workspace\8-2-build-windows-i586-cygwin\jdk8u211\12973\hotspot\src\share\vm\prims\jni.cpp, line 710]
Event: 2.795 Thread 0x02206000 Exception <a 'sun/nio/fs/WindowsException'> (0x049f8948) thrown at [C:\re\workspace\8-2-build-windows-i586-cygwin\jdk8u211\12973\hotspot\src\share\vm\prims\jni.cpp, line 710]
Event: 2.795 Thread 0x02206000 Exception <a 'sun/nio/fs/WindowsException'> (0x049f9d60) thrown at [C:\re\workspace\8-2-build-windows-i586-cygwin\jdk8u211\12973\hotspot\src\share\vm\prims\jni.cpp, line 710]
Event: 2.795 Thread 0x02206000 Exception <a 'sun/nio/fs/WindowsException'> (0x049fb1b0) thrown at [C:\re\workspace\8-2-build-windows-i586-cygwin\jdk8u211\12973\hotspot\src\share\vm\prims\jni.cpp, line 710]

Events (10 events):
Event: 3.303 loading class java/awt/event/MouseEvent$1
Event: 3.303 loading class sun/awt/AWTAccessor$MouseEventAccessor
Event: 3.304 loading class sun/awt/AWTAccessor$MouseEventAccessor done
Event: 3.304 loading class java/awt/event/MouseEvent$1 done
Event: 3.304 loading class java/awt/Cursor$CursorDisposer
Event: 3.305 loading class java/awt/Cursor$CursorDisposer done
Event: 3.305 loading class java/awt/Event
Event: 3.306 loading class java/awt/Event done
Event: 3.306 loading class java/awt/event/MouseWheelEvent
Event: 3.306 loading class java/awt/event/MouseWheelEvent done


Dynamic libraries:
0x00060000 - 0x00093000 	C:\Program Files (x86)\Java\jdk1.8.0_211\bin\java.exe
0x77790000 - 0x77910000 	C:\Windows\SysWOW64\ntdll.dll
0x75370000 - 0x75480000 	C:\Windows\syswow64\kernel32.dll
0x76f10000 - 0x76f57000 	C:\Windows\syswow64\KERNELBASE.dll
0x771e0000 - 0x77281000 	C:\Windows\syswow64\ADVAPI32.dll
0x772d0000 - 0x7737c000 	C:\Windows\syswow64\msvcrt.dll
0x75a20000 - 0x75a39000 	C:\Windows\SysWOW64\sechost.dll
0x75cf0000 - 0x75de0000 	C:\Windows\syswow64\RPCRT4.dll
0x75290000 - 0x752f0000 	C:\Windows\syswow64\SspiCli.dll
0x75280000 - 0x7528c000 	C:\Windows\syswow64\CRYPTBASE.dll
0x76e10000 - 0x76f10000 	C:\Windows\syswow64\USER32.dll
0x75ae0000 - 0x75b70000 	C:\Windows\syswow64\GDI32.dll
0x75e70000 - 0x75e7a000 	C:\Windows\syswow64\LPK.dll
0x75a40000 - 0x75add000 	C:\Windows\syswow64\USP10.dll
0x73520000 - 0x736be000 	C:\Windows\WinSxS\x86_microsoft.windows.common-controls_6595b64144ccf1df_6.0.7601.18837_none_41e855142bd5705d\COMCTL32.dll
0x76bf0000 - 0x76c47000 	C:\Windows\syswow64\SHLWAPI.dll
0x75bb0000 - 0x75c10000 	C:\Windows\system32\IMM32.DLL
0x75940000 - 0x75a0d000 	C:\Windows\syswow64\MSCTF.dll
0x6fea0000 - 0x6ff5f000 	C:\Program Files (x86)\Java\jdk1.8.0_211\jre\bin\msvcr100.dll
0x6e4b0000 - 0x6e885000 	C:\Program Files (x86)\Java\jdk1.8.0_211\jre\bin\client\jvm.dll
0x72bd0000 - 0x72bd7000 	C:\Windows\system32\WSOCK32.dll
0x77290000 - 0x772c5000 	C:\Windows\syswow64\WS2_32.dll
0x754e0000 - 0x754e6000 	C:\Windows\syswow64\NSI.dll
0x72b70000 - 0x72ba2000 	C:\Windows\system32\WINMM.dll
0x74b90000 - 0x74b99000 	C:\Windows\system32\VERSION.dll
0x770a0000 - 0x770a5000 	C:\Windows\syswow64\PSAPI.DLL
0x74b20000 - 0x74b2c000 	C:\Program Files (x86)\Java\jdk1.8.0_211\jre\bin\verify.dll
0x70400000 - 0x70421000 	C:\Program Files (x86)\Java\jdk1.8.0_211\jre\bin\java.dll
0x70f30000 - 0x70f44000 	C:\Program Files (x86)\Java\jdk1.8.0_211\jre\bin\zip.dll
0x75fa0000 - 0x76bec000 	C:\Windows\syswow64\SHELL32.dll
0x76c50000 - 0x76dad000 	C:\Windows\syswow64\ole32.dll
0x74ca0000 - 0x74cab000 	C:\Windows\system32\profapi.dll
0x6f920000 - 0x6fa67000 	C:\Program Files (x86)\Java\jdk1.8.0_211\jre\bin\awt.dll
0x758a0000 - 0x75931000 	C:\Windows\syswow64\OLEAUT32.dll
0x6baf0000 - 0x6bb03000 	C:\Windows\system32\DWMAPI.DLL
0x6f850000 - 0x6f918000 	C:\Windows\system32\opengl32.dll
0x703d0000 - 0x703f2000 	C:\Windows\system32\GLU32.dll
0x6f350000 - 0x6f437000 	C:\Windows\system32\DDRAW.dll
0x70770000 - 0x70776000 	C:\Windows\system32\DCIMAN32.dll
0x754f0000 - 0x7568d000 	C:\Windows\syswow64\SETUPAPI.dll
0x75480000 - 0x754a7000 	C:\Windows\syswow64\CFGMGR32.dll
0x75f80000 - 0x75f92000 	C:\Windows\syswow64\DEVOBJ.dll
0x6b8a0000 - 0x6b920000 	C:\Windows\system32\uxtheme.dll
0x702a0000 - 0x702da000 	C:\Program Files (x86)\Java\jdk1.8.0_211\jre\bin\fontmanager.dll
0x706a0000 - 0x706a3000 	C:\Users\Nazarov\.javacpp\cache\javacpp-windows-x86.jar\org\bytedeco\javacpp\windows-x86\api-ms-win-crt-locale-l1-1-0.dll
0x703b0000 - 0x703c5000 	C:\Program Files (x86)\Java\jdk1.8.0_211\jre\bin\net.dll
0x76f60000 - 0x770a0000 	C:\Windows\syswow64\urlmon.dll
0x77380000 - 0x773af000 	C:\Windows\syswow64\XmlLite.dll
0x75e80000 - 0x75f75000 	C:\Windows\syswow64\WININET.dll
0x75690000 - 0x75891000 	C:\Windows\syswow64\iertutil.dll
0x770b0000 - 0x771d2000 	C:\Windows\syswow64\CRYPT32.dll
0x75a10000 - 0x75a1c000 	C:\Windows\syswow64\MSASN1.dll
0x73910000 - 0x7394c000 	C:\Windows\system32\mswsock.dll
0x72e50000 - 0x72e56000 	C:\Windows\System32\wship6.dll
0x70460000 - 0x7046f000 	C:\Program Files (x86)\Java\jdk1.8.0_211\jre\bin\nio.dll
0x703a0000 - 0x703a4000 	C:\Users\Nazarov\.javacpp\cache\javacpp-windows-x86.jar\org\bytedeco\javacpp\windows-x86\api-ms-win-crt-string-l1-1-0.dll
0x70350000 - 0x70354000 	C:\Users\Nazarov\.javacpp\cache\javacpp-windows-x86.jar\org\bytedeco\javacpp\windows-x86\api-ms-win-crt-stdio-l1-1-0.dll
0x70340000 - 0x70345000 	C:\Users\Nazarov\.javacpp\cache\javacpp-windows-x86.jar\org\bytedeco\javacpp\windows-x86\api-ms-win-crt-math-l1-1-0.dll
0x70290000 - 0x70293000 	C:\Users\Nazarov\.javacpp\cache\javacpp-windows-x86.jar\org\bytedeco\javacpp\windows-x86\api-ms-win-crt-heap-l1-1-0.dll
0x70280000 - 0x70284000 	C:\Users\Nazarov\.javacpp\cache\javacpp-windows-x86.jar\org\bytedeco\javacpp\windows-x86\api-ms-win-crt-runtime-l1-1-0.dll
0x6fe90000 - 0x6fe94000 	C:\Users\Nazarov\.javacpp\cache\javacpp-windows-x86.jar\org\bytedeco\javacpp\windows-x86\api-ms-win-crt-convert-l1-1-0.dll
0x6fe80000 - 0x6fe83000 	C:\Users\Nazarov\.javacpp\cache\javacpp-windows-x86.jar\org\bytedeco\javacpp\windows-x86\api-ms-win-crt-environment-l1-1-0.dll
0x6fe70000 - 0x6fe73000 	C:\Users\Nazarov\.javacpp\cache\javacpp-windows-x86.jar\org\bytedeco\javacpp\windows-x86\api-ms-win-crt-time-l1-1-0.dll
0x6fe60000 - 0x6fe63000 	C:\Users\Nazarov\.javacpp\cache\javacpp-windows-x86.jar\org\bytedeco\javacpp\windows-x86\api-ms-win-crt-filesystem-l1-1-0.dll
0x6fe50000 - 0x6fe53000 	C:\Users\Nazarov\.javacpp\cache\javacpp-windows-x86.jar\org\bytedeco\javacpp\windows-x86\api-ms-win-crt-utility-l1-1-0.dll
0x6fe40000 - 0x6fe45000 	C:\Users\Nazarov\.javacpp\cache\javacpp-windows-x86.jar\org\bytedeco\javacpp\windows-x86\api-ms-win-crt-multibyte-l1-1-0.dll
0x6fe30000 - 0x6fe33000 	C:\Users\Nazarov\.javacpp\cache\javacpp-windows-x86.jar\org\bytedeco\javacpp\windows-x86\api-ms-win-core-string-l1-1-0.dll
0x6fe20000 - 0x6fe23000 	C:\Users\Nazarov\.javacpp\cache\javacpp-windows-x86.jar\org\bytedeco\javacpp\windows-x86\api-ms-win-core-errorhandling-l1-1-0.dll
0x6fe10000 - 0x6fe13000 	C:\Users\Nazarov\.javacpp\cache\javacpp-windows-x86.jar\org\bytedeco\javacpp\windows-x86\api-ms-win-core-timezone-l1-1-0.dll
0x6fe00000 - 0x6fe04000 	C:\Users\Nazarov\.javacpp\cache\javacpp-windows-x86.jar\org\bytedeco\javacpp\windows-x86\api-ms-win-core-file-l1-1-0.dll
0x6fdf0000 - 0x6fdf3000 	C:\Users\Nazarov\.javacpp\cache\javacpp-windows-x86.jar\org\bytedeco\javacpp\windows-x86\api-ms-win-core-namedpipe-l1-1-0.dll
0x6fc70000 - 0x6fc73000 	C:\Users\Nazarov\.javacpp\cache\javacpp-windows-x86.jar\org\bytedeco\javacpp\windows-x86\api-ms-win-core-handle-l1-1-0.dll
0x6f840000 - 0x6f843000 	C:\Users\Nazarov\.javacpp\cache\javacpp-windows-x86.jar\org\bytedeco\javacpp\windows-x86\api-ms-win-core-file-l2-1-0.dll
0x6f830000 - 0x6f833000 	C:\Users\Nazarov\.javacpp\cache\javacpp-windows-x86.jar\org\bytedeco\javacpp\windows-x86\api-ms-win-core-heap-l1-1-0.dll
0x6f820000 - 0x6f823000 	C:\Users\Nazarov\.javacpp\cache\javacpp-windows-x86.jar\org\bytedeco\javacpp\windows-x86\api-ms-win-core-libraryloader-l1-1-0.dll
0x6f810000 - 0x6f813000 	C:\Users\Nazarov\.javacpp\cache\javacpp-windows-x86.jar\org\bytedeco\javacpp\windows-x86\api-ms-win-core-synch-l1-1-0.dll
0x6f800000 - 0x6f803000 	C:\Users\Nazarov\.javacpp\cache\javacpp-windows-x86.jar\org\bytedeco\javacpp\windows-x86\api-ms-win-core-processthreads-l1-1-0.dll
0x6f7f0000 - 0x6f7f3000 	C:\Users\Nazarov\.javacpp\cache\javacpp-windows-x86.jar\org\bytedeco\javacpp\windows-x86\api-ms-win-core-processenvironment-l1-1-0.dll
0x6f7e0000 - 0x6f7e3000 	C:\Users\Nazarov\.javacpp\cache\javacpp-windows-x86.jar\org\bytedeco\javacpp\windows-x86\api-ms-win-core-datetime-l1-1-0.dll
0x6f7d0000 - 0x6f7d3000 	C:\Users\Nazarov\.javacpp\cache\javacpp-windows-x86.jar\org\bytedeco\javacpp\windows-x86\api-ms-win-core-localization-l1-2-0.dll
0x6f340000 - 0x6f343000 	C:\Users\Nazarov\.javacpp\cache\javacpp-windows-x86.jar\org\bytedeco\javacpp\windows-x86\api-ms-win-core-sysinfo-l1-1-0.dll
0x6f180000 - 0x6f183000 	C:\Users\Nazarov\.javacpp\cache\javacpp-windows-x86.jar\org\bytedeco\javacpp\windows-x86\api-ms-win-core-synch-l1-2-0.dll
0x6f170000 - 0x6f173000 	C:\Users\Nazarov\.javacpp\cache\javacpp-windows-x86.jar\org\bytedeco\javacpp\windows-x86\api-ms-win-core-console-l1-1-0.dll
0x6f160000 - 0x6f163000 	C:\Users\Nazarov\.javacpp\cache\javacpp-windows-x86.jar\org\bytedeco\javacpp\windows-x86\api-ms-win-core-debug-l1-1-0.dll
0x6f150000 - 0x6f153000 	C:\Users\Nazarov\.javacpp\cache\javacpp-windows-x86.jar\org\bytedeco\javacpp\windows-x86\api-ms-win-core-rtlsupport-l1-1-0.dll
0x6f140000 - 0x6f143000 	C:\Users\Nazarov\.javacpp\cache\javacpp-windows-x86.jar\org\bytedeco\javacpp\windows-x86\api-ms-win-core-processthreads-l1-1-1.dll
0x6f130000 - 0x6f133000 	C:\Users\Nazarov\.javacpp\cache\javacpp-windows-x86.jar\org\bytedeco\javacpp\windows-x86\api-ms-win-core-file-l1-2-0.dll
0x6f120000 - 0x6f123000 	C:\Users\Nazarov\.javacpp\cache\javacpp-windows-x86.jar\org\bytedeco\javacpp\windows-x86\api-ms-win-core-profile-l1-1-0.dll
0x6f110000 - 0x6f113000 	C:\Users\Nazarov\.javacpp\cache\javacpp-windows-x86.jar\org\bytedeco\javacpp\windows-x86\api-ms-win-core-memory-l1-1-0.dll
0x6f100000 - 0x6f103000 	C:\Users\Nazarov\.javacpp\cache\javacpp-windows-x86.jar\org\bytedeco\javacpp\windows-x86\api-ms-win-core-util-l1-1-0.dll
0x6f0f0000 - 0x6f0f3000 	C:\Users\Nazarov\.javacpp\cache\javacpp-windows-x86.jar\org\bytedeco\javacpp\windows-x86\api-ms-win-core-interlocked-l1-1-0.dll
0x6efd0000 - 0x6f0ee000 	C:\Users\Nazarov\.javacpp\cache\javacpp-windows-x86.jar\org\bytedeco\javacpp\windows-x86\ucrtbase.dll
0x6efb0000 - 0x6efc3000 	C:\Users\Nazarov\.javacpp\cache\javacpp-windows-x86.jar\org\bytedeco\javacpp\windows-x86\vcruntime140.dll
0x6e440000 - 0x6e4af000 	C:\Users\Nazarov\.javacpp\cache\javacpp-windows-x86.jar\org\bytedeco\javacpp\windows-x86\msvcp140.dll
0x6efa0000 - 0x6efa7000 	C:\Users\Nazarov\.javacpp\cache\javacpp-windows-x86.jar\org\bytedeco\javacpp\windows-x86\msvcp140_1.dll
0x6ef60000 - 0x6ef9c000 	C:\Users\Nazarov\.javacpp\cache\javacpp-windows-x86.jar\org\bytedeco\javacpp\windows-x86\concrt140.dll
0x6e410000 - 0x6e431000 	C:\Users\Nazarov\.javacpp\cache\javacpp-windows-x86.jar\org\bytedeco\javacpp\windows-x86\vcomp140.dll
0x6e400000 - 0x6e40b000 	C:\Users\Nazarov\.javacpp\cache\javacpp-windows-x86.jar\org\bytedeco\javacpp\windows-x86\jnijavacpp.dll
0x17ac0000 - 0x18fd2000 	C:\Users\Nazarov\.javacpp\cache\openblas-windows-x86.jar\org\bytedeco\openblas\windows-x86\libopenblas_nolapack.dll
0x6e3b0000 - 0x6e3f7000 	C:\Users\Nazarov\.javacpp\cache\openblas-windows-x86.jar\org\bytedeco\openblas\windows-x86\jniopenblas_nolapack.dll
0x1d5f0000 - 0x1eb02000 	C:\Users\Nazarov\.javacpp\cache\openblas-windows-x86.jar\org\bytedeco\openblas\windows-x86\libopenblas.dll
0x6d370000 - 0x6e3af000 	C:\Users\Nazarov\.javacpp\cache\openblas-windows-x86.jar\org\bytedeco\openblas\windows-x86\jniopenblas.dll
0x6cdb0000 - 0x6d08b000 	C:\Users\Nazarov\.javacpp\cache\opencv-windows-x86.jar\org\bytedeco\opencv\windows-x86\opencv_core440.dll
0x6c940000 - 0x6cda6000 	C:\Users\Nazarov\.javacpp\cache\opencv-windows-x86.jar\org\bytedeco\opencv\windows-x86\opencv_imgproc440.dll
0x60a90000 - 0x60d55000 	C:\Users\Nazarov\.javacpp\cache\opencv-windows-x86.jar\org\bytedeco\opencv\windows-x86\jniopencv_core.dll
0x6d0e0000 - 0x6d20d000 	C:\Users\Nazarov\.javacpp\cache\opencv-windows-x86.jar\org\bytedeco\opencv\windows-x86\jniopencv_imgproc.dll
0x60740000 - 0x60a8a000 	C:\Users\Nazarov\.javacpp\cache\opencv-windows-x86.jar\org\bytedeco\opencv\windows-x86\opencv_imgcodecs440.dll
0x6d340000 - 0x6d366000 	C:\Users\Nazarov\.javacpp\cache\opencv-windows-x86.jar\org\bytedeco\opencv\windows-x86\jniopencv_imgcodecs.dll
0x6d2c0000 - 0x6d339000 	C:\Users\Nazarov\.javacpp\cache\opencv-windows-x86.jar\org\bytedeco\opencv\windows-x86\opencv_videoio440.dll
0x6c8e0000 - 0x6c93a000 	C:\Windows\system32\MFPlat.DLL
0x6d2b0000 - 0x6d2b7000 	C:\Windows\system32\AVRT.dll
0x60420000 - 0x60732000 	C:\Windows\system32\MF.dll
0x6d290000 - 0x6d2a4000 	C:\Windows\system32\ATL.DLL
0x6d0d0000 - 0x6d0d4000 	C:\Windows\system32\ksuser.dll
0x6c8a0000 - 0x6c8d3000 	C:\Windows\system32\MFReadWrite.dll
0x6c720000 - 0x6c895000 	C:\Windows\system32\d3d11.dll
0x6be20000 - 0x6be6c000 	C:\Windows\system32\dxgi.dll
0x6bdf0000 - 0x6be13000 	C:\Users\Nazarov\.javacpp\cache\opencv-windows-x86.jar\org\bytedeco\opencv\windows-x86\jniopencv_videoio.dll
0x75de0000 - 0x75e63000 	C:\Windows\syswow64\CLBCatQ.DLL
0x6d0b0000 - 0x6d0c4000 	C:\Windows\SysWOW64\devenum.dll
0x74b60000 - 0x74b81000 	C:\Windows\system32\ntmarta.dll
0x75c10000 - 0x75c55000 	C:\Windows\syswow64\WLDAP32.dll
0x754b0000 - 0x754df000 	C:\Windows\syswow64\WINTRUST.dll
0x6bde0000 - 0x6bdeb000 	C:\Windows\system32\msdmo.dll
0x6bdd0000 - 0x6bdd9000 	C:\Windows\SysWOW64\vidcap.ax
0x6bdb0000 - 0x6bdcd000 	C:\Windows\SysWOW64\kswdmcap.ax
0x6bc90000 - 0x6bdac000 	C:\Windows\SysWOW64\MFC42.dll
0x60f90000 - 0x6101c000 	C:\Windows\SysWOW64\ODBC32.dll

VM Arguments:
jvm_args: -Dfile.encoding=UTF-8 
java_command: educationpracticum.CaptureWebCam
java_class_path (initial): C:\Users\Nazarov\Documents\NetBeansProjects\EducationPracticum\lib\javacv-platform-1.5.4-bin\artoolkitplus-android-arm.jar;C:\Users\Nazarov\Documents\NetBeansProjects\EducationPracticum\lib\javacv-platform-1.5.4-bin\artoolkitplus-android-arm64.jar;C:\Users\Nazarov\Documents\NetBeansProjects\EducationPracticum\lib\javacv-platform-1.5.4-bin\artoolkitplus-android-x86.jar;C:\Users\Nazarov\Documents\NetBeansProjects\EducationPracticum\lib\javacv-platform-1.5.4-bin\artoolkitplus-android-x86_64.jar;C:\Users\Nazarov\Documents\NetBeansProjects\EducationPracticum\lib\javacv-platform-1.5.4-bin\artoolkitplus-linux-arm64.jar;C:\Users\Nazarov\Documents\NetBeansProjects\EducationPracticum\lib\javacv-platform-1.5.4-bin\artoolkitplus-linux-armhf.jar;C:\Users\Nazarov\Documents\NetBeansProjects\EducationPracticum\lib\javacv-platform-1.5.4-bin\artoolkitplus-linux-ppc64le.jar;C:\Users\Nazarov\Documents\NetBeansProjects\EducationPracticum\lib\javacv-platform-1.5.4-bin\artoolkitplus-linux-x86.jar;C:\Users\Nazarov\Documents\NetBeansProjects\EducationPracticum\lib\javacv-platform-1.5.4-bin\artoolkitplus-linux-x86_64.jar;C:\Users\Nazarov\Documents\NetBeansProjects\EducationPracticum\lib\javacv-platform-1.5.4-bin\artoolkitplus-macosx-x86_64.jar;C:\Users\Nazarov\Documents\NetBeansProjects\EducationPracticum\lib\javacv-platform-1.5.4-bin\artoolkitplus-platform.jar;C:\Users\Nazarov\Documents\NetBeansProjects\EducationPracticum\lib\javacv-platform-1.5.4-bin\artoolkitplus-windows-x86.jar;C:\Users\Nazarov\Documents\NetBeansProjects\EducationPracticum\lib\javacv-platform-1.5.4-bin\artoolkitplus-windows-x86_64.jar;C:\Users\Nazarov\Documents\NetBeansProjects\EducationPracticum\lib\javacv-platform-1.5.4-bin\artoolkitplus.jar;C:\Users\Nazarov\Documents\NetBeansProjects\EducationPracticum\lib\javacv-platform-1.5.4-bin\ffmpeg-android-arm.jar;C:\Users\Nazarov\Documents\NetBeansProjects\EducationPracticum\lib\javacv-platform-1.5.4-bin\ffmpeg-android-arm64.jar;C:\Users\Nazarov\Do
Launcher Type: SUN_STANDARD

Environment Variables:
PATH=C:\Program Files (x86)\Common Files\Oracle\Java\javapath;C:\Program Files (x86)\Intel\iCLS Client\;C:\Program Files\Intel\iCLS Client\;C:\Windows\system32;C:\Windows;C:\Windows\System32\Wbem;C:\Windows\System32\WindowsPowerShell\v1.0\;C:\Program Files (x86)\Intel\UCRT\;C:\Program Files\Intel\UCRT\;C:\Program Files (x86)\Intel\Intel(R) Management Engine Components\DAL;C:\Program Files\Intel\Intel(R) Management Engine Components\DAL;C:\Program Files (x86)\Intel\Intel(R) Management Engine Components\IPT;C:\Program Files\Intel\Intel(R) Management Engine Components\IPT;C:\Program Files\Windows Imaging\;C:\Program Files (x86)\STMicroelectronics\STM32 ST-LINK Utility\ST-LINK Utility;C:\adb;C:\Program Files\dotnet\;C:\Program Files (x86)\Common Files\Oracle\Java\javapath;C:\Program Files (x86)\Intel\iCLS Client\;C:\Program Files\Intel\iCLS Client\;C:\Windows\system32;C:\Windows;C:\Windows\System32\Wbem;C:\Windows\System32\WindowsPowerShell\v1.0\;C:\Program Files (x86)\Intel\UCRT\;C:\Program Files\Intel\UCRT\;C:\Program Files (x86)\Intel\Intel(R) Management Engine Components\DAL;C:\Program Files\Intel\Intel(R) Management Engine Components\DAL;C:\Program Files (x86)\Intel\Intel(R) Management Engine Components\IPT;C:\Program Files\Intel\Intel(R) Management Engine Components\IPT;C:\Users\Nazarov\AppData\Local\Programs\Git\cmd
USERNAME=nazarov
OS=Windows_NT
PROCESSOR_IDENTIFIER=Intel64 Family 6 Model 94 Stepping 3, GenuineIntel



---------------  S Y S T E M  ---------------

OS: Windows 7 , 64 bit Build 7601 (6.1.7601.24384)

CPU:total 4 (initial active 4) (2 cores per cpu, 2 threads per core) family 6 model 94 stepping 3, cmov, cx8, fxsr, mmx, sse, sse2, sse3, ssse3, sse4.1, sse4.2, popcnt, avx, avx2, aes, clmul, erms, 3dnowpref, lzcnt, ht, tsc, tscinvbit, bmi1, bmi2, adx

Memory: 4k page, physical 8273880k(1452932k free), swap 8271976k(630636k free)

vm_info: Java HotSpot(TM) Client VM (25.211-b12) for windows-x86 JRE (1.8.0_211-b12), built on Apr  1 2019 20:53:53 by "java_re" with MS VC++ 10.0 (VS2010)

time: Fri Jan 22 11:49:24 2021
timezone: RTZ 2 (зима)
elapsed time: 3 seconds (0d 0h 0m 3s)

