#
# A fatal error has been detected by the Java Runtime Environment:
#
#  EXCEPTION_ACCESS_VIOLATION (0xc0000005) at pc=0x68c0282e, pid=9420, tid=0x00002ebc
#
# JRE version: Java(TM) SE Runtime Environment (8.0_211-b12) (build 1.8.0_211-b12)
# Java VM: Java HotSpot(TM) Client VM (25.211-b12 mixed mode windows-x86 )
# Problematic frame:
# C  [vcruntime140.dll+0x282e]
#
# Failed to write core dump. Minidumps are not enabled by default on client versions of Windows
#
# If you would like to submit a bug report, please visit:
#   http://bugreport.java.com/bugreport/crash.jsp
# The crash happened outside the Java Virtual Machine in native code.
# See problematic frame for where to report the bug.
#

---------------  T H R E A D  ---------------

Current thread (0x01f56400):  JavaThread "main" [_thread_in_native, id=11964, stack(0x00350000,0x003a0000)]

siginfo: ExceptionCode=0xc0000005, reading address 0x23af7000

Registers:
EAX=0x23b41020, EBX=0x00000000, ECX=0x0004a020, EDX=0x000e1000
ESP=0x0039f250, EBP=0x0039f448, ESI=0x23af7000, EDI=0x242a7020
EIP=0x68c0282e, EFLAGS=0x00010203

Top of Stack: (sp=0x0039f250)
0x0039f250:   23a60020 24210040 68837ac3 24210040
0x0039f260:   23a60020 000e1000 8dcd499a 31560a78
0x0039f270:   0039f5c0 0089ba78 000000ce 00000005
0x0039f280:   000e1000 00000000 00000000 00000000
0x0039f290:   00000058 00000000 0089b098 007f81a8
0x0039f2a0:   007f82d4 008d1c28 007f87a8 007f8948
0x0039f2b0:   0039f244 00000000 0039f528 775c4dcd
0x0039f2c0:   391c814c fffffffe 42ff4010 00000002 

Instructions: (pc=0x68c0282e)
0x68c0280e:   00 73 13 0f ba 25 14 f0 c0 68 01 0f 82 8e 04 00
0x68c0281e:   00 e9 e3 01 00 00 0f ba 25 d0 f2 c0 68 01 73 09
0x68c0282e:   f3 a4 8b 44 24 0c 5e 5f c3 8b c7 33 c6 a9 0f 00
0x68c0283e:   00 00 75 0e 0f ba 25 14 f0 c0 68 01 0f 82 e0 03 


Register to memory mapping:

EAX=0x23b41020 is an unknown value
EBX=0x00000000 is an unknown value
ECX=0x0004a020 is an unknown value
EDX=0x000e1000 is an unknown value
ESP=0x0039f250 is pointing into the stack for thread: 0x01f56400
EBP=0x0039f448 is pointing into the stack for thread: 0x01f56400
ESI=0x23af7000 is an unknown value
EDI=0x242a7020 is an unknown value


Stack: [0x00350000,0x003a0000],  sp=0x0039f250,  free space=316k
Native frames: (J=compiled Java code, j=interpreted, Vv=VM code, C=native code)
C  [vcruntime140.dll+0x282e]
C  [opencv_videoio440.dll+0x3a869]
C  [opencv_videoio440.dll+0xc3ce]
C  [opencv_videoio440.dll+0xc168]
C  [jniopencv_videoio.dll+0x25e4]
j  org.bytedeco.opencv.opencv_videoio.VideoCapture.read(Lorg/bytedeco/opencv/opencv_core/Mat;)Z+0
j  org.bytedeco.javacv.OpenCVFrameGrabber.start()V+400
j  educationpracticum.CaptureWebCam.Start()V+23
j  educationpracticum.CaptureWebCam.main([Ljava/lang/String;)V+9
v  ~StubRoutines::call_stub
V  [jvm.dll+0x15c305]
V  [jvm.dll+0x2251ee]
V  [jvm.dll+0x15c39e]
V  [jvm.dll+0xdd9c7]
V  [jvm.dll+0xe5f5f]
C  [java.exe+0x2363]
C  [java.exe+0xb03f]
C  [java.exe+0xb0c9]
C  [kernel32.dll+0x1344d]
C  [ntdll.dll+0x39802]
C  [ntdll.dll+0x397d5]
C  0x00000000

Java frames: (J=compiled Java code, j=interpreted, Vv=VM code)
j  org.bytedeco.opencv.opencv_videoio.VideoCapture.read(Lorg/bytedeco/opencv/opencv_core/Mat;)Z+0
j  org.bytedeco.javacv.OpenCVFrameGrabber.start()V+400
j  educationpracticum.CaptureWebCam.Start()V+23
j  educationpracticum.CaptureWebCam.main([Ljava/lang/String;)V+9
v  ~StubRoutines::call_stub

---------------  P R O C E S S  ---------------

Java Threads: ( => current thread )
  0x164b6800 JavaThread "JavaCPP Deallocator" daemon [_thread_blocked, id=10908, stack(0x17d40000,0x17d90000)]
  0x16159400 JavaThread "org.netbeans.modules.debugger.jpda.visual AWT Access Loop" daemon [_thread_blocked, id=6880, stack(0x155c0000,0x15610000)]
  0x16153c00 JavaThread "AWT-EventQueue-0" [_thread_blocked, id=9944, stack(0x16760000,0x167b0000)]
  0x16110c00 JavaThread "AWT-Windows" daemon [_thread_in_native, id=13028, stack(0x156f0000,0x15740000)]
  0x16110000 JavaThread "AWT-Shutdown" [_thread_blocked, id=8644, stack(0x167d0000,0x16820000)]
  0x1610f400 JavaThread "Java2D Disposer" daemon [_thread_blocked, id=8588, stack(0x15360000,0x153b0000)]
  0x150cd000 JavaThread "Service Thread" daemon [_thread_blocked, id=5020, stack(0x15840000,0x15890000)]
  0x150c5800 JavaThread "C1 CompilerThread0" daemon [_thread_blocked, id=10180, stack(0x15740000,0x15790000)]
  0x150bec00 JavaThread "JDWP Command Reader" daemon [_thread_in_native, id=6960, stack(0x156a0000,0x156f0000)]
  0x150bdc00 JavaThread "JDWP Event Helper Thread" daemon [_thread_blocked, id=6044, stack(0x15610000,0x15660000)]
  0x150bbc00 JavaThread "JDWP Transport Listener: dt_shmem" daemon [_thread_blocked, id=12080, stack(0x15470000,0x154c0000)]
  0x150b5c00 JavaThread "Attach Listener" daemon [_thread_blocked, id=2108, stack(0x14ea0000,0x14ef0000)]
  0x150b2800 JavaThread "Signal Dispatcher" daemon [_thread_blocked, id=12500, stack(0x15400000,0x15450000)]
  0x15094000 JavaThread "Finalizer" daemon [_thread_blocked, id=5368, stack(0x14f30000,0x14f80000)]
  0x0202fc00 JavaThread "Reference Handler" daemon [_thread_blocked, id=4396, stack(0x024e0000,0x02530000)]
=>0x01f56400 JavaThread "main" [_thread_in_native, id=11964, stack(0x00350000,0x003a0000)]

Other Threads:
  0x02007000 VMThread [stack: 0x04970000,0x049c0000] [id=2224]
  0x150d1800 WatcherThread [stack: 0x154c0000,0x15510000] [id=2776]

VM state:not at safepoint (normal execution)

VM Mutex/Monitor currently owned by a thread: None

Heap:
 def new generation   total 4992K, used 2958K [0x04a00000, 0x04f60000, 0x09f50000)
  eden space 4480K,  66% used [0x04a00000, 0x04ce3bc0, 0x04e60000)
  from space 512K,   0% used [0x04ee0000, 0x04ee0000, 0x04f60000)
  to   space 512K,   0% used [0x04e60000, 0x04e60000, 0x04ee0000)
 tenured generation   total 10944K, used 3600K [0x09f50000, 0x0aa00000, 0x14a00000)
   the space 10944K,  32% used [0x09f50000, 0x0a2d41d8, 0x0a2d4200, 0x0aa00000)
 Metaspace       used 11236K, capacity 11432K, committed 11520K, reserved 11648K

Card table byte_map: [0x00530000,0x005c0000] byte_map_base: 0x0050b000

Polling page: 0x00190000

CodeCache: size=32768Kb used=1830Kb max_used=1830Kb free=30937Kb
 bounds [0x02940000, 0x02b10000, 0x04940000]
 total_blobs=996 nmethods=587 adapters=348
 compilation: enabled

Compilation events (10 events):
Event: 4.303 Thread 0x150c5800  588             java.util.EventObject::getSource (5 bytes)
Event: 4.303 Thread 0x150c5800 nmethod 588 0x02b08ac8 code [0x02b08bc0, 0x02b08c40]
Event: 4.310 Thread 0x150c5800  589             java.awt.Component::getParent (5 bytes)
Event: 4.310 Thread 0x150c5800 nmethod 589 0x02b08c88 code [0x02b08d80, 0x02b08e00]
Event: 4.317 Thread 0x150c5800  590             sun.java2d.SunGraphics2D::invalidatePipe (41 bytes)
Event: 4.317 Thread 0x150c5800 nmethod 590 0x02b08e48 code [0x02b08f40, 0x02b09020]
Event: 4.336 Thread 0x150c5800  591             sun.misc.VM::addFinalRefCount (24 bytes)
Event: 4.336 Thread 0x150c5800 nmethod 591 0x02b09088 code [0x02b09180, 0x02b09220]
Event: 4.350 Thread 0x150c5800  593             java.awt.Color::getRGB (5 bytes)
Event: 4.350 Thread 0x150c5800 nmethod 593 0x02b09508 code [0x02b09600, 0x02b09680]

GC Heap History (10 events):
Event: 4.247 GC heap before
{Heap before GC invocations=45 (full 0):
 def new generation   total 4992K, used 3819K [0x04a00000, 0x04f60000, 0x09f50000)
  eden space 4480K,  85% used [0x04a00000, 0x04db9e60, 0x04e60000)
  from space 512K,   0% used [0x04e60000, 0x04e61140, 0x04ee0000)
  to   space 512K,   0% used [0x04ee0000, 0x04ee0000, 0x04f60000)
 tenured generation   total 10944K, used 7461K [0x09f50000, 0x0aa00000, 0x14a00000)
   the space 10944K,  68% used [0x09f50000, 0x0a699728, 0x0a699800, 0x0aa00000)
 Metaspace       used 11225K, capacity 11432K, committed 11520K, reserved 11648K
Event: 4.248 GC heap after
Heap after GC invocations=46 (full 0):
 def new generation   total 4992K, used 3K [0x04a00000, 0x04f60000, 0x09f50000)
  eden space 4480K,   0% used [0x04a00000, 0x04a00000, 0x04e60000)
  from space 512K,   0% used [0x04ee0000, 0x04ee0e70, 0x04f60000)
  to   space 512K,   0% used [0x04e60000, 0x04e60000, 0x04ee0000)
 tenured generation   total 10944K, used 8236K [0x09f50000, 0x0aa00000, 0x14a00000)
   the space 10944K,  75% used [0x09f50000, 0x0a75b350, 0x0a75b400, 0x0aa00000)
 Metaspace       used 11225K, capacity 11432K, committed 11520K, reserved 11648K
}
Event: 4.271 GC heap before
{Heap before GC invocations=46 (full 0):
 def new generation   total 4992K, used 4064K [0x04a00000, 0x04f60000, 0x09f50000)
  eden space 4480K,  90% used [0x04a00000, 0x04df7330, 0x04e60000)
  from space 512K,   0% used [0x04ee0000, 0x04ee0e70, 0x04f60000)
  to   space 512K,   0% used [0x04e60000, 0x04e60000, 0x04ee0000)
 tenured generation   total 10944K, used 8236K [0x09f50000, 0x0aa00000, 0x14a00000)
   the space 10944K,  75% used [0x09f50000, 0x0a75b350, 0x0a75b400, 0x0aa00000)
 Metaspace       used 11225K, capacity 11432K, committed 11520K, reserved 11648K
Event: 4.272 GC heap after
Heap after GC invocations=47 (full 0):
 def new generation   total 4992K, used 4K [0x04a00000, 0x04f60000, 0x09f50000)
  eden space 4480K,   0% used [0x04a00000, 0x04a00000, 0x04e60000)
  from space 512K,   0% used [0x04e60000, 0x04e61208, 0x04ee0000)
  to   space 512K,   0% used [0x04ee0000, 0x04ee0000, 0x04f60000)
 tenured generation   total 10944K, used 9044K [0x09f50000, 0x0aa00000, 0x14a00000)
   the space 10944K,  82% used [0x09f50000, 0x0a8252d0, 0x0a825400, 0x0aa00000)
 Metaspace       used 11225K, capacity 11432K, committed 11520K, reserved 11648K
}
Event: 4.288 GC heap before
{Heap before GC invocations=47 (full 0):
 def new generation   total 4992K, used 4285K [0x04a00000, 0x04f60000, 0x09f50000)
  eden space 4480K,  95% used [0x04a00000, 0x04e2e528, 0x04e60000)
  from space 512K,   0% used [0x04e60000, 0x04e61208, 0x04ee0000)
  to   space 512K,   0% used [0x04ee0000, 0x04ee0000, 0x04f60000)
 tenured generation   total 10944K, used 9044K [0x09f50000, 0x0aa00000, 0x14a00000)
   the space 10944K,  82% used [0x09f50000, 0x0a8252d0, 0x0a825400, 0x0aa00000)
 Metaspace       used 11225K, capacity 11432K, committed 11520K, reserved 11648K
Event: 4.289 GC heap after
Heap after GC invocations=48 (full 0):
 def new generation   total 4992K, used 3K [0x04a00000, 0x04f60000, 0x09f50000)
  eden space 4480K,   0% used [0x04a00000, 0x04a00000, 0x04e60000)
  from space 512K,   0% used [0x04ee0000, 0x04ee0e70, 0x04f60000)
  to   space 512K,   0% used [0x04e60000, 0x04e60000, 0x04ee0000)
 tenured generation   total 10944K, used 9902K [0x09f50000, 0x0aa00000, 0x14a00000)
   the space 10944K,  90% used [0x09f50000, 0x0a8fba20, 0x0a8fbc00, 0x0aa00000)
 Metaspace       used 11225K, capacity 11432K, committed 11520K, reserved 11648K
}
Event: 4.310 GC heap before
{Heap before GC invocations=48 (full 0):
 def new generation   total 4992K, used 4477K [0x04a00000, 0x04f60000, 0x09f50000)
  eden space 4480K,  99% used [0x04a00000, 0x04e5e790, 0x04e60000)
  from space 512K,   0% used [0x04ee0000, 0x04ee0e70, 0x04f60000)
  to   space 512K,   0% used [0x04e60000, 0x04e60000, 0x04ee0000)
 tenured generation   total 10944K, used 9902K [0x09f50000, 0x0aa00000, 0x14a00000)
   the space 10944K,  90% used [0x09f50000, 0x0a8fba20, 0x0a8fbc00, 0x0aa00000)
 Metaspace       used 11225K, capacity 11432K, committed 11520K, reserved 11648K
Event: 4.311 GC heap after
Heap after GC invocations=49 (full 0):
 def new generation   total 4992K, used 4K [0x04a00000, 0x04f60000, 0x09f50000)
  eden space 4480K,   0% used [0x04a00000, 0x04a00000, 0x04e60000)
  from space 512K,   0% used [0x04e60000, 0x04e61208, 0x04ee0000)
  to   space 512K,   0% used [0x04ee0000, 0x04ee0000, 0x04f60000)
 tenured generation   total 10944K, used 10791K [0x09f50000, 0x0aa00000, 0x14a00000)
   the space 10944K,  98% used [0x09f50000, 0x0a9d9d80, 0x0a9d9e00, 0x0aa00000)
 Metaspace       used 11225K, capacity 11432K, committed 11520K, reserved 11648K
}
Event: 4.326 GC heap before
{Heap before GC invocations=49 (full 0):
 def new generation   total 4992K, used 3721K [0x04a00000, 0x04f60000, 0x09f50000)
  eden space 4480K,  82% used [0x04a00000, 0x04da12e0, 0x04e60000)
  from space 512K,   0% used [0x04e60000, 0x04e61208, 0x04ee0000)
  to   space 512K,   0% used [0x04ee0000, 0x04ee0000, 0x04f60000)
 tenured generation   total 10944K, used 10791K [0x09f50000, 0x0aa00000, 0x14a00000)
   the space 10944K,  98% used [0x09f50000, 0x0a9d9d80, 0x0a9d9e00, 0x0aa00000)
 Metaspace       used 11225K, capacity 11432K, committed 11520K, reserved 11648K
Event: 4.336 GC heap after
Heap after GC invocations=50 (full 1):
 def new generation   total 4992K, used 0K [0x04a00000, 0x04f60000, 0x09f50000)
  eden space 4480K,   0% used [0x04a00000, 0x04a00000, 0x04e60000)
  from space 512K,   0% used [0x04ee0000, 0x04ee0000, 0x04f60000)
  to   space 512K,   0% used [0x04e60000, 0x04e60000, 0x04ee0000)
 tenured generation   total 10944K, used 3600K [0x09f50000, 0x0aa00000, 0x14a00000)
   the space 10944K,  32% used [0x09f50000, 0x0a2d41d8, 0x0a2d4200, 0x0aa00000)
 Metaspace       used 11225K, capacity 11432K, committed 11520K, reserved 11648K
}

Deoptimization events (0 events):
No events

Classes redefined (0 events):
No events

Internal exceptions (10 events):
Event: 3.896 Thread 0x01f56400 Exception <a 'sun/nio/fs/WindowsException'> (0x04b1de88) thrown at [C:\re\workspace\8-2-build-windows-i586-cygwin\jdk8u211\12973\hotspot\src\share\vm\prims\jni.cpp, line 710]
Event: 3.896 Thread 0x01f56400 Exception <a 'sun/nio/fs/WindowsException'> (0x04b1f458) thrown at [C:\re\workspace\8-2-build-windows-i586-cygwin\jdk8u211\12973\hotspot\src\share\vm\prims\jni.cpp, line 710]
Event: 3.896 Thread 0x01f56400 Exception <a 'sun/nio/fs/WindowsException'> (0x04b20ad0) thrown at [C:\re\workspace\8-2-build-windows-i586-cygwin\jdk8u211\12973\hotspot\src\share\vm\prims\jni.cpp, line 710]
Event: 3.896 Thread 0x01f56400 Exception <a 'sun/nio/fs/WindowsException'> (0x04b21ee8) thrown at [C:\re\workspace\8-2-build-windows-i586-cygwin\jdk8u211\12973\hotspot\src\share\vm\prims\jni.cpp, line 710]
Event: 3.897 Thread 0x01f56400 Exception <a 'sun/nio/fs/WindowsException'> (0x04b23360) thrown at [C:\re\workspace\8-2-build-windows-i586-cygwin\jdk8u211\12973\hotspot\src\share\vm\prims\jni.cpp, line 710]
Event: 3.897 Thread 0x01f56400 Exception <a 'sun/nio/fs/WindowsException'> (0x04b247c8) thrown at [C:\re\workspace\8-2-build-windows-i586-cygwin\jdk8u211\12973\hotspot\src\share\vm\prims\jni.cpp, line 710]
Event: 3.897 Thread 0x01f56400 Exception <a 'sun/nio/fs/WindowsException'> (0x04b25c00) thrown at [C:\re\workspace\8-2-build-windows-i586-cygwin\jdk8u211\12973\hotspot\src\share\vm\prims\jni.cpp, line 710]
Event: 3.897 Thread 0x01f56400 Exception <a 'sun/nio/fs/WindowsException'> (0x04b27018) thrown at [C:\re\workspace\8-2-build-windows-i586-cygwin\jdk8u211\12973\hotspot\src\share\vm\prims\jni.cpp, line 710]
Event: 3.897 Thread 0x01f56400 Exception <a 'sun/nio/fs/WindowsException'> (0x04b28430) thrown at [C:\re\workspace\8-2-build-windows-i586-cygwin\jdk8u211\12973\hotspot\src\share\vm\prims\jni.cpp, line 710]
Event: 3.898 Thread 0x01f56400 Exception <a 'sun/nio/fs/WindowsException'> (0x04b29880) thrown at [C:\re\workspace\8-2-build-windows-i586-cygwin\jdk8u211\12973\hotspot\src\share\vm\prims\jni.cpp, line 710]

Events (10 events):
Event: 4.438 loading class java/awt/Event
Event: 4.438 loading class java/awt/Event done
Event: 4.438 loading class java/awt/event/MouseWheelEvent
Event: 4.439 loading class java/awt/event/MouseWheelEvent done
Event: 4.439 loading class java/awt/AWTEvent$2
Event: 4.439 loading class java/awt/AWTEvent$2 done
Event: 4.439 loading class sun/reflect/UnsafeBooleanFieldAccessorImpl
Event: 4.439 loading class sun/reflect/UnsafeBooleanFieldAccessorImpl done
Event: 4.604 Executing VM operation: EnableBiasedLocking
Event: 4.604 Executing VM operation: EnableBiasedLocking done


Dynamic libraries:
0x00af0000 - 0x00b23000 	C:\Program Files (x86)\Java\jdk1.8.0_211\bin\java.exe
0x77550000 - 0x776d0000 	C:\Windows\SysWOW64\ntdll.dll
0x76890000 - 0x769a0000 	C:\Windows\syswow64\kernel32.dll
0x76700000 - 0x76747000 	C:\Windows\syswow64\KERNELBASE.dll
0x76af0000 - 0x76b91000 	C:\Windows\syswow64\ADVAPI32.dll
0x76130000 - 0x761dc000 	C:\Windows\syswow64\msvcrt.dll
0x75e80000 - 0x75e99000 	C:\Windows\SysWOW64\sechost.dll
0x76610000 - 0x76700000 	C:\Windows\syswow64\RPCRT4.dll
0x75050000 - 0x750b0000 	C:\Windows\syswow64\SspiCli.dll
0x75040000 - 0x7504c000 	C:\Windows\syswow64\CRYPTBASE.dll
0x77070000 - 0x77170000 	C:\Windows\syswow64\USER32.dll
0x76a00000 - 0x76a90000 	C:\Windows\syswow64\GDI32.dll
0x76880000 - 0x7688a000 	C:\Windows\syswow64\LPK.dll
0x761e0000 - 0x7627d000 	C:\Windows\syswow64\USP10.dll
0x743a0000 - 0x7453e000 	C:\Windows\WinSxS\x86_microsoft.windows.common-controls_6595b64144ccf1df_6.0.7601.18837_none_41e855142bd5705d\COMCTL32.dll
0x769a0000 - 0x769f7000 	C:\Windows\syswow64\SHLWAPI.dll
0x760d0000 - 0x76130000 	C:\Windows\system32\IMM32.DLL
0x76780000 - 0x7684d000 	C:\Windows\syswow64\MSCTF.dll
0x6a060000 - 0x6a11f000 	C:\Program Files (x86)\Java\jdk1.8.0_211\jre\bin\msvcr100.dll
0x69c80000 - 0x6a055000 	C:\Program Files (x86)\Java\jdk1.8.0_211\jre\bin\client\jvm.dll
0x73a80000 - 0x73a87000 	C:\Windows\system32\WSOCK32.dll
0x75f90000 - 0x75fc5000 	C:\Windows\syswow64\WS2_32.dll
0x75220000 - 0x75226000 	C:\Windows\syswow64\NSI.dll
0x739a0000 - 0x739d2000 	C:\Windows\system32\WINMM.dll
0x74a60000 - 0x74a69000 	C:\Windows\system32\VERSION.dll
0x76600000 - 0x76605000 	C:\Windows\syswow64\PSAPI.DLL
0x6e270000 - 0x6e27c000 	C:\Program Files (x86)\Java\jdk1.8.0_211\jre\bin\verify.dll
0x6dd30000 - 0x6dd51000 	C:\Program Files (x86)\Java\jdk1.8.0_211\jre\bin\java.dll
0x6a360000 - 0x6a38b000 	C:\Program Files (x86)\Java\jdk1.8.0_211\jre\bin\jdwp.dll
0x6de90000 - 0x6de97000 	C:\Program Files (x86)\Java\jdk1.8.0_211\jre\bin\npt.dll
0x6dc30000 - 0x6dc44000 	C:\Program Files (x86)\Java\jdk1.8.0_211\jre\bin\zip.dll
0x75230000 - 0x75e7c000 	C:\Windows\syswow64\SHELL32.dll
0x750c0000 - 0x7521d000 	C:\Windows\syswow64\ole32.dll
0x74580000 - 0x7458b000 	C:\Windows\system32\profapi.dll
0x6dd20000 - 0x6dd29000 	C:\Program Files (x86)\Java\jdk1.8.0_211\jre\bin\dt_shmem.dll
0x69690000 - 0x697d7000 	C:\Program Files (x86)\Java\jdk1.8.0_211\jre\bin\awt.dll
0x75ef0000 - 0x75f81000 	C:\Windows\syswow64\OLEAUT32.dll
0x6aee0000 - 0x6aef3000 	C:\Windows\system32\DWMAPI.DLL
0x68f90000 - 0x69058000 	C:\Windows\system32\opengl32.dll
0x6a330000 - 0x6a352000 	C:\Windows\system32\GLU32.dll
0x68ea0000 - 0x68f87000 	C:\Windows\system32\DDRAW.dll
0x6a980000 - 0x6a986000 	C:\Windows\system32\DCIMAN32.dll
0x763b0000 - 0x7654d000 	C:\Windows\syswow64\SETUPAPI.dll
0x76850000 - 0x76877000 	C:\Windows\syswow64\CFGMGR32.dll
0x75ed0000 - 0x75ee2000 	C:\Windows\syswow64\DEVOBJ.dll
0x6b490000 - 0x6b510000 	C:\Windows\system32\uxtheme.dll
0x69c40000 - 0x69c7a000 	C:\Program Files (x86)\Java\jdk1.8.0_211\jre\bin\fontmanager.dll
0x6a970000 - 0x6a973000 	C:\Users\Nazarov\.javacpp\cache\javacpp-windows-x86.jar\org\bytedeco\javacpp\windows-x86\api-ms-win-crt-locale-l1-1-0.dll
0x69c20000 - 0x69c35000 	C:\Program Files (x86)\Java\jdk1.8.0_211\jre\bin\net.dll
0x76bf0000 - 0x76d30000 	C:\Windows\syswow64\urlmon.dll
0x765d0000 - 0x765ff000 	C:\Windows\syswow64\XmlLite.dll
0x75fd0000 - 0x760c5000 	C:\Windows\syswow64\WININET.dll
0x76d30000 - 0x76f31000 	C:\Windows\syswow64\iertutil.dll
0x76280000 - 0x763a2000 	C:\Windows\syswow64\CRYPT32.dll
0x750b0000 - 0x750bc000 	C:\Windows\syswow64\MSASN1.dll
0x74a80000 - 0x74abc000 	C:\Windows\system32\mswsock.dll
0x739f0000 - 0x739f6000 	C:\Windows\System32\wship6.dll
0x6a890000 - 0x6a89f000 	C:\Program Files (x86)\Java\jdk1.8.0_211\jre\bin\nio.dll
0x69c10000 - 0x69c14000 	C:\Users\Nazarov\.javacpp\cache\javacpp-windows-x86.jar\org\bytedeco\javacpp\windows-x86\api-ms-win-crt-string-l1-1-0.dll
0x69c00000 - 0x69c04000 	C:\Users\Nazarov\.javacpp\cache\javacpp-windows-x86.jar\org\bytedeco\javacpp\windows-x86\api-ms-win-crt-stdio-l1-1-0.dll
0x69bf0000 - 0x69bf5000 	C:\Users\Nazarov\.javacpp\cache\javacpp-windows-x86.jar\org\bytedeco\javacpp\windows-x86\api-ms-win-crt-math-l1-1-0.dll
0x69be0000 - 0x69be3000 	C:\Users\Nazarov\.javacpp\cache\javacpp-windows-x86.jar\org\bytedeco\javacpp\windows-x86\api-ms-win-crt-heap-l1-1-0.dll
0x69bd0000 - 0x69bd4000 	C:\Users\Nazarov\.javacpp\cache\javacpp-windows-x86.jar\org\bytedeco\javacpp\windows-x86\api-ms-win-crt-runtime-l1-1-0.dll
0x69680000 - 0x69684000 	C:\Users\Nazarov\.javacpp\cache\javacpp-windows-x86.jar\org\bytedeco\javacpp\windows-x86\api-ms-win-crt-convert-l1-1-0.dll
0x69670000 - 0x69673000 	C:\Users\Nazarov\.javacpp\cache\javacpp-windows-x86.jar\org\bytedeco\javacpp\windows-x86\api-ms-win-crt-environment-l1-1-0.dll
0x69660000 - 0x69663000 	C:\Users\Nazarov\.javacpp\cache\javacpp-windows-x86.jar\org\bytedeco\javacpp\windows-x86\api-ms-win-crt-time-l1-1-0.dll
0x690d0000 - 0x690d3000 	C:\Users\Nazarov\.javacpp\cache\javacpp-windows-x86.jar\org\bytedeco\javacpp\windows-x86\api-ms-win-crt-filesystem-l1-1-0.dll
0x690c0000 - 0x690c3000 	C:\Users\Nazarov\.javacpp\cache\javacpp-windows-x86.jar\org\bytedeco\javacpp\windows-x86\api-ms-win-crt-utility-l1-1-0.dll
0x690b0000 - 0x690b5000 	C:\Users\Nazarov\.javacpp\cache\javacpp-windows-x86.jar\org\bytedeco\javacpp\windows-x86\api-ms-win-crt-multibyte-l1-1-0.dll
0x690a0000 - 0x690a3000 	C:\Users\Nazarov\.javacpp\cache\javacpp-windows-x86.jar\org\bytedeco\javacpp\windows-x86\api-ms-win-core-string-l1-1-0.dll
0x69090000 - 0x69093000 	C:\Users\Nazarov\.javacpp\cache\javacpp-windows-x86.jar\org\bytedeco\javacpp\windows-x86\api-ms-win-core-errorhandling-l1-1-0.dll
0x69080000 - 0x69083000 	C:\Users\Nazarov\.javacpp\cache\javacpp-windows-x86.jar\org\bytedeco\javacpp\windows-x86\api-ms-win-core-timezone-l1-1-0.dll
0x68e90000 - 0x68e94000 	C:\Users\Nazarov\.javacpp\cache\javacpp-windows-x86.jar\org\bytedeco\javacpp\windows-x86\api-ms-win-core-file-l1-1-0.dll
0x68e80000 - 0x68e83000 	C:\Users\Nazarov\.javacpp\cache\javacpp-windows-x86.jar\org\bytedeco\javacpp\windows-x86\api-ms-win-core-namedpipe-l1-1-0.dll
0x68e70000 - 0x68e73000 	C:\Users\Nazarov\.javacpp\cache\javacpp-windows-x86.jar\org\bytedeco\javacpp\windows-x86\api-ms-win-core-handle-l1-1-0.dll
0x68e60000 - 0x68e63000 	C:\Users\Nazarov\.javacpp\cache\javacpp-windows-x86.jar\org\bytedeco\javacpp\windows-x86\api-ms-win-core-file-l2-1-0.dll
0x68e50000 - 0x68e53000 	C:\Users\Nazarov\.javacpp\cache\javacpp-windows-x86.jar\org\bytedeco\javacpp\windows-x86\api-ms-win-core-heap-l1-1-0.dll
0x68e40000 - 0x68e43000 	C:\Users\Nazarov\.javacpp\cache\javacpp-windows-x86.jar\org\bytedeco\javacpp\windows-x86\api-ms-win-core-libraryloader-l1-1-0.dll
0x68e30000 - 0x68e33000 	C:\Users\Nazarov\.javacpp\cache\javacpp-windows-x86.jar\org\bytedeco\javacpp\windows-x86\api-ms-win-core-synch-l1-1-0.dll
0x68e20000 - 0x68e23000 	C:\Users\Nazarov\.javacpp\cache\javacpp-windows-x86.jar\org\bytedeco\javacpp\windows-x86\api-ms-win-core-processthreads-l1-1-0.dll
0x68e10000 - 0x68e13000 	C:\Users\Nazarov\.javacpp\cache\javacpp-windows-x86.jar\org\bytedeco\javacpp\windows-x86\api-ms-win-core-processenvironment-l1-1-0.dll
0x68e00000 - 0x68e03000 	C:\Users\Nazarov\.javacpp\cache\javacpp-windows-x86.jar\org\bytedeco\javacpp\windows-x86\api-ms-win-core-datetime-l1-1-0.dll
0x68df0000 - 0x68df3000 	C:\Users\Nazarov\.javacpp\cache\javacpp-windows-x86.jar\org\bytedeco\javacpp\windows-x86\api-ms-win-core-localization-l1-2-0.dll
0x68de0000 - 0x68de3000 	C:\Users\Nazarov\.javacpp\cache\javacpp-windows-x86.jar\org\bytedeco\javacpp\windows-x86\api-ms-win-core-sysinfo-l1-1-0.dll
0x68dd0000 - 0x68dd3000 	C:\Users\Nazarov\.javacpp\cache\javacpp-windows-x86.jar\org\bytedeco\javacpp\windows-x86\api-ms-win-core-synch-l1-2-0.dll
0x68dc0000 - 0x68dc3000 	C:\Users\Nazarov\.javacpp\cache\javacpp-windows-x86.jar\org\bytedeco\javacpp\windows-x86\api-ms-win-core-console-l1-1-0.dll
0x68db0000 - 0x68db3000 	C:\Users\Nazarov\.javacpp\cache\javacpp-windows-x86.jar\org\bytedeco\javacpp\windows-x86\api-ms-win-core-debug-l1-1-0.dll
0x68da0000 - 0x68da3000 	C:\Users\Nazarov\.javacpp\cache\javacpp-windows-x86.jar\org\bytedeco\javacpp\windows-x86\api-ms-win-core-rtlsupport-l1-1-0.dll
0x68d90000 - 0x68d93000 	C:\Users\Nazarov\.javacpp\cache\javacpp-windows-x86.jar\org\bytedeco\javacpp\windows-x86\api-ms-win-core-processthreads-l1-1-1.dll
0x68d80000 - 0x68d83000 	C:\Users\Nazarov\.javacpp\cache\javacpp-windows-x86.jar\org\bytedeco\javacpp\windows-x86\api-ms-win-core-file-l1-2-0.dll
0x68d70000 - 0x68d73000 	C:\Users\Nazarov\.javacpp\cache\javacpp-windows-x86.jar\org\bytedeco\javacpp\windows-x86\api-ms-win-core-profile-l1-1-0.dll
0x68d60000 - 0x68d63000 	C:\Users\Nazarov\.javacpp\cache\javacpp-windows-x86.jar\org\bytedeco\javacpp\windows-x86\api-ms-win-core-memory-l1-1-0.dll
0x68d50000 - 0x68d53000 	C:\Users\Nazarov\.javacpp\cache\javacpp-windows-x86.jar\org\bytedeco\javacpp\windows-x86\api-ms-win-core-util-l1-1-0.dll
0x68d40000 - 0x68d43000 	C:\Users\Nazarov\.javacpp\cache\javacpp-windows-x86.jar\org\bytedeco\javacpp\windows-x86\api-ms-win-core-interlocked-l1-1-0.dll
0x68c20000 - 0x68d3e000 	C:\Users\Nazarov\.javacpp\cache\javacpp-windows-x86.jar\org\bytedeco\javacpp\windows-x86\ucrtbase.dll
0x68c00000 - 0x68c13000 	C:\Users\Nazarov\.javacpp\cache\javacpp-windows-x86.jar\org\bytedeco\javacpp\windows-x86\vcruntime140.dll
0x68b90000 - 0x68bff000 	C:\Users\Nazarov\.javacpp\cache\javacpp-windows-x86.jar\org\bytedeco\javacpp\windows-x86\msvcp140.dll
0x68b80000 - 0x68b87000 	C:\Users\Nazarov\.javacpp\cache\javacpp-windows-x86.jar\org\bytedeco\javacpp\windows-x86\msvcp140_1.dll
0x68b40000 - 0x68b7c000 	C:\Users\Nazarov\.javacpp\cache\javacpp-windows-x86.jar\org\bytedeco\javacpp\windows-x86\concrt140.dll
0x68b10000 - 0x68b31000 	C:\Users\Nazarov\.javacpp\cache\javacpp-windows-x86.jar\org\bytedeco\javacpp\windows-x86\vcomp140.dll
0x68b00000 - 0x68b0b000 	C:\Users\Nazarov\.javacpp\cache\javacpp-windows-x86.jar\org\bytedeco\javacpp\windows-x86\jnijavacpp.dll
0x17d90000 - 0x192a2000 	C:\Users\Nazarov\.javacpp\cache\openblas-windows-x86.jar\org\bytedeco\openblas\windows-x86\libopenblas_nolapack.dll
0x68ab0000 - 0x68af7000 	C:\Users\Nazarov\.javacpp\cache\openblas-windows-x86.jar\org\bytedeco\openblas\windows-x86\jniopenblas_nolapack.dll
0x1d920000 - 0x1ee32000 	C:\Users\Nazarov\.javacpp\cache\openblas-windows-x86.jar\org\bytedeco\openblas\windows-x86\libopenblas.dll
0x21e90000 - 0x22ecf000 	C:\Users\Nazarov\.javacpp\cache\openblas-windows-x86.jar\org\bytedeco\openblas\windows-x86\jniopenblas.dll
0x687d0000 - 0x68aab000 	C:\Users\Nazarov\.javacpp\cache\opencv-windows-x86.jar\org\bytedeco\opencv\windows-x86\opencv_core440.dll
0x54bf0000 - 0x55056000 	C:\Users\Nazarov\.javacpp\cache\opencv-windows-x86.jar\org\bytedeco\opencv\windows-x86\opencv_imgproc440.dll
0x54920000 - 0x54be5000 	C:\Users\Nazarov\.javacpp\cache\opencv-windows-x86.jar\org\bytedeco\opencv\windows-x86\jniopencv_core.dll
0x64270000 - 0x6439d000 	C:\Users\Nazarov\.javacpp\cache\opencv-windows-x86.jar\org\bytedeco\opencv\windows-x86\jniopencv_imgproc.dll
0x779c0000 - 0x77d0a000 	C:\Users\Nazarov\.javacpp\cache\opencv-windows-x86.jar\org\bytedeco\opencv\windows-x86\opencv_imgcodecs440.dll
0x684e0000 - 0x68506000 	C:\Users\Nazarov\.javacpp\cache\opencv-windows-x86.jar\org\bytedeco\opencv\windows-x86\jniopencv_imgcodecs.dll
0x68460000 - 0x684d9000 	C:\Users\Nazarov\.javacpp\cache\opencv-windows-x86.jar\org\bytedeco\opencv\windows-x86\opencv_videoio440.dll
0x59dc0000 - 0x59e1a000 	C:\Windows\system32\MFPlat.DLL
0x687c0000 - 0x687c7000 	C:\Windows\system32\AVRT.dll
0x31530000 - 0x31842000 	C:\Windows\system32\MF.dll
0x6aad0000 - 0x6aae4000 	C:\Windows\system32\ATL.DLL
0x687b0000 - 0x687b4000 	C:\Windows\system32\ksuser.dll
0x68420000 - 0x68453000 	C:\Windows\system32\MFReadWrite.dll
0x547a0000 - 0x54915000 	C:\Windows\system32\d3d11.dll
0x64220000 - 0x6426c000 	C:\Windows\system32\dxgi.dll
0x55290000 - 0x552b3000 	C:\Users\Nazarov\.javacpp\cache\opencv-windows-x86.jar\org\bytedeco\opencv\windows-x86\jniopencv_videoio.dll
0x76fe0000 - 0x77063000 	C:\Windows\syswow64\CLBCatQ.DLL
0x68730000 - 0x68744000 	C:\Windows\SysWOW64\devenum.dll
0x73790000 - 0x737b1000 	C:\Windows\system32\ntmarta.dll
0x76ba0000 - 0x76be5000 	C:\Windows\syswow64\WLDAP32.dll
0x76750000 - 0x7677f000 	C:\Windows\syswow64\WINTRUST.dll
0x57ce0000 - 0x57ceb000 	C:\Windows\system32\msdmo.dll
0x55280000 - 0x55289000 	C:\Windows\SysWOW64\vidcap.ax

VM Arguments:
jvm_args: -Xdebug -Xrunjdwp:transport=dt_shmem,address=javadebug -Dfile.encoding=UTF-8 
java_command: educationpracticum.CaptureWebCam
java_class_path (initial): C:\Users\Nazarov\Documents\NetBeansProjects\EducationPracticum\lib\javacv-platform-1.5.4-bin\artoolkitplus-android-arm.jar;C:\Users\Nazarov\Documents\NetBeansProjects\EducationPracticum\lib\javacv-platform-1.5.4-bin\artoolkitplus-android-arm64.jar;C:\Users\Nazarov\Documents\NetBeansProjects\EducationPracticum\lib\javacv-platform-1.5.4-bin\artoolkitplus-android-x86.jar;C:\Users\Nazarov\Documents\NetBeansProjects\EducationPracticum\lib\javacv-platform-1.5.4-bin\artoolkitplus-android-x86_64.jar;C:\Users\Nazarov\Documents\NetBeansProjects\EducationPracticum\lib\javacv-platform-1.5.4-bin\artoolkitplus-linux-arm64.jar;C:\Users\Nazarov\Documents\NetBeansProjects\EducationPracticum\lib\javacv-platform-1.5.4-bin\artoolkitplus-linux-armhf.jar;C:\Users\Nazarov\Documents\NetBeansProjects\EducationPracticum\lib\javacv-platform-1.5.4-bin\artoolkitplus-linux-ppc64le.jar;C:\Users\Nazarov\Documents\NetBeansProjects\EducationPracticum\lib\javacv-platform-1.5.4-bin\artoolkitplus-linux-x86.jar;C:\Users\Nazarov\Documents\NetBeansProjects\EducationPracticum\lib\javacv-platform-1.5.4-bin\artoolkitplus-linux-x86_64.jar;C:\Users\Nazarov\Documents\NetBeansProjects\EducationPracticum\lib\javacv-platform-1.5.4-bin\artoolkitplus-macosx-x86_64.jar;C:\Users\Nazarov\Documents\NetBeansProjects\EducationPracticum\lib\javacv-platform-1.5.4-bin\artoolkitplus-platform.jar;C:\Users\Nazarov\Documents\NetBeansProjects\EducationPracticum\lib\javacv-platform-1.5.4-bin\artoolkitplus-windows-x86.jar;C:\Users\Nazarov\Documents\NetBeansProjects\EducationPracticum\lib\javacv-platform-1.5.4-bin\artoolkitplus-windows-x86_64.jar;C:\Users\Nazarov\Documents\NetBeansProjects\EducationPracticum\lib\javacv-platform-1.5.4-bin\artoolkitplus.jar;C:\Users\Nazarov\Documents\NetBeansProjects\EducationPracticum\lib\javacv-platform-1.5.4-bin\ffmpeg-android-arm.jar;C:\Users\Nazarov\Documents\NetBeansProjects\EducationPracticum\lib\javacv-platform-1.5.4-bin\ffmpeg-android-arm64.jar;C:\Users\Nazarov\Do
Launcher Type: SUN_STANDARD

Environment Variables:
PATH=C:\Program Files (x86)\Common Files\Oracle\Java\javapath;C:\Program Files (x86)\Intel\iCLS Client\;C:\Program Files\Intel\iCLS Client\;C:\Windows\system32;C:\Windows;C:\Windows\System32\Wbem;C:\Windows\System32\WindowsPowerShell\v1.0\;C:\Program Files (x86)\Intel\UCRT\;C:\Program Files\Intel\UCRT\;C:\Program Files (x86)\Intel\Intel(R) Management Engine Components\DAL;C:\Program Files\Intel\Intel(R) Management Engine Components\DAL;C:\Program Files (x86)\Intel\Intel(R) Management Engine Components\IPT;C:\Program Files\Intel\Intel(R) Management Engine Components\IPT;C:\Program Files\Windows Imaging\;C:\Program Files (x86)\STMicroelectronics\STM32 ST-LINK Utility\ST-LINK Utility;C:\adb;C:\Program Files\dotnet\;C:\Program Files (x86)\Common Files\Oracle\Java\javapath;C:\Program Files (x86)\Intel\iCLS Client\;C:\Program Files\Intel\iCLS Client\;C:\Windows\system32;C:\Windows;C:\Windows\System32\Wbem;C:\Windows\System32\WindowsPowerShell\v1.0\;C:\Program Files (x86)\Intel\UCRT\;C:\Program Files\Intel\UCRT\;C:\Program Files (x86)\Intel\Intel(R) Management Engine Components\DAL;C:\Program Files\Intel\Intel(R) Management Engine Components\DAL;C:\Program Files (x86)\Intel\Intel(R) Management Engine Components\IPT;C:\Program Files\Intel\Intel(R) Management Engine Components\IPT;C:\Users\Nazarov\AppData\Local\Programs\Git\cmd
USERNAME=nazarov
OS=Windows_NT
PROCESSOR_IDENTIFIER=Intel64 Family 6 Model 94 Stepping 3, GenuineIntel



---------------  S Y S T E M  ---------------

OS: Windows 7 , 64 bit Build 7601 (6.1.7601.24384)

CPU:total 4 (initial active 4) (2 cores per cpu, 2 threads per core) family 6 model 94 stepping 3, cmov, cx8, fxsr, mmx, sse, sse2, sse3, ssse3, sse4.1, sse4.2, popcnt, avx, avx2, aes, clmul, erms, 3dnowpref, lzcnt, ht, tsc, tscinvbit, bmi1, bmi2, adx

Memory: 4k page, physical 8273880k(1683068k free), swap 8271976k(1343748k free)

vm_info: Java HotSpot(TM) Client VM (25.211-b12) for windows-x86 JRE (1.8.0_211-b12), built on Apr  1 2019 20:53:53 by "java_re" with MS VC++ 10.0 (VS2010)

time: Tue Jun 08 13:39:38 2021
timezone: RTZ 2 (зима)
elapsed time: 4 seconds (0d 0h 0m 4s)

