#
# A fatal error has been detected by the Java Runtime Environment:
#
#  EXCEPTION_ACCESS_VIOLATION (0xc0000005) at pc=0x559b282e, pid=6652, tid=0x00001100
#
# JRE version: Java(TM) SE Runtime Environment (8.0_211-b12) (build 1.8.0_211-b12)
# Java VM: Java HotSpot(TM) Client VM (25.211-b12 mixed mode windows-x86 )
# Problematic frame:
# C  [vcruntime140.dll+0x282e]
#
# Failed to write core dump. Minidumps are not enabled by default on client versions of Windows
#
# If you would like to submit a bug report, please visit:
#   http://bugreport.java.com/bugreport/crash.jsp
# The crash happened outside the Java Virtual Machine in native code.
# See problematic frame for where to report the bug.
#

---------------  T H R E A D  ---------------

Current thread (0x00766400):  JavaThread "main" [_thread_in_native, id=4352, stack(0x02440000,0x02490000)]

siginfo: ExceptionCode=0xc0000005, reading address 0x225f7000

Registers:
EAX=0x22641020, EBX=0x00000000, ECX=0x0004a020, EDX=0x000e1000
ESP=0x0248f790, EBP=0x0248f988, ESI=0x225f7000, EDI=0x22d37020
EIP=0x559b282e, EFLAGS=0x00010203

Top of Stack: (sp=0x0248f790)
0x0248f790:   22560020 22ca0040 545a7ac3 22ca0040
0x0248f7a0:   22560020 000e1000 b219b70d 53570a78
0x0248f7b0:   0248fb00 006f07b0 000000ce 14a122a0
0x0248f7c0:   000e1000 00000000 00000000 00000000
0x0248f7d0:   00000058 00000000 00707d80 006581a8
0x0248f7e0:   006582d4 007234a8 006587a8 00658948
0x0248f7f0:   0248f784 00000000 0248fa68 77444dcd
0x0248f800:   04858e30 fffffffe 42ff4010 00000002 

Instructions: (pc=0x559b282e)
0x559b280e:   00 73 13 0f ba 25 14 f0 9b 55 01 0f 82 8e 04 00
0x559b281e:   00 e9 e3 01 00 00 0f ba 25 d0 f2 9b 55 01 73 09
0x559b282e:   f3 a4 8b 44 24 0c 5e 5f c3 8b c7 33 c6 a9 0f 00
0x559b283e:   00 00 75 0e 0f ba 25 14 f0 9b 55 01 0f 82 e0 03 


Register to memory mapping:

EAX=0x22641020 is an unknown value
EBX=0x00000000 is an unknown value
ECX=0x0004a020 is an unknown value
EDX=0x000e1000 is an unknown value
ESP=0x0248f790 is pointing into the stack for thread: 0x00766400
EBP=0x0248f988 is pointing into the stack for thread: 0x00766400
ESI=0x225f7000 is an unknown value
EDI=0x22d37020 is an unknown value


Stack: [0x02440000,0x02490000],  sp=0x0248f790,  free space=317k
Native frames: (J=compiled Java code, j=interpreted, Vv=VM code, C=native code)
C  [vcruntime140.dll+0x282e]
C  [opencv_videoio440.dll+0x3a869]
C  [opencv_videoio440.dll+0xc3ce]
C  [opencv_videoio440.dll+0xc168]
C  [jniopencv_videoio.dll+0x25e4]
j  org.bytedeco.opencv.opencv_videoio.VideoCapture.read(Lorg/bytedeco/opencv/opencv_core/Mat;)Z+0
j  org.bytedeco.javacv.OpenCVFrameGrabber.start()V+400
j  educationpracticum.CaptureWebCam.Start()V+23
j  educationpracticum.CaptureWebCam.main([Ljava/lang/String;)V+9
v  ~StubRoutines::call_stub
V  [jvm.dll+0x15c305]
V  [jvm.dll+0x2251ee]
V  [jvm.dll+0x15c39e]
V  [jvm.dll+0xdd9c7]
V  [jvm.dll+0xe5f5f]
C  [java.exe+0x2363]
C  [java.exe+0xb03f]
C  [java.exe+0xb0c9]
C  [kernel32.dll+0x1344d]
C  [ntdll.dll+0x39802]
C  [ntdll.dll+0x397d5]
C  0x00000000

Java frames: (J=compiled Java code, j=interpreted, Vv=VM code)
j  org.bytedeco.opencv.opencv_videoio.VideoCapture.read(Lorg/bytedeco/opencv/opencv_core/Mat;)Z+0
j  org.bytedeco.javacv.OpenCVFrameGrabber.start()V+400
j  educationpracticum.CaptureWebCam.Start()V+23
j  educationpracticum.CaptureWebCam.main([Ljava/lang/String;)V+9
v  ~StubRoutines::call_stub

---------------  P R O C E S S  ---------------

Java Threads: ( => current thread )
  0x16496000 JavaThread "JavaCPP Deallocator" daemon [_thread_blocked, id=7356, stack(0x18c10000,0x18c60000)]
  0x1618f800 JavaThread "org.netbeans.modules.debugger.jpda.visual AWT Access Loop" daemon [_thread_blocked, id=9524, stack(0x15590000,0x155e0000)]
  0x16182c00 JavaThread "AWT-EventQueue-0" [_thread_blocked, id=7064, stack(0x16890000,0x168e0000)]
  0x1613d800 JavaThread "AWT-Windows" daemon [_thread_in_native, id=6852, stack(0x167e0000,0x16830000)]
  0x16132c00 JavaThread "AWT-Shutdown" [_thread_blocked, id=11352, stack(0x04860000,0x048b0000)]
  0x16132400 JavaThread "Java2D Disposer" daemon [_thread_blocked, id=1968, stack(0x16700000,0x16750000)]
  0x150ca400 JavaThread "Service Thread" daemon [_thread_blocked, id=11924, stack(0x15860000,0x158b0000)]
  0x150c5800 JavaThread "C1 CompilerThread0" daemon [_thread_blocked, id=7876, stack(0x157c0000,0x15810000)]
  0x150bec00 JavaThread "JDWP Command Reader" daemon [_thread_in_native, id=8640, stack(0x156e0000,0x15730000)]
  0x150bdc00 JavaThread "JDWP Event Helper Thread" daemon [_thread_blocked, id=1196, stack(0x153c0000,0x15410000)]
  0x150bc000 JavaThread "JDWP Transport Listener: dt_shmem" daemon [_thread_blocked, id=6580, stack(0x15530000,0x15580000)]
  0x150b5c00 JavaThread "Attach Listener" daemon [_thread_blocked, id=3580, stack(0x15420000,0x15470000)]
  0x150b2800 JavaThread "Signal Dispatcher" daemon [_thread_blocked, id=10820, stack(0x14e80000,0x14ed0000)]
  0x15090800 JavaThread "Finalizer" daemon [_thread_blocked, id=11240, stack(0x14f70000,0x14fc0000)]
  0x0083fc00 JavaThread "Reference Handler" daemon [_thread_blocked, id=2644, stack(0x14f10000,0x14f60000)]
=>0x00766400 JavaThread "main" [_thread_in_native, id=4352, stack(0x02440000,0x02490000)]

Other Threads:
  0x00817000 VMThread [stack: 0x00850000,0x008a0000] [id=6352]
  0x150fa800 WatcherThread [stack: 0x15770000,0x157c0000] [id=6620]

VM state:not at safepoint (normal execution)

VM Mutex/Monitor currently owned by a thread: None

Heap:
 def new generation   total 4992K, used 1349K [0x04a00000, 0x04f60000, 0x09f50000)
  eden space 4480K,  28% used [0x04a00000, 0x04b39c00, 0x04e60000)
  from space 512K,  18% used [0x04ee0000, 0x04ef7a08, 0x04f60000)
  to   space 512K,   0% used [0x04e60000, 0x04e60000, 0x04ee0000)
 tenured generation   total 10944K, used 4688K [0x09f50000, 0x0aa00000, 0x14a00000)
   the space 10944K,  42% used [0x09f50000, 0x0a3e43c8, 0x0a3e4400, 0x0aa00000)
 Metaspace       used 11151K, capacity 11328K, committed 11392K, reserved 11648K

Card table byte_map: [0x02490000,0x02520000] byte_map_base: 0x0246b000

Polling page: 0x00190000

CodeCache: size=32768Kb used=1819Kb max_used=1819Kb free=30948Kb
 bounds [0x02840000, 0x02a08000, 0x04840000]
 total_blobs=955 nmethods=550 adapters=344
 compilation: enabled

Compilation events (10 events):
Event: 4.051 Thread 0x150c5800  552             java.util.LinkedHashMap::newNode (23 bytes)
Event: 4.051 Thread 0x150c5800 nmethod 552 0x02a06148 code [0x02a06240, 0x02a063a0]
Event: 4.051 Thread 0x150c5800  553             java.util.LinkedHashMap$Entry::<init> (10 bytes)
Event: 4.051 Thread 0x150c5800 nmethod 553 0x02a06488 code [0x02a06580, 0x02a06630]
Event: 4.051 Thread 0x150c5800  554             java.util.LinkedHashMap::linkNodeLast (33 bytes)
Event: 4.051 Thread 0x150c5800 nmethod 554 0x02a06688 code [0x02a06780, 0x02a06850]
Event: 4.051 Thread 0x150c5800  555             java.util.LinkedHashMap::afterNodeInsertion (40 bytes)
Event: 4.051 Thread 0x150c5800 nmethod 555 0x02a06908 code [0x02a06a20, 0x02a06b64]
Event: 4.082 Thread 0x150c5800  556             java.io.File::getCanonicalPath (31 bytes)
Event: 4.082 Thread 0x150c5800 nmethod 556 0x02a06c48 code [0x02a06d80, 0x02a06ed0]

GC Heap History (10 events):
Event: 3.908 GC heap before
{Heap before GC invocations=37 (full 0):
 def new generation   total 4992K, used 4506K [0x04a00000, 0x04f60000, 0x09f50000)
  eden space 4480K, 100% used [0x04a00000, 0x04e60000, 0x04e60000)
  from space 512K,   5% used [0x04e60000, 0x04e66a58, 0x04ee0000)
  to   space 512K,   0% used [0x04ee0000, 0x04ee0000, 0x04f60000)
 tenured generation   total 10944K, used 4688K [0x09f50000, 0x0aa00000, 0x14a00000)
   the space 10944K,  42% used [0x09f50000, 0x0a3e43c8, 0x0a3e4400, 0x0aa00000)
 Metaspace       used 11037K, capacity 11200K, committed 11264K, reserved 11648K
Event: 3.908 GC heap after
Heap after GC invocations=38 (full 0):
 def new generation   total 4992K, used 122K [0x04a00000, 0x04f60000, 0x09f50000)
  eden space 4480K,   0% used [0x04a00000, 0x04a00000, 0x04e60000)
  from space 512K,  23% used [0x04ee0000, 0x04efe960, 0x04f60000)
  to   space 512K,   0% used [0x04e60000, 0x04e60000, 0x04ee0000)
 tenured generation   total 10944K, used 4688K [0x09f50000, 0x0aa00000, 0x14a00000)
   the space 10944K,  42% used [0x09f50000, 0x0a3e43c8, 0x0a3e4400, 0x0aa00000)
 Metaspace       used 11037K, capacity 11200K, committed 11264K, reserved 11648K
}
Event: 3.965 GC heap before
{Heap before GC invocations=38 (full 0):
 def new generation   total 4992K, used 4602K [0x04a00000, 0x04f60000, 0x09f50000)
  eden space 4480K, 100% used [0x04a00000, 0x04e60000, 0x04e60000)
  from space 512K,  23% used [0x04ee0000, 0x04efe960, 0x04f60000)
  to   space 512K,   0% used [0x04e60000, 0x04e60000, 0x04ee0000)
 tenured generation   total 10944K, used 4688K [0x09f50000, 0x0aa00000, 0x14a00000)
   the space 10944K,  42% used [0x09f50000, 0x0a3e43c8, 0x0a3e4400, 0x0aa00000)
 Metaspace       used 11121K, capacity 11296K, committed 11392K, reserved 11648K
Event: 3.966 GC heap after
Heap after GC invocations=39 (full 0):
 def new generation   total 4992K, used 149K [0x04a00000, 0x04f60000, 0x09f50000)
  eden space 4480K,   0% used [0x04a00000, 0x04a00000, 0x04e60000)
  from space 512K,  29% used [0x04e60000, 0x04e85450, 0x04ee0000)
  to   space 512K,   0% used [0x04ee0000, 0x04ee0000, 0x04f60000)
 tenured generation   total 10944K, used 4688K [0x09f50000, 0x0aa00000, 0x14a00000)
   the space 10944K,  42% used [0x09f50000, 0x0a3e43c8, 0x0a3e4400, 0x0aa00000)
 Metaspace       used 11121K, capacity 11296K, committed 11392K, reserved 11648K
}
Event: 4.006 GC heap before
{Heap before GC invocations=39 (full 0):
 def new generation   total 4992K, used 4629K [0x04a00000, 0x04f60000, 0x09f50000)
  eden space 4480K, 100% used [0x04a00000, 0x04e60000, 0x04e60000)
  from space 512K,  29% used [0x04e60000, 0x04e85450, 0x04ee0000)
  to   space 512K,   0% used [0x04ee0000, 0x04ee0000, 0x04f60000)
 tenured generation   total 10944K, used 4688K [0x09f50000, 0x0aa00000, 0x14a00000)
   the space 10944K,  42% used [0x09f50000, 0x0a3e43c8, 0x0a3e4400, 0x0aa00000)
 Metaspace       used 11129K, capacity 11296K, committed 11392K, reserved 11648K
Event: 4.007 GC heap after
Heap after GC invocations=40 (full 0):
 def new generation   total 4992K, used 92K [0x04a00000, 0x04f60000, 0x09f50000)
  eden space 4480K,   0% used [0x04a00000, 0x04a00000, 0x04e60000)
  from space 512K,  18% used [0x04ee0000, 0x04ef7168, 0x04f60000)
  to   space 512K,   0% used [0x04e60000, 0x04e60000, 0x04ee0000)
 tenured generation   total 10944K, used 4688K [0x09f50000, 0x0aa00000, 0x14a00000)
   the space 10944K,  42% used [0x09f50000, 0x0a3e43c8, 0x0a3e4400, 0x0aa00000)
 Metaspace       used 11129K, capacity 11296K, committed 11392K, reserved 11648K
}
Event: 4.063 GC heap before
{Heap before GC invocations=40 (full 0):
 def new generation   total 4992K, used 4572K [0x04a00000, 0x04f60000, 0x09f50000)
  eden space 4480K, 100% used [0x04a00000, 0x04e60000, 0x04e60000)
  from space 512K,  18% used [0x04ee0000, 0x04ef7168, 0x04f60000)
  to   space 512K,   0% used [0x04e60000, 0x04e60000, 0x04ee0000)
 tenured generation   total 10944K, used 4688K [0x09f50000, 0x0aa00000, 0x14a00000)
   the space 10944K,  42% used [0x09f50000, 0x0a3e43c8, 0x0a3e4400, 0x0aa00000)
 Metaspace       used 11129K, capacity 11296K, committed 11392K, reserved 11648K
Event: 4.064 GC heap after
Heap after GC invocations=41 (full 0):
 def new generation   total 4992K, used 77K [0x04a00000, 0x04f60000, 0x09f50000)
  eden space 4480K,   0% used [0x04a00000, 0x04a00000, 0x04e60000)
  from space 512K,  15% used [0x04e60000, 0x04e734c8, 0x04ee0000)
  to   space 512K,   0% used [0x04ee0000, 0x04ee0000, 0x04f60000)
 tenured generation   total 10944K, used 4688K [0x09f50000, 0x0aa00000, 0x14a00000)
   the space 10944K,  42% used [0x09f50000, 0x0a3e43c8, 0x0a3e4400, 0x0aa00000)
 Metaspace       used 11129K, capacity 11296K, committed 11392K, reserved 11648K
}
Event: 4.114 GC heap before
{Heap before GC invocations=41 (full 0):
 def new generation   total 4992K, used 4557K [0x04a00000, 0x04f60000, 0x09f50000)
  eden space 4480K, 100% used [0x04a00000, 0x04e60000, 0x04e60000)
  from space 512K,  15% used [0x04e60000, 0x04e734c8, 0x04ee0000)
  to   space 512K,   0% used [0x04ee0000, 0x04ee0000, 0x04f60000)
 tenured generation   total 10944K, used 4688K [0x09f50000, 0x0aa00000, 0x14a00000)
   the space 10944K,  42% used [0x09f50000, 0x0a3e43c8, 0x0a3e4400, 0x0aa00000)
 Metaspace       used 11150K, capacity 11328K, committed 11392K, reserved 11648K
Event: 4.114 GC heap after
Heap after GC invocations=42 (full 0):
 def new generation   total 4992K, used 94K [0x04a00000, 0x04f60000, 0x09f50000)
  eden space 4480K,   0% used [0x04a00000, 0x04a00000, 0x04e60000)
  from space 512K,  18% used [0x04ee0000, 0x04ef7a08, 0x04f60000)
  to   space 512K,   0% used [0x04e60000, 0x04e60000, 0x04ee0000)
 tenured generation   total 10944K, used 4688K [0x09f50000, 0x0aa00000, 0x14a00000)
   the space 10944K,  42% used [0x09f50000, 0x0a3e43c8, 0x0a3e4400, 0x0aa00000)
 Metaspace       used 11150K, capacity 11328K, committed 11392K, reserved 11648K
}

Deoptimization events (0 events):
No events

Classes redefined (0 events):
No events

Internal exceptions (10 events):
Event: 4.160 Thread 0x00766400 Exception <a 'sun/nio/fs/WindowsException'> (0x04b1e9a8) thrown at [C:\re\workspace\8-2-build-windows-i586-cygwin\jdk8u211\12973\hotspot\src\share\vm\prims\jni.cpp, line 710]
Event: 4.160 Thread 0x00766400 Exception <a 'sun/nio/fs/WindowsException'> (0x04b1ff78) thrown at [C:\re\workspace\8-2-build-windows-i586-cygwin\jdk8u211\12973\hotspot\src\share\vm\prims\jni.cpp, line 710]
Event: 4.161 Thread 0x00766400 Exception <a 'sun/nio/fs/WindowsException'> (0x04b215f0) thrown at [C:\re\workspace\8-2-build-windows-i586-cygwin\jdk8u211\12973\hotspot\src\share\vm\prims\jni.cpp, line 710]
Event: 4.161 Thread 0x00766400 Exception <a 'sun/nio/fs/WindowsException'> (0x04b22a08) thrown at [C:\re\workspace\8-2-build-windows-i586-cygwin\jdk8u211\12973\hotspot\src\share\vm\prims\jni.cpp, line 710]
Event: 4.161 Thread 0x00766400 Exception <a 'sun/nio/fs/WindowsException'> (0x04b23eb0) thrown at [C:\re\workspace\8-2-build-windows-i586-cygwin\jdk8u211\12973\hotspot\src\share\vm\prims\jni.cpp, line 710]
Event: 4.161 Thread 0x00766400 Exception <a 'sun/nio/fs/WindowsException'> (0x04b252c8) thrown at [C:\re\workspace\8-2-build-windows-i586-cygwin\jdk8u211\12973\hotspot\src\share\vm\prims\jni.cpp, line 710]
Event: 4.161 Thread 0x00766400 Exception <a 'sun/nio/fs/WindowsException'> (0x04b26700) thrown at [C:\re\workspace\8-2-build-windows-i586-cygwin\jdk8u211\12973\hotspot\src\share\vm\prims\jni.cpp, line 710]
Event: 4.161 Thread 0x00766400 Exception <a 'sun/nio/fs/WindowsException'> (0x04b27b18) thrown at [C:\re\workspace\8-2-build-windows-i586-cygwin\jdk8u211\12973\hotspot\src\share\vm\prims\jni.cpp, line 710]
Event: 4.162 Thread 0x00766400 Exception <a 'sun/nio/fs/WindowsException'> (0x04b28f30) thrown at [C:\re\workspace\8-2-build-windows-i586-cygwin\jdk8u211\12973\hotspot\src\share\vm\prims\jni.cpp, line 710]
Event: 4.162 Thread 0x00766400 Exception <a 'sun/nio/fs/WindowsException'> (0x04b2a380) thrown at [C:\re\workspace\8-2-build-windows-i586-cygwin\jdk8u211\12973\hotspot\src\share\vm\prims\jni.cpp, line 710]

Events (10 events):
Event: 4.162 Thread 0x00766400 DEOPT PACKING pc=0x02a03f38 sp=0x0248f600
Event: 4.162 Thread 0x00766400 DEOPT UNPACKING pc=0x0287c5e5 sp=0x0248f4a8 mode 1
Event: 4.162 Thread 0x00766400 DEOPT PACKING pc=0x029ff0e4 sp=0x0248f650
Event: 4.162 Thread 0x00766400 DEOPT UNPACKING pc=0x0287c5e5 sp=0x0248f558 mode 1
Event: 4.162 Thread 0x00766400 DEOPT PACKING pc=0x02a04e42 sp=0x0248f640
Event: 4.162 Thread 0x00766400 DEOPT UNPACKING pc=0x0287c5e5 sp=0x0248f4d8 mode 1
Event: 4.162 Thread 0x00766400 DEOPT PACKING pc=0x02a04bf8 sp=0x0248f680
Event: 4.162 Thread 0x00766400 DEOPT UNPACKING pc=0x0287c5e5 sp=0x0248f520 mode 1
Event: 4.162 Thread 0x00766400 DEOPT PACKING pc=0x029fe970 sp=0x0248f710
Event: 4.162 Thread 0x00766400 DEOPT UNPACKING pc=0x0287c5e5 sp=0x0248f5c0 mode 1


Dynamic libraries:
0x002d0000 - 0x00303000 	C:\Program Files (x86)\Java\jdk1.8.0_211\bin\java.exe
0x773d0000 - 0x77550000 	C:\Windows\SysWOW64\ntdll.dll
0x765a0000 - 0x766b0000 	C:\Windows\syswow64\kernel32.dll
0x768a0000 - 0x768e7000 	C:\Windows\syswow64\KERNELBASE.dll
0x74f80000 - 0x75021000 	C:\Windows\syswow64\ADVAPI32.dll
0x764f0000 - 0x7659c000 	C:\Windows\syswow64\msvcrt.dll
0x76fd0000 - 0x76fe9000 	C:\Windows\SysWOW64\sechost.dll
0x75340000 - 0x75430000 	C:\Windows\syswow64\RPCRT4.dll
0x74ed0000 - 0x74f30000 	C:\Windows\syswow64\SspiCli.dll
0x74ec0000 - 0x74ecc000 	C:\Windows\syswow64\CRYPTBASE.dll
0x76ed0000 - 0x76fd0000 	C:\Windows\syswow64\USER32.dll
0x76150000 - 0x761e0000 	C:\Windows\syswow64\GDI32.dll
0x75430000 - 0x7543a000 	C:\Windows\syswow64\LPK.dll
0x763b0000 - 0x7644d000 	C:\Windows\syswow64\USP10.dll
0x73370000 - 0x7350e000 	C:\Windows\WinSxS\x86_microsoft.windows.common-controls_6595b64144ccf1df_6.0.7601.18837_none_41e855142bd5705d\COMCTL32.dll
0x76c60000 - 0x76cb7000 	C:\Windows\syswow64\SHLWAPI.dll
0x75070000 - 0x750d0000 	C:\Windows\system32\IMM32.DLL
0x75270000 - 0x7533d000 	C:\Windows\syswow64\MSCTF.dll
0x56d30000 - 0x56def000 	C:\Program Files (x86)\Java\jdk1.8.0_211\jre\bin\msvcr100.dll
0x56950000 - 0x56d25000 	C:\Program Files (x86)\Java\jdk1.8.0_211\jre\bin\client\jvm.dll
0x72b70000 - 0x72b77000 	C:\Windows\system32\WSOCK32.dll
0x75030000 - 0x75065000 	C:\Windows\syswow64\WS2_32.dll
0x76bc0000 - 0x76bc6000 	C:\Windows\syswow64\NSI.dll
0x72b10000 - 0x72b42000 	C:\Windows\system32\WINMM.dll
0x747d0000 - 0x747d9000 	C:\Windows\system32\VERSION.dll
0x76bd0000 - 0x76bd5000 	C:\Windows\syswow64\PSAPI.DLL
0x57e70000 - 0x57e7c000 	C:\Program Files (x86)\Java\jdk1.8.0_211\jre\bin\verify.dll
0x57350000 - 0x57371000 	C:\Program Files (x86)\Java\jdk1.8.0_211\jre\bin\java.dll
0x57380000 - 0x573ab000 	C:\Program Files (x86)\Java\jdk1.8.0_211\jre\bin\jdwp.dll
0x57340000 - 0x57347000 	C:\Program Files (x86)\Java\jdk1.8.0_211\jre\bin\npt.dll
0x57200000 - 0x57214000 	C:\Program Files (x86)\Java\jdk1.8.0_211\jre\bin\zip.dll
0x75470000 - 0x760bc000 	C:\Windows\syswow64\SHELL32.dll
0x76740000 - 0x7689d000 	C:\Windows\syswow64\ole32.dll
0x748e0000 - 0x748eb000 	C:\Windows\system32\profapi.dll
0x57550000 - 0x57559000 	C:\Program Files (x86)\Java\jdk1.8.0_211\jre\bin\dt_shmem.dll
0x56800000 - 0x56947000 	C:\Program Files (x86)\Java\jdk1.8.0_211\jre\bin\awt.dll
0x76450000 - 0x764e1000 	C:\Windows\syswow64\OLEAUT32.dll
0x6a490000 - 0x6a4a3000 	C:\Windows\system32\DWMAPI.DLL
0x55e10000 - 0x55ed8000 	C:\Windows\system32\opengl32.dll
0x571d0000 - 0x571f2000 	C:\Windows\system32\GLU32.dll
0x55d20000 - 0x55e07000 	C:\Windows\system32\DDRAW.dll
0x571c0000 - 0x571c6000 	C:\Windows\system32\DCIMAN32.dll
0x761e0000 - 0x7637d000 	C:\Windows\syswow64\SETUPAPI.dll
0x75440000 - 0x75467000 	C:\Windows\syswow64\CFGMGR32.dll
0x76ba0000 - 0x76bb2000 	C:\Windows\syswow64\DEVOBJ.dll
0x6a4b0000 - 0x6a530000 	C:\Windows\system32\uxtheme.dll
0x567c0000 - 0x567fa000 	C:\Program Files (x86)\Java\jdk1.8.0_211\jre\bin\fontmanager.dll
0x571b0000 - 0x571b3000 	C:\Users\Nazarov\.javacpp\cache\javacpp-windows-x86.jar\org\bytedeco\javacpp\windows-x86\api-ms-win-crt-locale-l1-1-0.dll
0x567a0000 - 0x567b5000 	C:\Program Files (x86)\Java\jdk1.8.0_211\jre\bin\net.dll
0x768f0000 - 0x76a30000 	C:\Windows\syswow64\urlmon.dll
0x76710000 - 0x7673f000 	C:\Windows\syswow64\XmlLite.dll
0x750e0000 - 0x751d5000 	C:\Windows\syswow64\WININET.dll
0x76cc0000 - 0x76ec1000 	C:\Windows\syswow64\iertutil.dll
0x76a60000 - 0x76b82000 	C:\Windows\syswow64\CRYPT32.dll
0x750d0000 - 0x750dc000 	C:\Windows\syswow64\MSASN1.dll
0x738e0000 - 0x7391c000 	C:\Windows\system32\mswsock.dll
0x72bf0000 - 0x72bf6000 	C:\Windows\System32\wship6.dll
0x571a0000 - 0x571af000 	C:\Program Files (x86)\Java\jdk1.8.0_211\jre\bin\nio.dll
0x56790000 - 0x56794000 	C:\Users\Nazarov\.javacpp\cache\javacpp-windows-x86.jar\org\bytedeco\javacpp\windows-x86\api-ms-win-crt-string-l1-1-0.dll
0x55d10000 - 0x55d14000 	C:\Users\Nazarov\.javacpp\cache\javacpp-windows-x86.jar\org\bytedeco\javacpp\windows-x86\api-ms-win-crt-stdio-l1-1-0.dll
0x55d00000 - 0x55d05000 	C:\Users\Nazarov\.javacpp\cache\javacpp-windows-x86.jar\org\bytedeco\javacpp\windows-x86\api-ms-win-crt-math-l1-1-0.dll
0x55cf0000 - 0x55cf3000 	C:\Users\Nazarov\.javacpp\cache\javacpp-windows-x86.jar\org\bytedeco\javacpp\windows-x86\api-ms-win-crt-heap-l1-1-0.dll
0x55ce0000 - 0x55ce4000 	C:\Users\Nazarov\.javacpp\cache\javacpp-windows-x86.jar\org\bytedeco\javacpp\windows-x86\api-ms-win-crt-runtime-l1-1-0.dll
0x55cd0000 - 0x55cd4000 	C:\Users\Nazarov\.javacpp\cache\javacpp-windows-x86.jar\org\bytedeco\javacpp\windows-x86\api-ms-win-crt-convert-l1-1-0.dll
0x55cc0000 - 0x55cc3000 	C:\Users\Nazarov\.javacpp\cache\javacpp-windows-x86.jar\org\bytedeco\javacpp\windows-x86\api-ms-win-crt-environment-l1-1-0.dll
0x55cb0000 - 0x55cb3000 	C:\Users\Nazarov\.javacpp\cache\javacpp-windows-x86.jar\org\bytedeco\javacpp\windows-x86\api-ms-win-crt-time-l1-1-0.dll
0x55ca0000 - 0x55ca3000 	C:\Users\Nazarov\.javacpp\cache\javacpp-windows-x86.jar\org\bytedeco\javacpp\windows-x86\api-ms-win-crt-filesystem-l1-1-0.dll
0x55c90000 - 0x55c93000 	C:\Users\Nazarov\.javacpp\cache\javacpp-windows-x86.jar\org\bytedeco\javacpp\windows-x86\api-ms-win-crt-utility-l1-1-0.dll
0x55c80000 - 0x55c85000 	C:\Users\Nazarov\.javacpp\cache\javacpp-windows-x86.jar\org\bytedeco\javacpp\windows-x86\api-ms-win-crt-multibyte-l1-1-0.dll
0x55c70000 - 0x55c73000 	C:\Users\Nazarov\.javacpp\cache\javacpp-windows-x86.jar\org\bytedeco\javacpp\windows-x86\api-ms-win-core-string-l1-1-0.dll
0x55c60000 - 0x55c63000 	C:\Users\Nazarov\.javacpp\cache\javacpp-windows-x86.jar\org\bytedeco\javacpp\windows-x86\api-ms-win-core-errorhandling-l1-1-0.dll
0x55c50000 - 0x55c53000 	C:\Users\Nazarov\.javacpp\cache\javacpp-windows-x86.jar\org\bytedeco\javacpp\windows-x86\api-ms-win-core-timezone-l1-1-0.dll
0x55c40000 - 0x55c44000 	C:\Users\Nazarov\.javacpp\cache\javacpp-windows-x86.jar\org\bytedeco\javacpp\windows-x86\api-ms-win-core-file-l1-1-0.dll
0x55c30000 - 0x55c33000 	C:\Users\Nazarov\.javacpp\cache\javacpp-windows-x86.jar\org\bytedeco\javacpp\windows-x86\api-ms-win-core-namedpipe-l1-1-0.dll
0x55c20000 - 0x55c23000 	C:\Users\Nazarov\.javacpp\cache\javacpp-windows-x86.jar\org\bytedeco\javacpp\windows-x86\api-ms-win-core-handle-l1-1-0.dll
0x55c10000 - 0x55c13000 	C:\Users\Nazarov\.javacpp\cache\javacpp-windows-x86.jar\org\bytedeco\javacpp\windows-x86\api-ms-win-core-file-l2-1-0.dll
0x55c00000 - 0x55c03000 	C:\Users\Nazarov\.javacpp\cache\javacpp-windows-x86.jar\org\bytedeco\javacpp\windows-x86\api-ms-win-core-heap-l1-1-0.dll
0x55bf0000 - 0x55bf3000 	C:\Users\Nazarov\.javacpp\cache\javacpp-windows-x86.jar\org\bytedeco\javacpp\windows-x86\api-ms-win-core-libraryloader-l1-1-0.dll
0x55be0000 - 0x55be3000 	C:\Users\Nazarov\.javacpp\cache\javacpp-windows-x86.jar\org\bytedeco\javacpp\windows-x86\api-ms-win-core-synch-l1-1-0.dll
0x55bd0000 - 0x55bd3000 	C:\Users\Nazarov\.javacpp\cache\javacpp-windows-x86.jar\org\bytedeco\javacpp\windows-x86\api-ms-win-core-processthreads-l1-1-0.dll
0x55bc0000 - 0x55bc3000 	C:\Users\Nazarov\.javacpp\cache\javacpp-windows-x86.jar\org\bytedeco\javacpp\windows-x86\api-ms-win-core-processenvironment-l1-1-0.dll
0x55bb0000 - 0x55bb3000 	C:\Users\Nazarov\.javacpp\cache\javacpp-windows-x86.jar\org\bytedeco\javacpp\windows-x86\api-ms-win-core-datetime-l1-1-0.dll
0x55ba0000 - 0x55ba3000 	C:\Users\Nazarov\.javacpp\cache\javacpp-windows-x86.jar\org\bytedeco\javacpp\windows-x86\api-ms-win-core-localization-l1-2-0.dll
0x55b90000 - 0x55b93000 	C:\Users\Nazarov\.javacpp\cache\javacpp-windows-x86.jar\org\bytedeco\javacpp\windows-x86\api-ms-win-core-sysinfo-l1-1-0.dll
0x55b80000 - 0x55b83000 	C:\Users\Nazarov\.javacpp\cache\javacpp-windows-x86.jar\org\bytedeco\javacpp\windows-x86\api-ms-win-core-synch-l1-2-0.dll
0x55b70000 - 0x55b73000 	C:\Users\Nazarov\.javacpp\cache\javacpp-windows-x86.jar\org\bytedeco\javacpp\windows-x86\api-ms-win-core-console-l1-1-0.dll
0x55b60000 - 0x55b63000 	C:\Users\Nazarov\.javacpp\cache\javacpp-windows-x86.jar\org\bytedeco\javacpp\windows-x86\api-ms-win-core-debug-l1-1-0.dll
0x55b50000 - 0x55b53000 	C:\Users\Nazarov\.javacpp\cache\javacpp-windows-x86.jar\org\bytedeco\javacpp\windows-x86\api-ms-win-core-rtlsupport-l1-1-0.dll
0x55b40000 - 0x55b43000 	C:\Users\Nazarov\.javacpp\cache\javacpp-windows-x86.jar\org\bytedeco\javacpp\windows-x86\api-ms-win-core-processthreads-l1-1-1.dll
0x55b30000 - 0x55b33000 	C:\Users\Nazarov\.javacpp\cache\javacpp-windows-x86.jar\org\bytedeco\javacpp\windows-x86\api-ms-win-core-file-l1-2-0.dll
0x55b20000 - 0x55b23000 	C:\Users\Nazarov\.javacpp\cache\javacpp-windows-x86.jar\org\bytedeco\javacpp\windows-x86\api-ms-win-core-profile-l1-1-0.dll
0x55b10000 - 0x55b13000 	C:\Users\Nazarov\.javacpp\cache\javacpp-windows-x86.jar\org\bytedeco\javacpp\windows-x86\api-ms-win-core-memory-l1-1-0.dll
0x55b00000 - 0x55b03000 	C:\Users\Nazarov\.javacpp\cache\javacpp-windows-x86.jar\org\bytedeco\javacpp\windows-x86\api-ms-win-core-util-l1-1-0.dll
0x55af0000 - 0x55af3000 	C:\Users\Nazarov\.javacpp\cache\javacpp-windows-x86.jar\org\bytedeco\javacpp\windows-x86\api-ms-win-core-interlocked-l1-1-0.dll
0x559d0000 - 0x55aee000 	C:\Users\Nazarov\.javacpp\cache\javacpp-windows-x86.jar\org\bytedeco\javacpp\windows-x86\ucrtbase.dll
0x559b0000 - 0x559c3000 	C:\Users\Nazarov\.javacpp\cache\javacpp-windows-x86.jar\org\bytedeco\javacpp\windows-x86\vcruntime140.dll
0x55940000 - 0x559af000 	C:\Users\Nazarov\.javacpp\cache\javacpp-windows-x86.jar\org\bytedeco\javacpp\windows-x86\msvcp140.dll
0x55930000 - 0x55937000 	C:\Users\Nazarov\.javacpp\cache\javacpp-windows-x86.jar\org\bytedeco\javacpp\windows-x86\msvcp140_1.dll
0x558f0000 - 0x5592c000 	C:\Users\Nazarov\.javacpp\cache\javacpp-windows-x86.jar\org\bytedeco\javacpp\windows-x86\concrt140.dll
0x558c0000 - 0x558e1000 	C:\Users\Nazarov\.javacpp\cache\javacpp-windows-x86.jar\org\bytedeco\javacpp\windows-x86\vcomp140.dll
0x558b0000 - 0x558bb000 	C:\Users\Nazarov\.javacpp\cache\javacpp-windows-x86.jar\org\bytedeco\javacpp\windows-x86\jnijavacpp.dll
0x6d9c0000 - 0x6eed2000 	C:\Users\Nazarov\.javacpp\cache\openblas-windows-x86.jar\org\bytedeco\openblas\windows-x86\libopenblas_nolapack.dll
0x55860000 - 0x558a7000 	C:\Users\Nazarov\.javacpp\cache\openblas-windows-x86.jar\org\bytedeco\openblas\windows-x86\jniopenblas_nolapack.dll
0x1d3e0000 - 0x1e8f2000 	C:\Users\Nazarov\.javacpp\cache\openblas-windows-x86.jar\org\bytedeco\openblas\windows-x86\libopenblas.dll
0x54820000 - 0x5585f000 	C:\Users\Nazarov\.javacpp\cache\openblas-windows-x86.jar\org\bytedeco\openblas\windows-x86\jniopenblas.dll
0x54540000 - 0x5481b000 	C:\Users\Nazarov\.javacpp\cache\opencv-windows-x86.jar\org\bytedeco\opencv\windows-x86\opencv_core440.dll
0x540d0000 - 0x54536000 	C:\Users\Nazarov\.javacpp\cache\opencv-windows-x86.jar\org\bytedeco\opencv\windows-x86\opencv_imgproc440.dll
0x53e00000 - 0x540c5000 	C:\Users\Nazarov\.javacpp\cache\opencv-windows-x86.jar\org\bytedeco\opencv\windows-x86\jniopencv_core.dll
0x53cd0000 - 0x53dfd000 	C:\Users\Nazarov\.javacpp\cache\opencv-windows-x86.jar\org\bytedeco\opencv\windows-x86\jniopencv_imgproc.dll
0x53980000 - 0x53cca000 	C:\Users\Nazarov\.javacpp\cache\opencv-windows-x86.jar\org\bytedeco\opencv\windows-x86\opencv_imgcodecs440.dll
0x53950000 - 0x53976000 	C:\Users\Nazarov\.javacpp\cache\opencv-windows-x86.jar\org\bytedeco\opencv\windows-x86\jniopencv_imgcodecs.dll
0x538d0000 - 0x53949000 	C:\Users\Nazarov\.javacpp\cache\opencv-windows-x86.jar\org\bytedeco\opencv\windows-x86\opencv_videoio440.dll
0x53870000 - 0x538ca000 	C:\Windows\system32\MFPlat.DLL
0x53860000 - 0x53867000 	C:\Windows\system32\AVRT.dll
0x53540000 - 0x53852000 	C:\Windows\system32\MF.dll
0x6c7d0000 - 0x6c7e4000 	C:\Windows\system32\ATL.DLL
0x53530000 - 0x53534000 	C:\Windows\system32\ksuser.dll
0x534f0000 - 0x53523000 	C:\Windows\system32\MFReadWrite.dll
0x53370000 - 0x534e5000 	C:\Windows\system32\d3d11.dll
0x53320000 - 0x5336c000 	C:\Windows\system32\dxgi.dll
0x532f0000 - 0x53313000 	C:\Users\Nazarov\.javacpp\cache\opencv-windows-x86.jar\org\bytedeco\opencv\windows-x86\jniopencv_videoio.dll
0x751e0000 - 0x75263000 	C:\Windows\syswow64\CLBCatQ.DLL
0x532d0000 - 0x532e4000 	C:\Windows\SysWOW64\devenum.dll
0x747a0000 - 0x747c1000 	C:\Windows\system32\ntmarta.dll
0x74f30000 - 0x74f75000 	C:\Windows\syswow64\WLDAP32.dll
0x76380000 - 0x763af000 	C:\Windows\syswow64\WINTRUST.dll
0x532c0000 - 0x532cb000 	C:\Windows\system32\msdmo.dll
0x532b0000 - 0x532b9000 	C:\Windows\SysWOW64\vidcap.ax

VM Arguments:
jvm_args: -Xdebug -Xrunjdwp:transport=dt_shmem,address=javadebug -Dfile.encoding=UTF-8 
java_command: educationpracticum.CaptureWebCam
java_class_path (initial): C:\Users\Nazarov\Documents\NetBeansProjects\EducationPracticum\lib\javacv-platform-1.5.4-bin\artoolkitplus-android-arm.jar;C:\Users\Nazarov\Documents\NetBeansProjects\EducationPracticum\lib\javacv-platform-1.5.4-bin\artoolkitplus-android-arm64.jar;C:\Users\Nazarov\Documents\NetBeansProjects\EducationPracticum\lib\javacv-platform-1.5.4-bin\artoolkitplus-android-x86.jar;C:\Users\Nazarov\Documents\NetBeansProjects\EducationPracticum\lib\javacv-platform-1.5.4-bin\artoolkitplus-android-x86_64.jar;C:\Users\Nazarov\Documents\NetBeansProjects\EducationPracticum\lib\javacv-platform-1.5.4-bin\artoolkitplus-linux-arm64.jar;C:\Users\Nazarov\Documents\NetBeansProjects\EducationPracticum\lib\javacv-platform-1.5.4-bin\artoolkitplus-linux-armhf.jar;C:\Users\Nazarov\Documents\NetBeansProjects\EducationPracticum\lib\javacv-platform-1.5.4-bin\artoolkitplus-linux-ppc64le.jar;C:\Users\Nazarov\Documents\NetBeansProjects\EducationPracticum\lib\javacv-platform-1.5.4-bin\artoolkitplus-linux-x86.jar;C:\Users\Nazarov\Documents\NetBeansProjects\EducationPracticum\lib\javacv-platform-1.5.4-bin\artoolkitplus-linux-x86_64.jar;C:\Users\Nazarov\Documents\NetBeansProjects\EducationPracticum\lib\javacv-platform-1.5.4-bin\artoolkitplus-macosx-x86_64.jar;C:\Users\Nazarov\Documents\NetBeansProjects\EducationPracticum\lib\javacv-platform-1.5.4-bin\artoolkitplus-platform.jar;C:\Users\Nazarov\Documents\NetBeansProjects\EducationPracticum\lib\javacv-platform-1.5.4-bin\artoolkitplus-windows-x86.jar;C:\Users\Nazarov\Documents\NetBeansProjects\EducationPracticum\lib\javacv-platform-1.5.4-bin\artoolkitplus-windows-x86_64.jar;C:\Users\Nazarov\Documents\NetBeansProjects\EducationPracticum\lib\javacv-platform-1.5.4-bin\artoolkitplus.jar;C:\Users\Nazarov\Documents\NetBeansProjects\EducationPracticum\lib\javacv-platform-1.5.4-bin\ffmpeg-android-arm.jar;C:\Users\Nazarov\Documents\NetBeansProjects\EducationPracticum\lib\javacv-platform-1.5.4-bin\ffmpeg-android-arm64.jar;C:\Users\Nazarov\Do
Launcher Type: SUN_STANDARD

Environment Variables:
PATH=C:\Program Files (x86)\Common Files\Oracle\Java\javapath;C:\Program Files (x86)\Intel\iCLS Client\;C:\Program Files\Intel\iCLS Client\;C:\Windows\system32;C:\Windows;C:\Windows\System32\Wbem;C:\Windows\System32\WindowsPowerShell\v1.0\;C:\Program Files (x86)\Intel\UCRT\;C:\Program Files\Intel\UCRT\;C:\Program Files (x86)\Intel\Intel(R) Management Engine Components\DAL;C:\Program Files\Intel\Intel(R) Management Engine Components\DAL;C:\Program Files (x86)\Intel\Intel(R) Management Engine Components\IPT;C:\Program Files\Intel\Intel(R) Management Engine Components\IPT;C:\Program Files\Windows Imaging\;C:\Program Files (x86)\STMicroelectronics\STM32 ST-LINK Utility\ST-LINK Utility;C:\adb;C:\Program Files\dotnet\;C:\Program Files (x86)\Common Files\Oracle\Java\javapath;C:\Program Files (x86)\Intel\iCLS Client\;C:\Program Files\Intel\iCLS Client\;C:\Windows\system32;C:\Windows;C:\Windows\System32\Wbem;C:\Windows\System32\WindowsPowerShell\v1.0\;C:\Program Files (x86)\Intel\UCRT\;C:\Program Files\Intel\UCRT\;C:\Program Files (x86)\Intel\Intel(R) Management Engine Components\DAL;C:\Program Files\Intel\Intel(R) Management Engine Components\DAL;C:\Program Files (x86)\Intel\Intel(R) Management Engine Components\IPT;C:\Program Files\Intel\Intel(R) Management Engine Components\IPT;C:\Users\Nazarov\AppData\Local\Programs\Git\cmd
USERNAME=nazarov
OS=Windows_NT
PROCESSOR_IDENTIFIER=Intel64 Family 6 Model 94 Stepping 3, GenuineIntel



---------------  S Y S T E M  ---------------

OS: Windows 7 , 64 bit Build 7601 (6.1.7601.24384)

CPU:total 4 (initial active 4) (2 cores per cpu, 2 threads per core) family 6 model 94 stepping 3, cmov, cx8, fxsr, mmx, sse, sse2, sse3, ssse3, sse4.1, sse4.2, popcnt, avx, avx2, aes, clmul, erms, 3dnowpref, lzcnt, ht, tsc, tscinvbit, bmi1, bmi2, adx

Memory: 4k page, physical 8273880k(2449268k free), swap 8271976k(1929164k free)

vm_info: Java HotSpot(TM) Client VM (25.211-b12) for windows-x86 JRE (1.8.0_211-b12), built on Apr  1 2019 20:53:53 by "java_re" with MS VC++ 10.0 (VS2010)

time: Wed Apr 07 11:24:27 2021
timezone: RTZ 2 (зима)
elapsed time: 4 seconds (0d 0h 0m 4s)

