#
# A fatal error has been detected by the Java Runtime Environment:
#
#  EXCEPTION_ACCESS_VIOLATION (0xc0000005) at pc=0x6013282e, pid=5140, tid=0x000024a8
#
# JRE version: Java(TM) SE Runtime Environment (8.0_211-b12) (build 1.8.0_211-b12)
# Java VM: Java HotSpot(TM) Client VM (25.211-b12 mixed mode windows-x86 )
# Problematic frame:
# C  [vcruntime140.dll+0x282e]
#
# Failed to write core dump. Minidumps are not enabled by default on client versions of Windows
#
# If you would like to submit a bug report, please visit:
#   http://bugreport.java.com/bugreport/crash.jsp
# The crash happened outside the Java Virtual Machine in native code.
# See problematic frame for where to report the bug.
#

---------------  T H R E A D  ---------------

Current thread (0x024a6400):  JavaThread "main" [_thread_in_native, id=9384, stack(0x01f10000,0x01f60000)]

siginfo: ExceptionCode=0xc0000005, reading address 0x21697000

Registers:
EAX=0x216e1020, EBX=0x00000000, ECX=0x0004a020, EDX=0x000e1000
ESP=0x01f5f140, EBP=0x01f5f338, ESI=0x21697000, EDI=0x21e67020
EIP=0x6013282e, EFLAGS=0x00010203

Top of Stack: (sp=0x01f5f140)
0x01f5f140:   21600020 21dd0040 56967ac3 21dd0040
0x01f5f150:   21600020 000e1000 f419b749 509b0a78
0x01f5f160:   01f5f4b0 0054ff58 000000ce 14a122a0
0x01f5f170:   000e1000 00000000 00000000 00000000
0x01f5f180:   00000058 00000000 00564fe8 004b81a8
0x01f5f190:   004b82d4 005847a8 004b87a8 004b8948
0x01f5f1a0:   01f5f134 00000000 01f5f418 77804dcd
0x01f5f1b0:   34d14917 fffffffe 42ff4010 00000002 

Instructions: (pc=0x6013282e)
0x6013280e:   00 73 13 0f ba 25 14 f0 13 60 01 0f 82 8e 04 00
0x6013281e:   00 e9 e3 01 00 00 0f ba 25 d0 f2 13 60 01 73 09
0x6013282e:   f3 a4 8b 44 24 0c 5e 5f c3 8b c7 33 c6 a9 0f 00
0x6013283e:   00 00 75 0e 0f ba 25 14 f0 13 60 01 0f 82 e0 03 


Register to memory mapping:

EAX=0x216e1020 is an unknown value
EBX=0x00000000 is an unknown value
ECX=0x0004a020 is an unknown value
EDX=0x000e1000 is an unknown value
ESP=0x01f5f140 is pointing into the stack for thread: 0x024a6400
EBP=0x01f5f338 is pointing into the stack for thread: 0x024a6400
ESI=0x21697000 is an unknown value
EDI=0x21e67020 is an unknown value


Stack: [0x01f10000,0x01f60000],  sp=0x01f5f140,  free space=316k
Native frames: (J=compiled Java code, j=interpreted, Vv=VM code, C=native code)
C  [vcruntime140.dll+0x282e]
C  [opencv_videoio440.dll+0x3a869]
C  [opencv_videoio440.dll+0xc3ce]
C  [opencv_videoio440.dll+0xc168]
C  [jniopencv_videoio.dll+0x25e4]
j  org.bytedeco.opencv.opencv_videoio.VideoCapture.read(Lorg/bytedeco/opencv/opencv_core/Mat;)Z+0
j  org.bytedeco.javacv.OpenCVFrameGrabber.start()V+400
j  educationpracticum.CaptureWebCam.Start()V+23
j  educationpracticum.CaptureWebCam.main([Ljava/lang/String;)V+9
v  ~StubRoutines::call_stub
V  [jvm.dll+0x15c305]
V  [jvm.dll+0x2251ee]
V  [jvm.dll+0x15c39e]
V  [jvm.dll+0xdd9c7]
V  [jvm.dll+0xe5f5f]
C  [java.exe+0x2363]
C  [java.exe+0xb03f]
C  [java.exe+0xb0c9]
C  [kernel32.dll+0x1344d]
C  [ntdll.dll+0x39802]
C  [ntdll.dll+0x397d5]
C  0x00000000

Java frames: (J=compiled Java code, j=interpreted, Vv=VM code)
j  org.bytedeco.opencv.opencv_videoio.VideoCapture.read(Lorg/bytedeco/opencv/opencv_core/Mat;)Z+0
j  org.bytedeco.javacv.OpenCVFrameGrabber.start()V+400
j  educationpracticum.CaptureWebCam.Start()V+23
j  educationpracticum.CaptureWebCam.main([Ljava/lang/String;)V+9
v  ~StubRoutines::call_stub

---------------  P R O C E S S  ---------------

Java Threads: ( => current thread )
  0x1641cc00 JavaThread "JavaCPP Deallocator" daemon [_thread_blocked, id=12284, stack(0x16ae0000,0x16b30000)]
  0x1610f800 JavaThread "org.netbeans.modules.debugger.jpda.visual AWT Access Loop" daemon [_thread_blocked, id=11424, stack(0x16d10000,0x16d60000)]
  0x160f6c00 JavaThread "AWT-EventQueue-0" [_thread_blocked, id=11952, stack(0x16b50000,0x16ba0000)]
  0x160b3400 JavaThread "AWT-Windows" daemon [_thread_in_native, id=1556, stack(0x167b0000,0x16800000)]
  0x160b2800 JavaThread "AWT-Shutdown" [_thread_blocked, id=10368, stack(0x16620000,0x16670000)]
  0x160b2000 JavaThread "Java2D Disposer" daemon [_thread_blocked, id=8732, stack(0x16740000,0x16790000)]
  0x150cd400 JavaThread "Service Thread" daemon [_thread_blocked, id=10560, stack(0x15860000,0x158b0000)]
  0x150c5800 JavaThread "C1 CompilerThread0" daemon [_thread_blocked, id=7444, stack(0x15720000,0x15770000)]
  0x150bec00 JavaThread "JDWP Command Reader" daemon [_thread_in_native, id=12544, stack(0x156b0000,0x15700000)]
  0x150bdc00 JavaThread "JDWP Event Helper Thread" daemon [_thread_blocked, id=5196, stack(0x155a0000,0x155f0000)]
  0x150bbc00 JavaThread "JDWP Transport Listener: dt_shmem" daemon [_thread_blocked, id=11060, stack(0x154c0000,0x15510000)]
  0x150b5c00 JavaThread "Attach Listener" daemon [_thread_blocked, id=10344, stack(0x15420000,0x15470000)]
  0x150b2800 JavaThread "Signal Dispatcher" daemon [_thread_blocked, id=9304, stack(0x14f30000,0x14f80000)]
  0x15094000 JavaThread "Finalizer" daemon [_thread_blocked, id=9448, stack(0x025a0000,0x025f0000)]
  0x0257fc00 JavaThread "Reference Handler" daemon [_thread_blocked, id=4716, stack(0x14fa0000,0x14ff0000)]
=>0x024a6400 JavaThread "main" [_thread_in_native, id=9384, stack(0x01f10000,0x01f60000)]

Other Threads:
  0x02557000 VMThread [stack: 0x14eb0000,0x14f00000] [id=10848]
  0x150d2000 WatcherThread [stack: 0x152d0000,0x15320000] [id=9572]

VM state:not at safepoint (normal execution)

VM Mutex/Monitor currently owned by a thread: None

Heap:
 def new generation   total 4992K, used 1349K [0x04a00000, 0x04f60000, 0x09f50000)
  eden space 4480K,  28% used [0x04a00000, 0x04b39bb0, 0x04e60000)
  from space 512K,  18% used [0x04ee0000, 0x04ef7c20, 0x04f60000)
  to   space 512K,   0% used [0x04e60000, 0x04e60000, 0x04ee0000)
 tenured generation   total 10944K, used 4689K [0x09f50000, 0x0aa00000, 0x14a00000)
   the space 10944K,  42% used [0x09f50000, 0x0a3e4590, 0x0a3e4600, 0x0aa00000)
 Metaspace       used 11161K, capacity 11368K, committed 11520K, reserved 11648K

Card table byte_map: [0x00400000,0x00490000] byte_map_base: 0x003db000

Polling page: 0x00120000

CodeCache: size=32768Kb used=1835Kb max_used=1835Kb free=30932Kb
 bounds [0x02930000, 0x02b00000, 0x04930000]
 total_blobs=957 nmethods=552 adapters=344
 compilation: enabled

Compilation events (10 events):
Event: 1.499 Thread 0x150c5800  554             java.util.LinkedHashMap$Entry::<init> (10 bytes)
Event: 1.499 Thread 0x150c5800 nmethod 554 0x02af6508 code [0x02af6600, 0x02af66b0]
Event: 1.499 Thread 0x150c5800  555             java.util.LinkedHashMap::linkNodeLast (33 bytes)
Event: 1.499 Thread 0x150c5800 nmethod 555 0x02af6708 code [0x02af6800, 0x02af68d0]
Event: 1.499 Thread 0x150c5800  556             java.util.LinkedHashMap::afterNodeInsertion (40 bytes)
Event: 1.499 Thread 0x150c5800 nmethod 556 0x02af6988 code [0x02af6aa0, 0x02af6be4]
Event: 1.516 Thread 0x150c5800  557             java.io.WinNTFileSystem::canonicalize (372 bytes)
Event: 1.518 Thread 0x150c5800 nmethod 557 0x02af6cc8 code [0x02af7100, 0x02af8ac0]
Event: 1.528 Thread 0x150c5800  558             java.io.File::getCanonicalPath (31 bytes)
Event: 1.528 Thread 0x150c5800 nmethod 558 0x02afab48 code [0x02afac80, 0x02afadd0]

GC Heap History (10 events):
Event: 1.377 GC heap before
{Heap before GC invocations=37 (full 0):
 def new generation   total 4992K, used 4506K [0x04a00000, 0x04f60000, 0x09f50000)
  eden space 4480K, 100% used [0x04a00000, 0x04e60000, 0x04e60000)
  from space 512K,   5% used [0x04e60000, 0x04e66a58, 0x04ee0000)
  to   space 512K,   0% used [0x04ee0000, 0x04ee0000, 0x04f60000)
 tenured generation   total 10944K, used 4689K [0x09f50000, 0x0aa00000, 0x14a00000)
   the space 10944K,  42% used [0x09f50000, 0x0a3e4590, 0x0a3e4600, 0x0aa00000)
 Metaspace       used 11047K, capacity 11240K, committed 11392K, reserved 11648K
Event: 1.378 GC heap after
Heap after GC invocations=38 (full 0):
 def new generation   total 4992K, used 122K [0x04a00000, 0x04f60000, 0x09f50000)
  eden space 4480K,   0% used [0x04a00000, 0x04a00000, 0x04e60000)
  from space 512K,  23% used [0x04ee0000, 0x04efe938, 0x04f60000)
  to   space 512K,   0% used [0x04e60000, 0x04e60000, 0x04ee0000)
 tenured generation   total 10944K, used 4689K [0x09f50000, 0x0aa00000, 0x14a00000)
   the space 10944K,  42% used [0x09f50000, 0x0a3e4590, 0x0a3e4600, 0x0aa00000)
 Metaspace       used 11047K, capacity 11240K, committed 11392K, reserved 11648K
}
Event: 1.426 GC heap before
{Heap before GC invocations=38 (full 0):
 def new generation   total 4992K, used 4602K [0x04a00000, 0x04f60000, 0x09f50000)
  eden space 4480K, 100% used [0x04a00000, 0x04e60000, 0x04e60000)
  from space 512K,  23% used [0x04ee0000, 0x04efe938, 0x04f60000)
  to   space 512K,   0% used [0x04e60000, 0x04e60000, 0x04ee0000)
 tenured generation   total 10944K, used 4689K [0x09f50000, 0x0aa00000, 0x14a00000)
   the space 10944K,  42% used [0x09f50000, 0x0a3e4590, 0x0a3e4600, 0x0aa00000)
 Metaspace       used 11132K, capacity 11336K, committed 11392K, reserved 11648K
Event: 1.427 GC heap after
Heap after GC invocations=39 (full 0):
 def new generation   total 4992K, used 149K [0x04a00000, 0x04f60000, 0x09f50000)
  eden space 4480K,   0% used [0x04a00000, 0x04a00000, 0x04e60000)
  from space 512K,  29% used [0x04e60000, 0x04e85630, 0x04ee0000)
  to   space 512K,   0% used [0x04ee0000, 0x04ee0000, 0x04f60000)
 tenured generation   total 10944K, used 4689K [0x09f50000, 0x0aa00000, 0x14a00000)
   the space 10944K,  42% used [0x09f50000, 0x0a3e4590, 0x0a3e4600, 0x0aa00000)
 Metaspace       used 11132K, capacity 11336K, committed 11392K, reserved 11648K
}
Event: 1.461 GC heap before
{Heap before GC invocations=39 (full 0):
 def new generation   total 4992K, used 4629K [0x04a00000, 0x04f60000, 0x09f50000)
  eden space 4480K, 100% used [0x04a00000, 0x04e60000, 0x04e60000)
  from space 512K,  29% used [0x04e60000, 0x04e85630, 0x04ee0000)
  to   space 512K,   0% used [0x04ee0000, 0x04ee0000, 0x04f60000)
 tenured generation   total 10944K, used 4689K [0x09f50000, 0x0aa00000, 0x14a00000)
   the space 10944K,  42% used [0x09f50000, 0x0a3e4590, 0x0a3e4600, 0x0aa00000)
 Metaspace       used 11140K, capacity 11336K, committed 11392K, reserved 11648K
Event: 1.461 GC heap after
Heap after GC invocations=40 (full 0):
 def new generation   total 4992K, used 92K [0x04a00000, 0x04f60000, 0x09f50000)
  eden space 4480K,   0% used [0x04a00000, 0x04a00000, 0x04e60000)
  from space 512K,  18% used [0x04ee0000, 0x04ef7168, 0x04f60000)
  to   space 512K,   0% used [0x04e60000, 0x04e60000, 0x04ee0000)
 tenured generation   total 10944K, used 4689K [0x09f50000, 0x0aa00000, 0x14a00000)
   the space 10944K,  42% used [0x09f50000, 0x0a3e4590, 0x0a3e4600, 0x0aa00000)
 Metaspace       used 11140K, capacity 11336K, committed 11392K, reserved 11648K
}
Event: 1.511 GC heap before
{Heap before GC invocations=40 (full 0):
 def new generation   total 4992K, used 4572K [0x04a00000, 0x04f60000, 0x09f50000)
  eden space 4480K, 100% used [0x04a00000, 0x04e60000, 0x04e60000)
  from space 512K,  18% used [0x04ee0000, 0x04ef7168, 0x04f60000)
  to   space 512K,   0% used [0x04e60000, 0x04e60000, 0x04ee0000)
 tenured generation   total 10944K, used 4689K [0x09f50000, 0x0aa00000, 0x14a00000)
   the space 10944K,  42% used [0x09f50000, 0x0a3e4590, 0x0a3e4600, 0x0aa00000)
 Metaspace       used 11140K, capacity 11336K, committed 11392K, reserved 11648K
Event: 1.512 GC heap after
Heap after GC invocations=41 (full 0):
 def new generation   total 4992K, used 77K [0x04a00000, 0x04f60000, 0x09f50000)
  eden space 4480K,   0% used [0x04a00000, 0x04a00000, 0x04e60000)
  from space 512K,  15% used [0x04e60000, 0x04e73440, 0x04ee0000)
  to   space 512K,   0% used [0x04ee0000, 0x04ee0000, 0x04f60000)
 tenured generation   total 10944K, used 4689K [0x09f50000, 0x0aa00000, 0x14a00000)
   the space 10944K,  42% used [0x09f50000, 0x0a3e4590, 0x0a3e4600, 0x0aa00000)
 Metaspace       used 11140K, capacity 11336K, committed 11392K, reserved 11648K
}
Event: 1.551 GC heap before
{Heap before GC invocations=41 (full 0):
 def new generation   total 4992K, used 4557K [0x04a00000, 0x04f60000, 0x09f50000)
  eden space 4480K, 100% used [0x04a00000, 0x04e60000, 0x04e60000)
  from space 512K,  15% used [0x04e60000, 0x04e73440, 0x04ee0000)
  to   space 512K,   0% used [0x04ee0000, 0x04ee0000, 0x04f60000)
 tenured generation   total 10944K, used 4689K [0x09f50000, 0x0aa00000, 0x14a00000)
   the space 10944K,  42% used [0x09f50000, 0x0a3e4590, 0x0a3e4600, 0x0aa00000)
 Metaspace       used 11161K, capacity 11368K, committed 11520K, reserved 11648K
Event: 1.552 GC heap after
Heap after GC invocations=42 (full 0):
 def new generation   total 4992K, used 95K [0x04a00000, 0x04f60000, 0x09f50000)
  eden space 4480K,   0% used [0x04a00000, 0x04a00000, 0x04e60000)
  from space 512K,  18% used [0x04ee0000, 0x04ef7c20, 0x04f60000)
  to   space 512K,   0% used [0x04e60000, 0x04e60000, 0x04ee0000)
 tenured generation   total 10944K, used 4689K [0x09f50000, 0x0aa00000, 0x14a00000)
   the space 10944K,  42% used [0x09f50000, 0x0a3e4590, 0x0a3e4600, 0x0aa00000)
 Metaspace       used 11161K, capacity 11368K, committed 11520K, reserved 11648K
}

Deoptimization events (0 events):
No events

Classes redefined (0 events):
No events

Internal exceptions (10 events):
Event: 1.586 Thread 0x024a6400 Exception <a 'sun/nio/fs/WindowsException'> (0x04b1f330) thrown at [C:\re\workspace\8-2-build-windows-i586-cygwin\jdk8u211\12973\hotspot\src\share\vm\prims\jni.cpp, line 710]
Event: 1.586 Thread 0x024a6400 Exception <a 'sun/nio/fs/WindowsException'> (0x04b20900) thrown at [C:\re\workspace\8-2-build-windows-i586-cygwin\jdk8u211\12973\hotspot\src\share\vm\prims\jni.cpp, line 710]
Event: 1.586 Thread 0x024a6400 Exception <a 'sun/nio/fs/WindowsException'> (0x04b21f78) thrown at [C:\re\workspace\8-2-build-windows-i586-cygwin\jdk8u211\12973\hotspot\src\share\vm\prims\jni.cpp, line 710]
Event: 1.587 Thread 0x024a6400 Exception <a 'sun/nio/fs/WindowsException'> (0x04b23390) thrown at [C:\re\workspace\8-2-build-windows-i586-cygwin\jdk8u211\12973\hotspot\src\share\vm\prims\jni.cpp, line 710]
Event: 1.587 Thread 0x024a6400 Exception <a 'sun/nio/fs/WindowsException'> (0x04b24898) thrown at [C:\re\workspace\8-2-build-windows-i586-cygwin\jdk8u211\12973\hotspot\src\share\vm\prims\jni.cpp, line 710]
Event: 1.587 Thread 0x024a6400 Exception <a 'sun/nio/fs/WindowsException'> (0x04b25cb0) thrown at [C:\re\workspace\8-2-build-windows-i586-cygwin\jdk8u211\12973\hotspot\src\share\vm\prims\jni.cpp, line 710]
Event: 1.587 Thread 0x024a6400 Exception <a 'sun/nio/fs/WindowsException'> (0x04b270e8) thrown at [C:\re\workspace\8-2-build-windows-i586-cygwin\jdk8u211\12973\hotspot\src\share\vm\prims\jni.cpp, line 710]
Event: 1.587 Thread 0x024a6400 Exception <a 'sun/nio/fs/WindowsException'> (0x04b28500) thrown at [C:\re\workspace\8-2-build-windows-i586-cygwin\jdk8u211\12973\hotspot\src\share\vm\prims\jni.cpp, line 710]
Event: 1.587 Thread 0x024a6400 Exception <a 'sun/nio/fs/WindowsException'> (0x04b29918) thrown at [C:\re\workspace\8-2-build-windows-i586-cygwin\jdk8u211\12973\hotspot\src\share\vm\prims\jni.cpp, line 710]
Event: 1.588 Thread 0x024a6400 Exception <a 'sun/nio/fs/WindowsException'> (0x04b2ad68) thrown at [C:\re\workspace\8-2-build-windows-i586-cygwin\jdk8u211\12973\hotspot\src\share\vm\prims\jni.cpp, line 710]

Events (10 events):
Event: 1.588 Thread 0x024a6400 DEOPT PACKING pc=0x02af41f8 sp=0x01f5efb0
Event: 1.588 Thread 0x024a6400 DEOPT UNPACKING pc=0x0296c5e5 sp=0x01f5ee58 mode 1
Event: 1.588 Thread 0x024a6400 DEOPT PACKING pc=0x02aef3a4 sp=0x01f5f000
Event: 1.588 Thread 0x024a6400 DEOPT UNPACKING pc=0x0296c5e5 sp=0x01f5ef08 mode 1
Event: 1.588 Thread 0x024a6400 DEOPT PACKING pc=0x02af5102 sp=0x01f5eff0
Event: 1.588 Thread 0x024a6400 DEOPT UNPACKING pc=0x0296c5e5 sp=0x01f5ee88 mode 1
Event: 1.588 Thread 0x024a6400 DEOPT PACKING pc=0x02af4eb8 sp=0x01f5f030
Event: 1.588 Thread 0x024a6400 DEOPT UNPACKING pc=0x0296c5e5 sp=0x01f5eed0 mode 1
Event: 1.588 Thread 0x024a6400 DEOPT PACKING pc=0x02aeec30 sp=0x01f5f0c0
Event: 1.588 Thread 0x024a6400 DEOPT UNPACKING pc=0x0296c5e5 sp=0x01f5ef70 mode 1


Dynamic libraries:
0x000e0000 - 0x00113000 	C:\Program Files (x86)\Java\jdk1.8.0_211\bin\java.exe
0x77790000 - 0x77910000 	C:\Windows\SysWOW64\ntdll.dll
0x75370000 - 0x75480000 	C:\Windows\syswow64\kernel32.dll
0x76f10000 - 0x76f57000 	C:\Windows\syswow64\KERNELBASE.dll
0x771e0000 - 0x77281000 	C:\Windows\syswow64\ADVAPI32.dll
0x772d0000 - 0x7737c000 	C:\Windows\syswow64\msvcrt.dll
0x75a20000 - 0x75a39000 	C:\Windows\SysWOW64\sechost.dll
0x75cf0000 - 0x75de0000 	C:\Windows\syswow64\RPCRT4.dll
0x75290000 - 0x752f0000 	C:\Windows\syswow64\SspiCli.dll
0x75280000 - 0x7528c000 	C:\Windows\syswow64\CRYPTBASE.dll
0x76e10000 - 0x76f10000 	C:\Windows\syswow64\USER32.dll
0x75ae0000 - 0x75b70000 	C:\Windows\syswow64\GDI32.dll
0x75e70000 - 0x75e7a000 	C:\Windows\syswow64\LPK.dll
0x75a40000 - 0x75add000 	C:\Windows\syswow64\USP10.dll
0x73520000 - 0x736be000 	C:\Windows\WinSxS\x86_microsoft.windows.common-controls_6595b64144ccf1df_6.0.7601.18837_none_41e855142bd5705d\COMCTL32.dll
0x76bf0000 - 0x76c47000 	C:\Windows\syswow64\SHLWAPI.dll
0x75bb0000 - 0x75c10000 	C:\Windows\system32\IMM32.DLL
0x75940000 - 0x75a0d000 	C:\Windows\syswow64\MSCTF.dll
0x60be0000 - 0x60c9f000 	C:\Program Files (x86)\Java\jdk1.8.0_211\jre\bin\msvcr100.dll
0x53c80000 - 0x54055000 	C:\Program Files (x86)\Java\jdk1.8.0_211\jre\bin\client\jvm.dll
0x72bd0000 - 0x72bd7000 	C:\Windows\system32\WSOCK32.dll
0x77290000 - 0x772c5000 	C:\Windows\syswow64\WS2_32.dll
0x754e0000 - 0x754e6000 	C:\Windows\syswow64\NSI.dll
0x72b70000 - 0x72ba2000 	C:\Windows\system32\WINMM.dll
0x74b90000 - 0x74b99000 	C:\Windows\system32\VERSION.dll
0x770a0000 - 0x770a5000 	C:\Windows\syswow64\PSAPI.DLL
0x6d1e0000 - 0x6d1ec000 	C:\Program Files (x86)\Java\jdk1.8.0_211\jre\bin\verify.dll
0x6b750000 - 0x6b771000 	C:\Program Files (x86)\Java\jdk1.8.0_211\jre\bin\java.dll
0x60d30000 - 0x60d5b000 	C:\Program Files (x86)\Java\jdk1.8.0_211\jre\bin\jdwp.dll
0x6d1f0000 - 0x6d1f7000 	C:\Program Files (x86)\Java\jdk1.8.0_211\jre\bin\npt.dll
0x6d1c0000 - 0x6d1d4000 	C:\Program Files (x86)\Java\jdk1.8.0_211\jre\bin\zip.dll
0x75fa0000 - 0x76bec000 	C:\Windows\syswow64\SHELL32.dll
0x76c50000 - 0x76dad000 	C:\Windows\syswow64\ole32.dll
0x74ca0000 - 0x74cab000 	C:\Windows\system32\profapi.dll
0x6d0c0000 - 0x6d0c9000 	C:\Program Files (x86)\Java\jdk1.8.0_211\jre\bin\dt_shmem.dll
0x5f160000 - 0x5f2a7000 	C:\Program Files (x86)\Java\jdk1.8.0_211\jre\bin\awt.dll
0x758a0000 - 0x75931000 	C:\Windows\syswow64\OLEAUT32.dll
0x6baf0000 - 0x6bb03000 	C:\Windows\system32\DWMAPI.DLL
0x60630000 - 0x606f8000 	C:\Windows\system32\opengl32.dll
0x60d00000 - 0x60d22000 	C:\Windows\system32\GLU32.dll
0x60540000 - 0x60627000 	C:\Windows\system32\DDRAW.dll
0x6d0b0000 - 0x6d0b6000 	C:\Windows\system32\DCIMAN32.dll
0x754f0000 - 0x7568d000 	C:\Windows\syswow64\SETUPAPI.dll
0x75480000 - 0x754a7000 	C:\Windows\syswow64\CFGMGR32.dll
0x75f80000 - 0x75f92000 	C:\Windows\syswow64\DEVOBJ.dll
0x6b8a0000 - 0x6b920000 	C:\Windows\system32\uxtheme.dll
0x60cc0000 - 0x60cfa000 	C:\Program Files (x86)\Java\jdk1.8.0_211\jre\bin\fontmanager.dll
0x6bae0000 - 0x6bae3000 	C:\Users\Nazarov\.javacpp\cache\javacpp-windows-x86.jar\org\bytedeco\javacpp\windows-x86\api-ms-win-crt-locale-l1-1-0.dll
0x60ca0000 - 0x60cb5000 	C:\Program Files (x86)\Java\jdk1.8.0_211\jre\bin\net.dll
0x76f60000 - 0x770a0000 	C:\Windows\syswow64\urlmon.dll
0x77380000 - 0x773af000 	C:\Windows\syswow64\XmlLite.dll
0x75e80000 - 0x75f75000 	C:\Windows\syswow64\WININET.dll
0x75690000 - 0x75891000 	C:\Windows\syswow64\iertutil.dll
0x770b0000 - 0x771d2000 	C:\Windows\syswow64\CRYPT32.dll
0x75a10000 - 0x75a1c000 	C:\Windows\syswow64\MSASN1.dll
0x73910000 - 0x7394c000 	C:\Windows\system32\mswsock.dll
0x72e50000 - 0x72e56000 	C:\Windows\System32\wship6.dll
0x6bad0000 - 0x6badf000 	C:\Program Files (x86)\Java\jdk1.8.0_211\jre\bin\nio.dll
0x6b740000 - 0x6b744000 	C:\Users\Nazarov\.javacpp\cache\javacpp-windows-x86.jar\org\bytedeco\javacpp\windows-x86\api-ms-win-crt-string-l1-1-0.dll
0x683c0000 - 0x683c4000 	C:\Users\Nazarov\.javacpp\cache\javacpp-windows-x86.jar\org\bytedeco\javacpp\windows-x86\api-ms-win-crt-stdio-l1-1-0.dll
0x64a20000 - 0x64a25000 	C:\Users\Nazarov\.javacpp\cache\javacpp-windows-x86.jar\org\bytedeco\javacpp\windows-x86\api-ms-win-crt-math-l1-1-0.dll
0x60e00000 - 0x60e03000 	C:\Users\Nazarov\.javacpp\cache\javacpp-windows-x86.jar\org\bytedeco\javacpp\windows-x86\api-ms-win-crt-heap-l1-1-0.dll
0x60df0000 - 0x60df4000 	C:\Users\Nazarov\.javacpp\cache\javacpp-windows-x86.jar\org\bytedeco\javacpp\windows-x86\api-ms-win-crt-runtime-l1-1-0.dll
0x60bd0000 - 0x60bd4000 	C:\Users\Nazarov\.javacpp\cache\javacpp-windows-x86.jar\org\bytedeco\javacpp\windows-x86\api-ms-win-crt-convert-l1-1-0.dll
0x60bc0000 - 0x60bc3000 	C:\Users\Nazarov\.javacpp\cache\javacpp-windows-x86.jar\org\bytedeco\javacpp\windows-x86\api-ms-win-crt-environment-l1-1-0.dll
0x60bb0000 - 0x60bb3000 	C:\Users\Nazarov\.javacpp\cache\javacpp-windows-x86.jar\org\bytedeco\javacpp\windows-x86\api-ms-win-crt-time-l1-1-0.dll
0x60ba0000 - 0x60ba3000 	C:\Users\Nazarov\.javacpp\cache\javacpp-windows-x86.jar\org\bytedeco\javacpp\windows-x86\api-ms-win-crt-filesystem-l1-1-0.dll
0x60b90000 - 0x60b93000 	C:\Users\Nazarov\.javacpp\cache\javacpp-windows-x86.jar\org\bytedeco\javacpp\windows-x86\api-ms-win-crt-utility-l1-1-0.dll
0x60b80000 - 0x60b85000 	C:\Users\Nazarov\.javacpp\cache\javacpp-windows-x86.jar\org\bytedeco\javacpp\windows-x86\api-ms-win-crt-multibyte-l1-1-0.dll
0x60b70000 - 0x60b73000 	C:\Users\Nazarov\.javacpp\cache\javacpp-windows-x86.jar\org\bytedeco\javacpp\windows-x86\api-ms-win-core-string-l1-1-0.dll
0x60b60000 - 0x60b63000 	C:\Users\Nazarov\.javacpp\cache\javacpp-windows-x86.jar\org\bytedeco\javacpp\windows-x86\api-ms-win-core-errorhandling-l1-1-0.dll
0x607d0000 - 0x607d3000 	C:\Users\Nazarov\.javacpp\cache\javacpp-windows-x86.jar\org\bytedeco\javacpp\windows-x86\api-ms-win-core-timezone-l1-1-0.dll
0x607c0000 - 0x607c4000 	C:\Users\Nazarov\.javacpp\cache\javacpp-windows-x86.jar\org\bytedeco\javacpp\windows-x86\api-ms-win-core-file-l1-1-0.dll
0x607b0000 - 0x607b3000 	C:\Users\Nazarov\.javacpp\cache\javacpp-windows-x86.jar\org\bytedeco\javacpp\windows-x86\api-ms-win-core-namedpipe-l1-1-0.dll
0x607a0000 - 0x607a3000 	C:\Users\Nazarov\.javacpp\cache\javacpp-windows-x86.jar\org\bytedeco\javacpp\windows-x86\api-ms-win-core-handle-l1-1-0.dll
0x60790000 - 0x60793000 	C:\Users\Nazarov\.javacpp\cache\javacpp-windows-x86.jar\org\bytedeco\javacpp\windows-x86\api-ms-win-core-file-l2-1-0.dll
0x60780000 - 0x60783000 	C:\Users\Nazarov\.javacpp\cache\javacpp-windows-x86.jar\org\bytedeco\javacpp\windows-x86\api-ms-win-core-heap-l1-1-0.dll
0x60770000 - 0x60773000 	C:\Users\Nazarov\.javacpp\cache\javacpp-windows-x86.jar\org\bytedeco\javacpp\windows-x86\api-ms-win-core-libraryloader-l1-1-0.dll
0x60760000 - 0x60763000 	C:\Users\Nazarov\.javacpp\cache\javacpp-windows-x86.jar\org\bytedeco\javacpp\windows-x86\api-ms-win-core-synch-l1-1-0.dll
0x60750000 - 0x60753000 	C:\Users\Nazarov\.javacpp\cache\javacpp-windows-x86.jar\org\bytedeco\javacpp\windows-x86\api-ms-win-core-processthreads-l1-1-0.dll
0x60740000 - 0x60743000 	C:\Users\Nazarov\.javacpp\cache\javacpp-windows-x86.jar\org\bytedeco\javacpp\windows-x86\api-ms-win-core-processenvironment-l1-1-0.dll
0x60530000 - 0x60533000 	C:\Users\Nazarov\.javacpp\cache\javacpp-windows-x86.jar\org\bytedeco\javacpp\windows-x86\api-ms-win-core-datetime-l1-1-0.dll
0x60520000 - 0x60523000 	C:\Users\Nazarov\.javacpp\cache\javacpp-windows-x86.jar\org\bytedeco\javacpp\windows-x86\api-ms-win-core-localization-l1-2-0.dll
0x60510000 - 0x60513000 	C:\Users\Nazarov\.javacpp\cache\javacpp-windows-x86.jar\org\bytedeco\javacpp\windows-x86\api-ms-win-core-sysinfo-l1-1-0.dll
0x60500000 - 0x60503000 	C:\Users\Nazarov\.javacpp\cache\javacpp-windows-x86.jar\org\bytedeco\javacpp\windows-x86\api-ms-win-core-synch-l1-2-0.dll
0x604f0000 - 0x604f3000 	C:\Users\Nazarov\.javacpp\cache\javacpp-windows-x86.jar\org\bytedeco\javacpp\windows-x86\api-ms-win-core-console-l1-1-0.dll
0x604e0000 - 0x604e3000 	C:\Users\Nazarov\.javacpp\cache\javacpp-windows-x86.jar\org\bytedeco\javacpp\windows-x86\api-ms-win-core-debug-l1-1-0.dll
0x604d0000 - 0x604d3000 	C:\Users\Nazarov\.javacpp\cache\javacpp-windows-x86.jar\org\bytedeco\javacpp\windows-x86\api-ms-win-core-rtlsupport-l1-1-0.dll
0x604c0000 - 0x604c3000 	C:\Users\Nazarov\.javacpp\cache\javacpp-windows-x86.jar\org\bytedeco\javacpp\windows-x86\api-ms-win-core-processthreads-l1-1-1.dll
0x60310000 - 0x60313000 	C:\Users\Nazarov\.javacpp\cache\javacpp-windows-x86.jar\org\bytedeco\javacpp\windows-x86\api-ms-win-core-file-l1-2-0.dll
0x60300000 - 0x60303000 	C:\Users\Nazarov\.javacpp\cache\javacpp-windows-x86.jar\org\bytedeco\javacpp\windows-x86\api-ms-win-core-profile-l1-1-0.dll
0x602f0000 - 0x602f3000 	C:\Users\Nazarov\.javacpp\cache\javacpp-windows-x86.jar\org\bytedeco\javacpp\windows-x86\api-ms-win-core-memory-l1-1-0.dll
0x60160000 - 0x60163000 	C:\Users\Nazarov\.javacpp\cache\javacpp-windows-x86.jar\org\bytedeco\javacpp\windows-x86\api-ms-win-core-util-l1-1-0.dll
0x60150000 - 0x60153000 	C:\Users\Nazarov\.javacpp\cache\javacpp-windows-x86.jar\org\bytedeco\javacpp\windows-x86\api-ms-win-core-interlocked-l1-1-0.dll
0x5e9a0000 - 0x5eabe000 	C:\Users\Nazarov\.javacpp\cache\javacpp-windows-x86.jar\org\bytedeco\javacpp\windows-x86\ucrtbase.dll
0x60130000 - 0x60143000 	C:\Users\Nazarov\.javacpp\cache\javacpp-windows-x86.jar\org\bytedeco\javacpp\windows-x86\vcruntime140.dll
0x5fc20000 - 0x5fc8f000 	C:\Users\Nazarov\.javacpp\cache\javacpp-windows-x86.jar\org\bytedeco\javacpp\windows-x86\msvcp140.dll
0x60120000 - 0x60127000 	C:\Users\Nazarov\.javacpp\cache\javacpp-windows-x86.jar\org\bytedeco\javacpp\windows-x86\msvcp140_1.dll
0x5f3c0000 - 0x5f3fc000 	C:\Users\Nazarov\.javacpp\cache\javacpp-windows-x86.jar\org\bytedeco\javacpp\windows-x86\concrt140.dll
0x5fbf0000 - 0x5fc11000 	C:\Users\Nazarov\.javacpp\cache\javacpp-windows-x86.jar\org\bytedeco\javacpp\windows-x86\vcomp140.dll
0x60110000 - 0x6011b000 	C:\Users\Nazarov\.javacpp\cache\javacpp-windows-x86.jar\org\bytedeco\javacpp\windows-x86\jnijavacpp.dll
0x6d9c0000 - 0x6eed2000 	C:\Users\Nazarov\.javacpp\cache\openblas-windows-x86.jar\org\bytedeco\openblas\windows-x86\libopenblas_nolapack.dll
0x5f370000 - 0x5f3b7000 	C:\Users\Nazarov\.javacpp\cache\openblas-windows-x86.jar\org\bytedeco\openblas\windows-x86\jniopenblas_nolapack.dll
0x1c4e0000 - 0x1d9f2000 	C:\Users\Nazarov\.javacpp\cache\openblas-windows-x86.jar\org\bytedeco\openblas\windows-x86\libopenblas.dll
0x50ff0000 - 0x5202f000 	C:\Users\Nazarov\.javacpp\cache\openblas-windows-x86.jar\org\bytedeco\openblas\windows-x86\jniopenblas.dll
0x56900000 - 0x56bdb000 	C:\Users\Nazarov\.javacpp\cache\opencv-windows-x86.jar\org\bytedeco\opencv\windows-x86\opencv_core440.dll
0x53810000 - 0x53c76000 	C:\Users\Nazarov\.javacpp\cache\opencv-windows-x86.jar\org\bytedeco\opencv\windows-x86\opencv_imgproc440.dll
0x57d60000 - 0x58025000 	C:\Users\Nazarov\.javacpp\cache\opencv-windows-x86.jar\org\bytedeco\opencv\windows-x86\jniopencv_core.dll
0x59b60000 - 0x59c8d000 	C:\Users\Nazarov\.javacpp\cache\opencv-windows-x86.jar\org\bytedeco\opencv\windows-x86\jniopencv_imgproc.dll
0x50ca0000 - 0x50fea000 	C:\Users\Nazarov\.javacpp\cache\opencv-windows-x86.jar\org\bytedeco\opencv\windows-x86\opencv_imgcodecs440.dll
0x5f340000 - 0x5f366000 	C:\Users\Nazarov\.javacpp\cache\opencv-windows-x86.jar\org\bytedeco\opencv\windows-x86\jniopencv_imgcodecs.dll
0x5f0e0000 - 0x5f159000 	C:\Users\Nazarov\.javacpp\cache\opencv-windows-x86.jar\org\bytedeco\opencv\windows-x86\opencv_videoio440.dll
0x5e940000 - 0x5e99a000 	C:\Windows\system32\MFPlat.DLL
0x60100000 - 0x60107000 	C:\Windows\system32\AVRT.dll
0x50980000 - 0x50c92000 	C:\Windows\system32\MF.dll
0x6cb30000 - 0x6cb44000 	C:\Windows\system32\ATL.DLL
0x5f6c0000 - 0x5f6c4000 	C:\Windows\system32\ksuser.dll
0x5da90000 - 0x5dac3000 	C:\Windows\system32\MFReadWrite.dll
0x58880000 - 0x589f5000 	C:\Windows\system32\d3d11.dll
0x5da40000 - 0x5da8c000 	C:\Windows\system32\dxgi.dll
0x5e910000 - 0x5e933000 	C:\Users\Nazarov\.javacpp\cache\opencv-windows-x86.jar\org\bytedeco\opencv\windows-x86\jniopencv_videoio.dll
0x75de0000 - 0x75e63000 	C:\Windows\syswow64\CLBCatQ.DLL
0x5b9f0000 - 0x5ba04000 	C:\Windows\SysWOW64\devenum.dll
0x74b60000 - 0x74b81000 	C:\Windows\system32\ntmarta.dll
0x75c10000 - 0x75c55000 	C:\Windows\syswow64\WLDAP32.dll
0x754b0000 - 0x754df000 	C:\Windows\syswow64\WINTRUST.dll
0x5e900000 - 0x5e90b000 	C:\Windows\system32\msdmo.dll
0x5da30000 - 0x5da39000 	C:\Windows\SysWOW64\vidcap.ax

VM Arguments:
jvm_args: -Xdebug -Xrunjdwp:transport=dt_shmem,address=javadebug -Dfile.encoding=UTF-8 
java_command: educationpracticum.CaptureWebCam
java_class_path (initial): C:\Users\Nazarov\Documents\NetBeansProjects\EducationPracticum\lib\javacv-platform-1.5.4-bin\artoolkitplus-android-arm.jar;C:\Users\Nazarov\Documents\NetBeansProjects\EducationPracticum\lib\javacv-platform-1.5.4-bin\artoolkitplus-android-arm64.jar;C:\Users\Nazarov\Documents\NetBeansProjects\EducationPracticum\lib\javacv-platform-1.5.4-bin\artoolkitplus-android-x86.jar;C:\Users\Nazarov\Documents\NetBeansProjects\EducationPracticum\lib\javacv-platform-1.5.4-bin\artoolkitplus-android-x86_64.jar;C:\Users\Nazarov\Documents\NetBeansProjects\EducationPracticum\lib\javacv-platform-1.5.4-bin\artoolkitplus-linux-arm64.jar;C:\Users\Nazarov\Documents\NetBeansProjects\EducationPracticum\lib\javacv-platform-1.5.4-bin\artoolkitplus-linux-armhf.jar;C:\Users\Nazarov\Documents\NetBeansProjects\EducationPracticum\lib\javacv-platform-1.5.4-bin\artoolkitplus-linux-ppc64le.jar;C:\Users\Nazarov\Documents\NetBeansProjects\EducationPracticum\lib\javacv-platform-1.5.4-bin\artoolkitplus-linux-x86.jar;C:\Users\Nazarov\Documents\NetBeansProjects\EducationPracticum\lib\javacv-platform-1.5.4-bin\artoolkitplus-linux-x86_64.jar;C:\Users\Nazarov\Documents\NetBeansProjects\EducationPracticum\lib\javacv-platform-1.5.4-bin\artoolkitplus-macosx-x86_64.jar;C:\Users\Nazarov\Documents\NetBeansProjects\EducationPracticum\lib\javacv-platform-1.5.4-bin\artoolkitplus-platform.jar;C:\Users\Nazarov\Documents\NetBeansProjects\EducationPracticum\lib\javacv-platform-1.5.4-bin\artoolkitplus-windows-x86.jar;C:\Users\Nazarov\Documents\NetBeansProjects\EducationPracticum\lib\javacv-platform-1.5.4-bin\artoolkitplus-windows-x86_64.jar;C:\Users\Nazarov\Documents\NetBeansProjects\EducationPracticum\lib\javacv-platform-1.5.4-bin\artoolkitplus.jar;C:\Users\Nazarov\Documents\NetBeansProjects\EducationPracticum\lib\javacv-platform-1.5.4-bin\ffmpeg-android-arm.jar;C:\Users\Nazarov\Documents\NetBeansProjects\EducationPracticum\lib\javacv-platform-1.5.4-bin\ffmpeg-android-arm64.jar;C:\Users\Nazarov\Do
Launcher Type: SUN_STANDARD

Environment Variables:
PATH=C:\Program Files (x86)\Common Files\Oracle\Java\javapath;C:\Program Files (x86)\Intel\iCLS Client\;C:\Program Files\Intel\iCLS Client\;C:\Windows\system32;C:\Windows;C:\Windows\System32\Wbem;C:\Windows\System32\WindowsPowerShell\v1.0\;C:\Program Files (x86)\Intel\UCRT\;C:\Program Files\Intel\UCRT\;C:\Program Files (x86)\Intel\Intel(R) Management Engine Components\DAL;C:\Program Files\Intel\Intel(R) Management Engine Components\DAL;C:\Program Files (x86)\Intel\Intel(R) Management Engine Components\IPT;C:\Program Files\Intel\Intel(R) Management Engine Components\IPT;C:\Program Files\Windows Imaging\;C:\Program Files (x86)\STMicroelectronics\STM32 ST-LINK Utility\ST-LINK Utility;C:\adb;C:\Program Files\dotnet\;C:\Program Files (x86)\Common Files\Oracle\Java\javapath;C:\Program Files (x86)\Intel\iCLS Client\;C:\Program Files\Intel\iCLS Client\;C:\Windows\system32;C:\Windows;C:\Windows\System32\Wbem;C:\Windows\System32\WindowsPowerShell\v1.0\;C:\Program Files (x86)\Intel\UCRT\;C:\Program Files\Intel\UCRT\;C:\Program Files (x86)\Intel\Intel(R) Management Engine Components\DAL;C:\Program Files\Intel\Intel(R) Management Engine Components\DAL;C:\Program Files (x86)\Intel\Intel(R) Management Engine Components\IPT;C:\Program Files\Intel\Intel(R) Management Engine Components\IPT;C:\Users\Nazarov\AppData\Local\Programs\Git\cmd
USERNAME=nazarov
OS=Windows_NT
PROCESSOR_IDENTIFIER=Intel64 Family 6 Model 94 Stepping 3, GenuineIntel



---------------  S Y S T E M  ---------------

OS: Windows 7 , 64 bit Build 7601 (6.1.7601.24384)

CPU:total 4 (initial active 4) (2 cores per cpu, 2 threads per core) family 6 model 94 stepping 3, cmov, cx8, fxsr, mmx, sse, sse2, sse3, ssse3, sse4.1, sse4.2, popcnt, avx, avx2, aes, clmul, erms, 3dnowpref, lzcnt, ht, tsc, tscinvbit, bmi1, bmi2, adx

Memory: 4k page, physical 8273880k(2384344k free), swap 8271976k(2449896k free)

vm_info: Java HotSpot(TM) Client VM (25.211-b12) for windows-x86 JRE (1.8.0_211-b12), built on Apr  1 2019 20:53:53 by "java_re" with MS VC++ 10.0 (VS2010)

time: Thu Jan 21 11:25:26 2021
timezone: RTZ 2 (зима)
elapsed time: 2 seconds (0d 0h 0m 2s)

