#
# A fatal error has been detected by the Java Runtime Environment:
#
#  EXCEPTION_ACCESS_VIOLATION (0xc0000005) at pc=0x000007fef19b122e, pid=4232, tid=0x0000000000002f94
#
# JRE version: Java(TM) SE Runtime Environment (8.0_191-b12) (build 1.8.0_191-b12)
# Java VM: Java HotSpot(TM) 64-Bit Server VM (25.191-b12 mixed mode windows-amd64 compressed oops)
# Problematic frame:
# C  [vcruntime140.dll+0x122e]
#
# Failed to write core dump. Minidumps are not enabled by default on client versions of Windows
#
# If you would like to submit a bug report, please visit:
#   http://bugreport.java.com/bugreport/crash.jsp
# The crash happened outside the Java Virtual Machine in native code.
# See problematic frame for where to report the bug.
#

---------------  T H R E A D  ---------------

Current thread (0x0000000002201800):  JavaThread "main" [_thread_in_native, id=12180, stack(0x0000000002460000,0x0000000002560000)]

siginfo: ExceptionCode=0xc0000005, reading address 0x0000000023e3c000

Registers:
RAX=0x000000002eb060c0, RBX=0x0000000000000000, RCX=0x0000000000048130, RDX=0xfffffffff529d070
RSP=0x000000000255ec28, RBP=0x000000000255ed40, RSI=0x0000000023e3c000, RDI=0x000000002eb9ef90
R8 =0x00000000000e1000, R9 =0x0000000000000280, R10=0x0000000023da3130, R11=0x000000002eb060c0
R12=0x000007fee9d8d648, R13=0x000007fee9d8d6d0, R14=0x000000002eb060c0, R15=0x0000000000000000
RIP=0x000007fef19b122e, EFLAGS=0x0000000000010203

Top of Stack: (sp=0x000000000255ec28)
0x000000000255ec28:   00000000ffffffff 0000000023da3130
0x000000000255ec38:   000007fee96b9dc5 0000000000000000
0x000000000255ec48:   000000000255ed10 00000000ffffffff
0x000000000255ec58:   0000000000000000 00000000ffffffff
0x000000000255ec68:   0000000000000000 0000000000000000
0x000000000255ec78:   0000000000000000 0000000000000000
0x000000000255ec88:   0000000000000000 00000000000e1000
0x000000000255ec98:   0000000000000000 0000000000000004
0x000000000255eca8:   00000000775e6824 000007feff666e60
0x000000000255ecb8:   0000000000000000 fffffffffffffffe
0x000000000255ecc8:   0000000000000000 0000000000000000
0x000000000255ecd8:   000007fefd5aadf5 0000000000000000
0x000000000255ece8:   0000000000000000 0000000000000000
0x000000000255ecf8:   0000000000000000 000000000255ed60
0x000000000255ed08:   0000000000000010 0000000242ff4010
0x000000000255ed18:   00000280000001e0 000000002eb060c0 

Instructions: (pc=0x000007fef19b122e)
0x000007fef19b120e:   cc cc cc cc cc cc cc cc 66 66 0f 1f 84 00 00 00
0x000007fef19b121e:   00 00 57 56 49 8b c3 48 8b f9 49 8b c8 49 8b f2
0x000007fef19b122e:   f3 a4 5e 5f c3 cc cc cc cc cc cc 0f 1f 80 00 00
0x000007fef19b123e:   00 00 4c 8b d9 4c 8b d2 49 83 f8 10 76 64 49 83 


Register to memory mapping:

RAX=0x000000002eb060c0 is an unknown value
RBX=0x0000000000000000 is an unknown value
RCX=0x0000000000048130 is an unknown value
RDX=0xfffffffff529d070 is an unknown value
RSP=0x000000000255ec28 is pointing into the stack for thread: 0x0000000002201800
RBP=0x000000000255ed40 is pointing into the stack for thread: 0x0000000002201800
RSI=0x0000000023e3c000 is an unknown value
RDI=0x000000002eb9ef90 is an unknown value
R8 =0x00000000000e1000 is an unknown value
R9 =0x0000000000000280 is an unknown value
R10=0x0000000023da3130 is an unknown value
R11=0x000000002eb060c0 is an unknown value
R12=0x000007fee9d8d648 is an unknown value
R13=0x000007fee9d8d6d0 is an unknown value
R14=0x000000002eb060c0 is an unknown value
R15=0x0000000000000000 is an unknown value


Stack: [0x0000000002460000,0x0000000002560000],  sp=0x000000000255ec28,  free space=1019k
Native frames: (J=compiled Java code, j=interpreted, Vv=VM code, C=native code)
C  [vcruntime140.dll+0x122e]
C  [opencv_core440.dll+0x79dc5]
C  [opencv_videoio440.dll+0x3f74a]
C  [opencv_videoio440.dll+0xf0f9]
C  [opencv_videoio440.dll+0xef08]
C  [jniopencv_videoio.dll+0x2748]
C  0x0000000002848c67

Java frames: (J=compiled Java code, j=interpreted, Vv=VM code)
j  org.bytedeco.opencv.opencv_videoio.VideoCapture.read(Lorg/bytedeco/opencv/opencv_core/Mat;)Z+0
j  org.bytedeco.javacv.OpenCVFrameGrabber.start()V+400
j  educationpracticum.CaptureWebCam.Start()V+23
j  educationpracticum.CaptureWebCam.main([Ljava/lang/String;)V+9
v  ~StubRoutines::call_stub

---------------  P R O C E S S  ---------------

Java Threads: ( => current thread )
  0x000000001aa1c000 JavaThread "JavaCPP Deallocator" daemon [_thread_blocked, id=10716, stack(0x000000001d980000,0x000000001da80000)]
  0x000000001a124800 JavaThread "AWT-EventQueue-0" [_thread_blocked, id=12172, stack(0x000000001b7e0000,0x000000001b8e0000)]
  0x0000000019ded000 JavaThread "AWT-Windows" daemon [_thread_in_native, id=13240, stack(0x000000001b420000,0x000000001b520000)]
  0x0000000019dec800 JavaThread "AWT-Shutdown" [_thread_blocked, id=1344, stack(0x000000001b2b0000,0x000000001b3b0000)]
  0x0000000019e22800 JavaThread "Java2D Disposer" daemon [_thread_blocked, id=10080, stack(0x000000001b060000,0x000000001b160000)]
  0x0000000018d3f800 JavaThread "Service Thread" daemon [_thread_blocked, id=7264, stack(0x00000000196e0000,0x00000000197e0000)]
  0x0000000018cd6000 JavaThread "C1 CompilerThread2" daemon [_thread_blocked, id=11120, stack(0x00000000194f0000,0x00000000195f0000)]
  0x0000000018cd2800 JavaThread "C2 CompilerThread1" daemon [_thread_blocked, id=11012, stack(0x0000000018a90000,0x0000000018b90000)]
  0x0000000018cbd000 JavaThread "C2 CompilerThread0" daemon [_thread_blocked, id=12428, stack(0x0000000019360000,0x0000000019460000)]
  0x0000000018cbb800 JavaThread "Attach Listener" daemon [_thread_blocked, id=5032, stack(0x0000000018680000,0x0000000018780000)]
  0x0000000018cba800 JavaThread "Signal Dispatcher" daemon [_thread_blocked, id=10452, stack(0x00000000190d0000,0x00000000191d0000)]
  0x0000000017734800 JavaThread "Finalizer" daemon [_thread_blocked, id=12624, stack(0x0000000018bb0000,0x0000000018cb0000)]
  0x000000001772d000 JavaThread "Reference Handler" daemon [_thread_blocked, id=10764, stack(0x0000000018980000,0x0000000018a80000)]
=>0x0000000002201800 JavaThread "main" [_thread_in_native, id=12180, stack(0x0000000002460000,0x0000000002560000)]

Other Threads:
  0x00000000176e5800 VMThread [stack: 0x0000000018790000,0x0000000018890000] [id=4404]
  0x0000000018d5d000 WatcherThread [stack: 0x0000000019260000,0x0000000019360000] [id=10760]

VM state:not at safepoint (normal execution)

VM Mutex/Monitor currently owned by a thread: None

Heap:
 PSYoungGen      total 255488K, used 36778K [0x00000000d5f00000, 0x00000000f0380000, 0x0000000100000000)
  eden space 253952K, 13% used [0x00000000d5f00000,0x00000000d81a0b70,0x00000000e5700000)
  from space 1536K, 85% used [0x00000000f0200000,0x00000000f034a040,0x00000000f0380000)
  to   space 3584K, 0% used [0x00000000efc80000,0x00000000efc80000,0x00000000f0000000)
 ParOldGen       total 87552K, used 2208K [0x0000000081c00000, 0x0000000087180000, 0x00000000d5f00000)
  object space 87552K, 2% used [0x0000000081c00000,0x0000000081e28030,0x0000000087180000)
 Metaspace       used 16379K, capacity 16532K, committed 16896K, reserved 1064960K
  class space    used 1416K, capacity 1484K, committed 1536K, reserved 1048576K

Card table byte_map: [0x0000000011bf0000,0x0000000011ff0000] byte_map_base: 0x00000000117e2000

Marking Bits: (ParMarkBitMap*) 0x0000000052c03e30
 Begin Bits: [0x0000000012a30000, 0x00000000149c0000)
 End Bits:   [0x00000000149c0000, 0x0000000016950000)

Polling page: 0x0000000000130000

CodeCache: size=245760Kb used=6075Kb max_used=6085Kb free=239684Kb
 bounds [0x0000000002830000, 0x0000000002e30000, 0x0000000011830000]
 total_blobs=2174 nmethods=1160 adapters=927
 compilation: enabled

Compilation events (10 events):
Event: 2.609 Thread 0x0000000018cd2800 1156       4       java.util.HashMap::clear (50 bytes)
Event: 2.610 Thread 0x0000000018cd2800 nmethod 1156 0x0000000002e1bd10 code [0x0000000002e1be40, 0x0000000002e1bf78]
Event: 2.632 Thread 0x0000000018cbd000 1157       4       sun.nio.fs.WindowsPathParser::parse (384 bytes)
Event: 2.641 Thread 0x0000000018cbd000 nmethod 1157 0x0000000002e22a10 code [0x0000000002e22be0, 0x0000000002e238a8]
Event: 2.667 Thread 0x0000000018cd6000 1158       3       java.util.ArrayList::<init> (61 bytes)
Event: 2.667 Thread 0x0000000018cd6000 nmethod 1158 0x0000000002e21910 code [0x0000000002e21b20, 0x0000000002e22598]
Event: 2.679 Thread 0x0000000018cd2800 1159       4       sun.nio.fs.WindowsFileSystem::getPath (101 bytes)
Event: 2.681 Thread 0x0000000018cd2800 nmethod 1159 0x0000000002e1ff50 code [0x0000000002e200a0, 0x0000000002e20208]
Event: 2.721 Thread 0x0000000018cd6000 1160       3       java.util.ArrayList$SubList$1::hasNext (20 bytes)
Event: 2.722 Thread 0x0000000018cd6000 nmethod 1160 0x0000000002e1fb90 code [0x0000000002e1fce0, 0x0000000002e1fe90]

GC Heap History (10 events):
Event: 1.217 GC heap before
{Heap before GC invocations=6 (full 0):
 PSYoungGen      total 71680K, used 68727K [0x00000000d5f00000, 0x00000000de700000, 0x0000000100000000)
  eden space 66560K, 100% used [0x00000000d5f00000,0x00000000da000000,0x00000000da000000)
  from space 5120K, 42% used [0x00000000da000000,0x00000000da21dfb0,0x00000000da500000)
  to   space 3072K, 0% used [0x00000000de400000,0x00000000de400000,0x00000000de700000)
 ParOldGen       total 87552K, used 48K [0x0000000081c00000, 0x0000000087180000, 0x00000000d5f00000)
  object space 87552K, 0% used [0x0000000081c00000,0x0000000081c0c000,0x0000000087180000)
 Metaspace       used 14252K, capacity 14420K, committed 14592K, reserved 1062912K
  class space    used 1165K, capacity 1228K, committed 1280K, reserved 1048576K
Event: 1.219 GC heap after
Heap after GC invocations=6 (full 0):
 PSYoungGen      total 136192K, used 2183K [0x00000000d5f00000, 0x00000000de700000, 0x0000000100000000)
  eden space 133120K, 0% used [0x00000000d5f00000,0x00000000d5f00000,0x00000000de100000)
  from space 3072K, 71% used [0x00000000de400000,0x00000000de621fc0,0x00000000de700000)
  to   space 3072K, 0% used [0x00000000de100000,0x00000000de100000,0x00000000de400000)
 ParOldGen       total 87552K, used 56K [0x0000000081c00000, 0x0000000087180000, 0x00000000d5f00000)
  object space 87552K, 0% used [0x0000000081c00000,0x0000000081c0e000,0x0000000087180000)
 Metaspace       used 14252K, capacity 14420K, committed 14592K, reserved 1062912K
  class space    used 1165K, capacity 1228K, committed 1280K, reserved 1048576K
}
Event: 1.413 GC heap before
{Heap before GC invocations=7 (full 0):
 PSYoungGen      total 136192K, used 135303K [0x00000000d5f00000, 0x00000000de700000, 0x0000000100000000)
  eden space 133120K, 100% used [0x00000000d5f00000,0x00000000de100000,0x00000000de100000)
  from space 3072K, 71% used [0x00000000de400000,0x00000000de621fc0,0x00000000de700000)
  to   space 3072K, 0% used [0x00000000de100000,0x00000000de100000,0x00000000de400000)
 ParOldGen       total 87552K, used 56K [0x0000000081c00000, 0x0000000087180000, 0x00000000d5f00000)
  object space 87552K, 0% used [0x0000000081c00000,0x0000000081c0e000,0x0000000087180000)
 Metaspace       used 14254K, capacity 14420K, committed 14592K, reserved 1062912K
  class space    used 1165K, capacity 1228K, committed 1280K, reserved 1048576K
Event: 1.415 GC heap after
Heap after GC invocations=7 (full 0):
 PSYoungGen      total 136192K, used 160K [0x00000000d5f00000, 0x00000000e6900000, 0x0000000100000000)
  eden space 133120K, 0% used [0x00000000d5f00000,0x00000000d5f00000,0x00000000de100000)
  from space 3072K, 5% used [0x00000000de100000,0x00000000de128000,0x00000000de400000)
  to   space 3072K, 0% used [0x00000000e6600000,0x00000000e6600000,0x00000000e6900000)
 ParOldGen       total 87552K, used 2032K [0x0000000081c00000, 0x0000000087180000, 0x00000000d5f00000)
  object space 87552K, 2% used [0x0000000081c00000,0x0000000081dfc030,0x0000000087180000)
 Metaspace       used 14254K, capacity 14420K, committed 14592K, reserved 1062912K
  class space    used 1165K, capacity 1228K, committed 1280K, reserved 1048576K
}
Event: 1.549 GC heap before
{Heap before GC invocations=8 (full 0):
 PSYoungGen      total 136192K, used 133280K [0x00000000d5f00000, 0x00000000e6900000, 0x0000000100000000)
  eden space 133120K, 100% used [0x00000000d5f00000,0x00000000de100000,0x00000000de100000)
  from space 3072K, 5% used [0x00000000de100000,0x00000000de128000,0x00000000de400000)
  to   space 3072K, 0% used [0x00000000e6600000,0x00000000e6600000,0x00000000e6900000)
 ParOldGen       total 87552K, used 2032K [0x0000000081c00000, 0x0000000087180000, 0x00000000d5f00000)
  object space 87552K, 2% used [0x0000000081c00000,0x0000000081dfc030,0x0000000087180000)
 Metaspace       used 14254K, capacity 14420K, committed 14592K, reserved 1062912K
  class space    used 1165K, capacity 1228K, committed 1280K, reserved 1048576K
Event: 1.550 GC heap after
Heap after GC invocations=8 (full 0):
 PSYoungGen      total 268800K, used 64K [0x00000000d5f00000, 0x00000000e6a00000, 0x0000000100000000)
  eden space 265728K, 0% used [0x00000000d5f00000,0x00000000d5f00000,0x00000000e6280000)
  from space 3072K, 2% used [0x00000000e6600000,0x00000000e6610000,0x00000000e6900000)
  to   space 3584K, 0% used [0x00000000e6280000,0x00000000e6280000,0x00000000e6600000)
 ParOldGen       total 87552K, used 2160K [0x0000000081c00000, 0x0000000087180000, 0x00000000d5f00000)
  object space 87552K, 2% used [0x0000000081c00000,0x0000000081e1c030,0x0000000087180000)
 Metaspace       used 14254K, capacity 14420K, committed 14592K, reserved 1062912K
  class space    used 1165K, capacity 1228K, committed 1280K, reserved 1048576K
}
Event: 1.833 GC heap before
{Heap before GC invocations=9 (full 0):
 PSYoungGen      total 268800K, used 265792K [0x00000000d5f00000, 0x00000000e6a00000, 0x0000000100000000)
  eden space 265728K, 100% used [0x00000000d5f00000,0x00000000e6280000,0x00000000e6280000)
  from space 3072K, 2% used [0x00000000e6600000,0x00000000e6610000,0x00000000e6900000)
  to   space 3584K, 0% used [0x00000000e6280000,0x00000000e6280000,0x00000000e6600000)
 ParOldGen       total 87552K, used 2160K [0x0000000081c00000, 0x0000000087180000, 0x00000000d5f00000)
  object space 87552K, 2% used [0x0000000081c00000,0x0000000081e1c030,0x0000000087180000)
 Metaspace       used 14255K, capacity 14420K, committed 14592K, reserved 1062912K
  class space    used 1165K, capacity 1228K, committed 1280K, reserved 1048576K
Event: 1.834 GC heap after
Heap after GC invocations=9 (full 0):
 PSYoungGen      total 269312K, used 64K [0x00000000d5f00000, 0x00000000f0580000, 0x0000000100000000)
  eden space 265728K, 0% used [0x00000000d5f00000,0x00000000d5f00000,0x00000000e6280000)
  from space 3584K, 1% used [0x00000000e6280000,0x00000000e6290000,0x00000000e6600000)
  to   space 3584K, 0% used [0x00000000f0200000,0x00000000f0200000,0x00000000f0580000)
 ParOldGen       total 87552K, used 2192K [0x0000000081c00000, 0x0000000087180000, 0x00000000d5f00000)
  object space 87552K, 2% used [0x0000000081c00000,0x0000000081e24030,0x0000000087180000)
 Metaspace       used 14255K, capacity 14420K, committed 14592K, reserved 1062912K
  class space    used 1165K, capacity 1228K, committed 1280K, reserved 1048576K
}
Event: 2.585 GC heap before
{Heap before GC invocations=10 (full 0):
 PSYoungGen      total 269312K, used 265792K [0x00000000d5f00000, 0x00000000f0580000, 0x0000000100000000)
  eden space 265728K, 100% used [0x00000000d5f00000,0x00000000e6280000,0x00000000e6280000)
  from space 3584K, 1% used [0x00000000e6280000,0x00000000e6290000,0x00000000e6600000)
  to   space 3584K, 0% used [0x00000000f0200000,0x00000000f0200000,0x00000000f0580000)
 ParOldGen       total 87552K, used 2192K [0x0000000081c00000, 0x0000000087180000, 0x00000000d5f00000)
  object space 87552K, 2% used [0x0000000081c00000,0x0000000081e24030,0x0000000087180000)
 Metaspace       used 16349K, capacity 16532K, committed 16896K, reserved 1064960K
  class space    used 1413K, capacity 1484K, committed 1536K, reserved 1048576K
Event: 2.586 GC heap after
Heap after GC invocations=10 (full 0):
 PSYoungGen      total 255488K, used 1320K [0x00000000d5f00000, 0x00000000f0380000, 0x0000000100000000)
  eden space 253952K, 0% used [0x00000000d5f00000,0x00000000d5f00000,0x00000000e5700000)
  from space 1536K, 85% used [0x00000000f0200000,0x00000000f034a040,0x00000000f0380000)
  to   space 3584K, 0% used [0x00000000efc80000,0x00000000efc80000,0x00000000f0000000)
 ParOldGen       total 87552K, used 2208K [0x0000000081c00000, 0x0000000087180000, 0x00000000d5f00000)
  object space 87552K, 2% used [0x0000000081c00000,0x0000000081e28030,0x0000000087180000)
 Metaspace       used 16349K, capacity 16532K, committed 16896K, reserved 1064960K
  class space    used 1413K, capacity 1484K, committed 1536K, reserved 1048576K
}

Deoptimization events (10 events):
Event: 0.783 Thread 0x0000000002201800 Uncommon trap: reason=class_check action=maybe_recompile pc=0x0000000002b134f4 method=sun.misc.URLClassPath.findResource(Ljava/lang/String;Z)Ljava/net/URL; @ 26
Event: 0.783 Thread 0x0000000002201800 Uncommon trap: reason=unstable_if action=reinterpret pc=0x0000000002b47474 method=java.net.URLStreamHandler.parseURL(Ljava/net/URL;Ljava/lang/String;II)V @ 133
Event: 0.784 Thread 0x0000000002201800 Uncommon trap: reason=unstable_if action=reinterpret pc=0x0000000002b4d864 method=java.net.URL.<init>(Ljava/net/URL;Ljava/lang/String;Ljava/net/URLStreamHandler;)V @ 441
Event: 0.784 Thread 0x0000000002201800 Uncommon trap: reason=class_check action=maybe_recompile pc=0x0000000002b134f4 method=sun.misc.URLClassPath.findResource(Ljava/lang/String;Z)Ljava/net/URL; @ 26
Event: 0.784 Thread 0x0000000002201800 Uncommon trap: reason=class_check action=maybe_recompile pc=0x0000000002b134f4 method=sun.misc.URLClassPath.findResource(Ljava/lang/String;Z)Ljava/net/URL; @ 26
Event: 0.785 Thread 0x0000000002201800 Uncommon trap: reason=unstable_if action=reinterpret pc=0x0000000002b3d964 method=java.io.WinNTFileSystem.normalize(Ljava/lang/String;)Ljava/lang/String; @ 128
Event: 0.788 Thread 0x0000000002201800 Uncommon trap: reason=unstable_if action=reinterpret pc=0x0000000002b28b68 method=java.lang.String$CaseInsensitiveComparator.compare(Ljava/lang/String;Ljava/lang/String;)I @ 49
Event: 0.790 Thread 0x0000000002201800 Uncommon trap: reason=unstable_if action=reinterpret pc=0x0000000002b2b2f4 method=java.lang.String$CaseInsensitiveComparator.compare(Ljava/lang/String;Ljava/lang/String;)I @ 49
Event: 0.823 Thread 0x0000000002201800 Uncommon trap: reason=class_check action=maybe_recompile pc=0x0000000002b134f4 method=sun.misc.URLClassPath.findResource(Ljava/lang/String;Z)Ljava/net/URL; @ 26
Event: 1.936 Thread 0x0000000002201800 Uncommon trap: reason=unstable_if action=reinterpret pc=0x0000000002caeedc method=java.net.URLClassLoader$3$1.run()Ljava/net/URL; @ 12

Classes redefined (0 events):
No events

Internal exceptions (10 events):
Event: 2.744 Thread 0x0000000002201800 Exception <a 'sun/nio/fs/WindowsException'> (0x00000000d7d26af0) thrown at [C:\re\workspace\8-2-build-windows-amd64-cygwin\jdk8u191\11896\hotspot\src\share\vm\prims\jni.cpp, line 709]
Event: 2.744 Thread 0x0000000002201800 Exception <a 'sun/nio/fs/WindowsException'> (0x00000000d7d28368) thrown at [C:\re\workspace\8-2-build-windows-amd64-cygwin\jdk8u191\11896\hotspot\src\share\vm\prims\jni.cpp, line 709]
Event: 2.744 Thread 0x0000000002201800 Exception <a 'sun/nio/fs/WindowsException'> (0x00000000d7d29968) thrown at [C:\re\workspace\8-2-build-windows-amd64-cygwin\jdk8u191\11896\hotspot\src\share\vm\prims\jni.cpp, line 709]
Event: 2.744 Thread 0x0000000002201800 Exception <a 'sun/nio/fs/WindowsException'> (0x00000000d7d2afc8) thrown at [C:\re\workspace\8-2-build-windows-amd64-cygwin\jdk8u191\11896\hotspot\src\share\vm\prims\jni.cpp, line 709]
Event: 2.744 Thread 0x0000000002201800 Exception <a 'sun/nio/fs/WindowsException'> (0x00000000d7d2c660) thrown at [C:\re\workspace\8-2-build-windows-amd64-cygwin\jdk8u191\11896\hotspot\src\share\vm\prims\jni.cpp, line 709]
Event: 2.745 Thread 0x0000000002201800 Exception <a 'sun/nio/fs/WindowsException'> (0x00000000d7d2dc60) thrown at [C:\re\workspace\8-2-build-windows-amd64-cygwin\jdk8u191\11896\hotspot\src\share\vm\prims\jni.cpp, line 709]
Event: 2.745 Thread 0x0000000002201800 Exception <a 'sun/nio/fs/WindowsException'> (0x00000000d7d2f298) thrown at [C:\re\workspace\8-2-build-windows-amd64-cygwin\jdk8u191\11896\hotspot\src\share\vm\prims\jni.cpp, line 709]
Event: 2.745 Thread 0x0000000002201800 Exception <a 'sun/nio/fs/WindowsException'> (0x00000000d7d308b0) thrown at [C:\re\workspace\8-2-build-windows-amd64-cygwin\jdk8u191\11896\hotspot\src\share\vm\prims\jni.cpp, line 709]
Event: 2.745 Thread 0x0000000002201800 Exception <a 'sun/nio/fs/WindowsException'> (0x00000000d7d31eb0) thrown at [C:\re\workspace\8-2-build-windows-amd64-cygwin\jdk8u191\11896\hotspot\src\share\vm\prims\jni.cpp, line 709]
Event: 2.745 Thread 0x0000000002201800 Exception <a 'sun/nio/fs/WindowsException'> (0x00000000d7d334e8) thrown at [C:\re\workspace\8-2-build-windows-amd64-cygwin\jdk8u191\11896\hotspot\src\share\vm\prims\jni.cpp, line 709]

Events (10 events):
Event: 2.567 loading class org/bytedeco/opencv/global/opencv_videoio
Event: 2.567 loading class org/bytedeco/opencv/global/opencv_videoio done
Event: 2.585 Executing VM operation: ParallelGCFailedAllocation
Event: 2.586 Executing VM operation: ParallelGCFailedAllocation done
Event: 2.695 loading class org/bytedeco/opencv/opencv_videoio/CvCaptureDefaultDeleter
Event: 2.695 loading class org/bytedeco/opencv/opencv_videoio/CvCaptureDefaultDeleter done
Event: 2.696 loading class org/bytedeco/opencv/opencv_videoio/CvVideoWriterDefaultDeleter
Event: 2.696 loading class org/bytedeco/opencv/opencv_videoio/CvVideoWriterDefaultDeleter done
Event: 2.697 loading class org/bytedeco/opencv/opencv_videoio/VideoWriter
Event: 2.697 loading class org/bytedeco/opencv/opencv_videoio/VideoWriter done


Dynamic libraries:
0x000000013f590000 - 0x000000013f5c7000 	C:\Program Files\Java\jdk1.8.0_191\bin\java.exe
0x00000000775d0000 - 0x000000007776f000 	C:\Windows\SYSTEM32\ntdll.dll
0x00000000773b0000 - 0x00000000774cf000 	C:\Windows\system32\kernel32.dll
0x000007fefd5a0000 - 0x000007fefd60a000 	C:\Windows\system32\KERNELBASE.dll
0x000007fefe650000 - 0x000007fefe72b000 	C:\Windows\system32\ADVAPI32.dll
0x000007feff660000 - 0x000007feff6ff000 	C:\Windows\system32\msvcrt.dll
0x000007fefe630000 - 0x000007fefe64f000 	C:\Windows\SYSTEM32\sechost.dll
0x000007feff070000 - 0x000007feff19c000 	C:\Windows\system32\RPCRT4.dll
0x00000000774d0000 - 0x00000000775ca000 	C:\Windows\system32\USER32.dll
0x000007feff820000 - 0x000007feff887000 	C:\Windows\system32\GDI32.dll
0x000007fefe960000 - 0x000007fefe96e000 	C:\Windows\system32\LPK.dll
0x000007fefe730000 - 0x000007fefe7fb000 	C:\Windows\system32\USP10.dll
0x000007fefbf10000 - 0x000007fefc104000 	C:\Windows\WinSxS\amd64_microsoft.windows.common-controls_6595b64144ccf1df_6.0.7601.18837_none_fa3b1e3d17594757\COMCTL32.dll
0x000007fefebd0000 - 0x000007fefec41000 	C:\Windows\system32\SHLWAPI.dll
0x000007fefede0000 - 0x000007fefee0e000 	C:\Windows\system32\IMM32.DLL
0x000007fefe800000 - 0x000007fefe909000 	C:\Windows\system32\MSCTF.dll
0x0000000055840000 - 0x0000000055912000 	C:\Program Files\Java\jdk1.8.0_191\jre\bin\msvcr100.dll
0x00000000523e0000 - 0x0000000052c84000 	C:\Program Files\Java\jdk1.8.0_191\jre\bin\server\jvm.dll
0x000007fef9290000 - 0x000007fef9299000 	C:\Windows\system32\WSOCK32.dll
0x000007fefe910000 - 0x000007fefe95d000 	C:\Windows\system32\WS2_32.dll
0x000007feff1a0000 - 0x000007feff1a8000 	C:\Windows\system32\NSI.dll
0x000007fefb340000 - 0x000007fefb37b000 	C:\Windows\system32\WINMM.dll
0x000007fefc5d0000 - 0x000007fefc5dc000 	C:\Windows\system32\VERSION.dll
0x0000000077770000 - 0x0000000077777000 	C:\Windows\system32\PSAPI.DLL
0x0000000060ec0000 - 0x0000000060ecf000 	C:\Program Files\Java\jdk1.8.0_191\jre\bin\verify.dll
0x000000005f0b0000 - 0x000000005f0d9000 	C:\Program Files\Java\jdk1.8.0_191\jre\bin\java.dll
0x00000000600e0000 - 0x00000000600f6000 	C:\Program Files\Java\jdk1.8.0_191\jre\bin\zip.dll
0x000007fefd8a0000 - 0x000007fefe62b000 	C:\Windows\system32\SHELL32.dll
0x000007feff1b0000 - 0x000007feff3ac000 	C:\Windows\system32\ole32.dll
0x000007fefd490000 - 0x000007fefd49f000 	C:\Windows\system32\profapi.dll
0x0000000055500000 - 0x0000000055699000 	C:\Program Files\Java\jdk1.8.0_191\jre\bin\awt.dll
0x000007feff450000 - 0x000007feff52a000 	C:\Windows\system32\OLEAUT32.dll
0x000007fefb770000 - 0x000007fefb788000 	C:\Windows\system32\DWMAPI.DLL
0x000007feed490000 - 0x000007feed5ad000 	C:\Windows\system32\opengl32.dll
0x000007fef6670000 - 0x000007fef669d000 	C:\Windows\system32\GLU32.dll
0x000007feed390000 - 0x000007feed481000 	C:\Windows\system32\DDRAW.dll
0x000007fef8300000 - 0x000007fef8308000 	C:\Windows\system32\DCIMAN32.dll
0x000007fefe970000 - 0x000007fefeb47000 	C:\Windows\system32\SETUPAPI.dll
0x000007fefd6f0000 - 0x000007fefd726000 	C:\Windows\system32\CFGMGR32.dll
0x000007fefd540000 - 0x000007fefd55a000 	C:\Windows\system32\DEVOBJ.dll
0x000007fefbeb0000 - 0x000007fefbf06000 	C:\Windows\system32\uxtheme.dll
0x000007fefd3c0000 - 0x000007fefd3cf000 	C:\Windows\system32\CRYPTBASE.dll
0x0000000055950000 - 0x0000000055997000 	C:\Program Files\Java\jdk1.8.0_191\jre\bin\fontmanager.dll
0x000007fefb0d0000 - 0x000007fefb0d3000 	C:\Users\Nazarov\.javacpp\cache\javacpp-windows-x86_64.jar\org\bytedeco\javacpp\windows-x86_64\api-ms-win-crt-locale-l1-1-0.dll
0x000000005b970000 - 0x000000005b98a000 	C:\Program Files\Java\jdk1.8.0_191\jre\bin\net.dll
0x000007fefcca0000 - 0x000007fefccf5000 	C:\Windows\system32\mswsock.dll
0x000007fefcc90000 - 0x000007fefcc97000 	C:\Windows\System32\wship6.dll
0x0000000059a10000 - 0x0000000059a21000 	C:\Program Files\Java\jdk1.8.0_191\jre\bin\nio.dll
0x000007fefa2d0000 - 0x000007fefa2d4000 	C:\Users\Nazarov\.javacpp\cache\javacpp-windows-x86_64.jar\org\bytedeco\javacpp\windows-x86_64\api-ms-win-crt-string-l1-1-0.dll
0x000007fef84b0000 - 0x000007fef84b4000 	C:\Users\Nazarov\.javacpp\cache\javacpp-windows-x86_64.jar\org\bytedeco\javacpp\windows-x86_64\api-ms-win-crt-stdio-l1-1-0.dll
0x000007fef7d70000 - 0x000007fef7d75000 	C:\Users\Nazarov\.javacpp\cache\javacpp-windows-x86_64.jar\org\bytedeco\javacpp\windows-x86_64\api-ms-win-crt-math-l1-1-0.dll
0x000007fef7960000 - 0x000007fef7963000 	C:\Users\Nazarov\.javacpp\cache\javacpp-windows-x86_64.jar\org\bytedeco\javacpp\windows-x86_64\api-ms-win-crt-heap-l1-1-0.dll
0x000007fef6800000 - 0x000007fef6804000 	C:\Users\Nazarov\.javacpp\cache\javacpp-windows-x86_64.jar\org\bytedeco\javacpp\windows-x86_64\api-ms-win-crt-runtime-l1-1-0.dll
0x000007fef5fd0000 - 0x000007fef5fd4000 	C:\Users\Nazarov\.javacpp\cache\javacpp-windows-x86_64.jar\org\bytedeco\javacpp\windows-x86_64\api-ms-win-crt-convert-l1-1-0.dll
0x000007fef5ac0000 - 0x000007fef5ac3000 	C:\Users\Nazarov\.javacpp\cache\javacpp-windows-x86_64.jar\org\bytedeco\javacpp\windows-x86_64\api-ms-win-crt-environment-l1-1-0.dll
0x000007fef4bb0000 - 0x000007fef4bb3000 	C:\Users\Nazarov\.javacpp\cache\javacpp-windows-x86_64.jar\org\bytedeco\javacpp\windows-x86_64\api-ms-win-crt-time-l1-1-0.dll
0x000007fef3f10000 - 0x000007fef3f13000 	C:\Users\Nazarov\.javacpp\cache\javacpp-windows-x86_64.jar\org\bytedeco\javacpp\windows-x86_64\api-ms-win-crt-filesystem-l1-1-0.dll
0x000007fef3f00000 - 0x000007fef3f03000 	C:\Users\Nazarov\.javacpp\cache\javacpp-windows-x86_64.jar\org\bytedeco\javacpp\windows-x86_64\api-ms-win-crt-utility-l1-1-0.dll
0x000007fef3ef0000 - 0x000007fef3ef5000 	C:\Users\Nazarov\.javacpp\cache\javacpp-windows-x86_64.jar\org\bytedeco\javacpp\windows-x86_64\api-ms-win-crt-multibyte-l1-1-0.dll
0x000007fef3ee0000 - 0x000007fef3ee3000 	C:\Users\Nazarov\.javacpp\cache\javacpp-windows-x86_64.jar\org\bytedeco\javacpp\windows-x86_64\api-ms-win-core-string-l1-1-0.dll
0x000007fef3ea0000 - 0x000007fef3ea3000 	C:\Users\Nazarov\.javacpp\cache\javacpp-windows-x86_64.jar\org\bytedeco\javacpp\windows-x86_64\api-ms-win-core-errorhandling-l1-1-0.dll
0x000007fef3e90000 - 0x000007fef3e93000 	C:\Users\Nazarov\.javacpp\cache\javacpp-windows-x86_64.jar\org\bytedeco\javacpp\windows-x86_64\api-ms-win-core-timezone-l1-1-0.dll
0x000007fef3e80000 - 0x000007fef3e84000 	C:\Users\Nazarov\.javacpp\cache\javacpp-windows-x86_64.jar\org\bytedeco\javacpp\windows-x86_64\api-ms-win-core-file-l1-1-0.dll
0x000007fef3e70000 - 0x000007fef3e73000 	C:\Users\Nazarov\.javacpp\cache\javacpp-windows-x86_64.jar\org\bytedeco\javacpp\windows-x86_64\api-ms-win-core-namedpipe-l1-1-0.dll
0x000007fef3e60000 - 0x000007fef3e63000 	C:\Users\Nazarov\.javacpp\cache\javacpp-windows-x86_64.jar\org\bytedeco\javacpp\windows-x86_64\api-ms-win-core-handle-l1-1-0.dll
0x000007fef3e20000 - 0x000007fef3e23000 	C:\Users\Nazarov\.javacpp\cache\javacpp-windows-x86_64.jar\org\bytedeco\javacpp\windows-x86_64\api-ms-win-core-file-l2-1-0.dll
0x000007fef3e10000 - 0x000007fef3e13000 	C:\Users\Nazarov\.javacpp\cache\javacpp-windows-x86_64.jar\org\bytedeco\javacpp\windows-x86_64\api-ms-win-core-heap-l1-1-0.dll
0x000007fef38a0000 - 0x000007fef38a3000 	C:\Users\Nazarov\.javacpp\cache\javacpp-windows-x86_64.jar\org\bytedeco\javacpp\windows-x86_64\api-ms-win-core-libraryloader-l1-1-0.dll
0x000007fef3890000 - 0x000007fef3893000 	C:\Users\Nazarov\.javacpp\cache\javacpp-windows-x86_64.jar\org\bytedeco\javacpp\windows-x86_64\api-ms-win-core-synch-l1-1-0.dll
0x000007fef3880000 - 0x000007fef3883000 	C:\Users\Nazarov\.javacpp\cache\javacpp-windows-x86_64.jar\org\bytedeco\javacpp\windows-x86_64\api-ms-win-core-processthreads-l1-1-0.dll
0x000007fef3870000 - 0x000007fef3873000 	C:\Users\Nazarov\.javacpp\cache\javacpp-windows-x86_64.jar\org\bytedeco\javacpp\windows-x86_64\api-ms-win-core-processenvironment-l1-1-0.dll
0x000007fef3860000 - 0x000007fef3863000 	C:\Users\Nazarov\.javacpp\cache\javacpp-windows-x86_64.jar\org\bytedeco\javacpp\windows-x86_64\api-ms-win-core-datetime-l1-1-0.dll
0x000007fef3850000 - 0x000007fef3853000 	C:\Users\Nazarov\.javacpp\cache\javacpp-windows-x86_64.jar\org\bytedeco\javacpp\windows-x86_64\api-ms-win-core-localization-l1-2-0.dll
0x000007fef37e0000 - 0x000007fef37e3000 	C:\Users\Nazarov\.javacpp\cache\javacpp-windows-x86_64.jar\org\bytedeco\javacpp\windows-x86_64\api-ms-win-core-sysinfo-l1-1-0.dll
0x000007fef3110000 - 0x000007fef3113000 	C:\Users\Nazarov\.javacpp\cache\javacpp-windows-x86_64.jar\org\bytedeco\javacpp\windows-x86_64\api-ms-win-core-synch-l1-2-0.dll
0x000007fef3100000 - 0x000007fef3103000 	C:\Users\Nazarov\.javacpp\cache\javacpp-windows-x86_64.jar\org\bytedeco\javacpp\windows-x86_64\api-ms-win-core-console-l1-1-0.dll
0x000007fef30f0000 - 0x000007fef30f3000 	C:\Users\Nazarov\.javacpp\cache\javacpp-windows-x86_64.jar\org\bytedeco\javacpp\windows-x86_64\api-ms-win-core-debug-l1-1-0.dll
0x000007fef30e0000 - 0x000007fef30e3000 	C:\Users\Nazarov\.javacpp\cache\javacpp-windows-x86_64.jar\org\bytedeco\javacpp\windows-x86_64\api-ms-win-core-rtlsupport-l1-1-0.dll
0x000007fef30d0000 - 0x000007fef30d3000 	C:\Users\Nazarov\.javacpp\cache\javacpp-windows-x86_64.jar\org\bytedeco\javacpp\windows-x86_64\api-ms-win-core-processthreads-l1-1-1.dll
0x000007fef30c0000 - 0x000007fef30c3000 	C:\Users\Nazarov\.javacpp\cache\javacpp-windows-x86_64.jar\org\bytedeco\javacpp\windows-x86_64\api-ms-win-core-file-l1-2-0.dll
0x000007fef2ed0000 - 0x000007fef2ed3000 	C:\Users\Nazarov\.javacpp\cache\javacpp-windows-x86_64.jar\org\bytedeco\javacpp\windows-x86_64\api-ms-win-core-profile-l1-1-0.dll
0x000007fef19f0000 - 0x000007fef19f3000 	C:\Users\Nazarov\.javacpp\cache\javacpp-windows-x86_64.jar\org\bytedeco\javacpp\windows-x86_64\api-ms-win-core-memory-l1-1-0.dll
0x000007fef19e0000 - 0x000007fef19e3000 	C:\Users\Nazarov\.javacpp\cache\javacpp-windows-x86_64.jar\org\bytedeco\javacpp\windows-x86_64\api-ms-win-core-util-l1-1-0.dll
0x000007fef19d0000 - 0x000007fef19d3000 	C:\Users\Nazarov\.javacpp\cache\javacpp-windows-x86_64.jar\org\bytedeco\javacpp\windows-x86_64\api-ms-win-core-interlocked-l1-1-0.dll
0x000007fee9dd0000 - 0x000007fee9eca000 	C:\Users\Nazarov\.javacpp\cache\javacpp-windows-x86_64.jar\org\bytedeco\javacpp\windows-x86_64\ucrtbase.dll
0x000007fef19b0000 - 0x000007fef19c5000 	C:\Users\Nazarov\.javacpp\cache\javacpp-windows-x86_64.jar\org\bytedeco\javacpp\windows-x86_64\vcruntime140.dll
0x000007fef18d0000 - 0x000007fef18dc000 	C:\Users\Nazarov\.javacpp\cache\javacpp-windows-x86_64.jar\org\bytedeco\javacpp\windows-x86_64\vcruntime140_1.dll
0x000007fef0620000 - 0x000007fef06bb000 	C:\Users\Nazarov\.javacpp\cache\javacpp-windows-x86_64.jar\org\bytedeco\javacpp\windows-x86_64\msvcp140.dll
0x000007fef1780000 - 0x000007fef1789000 	C:\Users\Nazarov\.javacpp\cache\javacpp-windows-x86_64.jar\org\bytedeco\javacpp\windows-x86_64\msvcp140_1.dll
0x000007fef0480000 - 0x000007fef04d1000 	C:\Users\Nazarov\.javacpp\cache\javacpp-windows-x86_64.jar\org\bytedeco\javacpp\windows-x86_64\concrt140.dll
0x000007fef1750000 - 0x000007fef1777000 	C:\Users\Nazarov\.javacpp\cache\javacpp-windows-x86_64.jar\org\bytedeco\javacpp\windows-x86_64\vcomp140.dll
0x000007fef1740000 - 0x000007fef174e000 	C:\Users\Nazarov\.javacpp\cache\javacpp-windows-x86_64.jar\org\bytedeco\javacpp\windows-x86_64\jnijavacpp.dll
0x000000006d7c0000 - 0x000000006f34c000 	C:\Users\Nazarov\.javacpp\cache\openblas-windows-x86_64.jar\org\bytedeco\openblas\windows-x86_64\libopenblas_nolapack.dll
0x000007feed150000 - 0x000007feed1aa000 	C:\Users\Nazarov\.javacpp\cache\openblas-windows-x86_64.jar\org\bytedeco\openblas\windows-x86_64\jniopenblas_nolapack.dll
0x00000000243d0000 - 0x0000000025f5c000 	C:\Users\Nazarov\.javacpp\cache\openblas-windows-x86_64.jar\org\bytedeco\openblas\windows-x86_64\libopenblas.dll
0x000007fee0940000 - 0x000007fee1d2d000 	C:\Users\Nazarov\.javacpp\cache\openblas-windows-x86_64.jar\org\bytedeco\openblas\windows-x86_64\jniopenblas.dll
0x000007fee9640000 - 0x000007fee9a41000 	C:\Users\Nazarov\.javacpp\cache\opencv-windows-x86_64.jar\org\bytedeco\opencv\windows-x86_64\opencv_core440.dll
0x000007fee7970000 - 0x000007fee7f93000 	C:\Users\Nazarov\.javacpp\cache\opencv-windows-x86_64.jar\org\bytedeco\opencv\windows-x86_64\opencv_imgproc440.dll
0x000007fee9320000 - 0x000007fee963a000 	C:\Users\Nazarov\.javacpp\cache\opencv-windows-x86_64.jar\org\bytedeco\opencv\windows-x86_64\jniopencv_core.dll
0x000007fee91c0000 - 0x000007fee9313000 	C:\Users\Nazarov\.javacpp\cache\opencv-windows-x86_64.jar\org\bytedeco\opencv\windows-x86_64\jniopencv_imgproc.dll
0x000007fee88a0000 - 0x000007fee8c66000 	C:\Users\Nazarov\.javacpp\cache\opencv-windows-x86_64.jar\org\bytedeco\opencv\windows-x86_64\opencv_imgcodecs440.dll
0x000007fef1700000 - 0x000007fef1730000 	C:\Users\Nazarov\.javacpp\cache\opencv-windows-x86_64.jar\org\bytedeco\opencv\windows-x86_64\jniopencv_imgcodecs.dll
0x000007fee9d30000 - 0x000007fee9dc2000 	C:\Users\Nazarov\.javacpp\cache\opencv-windows-x86_64.jar\org\bytedeco\opencv\windows-x86_64\opencv_videoio440.dll
0x000007feed0d0000 - 0x000007feed13d000 	C:\Windows\system32\MFPlat.DLL
0x000007fefb7f0000 - 0x000007fefb7f9000 	C:\Windows\system32\AVRT.dll
0x000007feec780000 - 0x000007feecb71000 	C:\Windows\system32\MF.dll
0x000007fefb6e0000 - 0x000007fefb6f9000 	C:\Windows\system32\ATL.DLL
0x0000000075260000 - 0x0000000075266000 	C:\Windows\system32\ksuser.dll
0x000007fef7dd0000 - 0x000007fef7e12000 	C:\Windows\system32\MFReadWrite.dll
0x000007fef5320000 - 0x000007fef54f5000 	C:\Windows\system32\d3d11.dll
0x000007fefa6e0000 - 0x000007fefa73d000 	C:\Windows\system32\dxgi.dll
0x000007feecc50000 - 0x000007feecc7b000 	C:\Users\Nazarov\.javacpp\cache\opencv-windows-x86_64.jar\org\bytedeco\opencv\windows-x86_64\jniopencv_videoio.dll
0x000007feff700000 - 0x000007feff799000 	C:\Windows\system32\CLBCatQ.DLL
0x000007fef4f40000 - 0x000007fef4f56000 	C:\Windows\system32\devenum.dll
0x000007fefc5a0000 - 0x000007fefc5cd000 	C:\Windows\system32\ntmarta.dll
0x000007feff7a0000 - 0x000007feff7f2000 	C:\Windows\system32\WLDAP32.dll
0x000007fefd560000 - 0x000007fefd59b000 	C:\Windows\system32\WINTRUST.dll
0x000007fefd730000 - 0x000007fefd89d000 	C:\Windows\system32\CRYPT32.dll
0x000007fefd530000 - 0x000007fefd53f000 	C:\Windows\system32\MSASN1.dll
0x000007fefb0e0000 - 0x000007fefb0ed000 	C:\Windows\system32\msdmo.dll
0x000007fef7e60000 - 0x000007fef7e6b000 	C:\Windows\system32\vidcap.ax
0x000007fef4cb0000 - 0x000007fef4cd4000 	C:\Windows\system32\kswdmcap.ax
0x000007fef38b0000 - 0x000007fef3a0c000 	C:\Windows\system32\MFC42.dll
0x000007fef3290000 - 0x000007fef3341000 	C:\Windows\system32\ODBC32.dll
0x0000000054ce0000 - 0x0000000054d18000 	C:\Windows\system32\odbcint.dll
0x000007fef0600000 - 0x000007fef061a000 	C:\Windows\System32\mfmjpegdec.dll
0x000007fef97f0000 - 0x000007fef9915000 	C:\Windows\system32\dbghelp.dll

VM Arguments:
jvm_args: -Dfile.encoding=UTF-8 
java_command: educationpracticum.CaptureWebCam
java_class_path (initial): C:\Users\Nazarov\Documents\NetBeansProjects\EducationPracticum\lib\javacv-platform-1.5.4-bin\artoolkitplus-android-arm.jar;C:\Users\Nazarov\Documents\NetBeansProjects\EducationPracticum\lib\javacv-platform-1.5.4-bin\artoolkitplus-android-arm64.jar;C:\Users\Nazarov\Documents\NetBeansProjects\EducationPracticum\lib\javacv-platform-1.5.4-bin\artoolkitplus-android-x86.jar;C:\Users\Nazarov\Documents\NetBeansProjects\EducationPracticum\lib\javacv-platform-1.5.4-bin\artoolkitplus-android-x86_64.jar;C:\Users\Nazarov\Documents\NetBeansProjects\EducationPracticum\lib\javacv-platform-1.5.4-bin\artoolkitplus-linux-arm64.jar;C:\Users\Nazarov\Documents\NetBeansProjects\EducationPracticum\lib\javacv-platform-1.5.4-bin\artoolkitplus-linux-armhf.jar;C:\Users\Nazarov\Documents\NetBeansProjects\EducationPracticum\lib\javacv-platform-1.5.4-bin\artoolkitplus-linux-ppc64le.jar;C:\Users\Nazarov\Documents\NetBeansProjects\EducationPracticum\lib\javacv-platform-1.5.4-bin\artoolkitplus-linux-x86.jar;C:\Users\Nazarov\Documents\NetBeansProjects\EducationPracticum\lib\javacv-platform-1.5.4-bin\artoolkitplus-linux-x86_64.jar;C:\Users\Nazarov\Documents\NetBeansProjects\EducationPracticum\lib\javacv-platform-1.5.4-bin\artoolkitplus-macosx-x86_64.jar;C:\Users\Nazarov\Documents\NetBeansProjects\EducationPracticum\lib\javacv-platform-1.5.4-bin\artoolkitplus-platform.jar;C:\Users\Nazarov\Documents\NetBeansProjects\EducationPracticum\lib\javacv-platform-1.5.4-bin\artoolkitplus-windows-x86.jar;C:\Users\Nazarov\Documents\NetBeansProjects\EducationPracticum\lib\javacv-platform-1.5.4-bin\artoolkitplus-windows-x86_64.jar;C:\Users\Nazarov\Documents\NetBeansProjects\EducationPracticum\lib\javacv-platform-1.5.4-bin\artoolkitplus.jar;C:\Users\Nazarov\Documents\NetBeansProjects\EducationPracticum\lib\javacv-platform-1.5.4-bin\ffmpeg-android-arm.jar;C:\Users\Nazarov\Documents\NetBeansProjects\EducationPracticum\lib\javacv-platform-1.5.4-bin\ffmpeg-android-arm64.jar;C:\Users\Nazarov\Do
Launcher Type: SUN_STANDARD

Environment Variables:
PATH=C:\Program Files (x86)\Common Files\Oracle\Java\javapath;C:\Program Files (x86)\Intel\iCLS Client\;C:\Program Files\Intel\iCLS Client\;C:\Windows\system32;C:\Windows;C:\Windows\System32\Wbem;C:\Windows\System32\WindowsPowerShell\v1.0\;C:\Program Files (x86)\Intel\UCRT\;C:\Program Files\Intel\UCRT\;C:\Program Files (x86)\Intel\Intel(R) Management Engine Components\DAL;C:\Program Files\Intel\Intel(R) Management Engine Components\DAL;C:\Program Files (x86)\Intel\Intel(R) Management Engine Components\IPT;C:\Program Files\Intel\Intel(R) Management Engine Components\IPT;C:\Program Files\Windows Imaging\;C:\Program Files (x86)\STMicroelectronics\STM32 ST-LINK Utility\ST-LINK Utility;C:\adb;C:\Program Files\dotnet\;C:\Program Files (x86)\Common Files\Oracle\Java\javapath;C:\Program Files (x86)\Intel\iCLS Client\;C:\Program Files\Intel\iCLS Client\;C:\Windows\system32;C:\Windows;C:\Windows\System32\Wbem;C:\Windows\System32\WindowsPowerShell\v1.0\;C:\Program Files (x86)\Intel\UCRT\;C:\Program Files\Intel\UCRT\;C:\Program Files (x86)\Intel\Intel(R) Management Engine Components\DAL;C:\Program Files\Intel\Intel(R) Management Engine Components\DAL;C:\Program Files (x86)\Intel\Intel(R) Management Engine Components\IPT;C:\Program Files\Intel\Intel(R) Management Engine Components\IPT;C:\Users\Nazarov\AppData\Local\Programs\Git\cmd
USERNAME=nazarov
OS=Windows_NT
PROCESSOR_IDENTIFIER=Intel64 Family 6 Model 94 Stepping 3, GenuineIntel



---------------  S Y S T E M  ---------------

OS: Windows 7 , 64 bit Build 7601 (6.1.7601.24384)

CPU:total 4 (initial active 4) (2 cores per cpu, 2 threads per core) family 6 model 94 stepping 3, cmov, cx8, fxsr, mmx, sse, sse2, sse3, ssse3, sse4.1, sse4.2, popcnt, avx, avx2, aes, clmul, erms, 3dnowpref, lzcnt, ht, tsc, tscinvbit, bmi1, bmi2, adx

Memory: 4k page, physical 8273880k(2170908k free), swap 8271976k(1795848k free)

vm_info: Java HotSpot(TM) 64-Bit Server VM (25.191-b12) for windows-amd64 JRE (1.8.0_191-b12), built on Oct  6 2018 09:29:03 by "java_re" with MS VC++ 10.0 (VS2010)

time: Thu Jan 21 11:06:28 2021
elapsed time: 3 seconds (0d 0h 0m 3s)

