JvmtiExport can_access_local_variables 0
JvmtiExport can_hotswap_or_post_breakpoint 0
JvmtiExport can_post_on_exceptions 0
# 669 ciObject found
ciMethod java/lang/Object <init> ()V 4097 1 546365 0 0
ciMethod java/lang/Object hashCode ()I 2049 1 256 0 -1
ciMethod java/lang/Object equals (Ljava/lang/Object;)Z 2089 1 51 0 -1
ciMethod java/lang/CharSequence toString ()Ljava/lang/String; 0 0 1 0 -1
ciMethod java/lang/String <init> ([C)V 1553 1 5441 0 0
ciMethod java/lang/String <init> ([CII)V 2049 1 32506 0 704
ciMethod java/lang/String <init> ([CZ)V 1017 1 5881 0 0
ciMethod java/lang/String length ()I 4097 1 402428 0 0
ciMethod java/lang/String charAt (I)C 4097 1 1833588 0 160
ciMethod java/lang/String codePointAt (I)I 1 1 2243 0 -1
ciMethod java/lang/String getChars (II[CI)V 2801 1 35488 0 320
ciMethod java/lang/String equals (Ljava/lang/Object;)Z 2161 13049 4593 0 -1
ciMethod java/lang/String equalsIgnoreCase (Ljava/lang/String;)Z 17 1 12382 0 -1
ciMethod java/lang/String compareToIgnoreCase (Ljava/lang/String;)I 2217 1 508 0 0
ciMethod java/lang/String startsWith (Ljava/lang/String;I)Z 3193 833 95422 0 288
ciMethod java/lang/String startsWith (Ljava/lang/String;)Z 3161 1 95691 0 224
ciMethod java/lang/String endsWith (Ljava/lang/String;)Z 2641 1 24072 0 288
ciMethod java/lang/String hashCode ()I 2833 32769 2725 0 320
ciMethod java/lang/String indexOf (I)I 2217 1 209815 0 320
ciMethod java/lang/String indexOf (II)I 1105 41697 822 0 384
ciMethod java/lang/String indexOfSupplementary (II)I 0 0 1 0 -1
ciMethod java/lang/String lastIndexOf (I)I 2121 1 25274 0 0
ciMethod java/lang/String lastIndexOf (II)I 985 33777 3475 0 352
ciMethod java/lang/String lastIndexOfSupplementary (II)I 0 0 1 0 -1
ciMethod java/lang/String indexOf (Ljava/lang/String;)I 2049 1 28562 0 -1
ciMethod java/lang/String substring (I)Ljava/lang/String; 2065 1 12614 0 -1
ciMethod java/lang/String substring (II)Ljava/lang/String; 2113 1 229324 0 960
ciMethod java/lang/String replace (CC)Ljava/lang/String; 849 41609 2879 0 -1
ciMethod java/lang/String contains (Ljava/lang/CharSequence;)Z 2257 1 5514 0 0
ciMethod java/lang/String split (Ljava/lang/String;I)[Ljava/lang/String; 4097 4089 106725 0 -1
ciMethod java/lang/String split (Ljava/lang/String;)[Ljava/lang/String; 4097 1 109383 0 64
ciMethod java/lang/String toLowerCase (Ljava/util/Locale;)Ljava/lang/String; 1025 24809 923 0 -1
ciMethod java/lang/String toLowerCase ()Ljava/lang/String; 2049 1 12876 0 0
ciMethod java/lang/String trim ()Ljava/lang/String; 177 25 135 0 -1
ciMethod java/lang/String toString ()Ljava/lang/String; 2049 1 5191 0 0
ciMethod java/lang/String valueOf (Ljava/lang/Object;)Ljava/lang/String; 1705 1 219 0 -1
ciMethod java/lang/String intern ()Ljava/lang/String; 3081 1 385 0 -1
ciMethod java/lang/Class isAssignableFrom (Ljava/lang/Class;)Z 2057 1 257 0 -1
ciMethod java/lang/Class getName ()Ljava/lang/String; 2289 1 7827 0 -1
ciMethod java/lang/Class getName0 ()Ljava/lang/String; 849 1 80 0 -1
ciMethod java/lang/Class getClassLoader ()Ljava/lang/ClassLoader; 8081 1 4013 0 -1
ciMethod java/lang/Class getClassLoader0 ()Ljava/lang/ClassLoader; 1121 1 140 0 -1
ciMethod java/lang/Class getInterfaces ()[Ljava/lang/Class; 961 1 92 0 -1
ciMethod java/lang/Class getDeclaredMethod (Ljava/lang/String;[Ljava/lang/Class;)Ljava/lang/reflect/Method; 0 0 1 0 -1
ciMethod java/lang/Class checkMemberAccess (ILjava/lang/Class;Z)V 1585 1 167 0 -1
ciMethod java/lang/Class checkPackageAccess (Ljava/lang/ClassLoader;Z)V 0 0 1 0 -1
ciMethod java/lang/Class privateGetDeclaredMethods (Z)[Ljava/lang/reflect/Method; 713 1 89 0 -1
ciMethod java/lang/Class searchMethods ([Ljava/lang/reflect/Method;Ljava/lang/String;[Ljava/lang/Class;)Ljava/lang/reflect/Method; 593 7577 74 0 -1
ciMethod java/lang/Class arrayContentsEq ([Ljava/lang/Object;[Ljava/lang/Object;)Z 1497 913 159 0 -1
ciMethod java/lang/Class argumentTypesToString ([Ljava/lang/Class;)Ljava/lang/String; 0 0 1 0 -1
ciMethod java/lang/Class getReflectionFactory ()Lsun/reflect/ReflectionFactory; 1729 1 188 0 -1
ciMethod java/lang/ClassLoader getParent ()Ljava/lang/ClassLoader; 0 0 1 0 -1
ciMethod java/lang/ClassLoader getClassLoader (Ljava/lang/Class;)Ljava/lang/ClassLoader; 417 1 74 0 -1
ciMethod java/lang/ClassLoader checkClassLoaderPermission (Ljava/lang/ClassLoader;Ljava/lang/Class;)V 0 0 1 0 -1
ciMethod java/lang/ClassLoader loadLibrary (Ljava/lang/Class;Ljava/lang/String;Z)V 897 577 97 29 -1
ciMethod java/lang/System getSecurityManager ()Ljava/lang/SecurityManager; 2049 1 28802 0 0
ciMethod java/lang/System arraycopy (Ljava/lang/Object;ILjava/lang/Object;II)V 6145 1 768 0 -1
ciMethod java/lang/System getProperty (Ljava/lang/String;Ljava/lang/String;)Ljava/lang/String; 10833 1 2758 0 0
ciMethod java/lang/System checkKey (Ljava/lang/String;)V 16433 1 1772 0 0
ciMethod java/lang/System load (Ljava/lang/String;)V 393 1 63 0 -1
ciMethod java/lang/System loadLibrary (Ljava/lang/String;)V 25 1 31 1 -1
ciMethod java/lang/Throwable <init> (Ljava/lang/String;)V 2049 1 1960 0 -1
ciMethod java/lang/Throwable <init> (Ljava/lang/String;Ljava/lang/Throwable;)V 2049 1 515 0 -1
ciMethod java/lang/Throwable getMessage ()Ljava/lang/String; 25 1 1 0 -1
ciMethod java/lang/Throwable getCause ()Ljava/lang/Throwable; 337 1 28 0 -1
ciMethod java/lang/Throwable initCause (Ljava/lang/Throwable;)Ljava/lang/Throwable; 0 0 28 0 -1
ciMethod java/lang/Throwable toString ()Ljava/lang/String; 9 1 1 0 -1
ciMethod java/lang/Throwable fillInStackTrace ()Ljava/lang/Throwable; 6073 1 2592 0 -1
ciMethod java/lang/Error <init> (Ljava/lang/String;)V 593 1 60 0 -1
ciMethod java/lang/Exception <init> (Ljava/lang/String;)V 3073 1 1900 0 -1
ciMethod java/lang/Exception <init> (Ljava/lang/String;Ljava/lang/Throwable;)V 2049 1 515 0 -1
ciMethod java/lang/RuntimeException <init> (Ljava/lang/String;)V 4097 1 1600 0 -1
ciMethod java/lang/RuntimeException <init> (Ljava/lang/String;Ljava/lang/Throwable;)V 0 0 1 0 -1
ciMethod java/lang/SecurityManager checkPermission (Ljava/security/Permission;)V 0 0 1 0 -1
ciMethod java/lang/SecurityManager checkLink (Ljava/lang/String;)V 0 0 1 0 -1
ciMethod java/lang/SecurityManager checkRead (Ljava/lang/String;)V 0 0 1 0 -1
ciMethod java/lang/SecurityManager checkDelete (Ljava/lang/String;)V 0 0 1 0 -1
ciMethod java/lang/SecurityManager checkPropertyAccess (Ljava/lang/String;)V 0 0 1 0 -1
ciMethod java/lang/SecurityManager checkPackageAccess (Ljava/lang/String;)V 0 0 1 0 -1
ciMethod java/lang/LinkageError <init> (Ljava/lang/String;)V 593 1 58 0 -1
ciMethod java/lang/ref/Reference get ()Ljava/lang/Object; 2233 1 279 0 -1
ciMethod java/lang/Thread currentThread ()Ljava/lang/Thread; 3073 1 384 0 -1
ciMethod java/util/Properties getProperty (Ljava/lang/String;)Ljava/lang/String; 16409 1 2991 0 0
ciMethod java/util/Properties getProperty (Ljava/lang/String;Ljava/lang/String;)Ljava/lang/String; 2041 1 1681 0 0
ciMethod java/util/Map get (Ljava/lang/Object;)Ljava/lang/Object; 0 0 1 0 -1
ciMethod java/util/Map put (Ljava/lang/Object;Ljava/lang/Object;)Ljava/lang/Object; 0 0 1 0 -1
ciMethod java/util/Map remove (Ljava/lang/Object;)Ljava/lang/Object; 0 0 1 0 -1
ciMethod java/util/Hashtable get (Ljava/lang/Object;)Ljava/lang/Object; 3081 761 8663 0 1504
ciMethod java/lang/reflect/Method getName ()Ljava/lang/String; 1025 1 128 0 -1
ciMethod java/lang/reflect/Method getReturnType ()Ljava/lang/Class; 2985 1 373 0 -1
ciMethod java/lang/reflect/Method getParameterTypes ()[Ljava/lang/Class; 2201 1 5912 0 -1
ciMethod java/lang/StringBuffer <init> (I)V 1337 1 2996 0 0
ciMethod java/lang/StringBuffer length ()I 33 1 4 0 -1
ciMethod java/lang/StringBuffer charAt (I)C 0 0 1 0 -1
ciMethod java/lang/StringBuffer append (Ljava/lang/String;)Ljava/lang/StringBuffer; 1417 1 6691 0 0
ciMethod java/lang/StringBuffer append (C)Ljava/lang/StringBuffer; 4097 1 90521 0 -1
ciMethod java/lang/StringBuffer toString ()Ljava/lang/String; 1409 1 3194 0 0
ciMethod java/lang/AbstractStringBuilder <init> (I)V 737 1 39533 0 256
ciMethod java/lang/AbstractStringBuilder ensureCapacityInternal (I)V 2081 1 137973 0 -1
ciMethod java/lang/AbstractStringBuilder append (Ljava/lang/String;)Ljava/lang/AbstractStringBuilder; 1201 1 35300 0 1056
ciMethod java/lang/AbstractStringBuilder appendNull ()Ljava/lang/AbstractStringBuilder; 0 0 1 0 -1
ciMethod java/lang/StringBuilder <init> ()V 729 1 35650 0 192
ciMethod java/lang/StringBuilder append (Ljava/lang/Object;)Ljava/lang/StringBuilder; 1705 1 219 0 0
ciMethod java/lang/StringBuilder append (Ljava/lang/String;)Ljava/lang/StringBuilder; 1201 1 87878 0 1024
ciMethod java/lang/StringBuilder toString ()Ljava/lang/String; 729 1 36251 0 832
ciMethod java/io/File isInvalid ()Z 3073 1 8576 0 -1
ciMethod java/io/File <init> (Ljava/lang/String;I)V 4145 1 18988 0 0
ciMethod java/io/File <init> (Ljava/lang/String;)V 2121 1 12214 0 27776
ciMethod java/io/File <init> (Ljava/io/File;Ljava/lang/String;)V 3073 1 5210 0 0
ciMethod java/io/File <init> (Ljava/net/URI;)V 2049 1 1530 531 0
ciMethod java/io/File getName ()Ljava/lang/String; 3073 1 2418 0 0
ciMethod java/io/File getParent ()Ljava/lang/String; 32793 1 10107 0 1440
ciMethod java/io/File getParentFile ()Ljava/io/File; 32777 1 20508 0 1696
ciMethod java/io/File getPath ()Ljava/lang/String; 1025 1 128 0 0
ciMethod java/io/File isAbsolute ()Z 417 1 100 0 -1
ciMethod java/io/File getAbsolutePath ()Ljava/lang/String; 601 1 89 0 0
ciMethod java/io/File getCanonicalFile ()Ljava/io/File; 2049 1 1533 0 -1
ciMethod java/io/File exists ()Z 2089 1 5408 0 448
ciMethod java/io/File lastModified ()J 2121 1 849 0 -1
ciMethod java/io/File length ()J 2049 1 706 0 -1
ciMethod java/io/File delete ()Z 0 0 1 0 0
ciMethod java/io/File compareTo (Ljava/io/File;)I 2137 1 508 0 0
ciMethod java/io/File equals (Ljava/lang/Object;)Z 31769 1 4173 0 0
ciMethod java/io/File toPath ()Ljava/nio/file/Path; 1689 1 245 0 0
ciMethod java/net/URL <init> (Ljava/lang/String;)V 2049 1 10234 0 -1
ciMethod java/net/URL getQuery ()Ljava/lang/String; 1041 1 130 0 0
ciMethod java/net/URL getPath ()Ljava/lang/String; 1113 1 139 0 0
ciMethod java/net/URL getAuthority ()Ljava/lang/String; 1113 1 139 0 0
ciMethod java/net/URL getProtocol ()Ljava/lang/String; 1689 1 211 0 0
ciMethod java/net/URL getRef ()Ljava/lang/String; 1049 1 131 0 0
ciMethod java/net/URL toString ()Ljava/lang/String; 2049 1 2205 0 0
ciMethod java/net/URL toExternalForm ()Ljava/lang/String; 2041 1 2205 0 0
ciMethod java/net/URL toURI ()Ljava/net/URI; 1025 1 765 0 0
ciMethod java/net/URL openConnection ()Ljava/net/URLConnection; 361 1 3230 0 -1
ciMethod java/lang/Character isValidCodePoint (I)Z 0 0 1 0 -1
ciMethod java/lang/Character charCount (I)I 97 1 2411 0 -1
ciMethod java/lang/Character highSurrogate (I)C 0 0 1 0 -1
ciMethod java/lang/Character lowSurrogate (I)C 0 0 1 0 -1
ciMethod java/lang/Character toChars (I[CI)I 0 0 1 0 -1
ciMethod java/lang/Character toChars (I)[C 0 0 1 0 -1
ciMethod java/lang/Character toLowerCase (C)C 2065 1 31912 0 -1
ciMethod java/lang/Character toLowerCase (I)I 4097 1 59200 0 -1
ciMethod java/lang/Character toUpperCase (C)C 4097 1 31001 0 -1
ciMethod java/lang/Character isSpaceChar (C)Z 0 0 1 0 -1
ciMethod java/lang/Character isISOControl (C)Z 0 0 1 0 -1
ciMethod java/lang/NullPointerException <init> ()V 0 0 1 0 -1
ciMethod java/util/Comparator compare (Ljava/lang/Object;Ljava/lang/Object;)I 0 0 1 0 -1
ciMethod java/lang/String$CaseInsensitiveComparator compare (Ljava/lang/String;Ljava/lang/String;)I 905 77001 4069 0 2304
ciMethod java/lang/String$CaseInsensitiveComparator compare (Ljava/lang/Object;Ljava/lang/Object;)I 2217 1 509 0 0
ciMethod java/util/List toArray ([Ljava/lang/Object;)[Ljava/lang/Object; 0 0 1 0 -1
ciMethod sun/reflect/ReflectionFactory copyMethod (Ljava/lang/reflect/Method;)Ljava/lang/reflect/Method; 1305 1 163 0 -1
ciMethod java/util/ArrayList <init> ()V 4097 1 110090 0 -1
ciMethod java/util/ArrayList size ()I 1033 1 129 0 -1
ciMethod java/util/ArrayList get (I)Ljava/lang/Object; 2545 1 155328 0 -1
ciMethod java/util/ArrayList add (Ljava/lang/Object;)Z 1849 1 208173 0 -1
ciMethod java/util/ArrayList subList (II)Ljava/util/List; 4097 1 103311 0 -1
ciMethod sun/reflect/Reflection getCallerClass ()Ljava/lang/Class; 3089 1 365 0 -1
ciMethod java/util/HashMap hash (Ljava/lang/Object;)I 2049 1 22710 0 0
ciMethod java/util/HashMap get (Ljava/lang/Object;)Ljava/lang/Object; 2153 1 11207 0 608
ciMethod java/util/HashMap getNode (ILjava/lang/Object;)Ljava/util/HashMap$Node; 2297 17 9633 0 544
ciMethod java/util/HashMap put (Ljava/lang/Object;Ljava/lang/Object;)Ljava/lang/Object; 3209 1 4154 0 0
ciMethod java/util/HashMap putVal (ILjava/lang/Object;Ljava/lang/Object;ZZ)Ljava/lang/Object; 3185 329 5372 0 0
ciMethod java/util/HashMap resize ()[Ljava/util/HashMap$Node; 5673 52161 602 0 -1
ciMethod java/util/HashMap treeifyBin ([Ljava/util/HashMap$Node;I)V 0 0 1 0 -1
ciMethod java/util/HashMap remove (Ljava/lang/Object;)Ljava/lang/Object; 289 1 28 0 -1
ciMethod java/util/HashMap removeNode (ILjava/lang/Object;Ljava/lang/Object;ZZ)Ljava/util/HashMap$Node; 1 1 28 0 -1
ciMethod java/util/HashMap newNode (ILjava/lang/Object;Ljava/lang/Object;Ljava/util/HashMap$Node;)Ljava/util/HashMap$Node; 3129 1 3554 0 0
ciMethod java/util/HashMap afterNodeAccess (Ljava/util/HashMap$Node;)V 2057 1 258 0 0
ciMethod java/util/HashMap afterNodeInsertion (Z)V 3137 1 1416 0 0
ciMethod java/util/HashMap$Node <init> (ILjava/lang/Object;Ljava/lang/Object;Ljava/util/HashMap$Node;)V 3217 1 4969 0 0
ciMethod java/lang/Math min (II)I 3737 1 200324 0 -1
ciMethod java/lang/ThreadLocal initialValue ()Ljava/lang/Object; 33 1 4 0 -1
ciMethod java/lang/ThreadLocal get ()Ljava/lang/Object; 3073 1 4617 0 0
ciMethod java/lang/ThreadLocal setInitialValue ()Ljava/lang/Object; 25 1 6 0 0
ciMethod java/lang/ThreadLocal getMap (Ljava/lang/Thread;)Ljava/lang/ThreadLocal$ThreadLocalMap; 3105 1 4632 0 0
ciMethod java/lang/ThreadLocal createMap (Ljava/lang/Thread;Ljava/lang/Object;)V 9 1 1 0 -1
ciMethod java/lang/ThreadLocal access$400 (Ljava/lang/ThreadLocal;)I 1105 1 138 0 0
ciMethod java/util/Arrays copyOf ([CI)[C 1265 1 25125 0 0
ciMethod java/util/Arrays copyOfRange ([CII)[C 2049 1 5376 0 512
ciMethod java/lang/ThreadLocal$ThreadLocalMap nextIndex (II)I 105 1 13 0 -1
ciMethod java/lang/ThreadLocal$ThreadLocalMap getEntry (Ljava/lang/ThreadLocal;)Ljava/lang/ThreadLocal$ThreadLocalMap$Entry; 3065 1 4619 0 0
ciMethod java/lang/ThreadLocal$ThreadLocalMap getEntryAfterMiss (Ljava/lang/ThreadLocal;ILjava/lang/ThreadLocal$ThreadLocalMap$Entry;)Ljava/lang/ThreadLocal$ThreadLocalMap$Entry; 17 1 5 0 0
ciMethod java/lang/ThreadLocal$ThreadLocalMap expungeStaleEntry (I)I 0 0 1 0 -1
ciMethod java/lang/ThreadLocal$ThreadLocalMap access$000 (Ljava/lang/ThreadLocal$ThreadLocalMap;Ljava/lang/ThreadLocal;)Ljava/lang/ThreadLocal$ThreadLocalMap$Entry; 3065 1 4617 0 0
ciMethod java/lang/ThreadLocal$ThreadLocalMap access$100 (Ljava/lang/ThreadLocal$ThreadLocalMap;Ljava/lang/ThreadLocal;Ljava/lang/Object;)V 49 1 13 0 -1
ciMethod java/util/Objects toString (Ljava/lang/Object;Ljava/lang/String;)Ljava/lang/String; 0 0 1 0 -1
ciMethod java/lang/Runtime getRuntime ()Ljava/lang/Runtime; 1121 1 194 0 -1
ciMethod java/lang/Runtime load0 (Ljava/lang/Class;Ljava/lang/String;)V 393 1 64 0 -1
ciMethod java/lang/Runtime loadLibrary0 (Ljava/lang/Class;Ljava/lang/String;)V 25 1 31 28 -1
ciMethod sun/reflect/misc/ReflectUtil checkPackageAccess (Ljava/lang/Class;)V 0 0 1 0 -1
ciMethod sun/reflect/misc/ReflectUtil isAncestor (Ljava/lang/ClassLoader;Ljava/lang/ClassLoader;)Z 0 0 1 0 -1
ciMethod sun/reflect/misc/ReflectUtil needsPackageAccessCheck (Ljava/lang/ClassLoader;Ljava/lang/ClassLoader;)Z 0 0 1 0 -1
ciMethod sun/reflect/misc/ReflectUtil checkProxyPackageAccess (Ljava/lang/ClassLoader;[Ljava/lang/Class;)V 0 0 1 0 -1
ciMethod sun/reflect/misc/ReflectUtil isNonPublicProxyClass (Ljava/lang/Class;)Z 0 0 1 0 -1
ciMethod java/io/WinNTFileSystem isSlash (C)Z 4097 1 89118 0 -1
ciMethod java/io/WinNTFileSystem isLetter (C)Z 2049 1 12314 0 0
ciMethod java/io/WinNTFileSystem normalize (Ljava/lang/String;)Ljava/lang/String; 2361 16145 11011 0 928
ciMethod java/io/WinNTFileSystem normalize (Ljava/lang/String;II)Ljava/lang/String; 857 108473 789 0 15744
ciMethod java/io/WinNTFileSystem normalizePrefix (Ljava/lang/String;ILjava/lang/StringBuffer;)I 873 873 772 0 -1
ciMethod java/io/WinNTFileSystem prefixLength (Ljava/lang/String;)I 2065 1 11541 0 480
ciMethod java/io/WinNTFileSystem resolve (Ljava/lang/String;Ljava/lang/String;)Ljava/lang/String; 2057 1 5430 0 1696
ciMethod java/io/WinNTFileSystem compare (Ljava/io/File;Ljava/io/File;)I 2169 1 508 0 0
ciMethod java/io/FileSystem normalize (Ljava/lang/String;)Ljava/lang/String; 0 0 1 0 -1
ciMethod java/io/FileSystem prefixLength (Ljava/lang/String;)I 0 0 1 0 -1
ciMethod java/io/FileSystem resolve (Ljava/lang/String;Ljava/lang/String;)Ljava/lang/String; 0 0 1 0 -1
ciMethod java/io/FileSystem getDefaultParent ()Ljava/lang/String; 0 0 1 0 -1
ciMethod java/io/FileSystem fromURIPath (Ljava/lang/String;)Ljava/lang/String; 0 0 1 0 -1
ciMethod java/io/FileSystem resolve (Ljava/io/File;)Ljava/lang/String; 0 0 1 0 -1
ciMethod java/io/FileSystem getBooleanAttributes (Ljava/io/File;)I 0 0 1 0 -1
ciMethod java/io/FileSystem delete (Ljava/io/File;)Z 0 0 1 0 -1
ciMethod java/io/FileSystem compare (Ljava/io/File;Ljava/io/File;)I 0 0 1 0 -1
ciMethod java/nio/file/Path getFileSystem ()Ljava/nio/file/FileSystem; 0 0 1 0 -1
ciMethod java/nio/file/Path isAbsolute ()Z 0 0 1 0 -1
ciMethod java/nio/file/Path normalize ()Ljava/nio/file/Path; 0 0 1 0 -1
ciMethod java/nio/file/Path toRealPath ([Ljava/nio/file/LinkOption;)Ljava/nio/file/Path; 0 0 1 0 -1
ciMethod java/nio/file/Path equals (Ljava/lang/Object;)Z 0 0 1 0 -1
ciMethodData java/lang/Object <init> ()V 2 546375 orig 264 88 131 121 86 0 0 0 0 128 4 82 27 0 0 0 0 32 1 0 0 0 0 0 0 0 0 0 0 0 0 0 0 0 0 0 0 0 0 0 0 0 0 0 0 0 0 0 0 0 0 0 0 0 0 0 0 0 0 0 0 0 0 0 0 0 0 0 0 0 0 0 0 0 0 0 0 0 0 0 0 77 68 79 32 101 120 116 114 97 32 100 97 116 97 32 108 111 99 107 0 0 0 0 0 0 0 0 0 0 0 0 0 0 0 0 0 0 0 0 0 0 0 0 0 0 0 0 0 0 0 0 0 0 0 0 0 0 0 0 0 0 0 0 0 0 0 0 0 0 0 0 0 0 0 0 0 0 0 0 0 0 0 0 0 0 0 0 0 0 0 0 0 0 0 0 0 0 0 0 0 0 0 0 0 1 0 0 0 0 0 0 0 1 0 0 0 0 0 0 0 1 0 0 0 0 0 0 0 0 0 0 0 0 0 0 0 0 2 0 0 57 162 66 0 1 0 0 0 0 0 0 0 0 0 0 0 2 0 0 0 0 0 3 0 1 0 0 0 0 0 0 0 255 255 255 255 0 0 0 0 0 0 0 0 data 0 oops 0
ciMethod java/lang/IllegalArgumentException <init> (Ljava/lang/String;)V 1 1 1598 0 0
ciMethod java/lang/IllegalArgumentException <init> (Ljava/lang/String;Ljava/lang/Throwable;)V 0 0 1 0 -1
ciMethodData java/lang/String charAt (I)C 2 1833698 orig 264 88 131 121 86 0 0 0 0 104 61 82 27 0 0 0 0 120 1 0 0 32 0 0 0 0 0 0 0 0 0 0 0 0 0 0 0 0 0 0 0 0 0 0 0 0 0 0 0 0 0 0 0 0 0 0 0 0 0 0 0 0 0 0 0 0 0 0 0 0 0 0 0 0 0 0 0 0 0 0 0 77 68 79 32 101 120 116 114 97 32 100 97 116 97 32 108 111 99 107 0 0 0 0 0 0 0 0 0 0 0 0 0 0 0 0 0 0 0 0 0 0 0 0 0 0 0 0 0 0 0 0 0 0 0 0 0 0 0 0 0 0 0 0 0 0 0 0 0 0 0 0 0 0 0 0 0 0 0 0 0 0 0 0 1 0 0 0 0 0 0 0 0 0 0 0 0 0 0 0 0 0 0 0 0 25 0 0 0 0 0 0 0 0 0 0 0 0 0 0 0 1 0 0 0 0 0 0 0 0 0 0 0 0 0 0 0 0 2 0 0 17 199 223 0 1 0 0 0 0 0 0 0 0 0 0 0 2 0 0 0 0 0 8 0 2 0 0 0 80 0 0 0 255 255 255 255 7 0 1 0 0 0 0 0 data 10 0x10007 0x0 0x40 0x1bf8e2 0xa0007 0x1bf8e2 0x30 0x0 0x120002 0x0 oops 0
ciMethod java/util/Locale getDefault ()Ljava/util/Locale; 2049 1 12878 0 0
ciMethod java/util/Locale getLanguage ()Ljava/lang/String; 313 1 323 0 -1
ciMethod java/util/HashMap$TreeNode getTreeNode (ILjava/lang/Object;)Ljava/util/HashMap$TreeNode; 0 0 1 0 -1
ciMethod java/util/HashMap$TreeNode putTreeVal (Ljava/util/HashMap;[Ljava/util/HashMap$Node;ILjava/lang/Object;Ljava/lang/Object;)Ljava/util/HashMap$TreeNode; 0 0 1 0 -1
ciMethod java/util/HashMap$TreeNode split (Ljava/util/HashMap;[Ljava/util/HashMap$Node;II)V 0 0 1 0 -1
ciMethod java/net/URLStreamHandler toExternalForm (Ljava/net/URL;)Ljava/lang/String; 2041 1 2205 0 0
ciMethodData java/lang/String hashCode ()I 2 68754 orig 264 88 131 121 86 0 0 0 0 184 79 82 27 0 0 0 0 152 1 0 0 96 0 0 0 0 0 0 0 0 0 0 0 0 0 0 0 0 0 0 0 0 0 0 0 0 0 0 0 0 0 0 0 0 0 0 0 0 0 0 0 0 0 0 0 0 0 0 0 0 0 0 0 0 0 0 0 0 0 0 0 77 68 79 32 101 120 116 114 97 32 100 97 116 97 32 108 111 99 107 0 0 0 0 0 0 0 0 0 0 0 0 0 0 0 0 0 0 0 0 0 0 0 0 0 0 0 0 0 0 0 0 0 0 0 0 0 0 0 0 0 0 0 0 0 1 0 0 0 0 0 0 0 0 0 0 0 0 0 0 0 0 0 0 0 0 0 0 0 0 0 0 0 0 0 0 0 0 0 0 1 0 0 0 0 0 0 0 0 0 0 0 0 0 0 0 0 0 0 0 0 0 0 0 0 0 0 0 0 0 0 0 0 0 0 0 0 0 16 0 0 25 74 0 0 145 228 7 0 85 2 0 0 80 195 0 0 2 0 0 0 1 0 11 0 2 0 0 0 120 0 0 0 255 255 255 255 7 0 6 0 0 0 0 0 data 15 0x60007 0x52f 0x78 0x414 0xee007 0x3 0x58 0x412 0x1e0007 0x411 0x38 0xfc86 0x2d0003 0xfc86 0xffffffffffffffe0 oops 0
ciMethodData java/lang/String <init> ([CII)V 2 32506 orig 264 88 131 121 86 0 0 0 0 88 49 82 27 0 0 0 0 80 2 0 0 64 0 0 0 0 0 0 0 0 0 0 0 0 0 0 0 0 0 0 0 0 0 0 0 0 0 0 0 0 0 0 0 0 0 0 0 0 0 0 0 0 0 0 0 0 0 0 0 0 0 0 0 0 0 0 0 0 0 0 0 77 68 79 32 101 120 116 114 97 32 100 97 116 97 32 108 111 99 107 0 0 0 0 0 0 0 0 0 0 0 0 0 0 0 0 0 0 0 0 0 0 0 0 0 0 0 0 0 0 0 0 0 0 0 0 0 0 0 0 0 0 0 0 0 1 0 0 0 0 0 0 0 0 0 0 0 0 0 0 0 0 0 0 0 0 0 0 0 0 0 0 0 0 0 0 0 0 0 0 2 0 0 0 0 0 0 0 0 0 0 0 0 0 0 0 0 0 0 0 0 0 0 0 0 0 0 0 0 0 0 0 0 0 0 0 0 0 1 0 0 209 239 3 0 1 0 0 0 76 28 0 0 0 0 0 0 2 0 0 0 0 0 14 0 2 0 0 0 240 0 0 0 255 255 255 255 2 0 1 0 0 0 0 0 data 30 0x10002 0x7dfa 0x50007 0x7dfa 0x30 0x0 0xd0002 0x0 0x12e007 0x7df1 0x70 0xb 0x160007 0xb 0x30 0x0 0x1e0002 0x0 0x250007 0x0 0x20 0xb 0x370007 0x7df1 0x30 0x0 0x410002 0x0 0x4b0002 0x7df1 oops 0
ciMethodData java/util/Arrays copyOfRange ([CII)[C 2 5376 orig 264 88 131 121 86 0 0 0 0 232 159 99 27 0 0 0 0 120 2 0 0 240 0 0 0 0 0 0 0 0 0 0 0 0 0 0 0 0 0 0 0 0 0 0 0 0 0 0 0 0 0 0 0 0 0 0 0 0 0 0 0 0 0 0 0 0 0 0 0 0 0 0 0 0 0 0 0 0 0 0 0 77 68 79 32 101 120 116 114 97 32 100 97 116 97 32 108 111 99 107 0 0 0 0 0 0 0 0 0 0 0 0 0 0 0 0 0 0 0 0 0 0 0 0 0 0 0 0 0 0 0 0 0 0 0 0 0 0 0 0 0 0 0 0 0 0 0 0 0 0 0 0 0 0 0 0 0 0 0 0 0 0 0 0 0 0 0 0 0 0 0 0 0 0 0 0 0 0 0 0 0 0 0 0 0 29 0 0 0 0 0 0 0 0 0 0 0 0 0 0 0 0 0 0 0 0 0 0 0 0 0 0 0 0 0 0 0 0 1 0 0 1 160 0 0 1 0 0 0 0 0 0 0 0 0 0 0 2 0 0 0 0 0 9 0 2 0 0 0 32 1 0 0 255 255 255 255 7 0 5 0 0 0 0 0 data 36 0x50007 0x1400 0x100 0x0 0x100002 0x0 0x140005 0x0 0x0 0x0 0x0 0x0 0x190005 0x0 0x0 0x0 0x0 0x0 0x1d0005 0x0 0x0 0x0 0x0 0x0 0x200005 0x0 0x0 0x0 0x0 0x0 0x230002 0x0 0x360002 0x1400 0x390002 0x1400 oops 0
ciMethodData java/lang/StringBuilder <init> ()V 2 36320 orig 264 88 131 121 86 0 0 0 0 96 132 89 27 0 0 0 0 48 1 0 0 0 0 0 0 0 0 0 0 0 0 0 0 0 0 0 0 0 0 0 0 0 0 0 0 0 0 0 0 0 0 0 0 0 0 0 0 0 0 0 0 0 0 0 0 0 0 0 0 0 0 0 0 0 0 0 0 0 0 0 0 77 68 79 32 101 120 116 114 97 32 100 97 116 97 32 108 111 99 107 0 0 0 0 0 0 0 0 0 0 0 0 0 0 0 0 0 0 0 0 0 0 0 0 0 0 0 0 0 0 0 0 0 0 0 0 0 0 0 0 0 0 0 0 0 0 0 0 0 0 0 0 0 0 0 0 0 0 0 0 0 0 0 0 0 0 0 0 0 0 0 0 0 0 0 0 0 0 0 0 0 0 0 0 0 0 0 0 0 0 0 0 0 0 0 0 0 0 0 0 0 0 0 0 0 0 0 0 0 0 0 0 0 0 0 0 0 91 0 0 0 41 108 4 0 1 0 0 0 0 0 0 0 0 0 0 0 2 0 0 0 0 0 3 0 2 0 0 0 16 0 0 0 255 255 255 255 2 0 3 0 0 0 0 0 data 2 0x30002 0x8d85 oops 0
ciMethodData java/lang/AbstractStringBuilder <init> (I)V 2 40538 orig 264 88 131 121 86 0 0 0 0 144 71 89 27 0 0 0 0 56 1 0 0 0 0 0 0 0 0 0 0 0 0 0 0 0 0 0 0 0 0 0 0 0 0 0 0 0 0 0 0 0 0 0 0 0 0 0 0 0 0 0 0 0 0 0 0 0 0 0 0 0 0 0 0 0 0 0 0 0 0 0 0 77 68 79 32 101 120 116 114 97 32 100 97 116 97 32 108 111 99 107 0 0 0 0 0 0 0 0 0 0 0 0 0 0 0 0 0 0 0 0 0 0 0 0 0 0 0 0 0 0 0 0 0 0 0 0 0 0 0 0 0 0 0 0 0 0 0 0 0 0 0 0 0 0 0 0 0 0 0 0 0 0 0 0 0 0 0 0 0 0 0 0 0 0 0 0 0 0 0 0 0 0 0 0 0 0 0 0 0 0 0 0 0 0 0 0 0 0 0 0 0 0 0 0 0 0 0 0 0 0 0 0 0 0 0 0 0 92 0 0 0 241 239 4 0 1 0 0 0 0 0 0 0 0 0 0 0 2 0 0 0 0 0 3 0 2 0 0 0 16 0 0 0 255 255 255 255 2 0 1 0 0 0 0 0 data 2 0x10002 0x9dfe oops 0
ciMethodData java/lang/StringBuilder append (Ljava/lang/String;)Ljava/lang/StringBuilder; 2 89515 orig 264 88 131 121 86 0 0 0 0 120 135 89 27 0 0 0 0 56 1 0 0 0 0 0 0 0 0 0 0 0 0 0 0 0 0 0 0 0 0 0 0 0 0 0 0 0 0 0 0 0 0 0 0 0 0 0 0 0 0 0 0 0 0 0 0 0 0 0 0 0 0 0 0 0 0 0 0 0 0 0 0 77 68 79 32 101 120 116 114 97 32 100 97 116 97 32 108 111 99 107 0 0 0 0 0 0 0 0 0 0 0 0 0 0 0 0 0 0 0 0 0 0 0 0 0 0 0 0 0 0 0 0 0 0 0 0 0 0 0 0 0 0 0 0 0 0 0 0 0 0 0 0 0 0 0 0 0 0 0 0 0 0 0 0 0 0 0 0 0 0 0 0 0 0 0 0 0 0 0 0 0 0 0 0 0 19 0 0 0 0 0 0 0 0 0 0 0 0 0 0 0 2 0 0 0 0 0 0 0 1 0 0 0 0 0 0 0 150 0 0 0 169 232 10 0 1 0 0 0 0 0 0 0 0 0 0 0 2 0 0 0 0 0 3 0 2 0 0 0 16 0 0 0 255 255 255 255 2 0 2 0 0 0 0 0 data 2 0x20002 0x15d15 oops 0
ciMethodData java/lang/AbstractStringBuilder append (Ljava/lang/String;)Ljava/lang/AbstractStringBuilder; 2 35300 orig 264 88 131 121 86 0 0 0 0 104 83 89 27 0 0 0 0 240 1 0 0 32 0 0 0 0 0 0 0 0 0 0 0 0 0 0 0 0 0 0 0 0 0 0 0 0 0 0 0 0 0 0 0 0 0 0 0 0 0 0 0 0 0 0 0 0 0 0 0 0 0 0 0 0 0 0 0 0 0 0 0 77 68 79 32 101 120 116 114 97 32 100 97 116 97 32 108 111 99 107 0 0 0 0 0 0 0 0 0 0 0 0 0 0 0 0 0 0 0 0 0 0 0 0 0 0 0 0 0 0 0 0 0 0 0 0 0 0 0 0 0 0 0 0 0 0 0 0 0 0 0 0 0 0 0 0 0 0 0 0 0 0 0 0 0 0 0 0 0 0 0 0 0 0 0 0 0 0 0 0 0 0 0 0 0 17 0 0 0 0 0 0 0 0 0 0 0 0 0 0 0 2 0 0 0 0 0 0 0 1 0 0 0 0 0 0 0 150 0 0 0 113 74 4 0 1 0 0 0 0 0 0 0 0 0 0 0 2 0 0 0 0 0 14 0 2 0 0 0 160 0 0 0 255 255 255 255 7 0 1 0 0 0 0 0 data 20 0x10007 0x894e 0x30 0x0 0x50002 0x0 0xa0005 0x99 0x1bdf73b0 0x88b5 0x0 0x0 0x150002 0x894e 0x230005 0x99 0x1bdf73b0 0x88b5 0x0 0x0 oops 2